<?xml version='1.0' encoding='UTF-8'?>
<testsuite hostname="stad180-131.colorado.edu" name="jsy.student.Lab1Suite" tests="26" errors="0" failures="0" skipped="0" time="0.013">
                     <properties>
[...]
</properties>
                     <testcase classname="jsy.student.Lab1Suite" name="Lab1SpecRunner.plus should add two integers" time="0.0">
                                                 
                                               </testcase><testcase classname="jsy.student.Lab1Suite" name="Lab1SpecRunner.abs should evaluate to the absolute value of the argument" time="0.0">
                                                 
                                               </testcase><testcase classname="jsy.student.Lab1Suite" name="Lab1SpecRunner.xor should evaluate to the exclusive or of the arguments" time="0.0">
                                                 
                                               </testcase><testcase classname="jsy.student.Lab1Suite" name="Lab1SpecRunner.repeat should evaluate to repeated concatenation of a string" time="0.0">
                                                 
                                               </testcase><testcase classname="jsy.student.Lab1Suite" name="Lab1SpecRunner.repeat should evaluate to an empty string when repeated zero times" time="0.0">
                                                 
                                               </testcase><testcase classname="jsy.student.Lab1Suite" name="Lab1SpecRunner.repeat should throw an exception when a negative number of repetitions is expected" time="0.0">
                                                 
                                               </testcase><testcase classname="jsy.student.Lab1Suite" name="Lab1SpecRunner.sqrtStep should evaluate to one iteration of Newton's method" time="0.001">
                                                 
                                               </testcase><testcase classname="jsy.student.Lab1Suite" name="Lab1SpecRunner.sqrtN should perform several iterations of sqrtStep" time="0.0">
                                                 
                                               </testcase><testcase classname="jsy.student.Lab1Suite" name="Lab1SpecRunner.sqrtN should evaluate to x0 if n is zero" time="0.0">
                                                 
                                               </testcase><testcase classname="jsy.student.Lab1Suite" name="Lab1SpecRunner.sqrtErr should perform iterations until the error is within epsilon" time="0.0">
                                                 
                                               </testcase><testcase classname="jsy.student.Lab1Suite" name="Lab1SpecRunner.sqrtN should throw an exception when n is negative" time="0.0">
                                                 
                                               </testcase><testcase classname="jsy.student.Lab1Suite" name="Lab1SpecRunner.sqrtErr should throw an exception when using a non-positive epsilon" time="0.0">
                                                 
                                               </testcase><testcase classname="jsy.student.Lab1Suite" name="Lab1SpecRunner.repOk should ensure that a SearchTree is properly ordered" time="0.0">
                                                 
                                               </testcase><testcase classname="jsy.student.Lab1Suite" name="Lab1SpecRunner.insert should insert numbers as leaves in SearchTrees at the proper position" time="0.0">
                                                 
                                               </testcase><testcase classname="jsy.student.Lab1Suite" name="Lab1SpecRunner.deleteMin should remove the smallest value from a tree, and provide the resulting tree" time="0.0">
                                                 
                                               </testcase><testcase classname="jsy.student.Lab1Suite" name="Lab1SpecRunner.delete should remove a given value from a tree, if present" time="0.001">
                                                 
                                               </testcase><testcase classname="jsy.student.Lab1Suite" name="Lab1SpecRunner.insert should produce trees that satisfy repOk" time="0.0">
                                                 
                                               </testcase><testcase classname="jsy.student.Lab1Suite" name="Lab1SpecRunner.insert-delete should produce tress that satisfy repOk" time="0.0">
                                                 
                                               </testcase><testcase classname="jsy.student.Lab1Suite" name="Lab1SpecRunner.eval+ should perform addition" time="0.001">
                                                 
                                               </testcase><testcase classname="jsy.student.Lab1Suite" name="Lab1SpecRunner.eval- should perform subtraction" time="0.001">
                                                 
                                               </testcase><testcase classname="jsy.student.Lab1Suite" name="Lab1SpecRunner.eval* should perform multiplication" time="0.001">
                                                 
                                               </testcase><testcase classname="jsy.student.Lab1Suite" name="Lab1SpecRunner.eval/ should perform division" time="0.001">
                                                 
                                               </testcase><testcase classname="jsy.student.Lab1Suite" name="Lab1SpecRunner.eval/0 should division by 0 should yield Infinity" time="0.002">
                                                 
                                               </testcase><testcase classname="jsy.student.Lab1Suite" name="Lab1SpecRunner.eval/0 should 0/0 should yield NaN" time="0.001">
                                                 
                                               </testcase><testcase classname="jsy.student.Lab1Suite" name="Lab1JsyTests.eval on src/test/resources/lab1/test101_arith.jsy should match src/test/resources/lab1/test101_arith.ans" time="0.003">
                                                 
                                               </testcase><testcase classname="jsy.student.Lab1Suite" name="Lab1JsyTests.eval on src/test/resources/lab1/test102_divbyzero.jsy should match src/test/resources/lab1/test102_divbyzero.ans" time="0.001">
                                                 
                                               </testcase>
                     <system-out></system-out>
                     <system-err></system-err>
                   </testsuite>