<?xml version='1.0' encoding='UTF-8'?>
<testsuite hostname="stad180-131.colorado.edu" name="jsy.student.Lab1Suite" tests="26" errors="0" failures="20" skipped="0" time="0.011">
                     <properties>
[...]
</properties>
                     <testcase classname="jsy.student.Lab1Suite" name="Lab1SpecRunner.plus should add two integers" time="0.0">
                                                 
                                               </testcase><testcase classname="jsy.student.Lab1Suite" name="Lab1SpecRunner.abs should evaluate to the absolute value of the argument" time="0.0">
                                                 
                                               </testcase><testcase classname="jsy.student.Lab1Suite" name="Lab1SpecRunner.xor should evaluate to the exclusive or of the arguments" time="0.0">
                                                 
                                               </testcase><testcase classname="jsy.student.Lab1Suite" name="Lab1SpecRunner.repeat should evaluate to repeated concatenation of a string" time="0.0">
                                                 
                                               </testcase><testcase classname="jsy.student.Lab1Suite" name="Lab1SpecRunner.repeat should evaluate to an empty string when repeated zero times" time="0.0">
                                                 
                                               </testcase><testcase classname="jsy.student.Lab1Suite" name="Lab1SpecRunner.repeat should throw an exception when a negative number of repetitions is expected" time="0.003">
                                                 <failure message="Expected exception java.lang.IllegalArgumentException to be thrown, but java.lang.StackOverflowError was thrown" type="org.scalatest.exceptions.TestFailedException">org.scalatest.exceptions.TestFailedException: Expected exception java.lang.IllegalArgumentException to be thrown, but java.lang.StackOverflowError was thrown
	at org.scalatest.Assertions$class.newAssertionFailedException(Assertions.scala:528)
	at org.scalatest.FlatSpec.newAssertionFailedException(FlatSpec.scala:1685)
	at org.scalatest.Assertions$class.intercept(Assertions.scala:812)
	at org.scalatest.FlatSpec.intercept(FlatSpec.scala:1685)
	at jsy.student.Lab1Spec$$anonfun$6.apply(Lab1Spec.scala:91)
	at jsy.student.Lab1Spec$$anonfun$6.apply(Lab1Spec.scala:91)
	at org.scalatest.OutcomeOf$class.outcomeOf(OutcomeOf.scala:85)
	at org.scalatest.OutcomeOf$.outcomeOf(OutcomeOf.scala:104)
	at org.scalatest.Transformer.apply(Transformer.scala:22)
	at org.scalatest.Transformer.apply(Transformer.scala:20)
	at org.scalatest.FlatSpecLike$$anon$1.apply(FlatSpecLike.scala:1682)
	at org.scalatest.TestSuite$class.withFixture(TestSuite.scala:196)
	at org.scalatest.FlatSpec.withFixture(FlatSpec.scala:1685)
	at org.scalatest.FlatSpecLike$class.invokeWithFixture$1(FlatSpecLike.scala:1679)
	at org.scalatest.FlatSpecLike$$anonfun$runTest$1.apply(FlatSpecLike.scala:1692)
	at org.scalatest.FlatSpecLike$$anonfun$runTest$1.apply(FlatSpecLike.scala:1692)
	at org.scalatest.SuperEngine.runTestImpl(Engine.scala:289)
	at org.scalatest.FlatSpecLike$class.runTest(FlatSpecLike.scala:1692)
	at org.scalatest.FlatSpec.runTest(FlatSpec.scala:1685)
	at org.scalatest.FlatSpecLike$$anonfun$runTests$1.apply(FlatSpecLike.scala:1750)
	at org.scalatest.FlatSpecLike$$anonfun$runTests$1.apply(FlatSpecLike.scala:1750)
	at org.scalatest.SuperEngine$$anonfun$traverseSubNodes$1$1.apply(Engine.scala:396)
	at org.scalatest.SuperEngine$$anonfun$traverseSubNodes$1$1.apply(Engine.scala:384)
	at scala.collection.immutable.List.foreach(List.scala:381)
	at org.scalatest.SuperEngine.traverseSubNodes$1(Engine.scala:384)
	at org.scalatest.SuperEngine.org$scalatest$SuperEngine$$runTestsInBranch(Engine.scala:373)
	at org.scalatest.SuperEngine$$anonfun$traverseSubNodes$1$1.apply(Engine.scala:410)
	at org.scalatest.SuperEngine$$anonfun$traverseSubNodes$1$1.apply(Engine.scala:384)
	at scala.collection.immutable.List.foreach(List.scala:381)
	at org.scalatest.SuperEngine.traverseSubNodes$1(Engine.scala:384)
	at org.scalatest.SuperEngine.org$scalatest$SuperEngine$$runTestsInBranch(Engine.scala:379)
	at org.scalatest.SuperEngine.runTestsImpl(Engine.scala:461)
	at org.scalatest.FlatSpecLike$class.runTests(FlatSpecLike.scala:1750)
	at org.scalatest.FlatSpec.runTests(FlatSpec.scala:1685)
	at org.scalatest.Suite$class.run(Suite.scala:1147)
	at org.scalatest.FlatSpec.org$scalatest$FlatSpecLike$$super$run(FlatSpec.scala:1685)
	at org.scalatest.FlatSpecLike$$anonfun$run$1.apply(FlatSpecLike.scala:1795)
	at org.scalatest.FlatSpecLike$$anonfun$run$1.apply(FlatSpecLike.scala:1795)
	at org.scalatest.SuperEngine.runImpl(Engine.scala:521)
	at org.scalatest.FlatSpecLike$class.run(FlatSpecLike.scala:1795)
	at org.scalatest.FlatSpec.run(FlatSpec.scala:1685)
	at org.scalatest.Suite$class.callExecuteOnSuite$1(Suite.scala:1210)
	at org.scalatest.Suite$$anonfun$runNestedSuites$1.apply(Suite.scala:1257)
	at org.scalatest.Suite$$anonfun$runNestedSuites$1.apply(Suite.scala:1255)
	at scala.collection.IndexedSeqOptimized$class.foreach(IndexedSeqOptimized.scala:33)
	at scala.collection.mutable.ArrayOps$ofRef.foreach(ArrayOps.scala:186)
	at org.scalatest.Suite$class.runNestedSuites(Suite.scala:1255)
	at org.scalatest.Suites.runNestedSuites(Suites.scala:56)
	at org.scalatest.Suite$class.run(Suite.scala:1144)
	at org.scalatest.Suites.run(Suites.scala:56)
	at org.scalatest.tools.Framework.org$scalatest$tools$Framework$$runSuite(Framework.scala:314)
	at org.scalatest.tools.Framework$ScalaTestTask.execute(Framework.scala:472)
	at sbt.TestRunner.runTest$1(TestFramework.scala:76)
	at sbt.TestRunner.run(TestFramework.scala:85)
	at sbt.TestFramework$$anon$2$$anonfun$$init$$1$$anonfun$apply$8.apply(TestFramework.scala:202)
	at sbt.TestFramework$$anon$2$$anonfun$$init$$1$$anonfun$apply$8.apply(TestFramework.scala:202)
	at sbt.TestFramework$.sbt$TestFramework$$withContextLoader(TestFramework.scala:185)
	at sbt.TestFramework$$anon$2$$anonfun$$init$$1.apply(TestFramework.scala:202)
	at sbt.TestFramework$$anon$2$$anonfun$$init$$1.apply(TestFramework.scala:202)
	at sbt.TestFunction.apply(TestFramework.scala:207)
	at sbt.Tests$.sbt$Tests$$processRunnable$1(Tests.scala:239)
	at sbt.Tests$$anonfun$makeSerial$1.apply(Tests.scala:245)
	at sbt.Tests$$anonfun$makeSerial$1.apply(Tests.scala:245)
	at sbt.std.Transform$$anon$3$$anonfun$apply$2.apply(System.scala:44)
	at sbt.std.Transform$$anon$3$$anonfun$apply$2.apply(System.scala:44)
	at sbt.std.Transform$$anon$4.work(System.scala:63)
	at sbt.Execute$$anonfun$submit$1$$anonfun$apply$1.apply(Execute.scala:228)
	at sbt.Execute$$anonfun$submit$1$$anonfun$apply$1.apply(Execute.scala:228)
	at sbt.ErrorHandling$.wideConvert(ErrorHandling.scala:17)
	at sbt.Execute.work(Execute.scala:237)
	at sbt.Execute$$anonfun$submit$1.apply(Execute.scala:228)
	at sbt.Execute$$anonfun$submit$1.apply(Execute.scala:228)
	at sbt.ConcurrentRestrictions$$anon$4$$anonfun$1.apply(ConcurrentRestrictions.scala:159)
	at sbt.CompletionService$$anon$2.call(CompletionService.scala:28)
	at java.util.concurrent.FutureTask.run(FutureTask.java:266)
	at java.util.concurrent.Executors$RunnableAdapter.call(Executors.java:511)
	at java.util.concurrent.FutureTask.run(FutureTask.java:266)
	at java.util.concurrent.ThreadPoolExecutor.runWorker(ThreadPoolExecutor.java:1149)
	at java.util.concurrent.ThreadPoolExecutor$Worker.run(ThreadPoolExecutor.java:624)
	at java.lang.Thread.run(Thread.java:748)
Caused by: java.lang.StackOverflowError
	at java.lang.String.valueOf(String.java:2994)
	at scala.collection.mutable.StringBuilder.append(StringBuilder.scala:200)
	at jsy.student.Lab1$.repeat(Lab1.scala:71)
	at jsy.student.Lab1$.repeat(Lab1.scala:71)
	at jsy.student.Lab1$.repeat(Lab1.scala:71)
	at jsy.student.Lab1$.repeat(Lab1.scala:71)
	at jsy.student.Lab1$.repeat(Lab1.scala:71)
	at jsy.student.Lab1$.repeat(Lab1.scala:71)
	at jsy.student.Lab1$.repeat(Lab1.scala:71)
	at jsy.student.Lab1$.repeat(Lab1.scala:71)
	at jsy.student.Lab1$.repeat(Lab1.scala:71)
	at jsy.student.Lab1$.repeat(Lab1.scala:71)
	at jsy.student.Lab1$.repeat(Lab1.scala:71)
	at jsy.student.Lab1$.repeat(Lab1.scala:71)
	at jsy.student.Lab1$.repeat(Lab1.scala:71)
	at jsy.student.Lab1$.repeat(Lab1.scala:71)
	at jsy.student.Lab1$.repeat(Lab1.scala:71)
	at jsy.student.Lab1$.repeat(Lab1.scala:71)
	at jsy.student.Lab1$.repeat(Lab1.scala:71)
	at jsy.student.Lab1$.repeat(Lab1.scala:71)
	at jsy.student.Lab1$.repeat(Lab1.scala:71)
	at jsy.student.Lab1$.repeat(Lab1.scala:71)
	at jsy.student.Lab1$.repeat(Lab1.scala:71)
	at jsy.student.Lab1$.repeat(Lab1.scala:71)
	at jsy.student.Lab1$.repeat(Lab1.scala:71)
	at jsy.student.Lab1$.repeat(Lab1.scala:71)
	at jsy.student.Lab1$.repeat(Lab1.scala:71)
	at jsy.student.Lab1$.repeat(Lab1.scala:71)
	at jsy.student.Lab1$.repeat(Lab1.scala:71)
	at jsy.student.Lab1$.repeat(Lab1.scala:71)
	at jsy.student.Lab1$.repeat(Lab1.scala:71)
	at jsy.student.Lab1$.repeat(Lab1.scala:71)
	at jsy.student.Lab1$.repeat(Lab1.scala:71)
	at jsy.student.Lab1$.repeat(Lab1.scala:71)
	at jsy.student.Lab1$.repeat(Lab1.scala:71)
	at jsy.student.Lab1$.repeat(Lab1.scala:71)
	at jsy.student.Lab1$.repeat(Lab1.scala:71)
	at jsy.student.Lab1$.repeat(Lab1.scala:71)
	at jsy.student.Lab1$.repeat(Lab1.scala:71)
	at jsy.student.Lab1$.repeat(Lab1.scala:71)
	at jsy.student.Lab1$.repeat(Lab1.scala:71)
	at jsy.student.Lab1$.repeat(Lab1.scala:71)
	at jsy.student.Lab1$.repeat(Lab1.scala:71)
	at jsy.student.Lab1$.repeat(Lab1.scala:71)
	at jsy.student.Lab1$.repeat(Lab1.scala:71)
	at jsy.student.Lab1$.repeat(Lab1.scala:71)
	at jsy.student.Lab1$.repeat(Lab1.scala:71)
	at jsy.student.Lab1$.repeat(Lab1.scala:71)
	at jsy.student.Lab1$.repeat(Lab1.scala:71)
	at jsy.student.Lab1$.repeat(Lab1.scala:71)
	at jsy.student.Lab1$.repeat(Lab1.scala:71)
	at jsy.student.Lab1$.repeat(Lab1.scala:71)
	at jsy.student.Lab1$.repeat(Lab1.scala:71)
	at jsy.student.Lab1$.repeat(Lab1.scala:71)
	at jsy.student.Lab1$.repeat(Lab1.scala:71)
	at jsy.student.Lab1$.repeat(Lab1.scala:71)
	at jsy.student.Lab1$.repeat(Lab1.scala:71)
	at jsy.student.Lab1$.repeat(Lab1.scala:71)
	at jsy.student.Lab1$.repeat(Lab1.scala:71)
	at jsy.student.Lab1$.repeat(Lab1.scala:71)
	at jsy.student.Lab1$.repeat(Lab1.scala:71)
	at jsy.student.Lab1$.repeat(Lab1.scala:71)
	at jsy.student.Lab1$.repeat(Lab1.scala:71)
	at jsy.student.Lab1$.repeat(Lab1.scala:71)
	at jsy.student.Lab1$.repeat(Lab1.scala:71)
	at jsy.student.Lab1$.repeat(Lab1.scala:71)
	at jsy.student.Lab1$.repeat(Lab1.scala:71)
	at jsy.student.Lab1$.repeat(Lab1.scala:71)
	at jsy.student.Lab1$.repeat(Lab1.scala:71)
	at jsy.student.Lab1$.repeat(Lab1.scala:71)
	at jsy.student.Lab1$.repeat(Lab1.scala:71)
	at jsy.student.Lab1$.repeat(Lab1.scala:71)
	at jsy.student.Lab1$.repeat(Lab1.scala:71)
	at jsy.student.Lab1$.repeat(Lab1.scala:71)
	at jsy.student.Lab1$.repeat(Lab1.scala:71)
	at jsy.student.Lab1$.repeat(Lab1.scala:71)
	at jsy.student.Lab1$.repeat(Lab1.scala:71)
	at jsy.student.Lab1$.repeat(Lab1.scala:71)
	at jsy.student.Lab1$.repeat(Lab1.scala:71)
	at jsy.student.Lab1$.repeat(Lab1.scala:71)
	at jsy.student.Lab1$.repeat(Lab1.scala:71)
	at jsy.student.Lab1$.repeat(Lab1.scala:71)
	at jsy.student.Lab1$.repeat(Lab1.scala:71)
	at jsy.student.Lab1$.repeat(Lab1.scala:71)
	at jsy.student.Lab1$.repeat(Lab1.scala:71)
	at jsy.student.Lab1$.repeat(Lab1.scala:71)
	at jsy.student.Lab1$.repeat(Lab1.scala:71)
	at jsy.student.Lab1$.repeat(Lab1.scala:71)
	at jsy.student.Lab1$.repeat(Lab1.scala:71)
	at jsy.student.Lab1$.repeat(Lab1.scala:71)
	at jsy.student.Lab1$.repeat(Lab1.scala:71)
	at jsy.student.Lab1$.repeat(Lab1.scala:71)
	at jsy.student.Lab1$.repeat(Lab1.scala:71)
	at jsy.student.Lab1$.repeat(Lab1.scala:71)
	at jsy.student.Lab1$.repeat(Lab1.scala:71)
	at jsy.student.Lab1$.repeat(Lab1.scala:71)
	at jsy.student.Lab1$.repeat(Lab1.scala:71)
	at jsy.student.Lab1$.repeat(Lab1.scala:71)
	at jsy.student.Lab1$.repeat(Lab1.scala:71)
	at jsy.student.Lab1$.repeat(Lab1.scala:71)
	at jsy.student.Lab1$.repeat(Lab1.scala:71)
	at jsy.student.Lab1$.repeat(Lab1.scala:71)
	at jsy.student.Lab1$.repeat(Lab1.scala:71)
	at jsy.student.Lab1$.repeat(Lab1.scala:71)
	at jsy.student.Lab1$.repeat(Lab1.scala:71)
	at jsy.student.Lab1$.repeat(Lab1.scala:71)
	at jsy.student.Lab1$.repeat(Lab1.scala:71)
	at jsy.student.Lab1$.repeat(Lab1.scala:71)
	at jsy.student.Lab1$.repeat(Lab1.scala:71)
	at jsy.student.Lab1$.repeat(Lab1.scala:71)
	at jsy.student.Lab1$.repeat(Lab1.scala:71)
	at jsy.student.Lab1$.repeat(Lab1.scala:71)
	at jsy.student.Lab1$.repeat(Lab1.scala:71)
	at jsy.student.Lab1$.repeat(Lab1.scala:71)
	at jsy.student.Lab1$.repeat(Lab1.scala:71)
	at jsy.student.Lab1$.repeat(Lab1.scala:71)
	at jsy.student.Lab1$.repeat(Lab1.scala:71)
	at jsy.student.Lab1$.repeat(Lab1.scala:71)
	at jsy.student.Lab1$.repeat(Lab1.scala:71)
	at jsy.student.Lab1$.repeat(Lab1.scala:71)
	at jsy.student.Lab1$.repeat(Lab1.scala:71)
	at jsy.student.Lab1$.repeat(Lab1.scala:71)
	at jsy.student.Lab1$.repeat(Lab1.scala:71)
	at jsy.student.Lab1$.repeat(Lab1.scala:71)
	at jsy.student.Lab1$.repeat(Lab1.scala:71)
	at jsy.student.Lab1$.repeat(Lab1.scala:71)
	at jsy.student.Lab1$.repeat(Lab1.scala:71)
	at jsy.student.Lab1$.repeat(Lab1.scala:71)
	at jsy.student.Lab1$.repeat(Lab1.scala:71)
	at jsy.student.Lab1$.repeat(Lab1.scala:71)
	at jsy.student.Lab1$.repeat(Lab1.scala:71)
	at jsy.student.Lab1$.repeat(Lab1.scala:71)
	at jsy.student.Lab1$.repeat(Lab1.scala:71)
	at jsy.student.Lab1$.repeat(Lab1.scala:71)
	at jsy.student.Lab1$.repeat(Lab1.scala:71)
	at jsy.student.Lab1$.repeat(Lab1.scala:71)
	at jsy.student.Lab1$.repeat(Lab1.scala:71)
	at jsy.student.Lab1$.repeat(Lab1.scala:71)
	at jsy.student.Lab1$.repeat(Lab1.scala:71)
	at jsy.student.Lab1$.repeat(Lab1.scala:71)
	at jsy.student.Lab1$.repeat(Lab1.scala:71)
	at jsy.student.Lab1$.repeat(Lab1.scala:71)
	at jsy.student.Lab1$.repeat(Lab1.scala:71)
	at jsy.student.Lab1$.repeat(Lab1.scala:71)
	at jsy.student.Lab1$.repeat(Lab1.scala:71)
	at jsy.student.Lab1$.repeat(Lab1.scala:71)
	at jsy.student.Lab1$.repeat(Lab1.scala:71)
	at jsy.student.Lab1$.repeat(Lab1.scala:71)
	at jsy.student.Lab1$.repeat(Lab1.scala:71)
	at jsy.student.Lab1$.repeat(Lab1.scala:71)
	at jsy.student.Lab1$.repeat(Lab1.scala:71)
	at jsy.student.Lab1$.repeat(Lab1.scala:71)
	at jsy.student.Lab1$.repeat(Lab1.scala:71)
	at jsy.student.Lab1$.repeat(Lab1.scala:71)
	at jsy.student.Lab1$.repeat(Lab1.scala:71)
	at jsy.student.Lab1$.repeat(Lab1.scala:71)
	at jsy.student.Lab1$.repeat(Lab1.scala:71)
	at jsy.student.Lab1$.repeat(Lab1.scala:71)
	at jsy.student.Lab1$.repeat(Lab1.scala:71)
	at jsy.student.Lab1$.repeat(Lab1.scala:71)
	at jsy.student.Lab1$.repeat(Lab1.scala:71)
	at jsy.student.Lab1$.repeat(Lab1.scala:71)
	at jsy.student.Lab1$.repeat(Lab1.scala:71)
	at jsy.student.Lab1$.repeat(Lab1.scala:71)
	at jsy.student.Lab1$.repeat(Lab1.scala:71)
	at jsy.student.Lab1$.repeat(Lab1.scala:71)
	at jsy.student.Lab1$.repeat(Lab1.scala:71)
	at jsy.student.Lab1$.repeat(Lab1.scala:71)
	at jsy.student.Lab1$.repeat(Lab1.scala:71)
	at jsy.student.Lab1$.repeat(Lab1.scala:71)
	at jsy.student.Lab1$.repeat(Lab1.scala:71)
	at jsy.student.Lab1$.repeat(Lab1.scala:71)
	at jsy.student.Lab1$.repeat(Lab1.scala:71)
	at jsy.student.Lab1$.repeat(Lab1.scala:71)
	at jsy.student.Lab1$.repeat(Lab1.scala:71)
	at jsy.student.Lab1$.repeat(Lab1.scala:71)
	at jsy.student.Lab1$.repeat(Lab1.scala:71)
	at jsy.student.Lab1$.repeat(Lab1.scala:71)
	at jsy.student.Lab1$.repeat(Lab1.scala:71)
	at jsy.student.Lab1$.repeat(Lab1.scala:71)
	at jsy.student.Lab1$.repeat(Lab1.scala:71)
	at jsy.student.Lab1$.repeat(Lab1.scala:71)
	at jsy.student.Lab1$.repeat(Lab1.scala:71)
	at jsy.student.Lab1$.repeat(Lab1.scala:71)
	at jsy.student.Lab1$.repeat(Lab1.scala:71)
	at jsy.student.Lab1$.repeat(Lab1.scala:71)
	at jsy.student.Lab1$.repeat(Lab1.scala:71)
	at jsy.student.Lab1$.repeat(Lab1.scala:71)
	at jsy.student.Lab1$.repeat(Lab1.scala:71)
	at jsy.student.Lab1$.repeat(Lab1.scala:71)
	at jsy.student.Lab1$.repeat(Lab1.scala:71)
	at jsy.student.Lab1$.repeat(Lab1.scala:71)
	at jsy.student.Lab1$.repeat(Lab1.scala:71)
	at jsy.student.Lab1$.repeat(Lab1.scala:71)
	at jsy.student.Lab1$.repeat(Lab1.scala:71)
	at jsy.student.Lab1$.repeat(Lab1.scala:71)
	at jsy.student.Lab1$.repeat(Lab1.scala:71)
	at jsy.student.Lab1$.repeat(Lab1.scala:71)
	at jsy.student.Lab1$.repeat(Lab1.scala:71)
	at jsy.student.Lab1$.repeat(Lab1.scala:71)
	at jsy.student.Lab1$.repeat(Lab1.scala:71)
	at jsy.student.Lab1$.repeat(Lab1.scala:71)
	at jsy.student.Lab1$.repeat(Lab1.scala:71)
	at jsy.student.Lab1$.repeat(Lab1.scala:71)
	at jsy.student.Lab1$.repeat(Lab1.scala:71)
	at jsy.student.Lab1$.repeat(Lab1.scala:71)
	at jsy.student.Lab1$.repeat(Lab1.scala:71)
	at jsy.student.Lab1$.repeat(Lab1.scala:71)
	at jsy.student.Lab1$.repeat(Lab1.scala:71)
	at jsy.student.Lab1$.repeat(Lab1.scala:71)
	at jsy.student.Lab1$.repeat(Lab1.scala:71)
	at jsy.student.Lab1$.repeat(Lab1.scala:71)
	at jsy.student.Lab1$.repeat(Lab1.scala:71)
	at jsy.student.Lab1$.repeat(Lab1.scala:71)
	at jsy.student.Lab1$.repeat(Lab1.scala:71)
	at jsy.student.Lab1$.repeat(Lab1.scala:71)
	at jsy.student.Lab1$.repeat(Lab1.scala:71)
	at jsy.student.Lab1$.repeat(Lab1.scala:71)
	at jsy.student.Lab1$.repeat(Lab1.scala:71)
	at jsy.student.Lab1$.repeat(Lab1.scala:71)
	at jsy.student.Lab1$.repeat(Lab1.scala:71)
	at jsy.student.Lab1$.repeat(Lab1.scala:71)
	at jsy.student.Lab1$.repeat(Lab1.scala:71)
	at jsy.student.Lab1$.repeat(Lab1.scala:71)
	at jsy.student.Lab1$.repeat(Lab1.scala:71)
	at jsy.student.Lab1$.repeat(Lab1.scala:71)
	at jsy.student.Lab1$.repeat(Lab1.scala:71)
	at jsy.student.Lab1$.repeat(Lab1.scala:71)
	at jsy.student.Lab1$.repeat(Lab1.scala:71)
	at jsy.student.Lab1$.repeat(Lab1.scala:71)
	at jsy.student.Lab1$.repeat(Lab1.scala:71)
	at jsy.student.Lab1$.repeat(Lab1.scala:71)
	at jsy.student.Lab1$.repeat(Lab1.scala:71)
	at jsy.student.Lab1$.repeat(Lab1.scala:71)
	at jsy.student.Lab1$.repeat(Lab1.scala:71)
	at jsy.student.Lab1$.repeat(Lab1.scala:71)
	at jsy.student.Lab1$.repeat(Lab1.scala:71)
	at jsy.student.Lab1$.repeat(Lab1.scala:71)
	at jsy.student.Lab1$.repeat(Lab1.scala:71)
	at jsy.student.Lab1$.repeat(Lab1.scala:71)
	at jsy.student.Lab1$.repeat(Lab1.scala:71)
	at jsy.student.Lab1$.repeat(Lab1.scala:71)
	at jsy.student.Lab1$.repeat(Lab1.scala:71)
	at jsy.student.Lab1$.repeat(Lab1.scala:71)
	at jsy.student.Lab1$.repeat(Lab1.scala:71)
	at jsy.student.Lab1$.repeat(Lab1.scala:71)
	at jsy.student.Lab1$.repeat(Lab1.scala:71)
	at jsy.student.Lab1$.repeat(Lab1.scala:71)
	at jsy.student.Lab1$.repeat(Lab1.scala:71)
	at jsy.student.Lab1$.repeat(Lab1.scala:71)
	at jsy.student.Lab1$.repeat(Lab1.scala:71)
	at jsy.student.Lab1$.repeat(Lab1.scala:71)
	at jsy.student.Lab1$.repeat(Lab1.scala:71)
	at jsy.student.Lab1$.repeat(Lab1.scala:71)
	at jsy.student.Lab1$.repeat(Lab1.scala:71)
	at jsy.student.Lab1$.repeat(Lab1.scala:71)
	at jsy.student.Lab1$.repeat(Lab1.scala:71)
	at jsy.student.Lab1$.repeat(Lab1.scala:71)
	at jsy.student.Lab1$.repeat(Lab1.scala:71)
	at jsy.student.Lab1$.repeat(Lab1.scala:71)
	at jsy.student.Lab1$.repeat(Lab1.scala:71)
	at jsy.student.Lab1$.repeat(Lab1.scala:71)
	at jsy.student.Lab1$.repeat(Lab1.scala:71)
	at jsy.student.Lab1$.repeat(Lab1.scala:71)
	at jsy.student.Lab1$.repeat(Lab1.scala:71)
	at jsy.student.Lab1$.repeat(Lab1.scala:71)
	at jsy.student.Lab1$.repeat(Lab1.scala:71)
	at jsy.student.Lab1$.repeat(Lab1.scala:71)
	at jsy.student.Lab1$.repeat(Lab1.scala:71)
	at jsy.student.Lab1$.repeat(Lab1.scala:71)
	at jsy.student.Lab1$.repeat(Lab1.scala:71)
	at jsy.student.Lab1$.repeat(Lab1.scala:71)
	at jsy.student.Lab1$.repeat(Lab1.scala:71)
	at jsy.student.Lab1$.repeat(Lab1.scala:71)
	at jsy.student.Lab1$.repeat(Lab1.scala:71)
	at jsy.student.Lab1$.repeat(Lab1.scala:71)
	at jsy.student.Lab1$.repeat(Lab1.scala:71)
	at jsy.student.Lab1$.repeat(Lab1.scala:71)
	at jsy.student.Lab1$.repeat(Lab1.scala:71)
	at jsy.student.Lab1$.repeat(Lab1.scala:71)
	at jsy.student.Lab1$.repeat(Lab1.scala:71)
	at jsy.student.Lab1$.repeat(Lab1.scala:71)
	at jsy.student.Lab1$.repeat(Lab1.scala:71)
	at jsy.student.Lab1$.repeat(Lab1.scala:71)
	at jsy.student.Lab1$.repeat(Lab1.scala:71)
	at jsy.student.Lab1$.repeat(Lab1.scala:71)
	at jsy.student.Lab1$.repeat(Lab1.scala:71)
	at jsy.student.Lab1$.repeat(Lab1.scala:71)
	at jsy.student.Lab1$.repeat(Lab1.scala:71)
	at jsy.student.Lab1$.repeat(Lab1.scala:71)
	at jsy.student.Lab1$.repeat(Lab1.scala:71)
	at jsy.student.Lab1$.repeat(Lab1.scala:71)
	at jsy.student.Lab1$.repeat(Lab1.scala:71)
	at jsy.student.Lab1$.repeat(Lab1.scala:71)
	at jsy.student.Lab1$.repeat(Lab1.scala:71)
	at jsy.student.Lab1$.repeat(Lab1.scala:71)
	at jsy.student.Lab1$.repeat(Lab1.scala:71)
	at jsy.student.Lab1$.repeat(Lab1.scala:71)
	at jsy.student.Lab1$.repeat(Lab1.scala:71)
	at jsy.student.Lab1$.repeat(Lab1.scala:71)
	at jsy.student.Lab1$.repeat(Lab1.scala:71)
	at jsy.student.Lab1$.repeat(Lab1.scala:71)
	at jsy.student.Lab1$.repeat(Lab1.scala:71)
	at jsy.student.Lab1$.repeat(Lab1.scala:71)
	at jsy.student.Lab1$.repeat(Lab1.scala:71)
	at jsy.student.Lab1$.repeat(Lab1.scala:71)
	at jsy.student.Lab1$.repeat(Lab1.scala:71)
	at jsy.student.Lab1$.repeat(Lab1.scala:71)
	at jsy.student.Lab1$.repeat(Lab1.scala:71)
	at jsy.student.Lab1$.repeat(Lab1.scala:71)
	at jsy.student.Lab1$.repeat(Lab1.scala:71)
	at jsy.student.Lab1$.repeat(Lab1.scala:71)
	at jsy.student.Lab1$.repeat(Lab1.scala:71)
	at jsy.student.Lab1$.repeat(Lab1.scala:71)
	at jsy.student.Lab1$.repeat(Lab1.scala:71)
	at jsy.student.Lab1$.repeat(Lab1.scala:71)
	at jsy.student.Lab1$.repeat(Lab1.scala:71)
	at jsy.student.Lab1$.repeat(Lab1.scala:71)
	at jsy.student.Lab1$.repeat(Lab1.scala:71)
	at jsy.student.Lab1$.repeat(Lab1.scala:71)
	at jsy.student.Lab1$.repeat(Lab1.scala:71)
	at jsy.student.Lab1$.repeat(Lab1.scala:71)
	at jsy.student.Lab1$.repeat(Lab1.scala:71)
	at jsy.student.Lab1$.repeat(Lab1.scala:71)
	at jsy.student.Lab1$.repeat(Lab1.scala:71)
	at jsy.student.Lab1$.repeat(Lab1.scala:71)
	at jsy.student.Lab1$.repeat(Lab1.scala:71)
	at jsy.student.Lab1$.repeat(Lab1.scala:71)
	at jsy.student.Lab1$.repeat(Lab1.scala:71)
	at jsy.student.Lab1$.repeat(Lab1.scala:71)
	at jsy.student.Lab1$.repeat(Lab1.scala:71)
	at jsy.student.Lab1$.repeat(Lab1.scala:71)
	at jsy.student.Lab1$.repeat(Lab1.scala:71)
	at jsy.student.Lab1$.repeat(Lab1.scala:71)
	at jsy.student.Lab1$.repeat(Lab1.scala:71)
	at jsy.student.Lab1$.repeat(Lab1.scala:71)
	at jsy.student.Lab1$.repeat(Lab1.scala:71)
	at jsy.student.Lab1$.repeat(Lab1.scala:71)
	at jsy.student.Lab1$.repeat(Lab1.scala:71)
	at jsy.student.Lab1$.repeat(Lab1.scala:71)
	at jsy.student.Lab1$.repeat(Lab1.scala:71)
	at jsy.student.Lab1$.repeat(Lab1.scala:71)
	at jsy.student.Lab1$.repeat(Lab1.scala:71)
	at jsy.student.Lab1$.repeat(Lab1.scala:71)
	at jsy.student.Lab1$.repeat(Lab1.scala:71)
	at jsy.student.Lab1$.repeat(Lab1.scala:71)
	at jsy.student.Lab1$.repeat(Lab1.scala:71)
	at jsy.student.Lab1$.repeat(Lab1.scala:71)
	at jsy.student.Lab1$.repeat(Lab1.scala:71)
	at jsy.student.Lab1$.repeat(Lab1.scala:71)
	at jsy.student.Lab1$.repeat(Lab1.scala:71)
	at jsy.student.Lab1$.repeat(Lab1.scala:71)
	at jsy.student.Lab1$.repeat(Lab1.scala:71)
	at jsy.student.Lab1$.repeat(Lab1.scala:71)
	at jsy.student.Lab1$.repeat(Lab1.scala:71)
	at jsy.student.Lab1$.repeat(Lab1.scala:71)
	at jsy.student.Lab1$.repeat(Lab1.scala:71)
	at jsy.student.Lab1$.repeat(Lab1.scala:71)
	at jsy.student.Lab1$.repeat(Lab1.scala:71)
	at jsy.student.Lab1$.repeat(Lab1.scala:71)
	at jsy.student.Lab1$.repeat(Lab1.scala:71)
	at jsy.student.Lab1$.repeat(Lab1.scala:71)
	at jsy.student.Lab1$.repeat(Lab1.scala:71)
	at jsy.student.Lab1$.repeat(Lab1.scala:71)
	at jsy.student.Lab1$.repeat(Lab1.scala:71)
	at jsy.student.Lab1$.repeat(Lab1.scala:71)
	at jsy.student.Lab1$.repeat(Lab1.scala:71)
	at jsy.student.Lab1$.repeat(Lab1.scala:71)
	at jsy.student.Lab1$.repeat(Lab1.scala:71)
	at jsy.student.Lab1$.repeat(Lab1.scala:71)
	at jsy.student.Lab1$.repeat(Lab1.scala:71)
	at jsy.student.Lab1$.repeat(Lab1.scala:71)
	at jsy.student.Lab1$.repeat(Lab1.scala:71)
	at jsy.student.Lab1$.repeat(Lab1.scala:71)
	at jsy.student.Lab1$.repeat(Lab1.scala:71)
	at jsy.student.Lab1$.repeat(Lab1.scala:71)
	at jsy.student.Lab1$.repeat(Lab1.scala:71)
	at jsy.student.Lab1$.repeat(Lab1.scala:71)
	at jsy.student.Lab1$.repeat(Lab1.scala:71)
	at jsy.student.Lab1$.repeat(Lab1.scala:71)
	at jsy.student.Lab1$.repeat(Lab1.scala:71)
	at jsy.student.Lab1$.repeat(Lab1.scala:71)
	at jsy.student.Lab1$.repeat(Lab1.scala:71)
	at jsy.student.Lab1$.repeat(Lab1.scala:71)
	at jsy.student.Lab1$.repeat(Lab1.scala:71)
	at jsy.student.Lab1$.repeat(Lab1.scala:71)
	at jsy.student.Lab1$.repeat(Lab1.scala:71)
	at jsy.student.Lab1$.repeat(Lab1.scala:71)
	at jsy.student.Lab1$.repeat(Lab1.scala:71)
	at jsy.student.Lab1$.repeat(Lab1.scala:71)
	at jsy.student.Lab1$.repeat(Lab1.scala:71)
	at jsy.student.Lab1$.repeat(Lab1.scala:71)
	at jsy.student.Lab1$.repeat(Lab1.scala:71)
	at jsy.student.Lab1$.repeat(Lab1.scala:71)
	at jsy.student.Lab1$.repeat(Lab1.scala:71)
	at jsy.student.Lab1$.repeat(Lab1.scala:71)
	at jsy.student.Lab1$.repeat(Lab1.scala:71)
	at jsy.student.Lab1$.repeat(Lab1.scala:71)
	at jsy.student.Lab1$.repeat(Lab1.scala:71)
	at jsy.student.Lab1$.repeat(Lab1.scala:71)
	at jsy.student.Lab1$.repeat(Lab1.scala:71)
	at jsy.student.Lab1$.repeat(Lab1.scala:71)
	at jsy.student.Lab1$.repeat(Lab1.scala:71)
	at jsy.student.Lab1$.repeat(Lab1.scala:71)
	at jsy.student.Lab1$.repeat(Lab1.scala:71)
	at jsy.student.Lab1$.repeat(Lab1.scala:71)
	at jsy.student.Lab1$.repeat(Lab1.scala:71)
	at jsy.student.Lab1$.repeat(Lab1.scala:71)
	at jsy.student.Lab1$.repeat(Lab1.scala:71)
	at jsy.student.Lab1$.repeat(Lab1.scala:71)
	at jsy.student.Lab1$.repeat(Lab1.scala:71)
	at jsy.student.Lab1$.repeat(Lab1.scala:71)
	at jsy.student.Lab1$.repeat(Lab1.scala:71)
	at jsy.student.Lab1$.repeat(Lab1.scala:71)
	at jsy.student.Lab1$.repeat(Lab1.scala:71)
	at jsy.student.Lab1$.repeat(Lab1.scala:71)
	at jsy.student.Lab1$.repeat(Lab1.scala:71)
	at jsy.student.Lab1$.repeat(Lab1.scala:71)
	at jsy.student.Lab1$.repeat(Lab1.scala:71)
	at jsy.student.Lab1$.repeat(Lab1.scala:71)
	at jsy.student.Lab1$.repeat(Lab1.scala:71)
	at jsy.student.Lab1$.repeat(Lab1.scala:71)
	at jsy.student.Lab1$.repeat(Lab1.scala:71)
	at jsy.student.Lab1$.repeat(Lab1.scala:71)
	at jsy.student.Lab1$.repeat(Lab1.scala:71)
	at jsy.student.Lab1$.repeat(Lab1.scala:71)
	at jsy.student.Lab1$.repeat(Lab1.scala:71)
	at jsy.student.Lab1$.repeat(Lab1.scala:71)
	at jsy.student.Lab1$.repeat(Lab1.scala:71)
	at jsy.student.Lab1$.repeat(Lab1.scala:71)
	at jsy.student.Lab1$.repeat(Lab1.scala:71)
	at jsy.student.Lab1$.repeat(Lab1.scala:71)
	at jsy.student.Lab1$.repeat(Lab1.scala:71)
	at jsy.student.Lab1$.repeat(Lab1.scala:71)
	at jsy.student.Lab1$.repeat(Lab1.scala:71)
	at jsy.student.Lab1$.repeat(Lab1.scala:71)
	at jsy.student.Lab1$.repeat(Lab1.scala:71)
	at jsy.student.Lab1$.repeat(Lab1.scala:71)
	at jsy.student.Lab1$.repeat(Lab1.scala:71)
	at jsy.student.Lab1$.repeat(Lab1.scala:71)
	at jsy.student.Lab1$.repeat(Lab1.scala:71)
	at jsy.student.Lab1$.repeat(Lab1.scala:71)
	at jsy.student.Lab1$.repeat(Lab1.scala:71)
	at jsy.student.Lab1$.repeat(Lab1.scala:71)
	at jsy.student.Lab1$.repeat(Lab1.scala:71)
	at jsy.student.Lab1$.repeat(Lab1.scala:71)
	at jsy.student.Lab1$.repeat(Lab1.scala:71)
	at jsy.student.Lab1$.repeat(Lab1.scala:71)
	at jsy.student.Lab1$.repeat(Lab1.scala:71)
	at jsy.student.Lab1$.repeat(Lab1.scala:71)
	at jsy.student.Lab1$.repeat(Lab1.scala:71)
	at jsy.student.Lab1$.repeat(Lab1.scala:71)
	at jsy.student.Lab1$.repeat(Lab1.scala:71)
	at jsy.student.Lab1$.repeat(Lab1.scala:71)
	at jsy.student.Lab1$.repeat(Lab1.scala:71)
	at jsy.student.Lab1$.repeat(Lab1.scala:71)
	at jsy.student.Lab1$.repeat(Lab1.scala:71)
	at jsy.student.Lab1$.repeat(Lab1.scala:71)
	at jsy.student.Lab1$.repeat(Lab1.scala:71)
	at jsy.student.Lab1$.repeat(Lab1.scala:71)
	at jsy.student.Lab1$.repeat(Lab1.scala:71)
	at jsy.student.Lab1$.repeat(Lab1.scala:71)
	at jsy.student.Lab1$.repeat(Lab1.scala:71)
	at jsy.student.Lab1$.repeat(Lab1.scala:71)
	at jsy.student.Lab1$.repeat(Lab1.scala:71)
	at jsy.student.Lab1$.repeat(Lab1.scala:71)
	at jsy.student.Lab1$.repeat(Lab1.scala:71)
	at jsy.student.Lab1$.repeat(Lab1.scala:71)
	at jsy.student.Lab1$.repeat(Lab1.scala:71)
	at jsy.student.Lab1$.repeat(Lab1.scala:71)
	at jsy.student.Lab1$.repeat(Lab1.scala:71)
	at jsy.student.Lab1$.repeat(Lab1.scala:71)
	at jsy.student.Lab1$.repeat(Lab1.scala:71)
	at jsy.student.Lab1$.repeat(Lab1.scala:71)
	at jsy.student.Lab1$.repeat(Lab1.scala:71)
	at jsy.student.Lab1$.repeat(Lab1.scala:71)
	at jsy.student.Lab1$.repeat(Lab1.scala:71)
	at jsy.student.Lab1$.repeat(Lab1.scala:71)
	at jsy.student.Lab1$.repeat(Lab1.scala:71)
	at jsy.student.Lab1$.repeat(Lab1.scala:71)
	at jsy.student.Lab1$.repeat(Lab1.scala:71)
	at jsy.student.Lab1$.repeat(Lab1.scala:71)
	at jsy.student.Lab1$.repeat(Lab1.scala:71)
	at jsy.student.Lab1$.repeat(Lab1.scala:71)
	at jsy.student.Lab1$.repeat(Lab1.scala:71)
	at jsy.student.Lab1$.repeat(Lab1.scala:71)
	at jsy.student.Lab1$.repeat(Lab1.scala:71)
	at jsy.student.Lab1$.repeat(Lab1.scala:71)
	at jsy.student.Lab1$.repeat(Lab1.scala:71)
	at jsy.student.Lab1$.repeat(Lab1.scala:71)
	at jsy.student.Lab1$.repeat(Lab1.scala:71)
	at jsy.student.Lab1$.repeat(Lab1.scala:71)
	at jsy.student.Lab1$.repeat(Lab1.scala:71)
	at jsy.student.Lab1$.repeat(Lab1.scala:71)
	at jsy.student.Lab1$.repeat(Lab1.scala:71)
	at jsy.student.Lab1$.repeat(Lab1.scala:71)
	at jsy.student.Lab1$.repeat(Lab1.scala:71)
	at jsy.student.Lab1$.repeat(Lab1.scala:71)
	at jsy.student.Lab1$.repeat(Lab1.scala:71)
	at jsy.student.Lab1$.repeat(Lab1.scala:71)
	at jsy.student.Lab1$.repeat(Lab1.scala:71)
	at jsy.student.Lab1$.repeat(Lab1.scala:71)
	at jsy.student.Lab1$.repeat(Lab1.scala:71)
	at jsy.student.Lab1$.repeat(Lab1.scala:71)
	at jsy.student.Lab1$.repeat(Lab1.scala:71)
	at jsy.student.Lab1$.repeat(Lab1.scala:71)
	at jsy.student.Lab1$.repeat(Lab1.scala:71)
	at jsy.student.Lab1$.repeat(Lab1.scala:71)
	at jsy.student.Lab1$.repeat(Lab1.scala:71)
	at jsy.student.Lab1$.repeat(Lab1.scala:71)
	at jsy.student.Lab1$.repeat(Lab1.scala:71)
	at jsy.student.Lab1$.repeat(Lab1.scala:71)
	at jsy.student.Lab1$.repeat(Lab1.scala:71)
	at jsy.student.Lab1$.repeat(Lab1.scala:71)
	at jsy.student.Lab1$.repeat(Lab1.scala:71)
	at jsy.student.Lab1$.repeat(Lab1.scala:71)
	at jsy.student.Lab1$.repeat(Lab1.scala:71)
	at jsy.student.Lab1$.repeat(Lab1.scala:71)
	at jsy.student.Lab1$.repeat(Lab1.scala:71)
	at jsy.student.Lab1$.repeat(Lab1.scala:71)
	at jsy.student.Lab1$.repeat(Lab1.scala:71)
	at jsy.student.Lab1$.repeat(Lab1.scala:71)
	at jsy.student.Lab1$.repeat(Lab1.scala:71)
	at jsy.student.Lab1$.repeat(Lab1.scala:71)
	at jsy.student.Lab1$.repeat(Lab1.scala:71)
	at jsy.student.Lab1$.repeat(Lab1.scala:71)
	at jsy.student.Lab1$.repeat(Lab1.scala:71)
	at jsy.student.Lab1$.repeat(Lab1.scala:71)
	at jsy.student.Lab1$.repeat(Lab1.scala:71)
	at jsy.student.Lab1$.repeat(Lab1.scala:71)
	at jsy.student.Lab1$.repeat(Lab1.scala:71)
	at jsy.student.Lab1$.repeat(Lab1.scala:71)
	at jsy.student.Lab1$.repeat(Lab1.scala:71)
	at jsy.student.Lab1$.repeat(Lab1.scala:71)
	at jsy.student.Lab1$.repeat(Lab1.scala:71)
	at jsy.student.Lab1$.repeat(Lab1.scala:71)
	at jsy.student.Lab1$.repeat(Lab1.scala:71)
	at jsy.student.Lab1$.repeat(Lab1.scala:71)
	at jsy.student.Lab1$.repeat(Lab1.scala:71)
	at jsy.student.Lab1$.repeat(Lab1.scala:71)
	at jsy.student.Lab1$.repeat(Lab1.scala:71)
	at jsy.student.Lab1$.repeat(Lab1.scala:71)
	at jsy.student.Lab1$.repeat(Lab1.scala:71)
	at jsy.student.Lab1$.repeat(Lab1.scala:71)
	at jsy.student.Lab1$.repeat(Lab1.scala:71)
	at jsy.student.Lab1$.repeat(Lab1.scala:71)
	at jsy.student.Lab1$.repeat(Lab1.scala:71)
	at jsy.student.Lab1$.repeat(Lab1.scala:71)
	at jsy.student.Lab1$.repeat(Lab1.scala:71)
	at jsy.student.Lab1$.repeat(Lab1.scala:71)
	at jsy.student.Lab1$.repeat(Lab1.scala:71)
	at jsy.student.Lab1$.repeat(Lab1.scala:71)
	at jsy.student.Lab1$.repeat(Lab1.scala:71)
	at jsy.student.Lab1$.repeat(Lab1.scala:71)
	at jsy.student.Lab1$.repeat(Lab1.scala:71)
	at jsy.student.Lab1$.repeat(Lab1.scala:71)
	at jsy.student.Lab1$.repeat(Lab1.scala:71)
	at jsy.student.Lab1$.repeat(Lab1.scala:71)
	at jsy.student.Lab1$.repeat(Lab1.scala:71)
	at jsy.student.Lab1$.repeat(Lab1.scala:71)
	at jsy.student.Lab1$.repeat(Lab1.scala:71)
	at jsy.student.Lab1$.repeat(Lab1.scala:71)
	at jsy.student.Lab1$.repeat(Lab1.scala:71)
	at jsy.student.Lab1$.repeat(Lab1.scala:71)
	at jsy.student.Lab1$.repeat(Lab1.scala:71)
	at jsy.student.Lab1$.repeat(Lab1.scala:71)
	at jsy.student.Lab1$.repeat(Lab1.scala:71)
	at jsy.student.Lab1$.repeat(Lab1.scala:71)
	at jsy.student.Lab1$.repeat(Lab1.scala:71)
	at jsy.student.Lab1$.repeat(Lab1.scala:71)
	at jsy.student.Lab1$.repeat(Lab1.scala:71)
	at jsy.student.Lab1$.repeat(Lab1.scala:71)
	at jsy.student.Lab1$.repeat(Lab1.scala:71)
	at jsy.student.Lab1$.repeat(Lab1.scala:71)
	at jsy.student.Lab1$.repeat(Lab1.scala:71)
	at jsy.student.Lab1$.repeat(Lab1.scala:71)
	at jsy.student.Lab1$.repeat(Lab1.scala:71)
	at jsy.student.Lab1$.repeat(Lab1.scala:71)
	at jsy.student.Lab1$.repeat(Lab1.scala:71)
	at jsy.student.Lab1$.repeat(Lab1.scala:71)
	at jsy.student.Lab1$.repeat(Lab1.scala:71)
	at jsy.student.Lab1$.repeat(Lab1.scala:71)
	at jsy.student.Lab1$.repeat(Lab1.scala:71)
	at jsy.student.Lab1$.repeat(Lab1.scala:71)
	at jsy.student.Lab1$.repeat(Lab1.scala:71)
	at jsy.student.Lab1$.repeat(Lab1.scala:71)
	at jsy.student.Lab1$.repeat(Lab1.scala:71)
	at jsy.student.Lab1$.repeat(Lab1.scala:71)
	at jsy.student.Lab1$.repeat(Lab1.scala:71)
	at jsy.student.Lab1$.repeat(Lab1.scala:71)
	at jsy.student.Lab1$.repeat(Lab1.scala:71)
	at jsy.student.Lab1$.repeat(Lab1.scala:71)
	at jsy.student.Lab1$.repeat(Lab1.scala:71)
	at jsy.student.Lab1$.repeat(Lab1.scala:71)
	at jsy.student.Lab1$.repeat(Lab1.scala:71)
	at jsy.student.Lab1$.repeat(Lab1.scala:71)
	at jsy.student.Lab1$.repeat(Lab1.scala:71)
	at jsy.student.Lab1$.repeat(Lab1.scala:71)
	at jsy.student.Lab1$.repeat(Lab1.scala:71)
	at jsy.student.Lab1$.repeat(Lab1.scala:71)
	at jsy.student.Lab1$.repeat(Lab1.scala:71)
	at jsy.student.Lab1$.repeat(Lab1.scala:71)
	at jsy.student.Lab1$.repeat(Lab1.scala:71)
	at jsy.student.Lab1$.repeat(Lab1.scala:71)
	at jsy.student.Lab1$.repeat(Lab1.scala:71)
	at jsy.student.Lab1$.repeat(Lab1.scala:71)
	at jsy.student.Lab1$.repeat(Lab1.scala:71)
	at jsy.student.Lab1$.repeat(Lab1.scala:71)
	at jsy.student.Lab1$.repeat(Lab1.scala:71)
	at jsy.student.Lab1$.repeat(Lab1.scala:71)
	at jsy.student.Lab1$.repeat(Lab1.scala:71)
	at jsy.student.Lab1$.repeat(Lab1.scala:71)
	at jsy.student.Lab1$.repeat(Lab1.scala:71)
	at jsy.student.Lab1$.repeat(Lab1.scala:71)
	at jsy.student.Lab1$.repeat(Lab1.scala:71)
	at jsy.student.Lab1$.repeat(Lab1.scala:71)
	at jsy.student.Lab1$.repeat(Lab1.scala:71)
	at jsy.student.Lab1$.repeat(Lab1.scala:71)
	at jsy.student.Lab1$.repeat(Lab1.scala:71)
	at jsy.student.Lab1$.repeat(Lab1.scala:71)
	at jsy.student.Lab1$.repeat(Lab1.scala:71)
	at jsy.student.Lab1$.repeat(Lab1.scala:71)
	at jsy.student.Lab1$.repeat(Lab1.scala:71)
	at jsy.student.Lab1$.repeat(Lab1.scala:71)
	at jsy.student.Lab1$.repeat(Lab1.scala:71)
	at jsy.student.Lab1$.repeat(Lab1.scala:71)
	at jsy.student.Lab1$.repeat(Lab1.scala:71)
	at jsy.student.Lab1$.repeat(Lab1.scala:71)
	at jsy.student.Lab1$.repeat(Lab1.scala:71)
	at jsy.student.Lab1$.repeat(Lab1.scala:71)
	at jsy.student.Lab1$.repeat(Lab1.scala:71)
	at jsy.student.Lab1$.repeat(Lab1.scala:71)
	at jsy.student.Lab1$.repeat(Lab1.scala:71)
	at jsy.student.Lab1$.repeat(Lab1.scala:71)
	at jsy.student.Lab1$.repeat(Lab1.scala:71)
	at jsy.student.Lab1$.repeat(Lab1.scala:71)
	at jsy.student.Lab1$.repeat(Lab1.scala:71)
	at jsy.student.Lab1$.repeat(Lab1.scala:71)
	at jsy.student.Lab1$.repeat(Lab1.scala:71)
	at jsy.student.Lab1$.repeat(Lab1.scala:71)
	at jsy.student.Lab1$.repeat(Lab1.scala:71)
	at jsy.student.Lab1$.repeat(Lab1.scala:71)
	at jsy.student.Lab1$.repeat(Lab1.scala:71)
	at jsy.student.Lab1$.repeat(Lab1.scala:71)
	at jsy.student.Lab1$.repeat(Lab1.scala:71)
	at jsy.student.Lab1$.repeat(Lab1.scala:71)
	at jsy.student.Lab1$.repeat(Lab1.scala:71)
	at jsy.student.Lab1$.repeat(Lab1.scala:71)
	at jsy.student.Lab1$.repeat(Lab1.scala:71)
	at jsy.student.Lab1$.repeat(Lab1.scala:71)
	at jsy.student.Lab1$.repeat(Lab1.scala:71)
	at jsy.student.Lab1$.repeat(Lab1.scala:71)
	at jsy.student.Lab1$.repeat(Lab1.scala:71)
	at jsy.student.Lab1$.repeat(Lab1.scala:71)
	at jsy.student.Lab1$.repeat(Lab1.scala:71)
	at jsy.student.Lab1$.repeat(Lab1.scala:71)
	at jsy.student.Lab1$.repeat(Lab1.scala:71)
	at jsy.student.Lab1$.repeat(Lab1.scala:71)
	at jsy.student.Lab1$.repeat(Lab1.scala:71)
	at jsy.student.Lab1$.repeat(Lab1.scala:71)
	at jsy.student.Lab1$.repeat(Lab1.scala:71)
	at jsy.student.Lab1$.repeat(Lab1.scala:71)
	at jsy.student.Lab1$.repeat(Lab1.scala:71)
	at jsy.student.Lab1$.repeat(Lab1.scala:71)
	at jsy.student.Lab1$.repeat(Lab1.scala:71)
	at jsy.student.Lab1$.repeat(Lab1.scala:71)
	at jsy.student.Lab1$.repeat(Lab1.scala:71)
	at jsy.student.Lab1$.repeat(Lab1.scala:71)
	at jsy.student.Lab1$.repeat(Lab1.scala:71)
	at jsy.student.Lab1$.repeat(Lab1.scala:71)
	at jsy.student.Lab1$.repeat(Lab1.scala:71)
	at jsy.student.Lab1$.repeat(Lab1.scala:71)
	at jsy.student.Lab1$.repeat(Lab1.scala:71)
	at jsy.student.Lab1$.repeat(Lab1.scala:71)
	at jsy.student.Lab1$.repeat(Lab1.scala:71)
	at jsy.student.Lab1$.repeat(Lab1.scala:71)
	at jsy.student.Lab1$.repeat(Lab1.scala:71)
	at jsy.student.Lab1$.repeat(Lab1.scala:71)
	at jsy.student.Lab1$.repeat(Lab1.scala:71)
	at jsy.student.Lab1$.repeat(Lab1.scala:71)
	at jsy.student.Lab1$.repeat(Lab1.scala:71)
	at jsy.student.Lab1$.repeat(Lab1.scala:71)
	at jsy.student.Lab1$.repeat(Lab1.scala:71)
	at jsy.student.Lab1$.repeat(Lab1.scala:71)
	at jsy.student.Lab1$.repeat(Lab1.scala:71)
	at jsy.student.Lab1$.repeat(Lab1.scala:71)
	at jsy.student.Lab1$.repeat(Lab1.scala:71)
	at jsy.student.Lab1$.repeat(Lab1.scala:71)
	at jsy.student.Lab1$.repeat(Lab1.scala:71)
	at jsy.student.Lab1$.repeat(Lab1.scala:71)
	at jsy.student.Lab1$.repeat(Lab1.scala:71)
	at jsy.student.Lab1$.repeat(Lab1.scala:71)
	at jsy.student.Lab1$.repeat(Lab1.scala:71)
	at jsy.student.Lab1$.repeat(Lab1.scala:71)
	at jsy.student.Lab1$.repeat(Lab1.scala:71)
	at jsy.student.Lab1$.repeat(Lab1.scala:71)
	at jsy.student.Lab1$.repeat(Lab1.scala:71)
	at jsy.student.Lab1$.repeat(Lab1.scala:71)
	at jsy.student.Lab1$.repeat(Lab1.scala:71)
	at jsy.student.Lab1$.repeat(Lab1.scala:71)
	at jsy.student.Lab1$.repeat(Lab1.scala:71)
	at jsy.student.Lab1$.repeat(Lab1.scala:71)
	at jsy.student.Lab1$.repeat(Lab1.scala:71)
	at jsy.student.Lab1$.repeat(Lab1.scala:71)
	at jsy.student.Lab1$.repeat(Lab1.scala:71)
	at jsy.student.Lab1$.repeat(Lab1.scala:71)
	at jsy.student.Lab1$.repeat(Lab1.scala:71)
	at jsy.student.Lab1$.repeat(Lab1.scala:71)
	at jsy.student.Lab1$.repeat(Lab1.scala:71)
	at jsy.student.Lab1$.repeat(Lab1.scala:71)
	at jsy.student.Lab1$.repeat(Lab1.scala:71)
	at jsy.student.Lab1$.repeat(Lab1.scala:71)
	at jsy.student.Lab1$.repeat(Lab1.scala:71)
	at jsy.student.Lab1$.repeat(Lab1.scala:71)
	at jsy.student.Lab1$.repeat(Lab1.scala:71)
	at jsy.student.Lab1$.repeat(Lab1.scala:71)
	at jsy.student.Lab1$.repeat(Lab1.scala:71)
	at jsy.student.Lab1$.repeat(Lab1.scala:71)
	at jsy.student.Lab1$.repeat(Lab1.scala:71)
	at jsy.student.Lab1$.repeat(Lab1.scala:71)
	at jsy.student.Lab1$.repeat(Lab1.scala:71)
	at jsy.student.Lab1$.repeat(Lab1.scala:71)
	at jsy.student.Lab1$.repeat(Lab1.scala:71)
	at jsy.student.Lab1$.repeat(Lab1.scala:71)
	at jsy.student.Lab1$.repeat(Lab1.scala:71)
	at jsy.student.Lab1$.repeat(Lab1.scala:71)
	at jsy.student.Lab1$.repeat(Lab1.scala:71)
	at jsy.student.Lab1$.repeat(Lab1.scala:71)
	at jsy.student.Lab1$.repeat(Lab1.scala:71)
	at jsy.student.Lab1$.repeat(Lab1.scala:71)
	at jsy.student.Lab1$.repeat(Lab1.scala:71)
	at jsy.student.Lab1$.repeat(Lab1.scala:71)
	at jsy.student.Lab1$.repeat(Lab1.scala:71)
	at jsy.student.Lab1$.repeat(Lab1.scala:71)
	at jsy.student.Lab1$.repeat(Lab1.scala:71)
	at jsy.student.Lab1$.repeat(Lab1.scala:71)
	at jsy.student.Lab1$.repeat(Lab1.scala:71)
	at jsy.student.Lab1$.repeat(Lab1.scala:71)
	at jsy.student.Lab1$.repeat(Lab1.scala:71)
	at jsy.student.Lab1$.repeat(Lab1.scala:71)
	at jsy.student.Lab1$.repeat(Lab1.scala:71)
	at jsy.student.Lab1$.repeat(Lab1.scala:71)
	at jsy.student.Lab1$.repeat(Lab1.scala:71)
	at jsy.student.Lab1$.repeat(Lab1.scala:71)
	at jsy.student.Lab1$.repeat(Lab1.scala:71)
	at jsy.student.Lab1$.repeat(Lab1.scala:71)
	at jsy.student.Lab1$.repeat(Lab1.scala:71)
	at jsy.student.Lab1$.repeat(Lab1.scala:71)
	at jsy.student.Lab1$.repeat(Lab1.scala:71)
	at jsy.student.Lab1$.repeat(Lab1.scala:71)
	at jsy.student.Lab1$.repeat(Lab1.scala:71)
	at jsy.student.Lab1$.repeat(Lab1.scala:71)
	at jsy.student.Lab1$.repeat(Lab1.scala:71)
	at jsy.student.Lab1$.repeat(Lab1.scala:71)
	at jsy.student.Lab1$.repeat(Lab1.scala:71)
	at jsy.student.Lab1$.repeat(Lab1.scala:71)
	at jsy.student.Lab1$.repeat(Lab1.scala:71)
	at jsy.student.Lab1$.repeat(Lab1.scala:71)
	at jsy.student.Lab1$.repeat(Lab1.scala:71)
	at jsy.student.Lab1$.repeat(Lab1.scala:71)
	at jsy.student.Lab1$.repeat(Lab1.scala:71)
	at jsy.student.Lab1$.repeat(Lab1.scala:71)
	at jsy.student.Lab1$.repeat(Lab1.scala:71)
	at jsy.student.Lab1$.repeat(Lab1.scala:71)
	at jsy.student.Lab1$.repeat(Lab1.scala:71)
	at jsy.student.Lab1$.repeat(Lab1.scala:71)
	at jsy.student.Lab1$.repeat(Lab1.scala:71)
	at jsy.student.Lab1$.repeat(Lab1.scala:71)
	at jsy.student.Lab1$.repeat(Lab1.scala:71)
	at jsy.student.Lab1$.repeat(Lab1.scala:71)
	at jsy.student.Lab1$.repeat(Lab1.scala:71)
	at jsy.student.Lab1$.repeat(Lab1.scala:71)
	at jsy.student.Lab1$.repeat(Lab1.scala:71)
	at jsy.student.Lab1$.repeat(Lab1.scala:71)
	at jsy.student.Lab1$.repeat(Lab1.scala:71)
	at jsy.student.Lab1$.repeat(Lab1.scala:71)
	at jsy.student.Lab1$.repeat(Lab1.scala:71)
	at jsy.student.Lab1$.repeat(Lab1.scala:71)
	at jsy.student.Lab1$.repeat(Lab1.scala:71)
	at jsy.student.Lab1$.repeat(Lab1.scala:71)
	at jsy.student.Lab1$.repeat(Lab1.scala:71)
	at jsy.student.Lab1$.repeat(Lab1.scala:71)
	at jsy.student.Lab1$.repeat(Lab1.scala:71)
	at jsy.student.Lab1$.repeat(Lab1.scala:71)
	at jsy.student.Lab1$.repeat(Lab1.scala:71)
	at jsy.student.Lab1$.repeat(Lab1.scala:71)
	at jsy.student.Lab1$.repeat(Lab1.scala:71)
	at jsy.student.Lab1$.repeat(Lab1.scala:71)
	at jsy.student.Lab1$.repeat(Lab1.scala:71)
	at jsy.student.Lab1$.repeat(Lab1.scala:71)
	at jsy.student.Lab1$.repeat(Lab1.scala:71)
	at jsy.student.Lab1$.repeat(Lab1.scala:71)
	at jsy.student.Lab1$.repeat(Lab1.scala:71)
	at jsy.student.Lab1$.repeat(Lab1.scala:71)
	at jsy.student.Lab1$.repeat(Lab1.scala:71)
	at jsy.student.Lab1$.repeat(Lab1.scala:71)
	at jsy.student.Lab1$.repeat(Lab1.scala:71)
	at jsy.student.Lab1$.repeat(Lab1.scala:71)
	at jsy.student.Lab1$.repeat(Lab1.scala:71)
	at jsy.student.Lab1$.repeat(Lab1.scala:71)
	at jsy.student.Lab1$.repeat(Lab1.scala:71)
	at jsy.student.Lab1$.repeat(Lab1.scala:71)
	at jsy.student.Lab1$.repeat(Lab1.scala:71)
	at jsy.student.Lab1$.repeat(Lab1.scala:71)
	at jsy.student.Lab1$.repeat(Lab1.scala:71)
	at jsy.student.Lab1$.repeat(Lab1.scala:71)
	at jsy.student.Lab1$.repeat(Lab1.scala:71)
	at jsy.student.Lab1$.repeat(Lab1.scala:71)
	at jsy.student.Lab1$.repeat(Lab1.scala:71)
	at jsy.student.Lab1$.repeat(Lab1.scala:71)
	at jsy.student.Lab1$.repeat(Lab1.scala:71)
	at jsy.student.Lab1$.repeat(Lab1.scala:71)
	at jsy.student.Lab1$.repeat(Lab1.scala:71)
	at jsy.student.Lab1$.repeat(Lab1.scala:71)
	at jsy.student.Lab1$.repeat(Lab1.scala:71)
	at jsy.student.Lab1$.repeat(Lab1.scala:71)
	at jsy.student.Lab1$.repeat(Lab1.scala:71)
	at jsy.student.Lab1$.repeat(Lab1.scala:71)
	at jsy.student.Lab1$.repeat(Lab1.scala:71)
	at jsy.student.Lab1$.repeat(Lab1.scala:71)
	at jsy.student.Lab1$.repeat(Lab1.scala:71)
	at jsy.student.Lab1$.repeat(Lab1.scala:71)
	at jsy.student.Lab1$.repeat(Lab1.scala:71)
	at jsy.student.Lab1$.repeat(Lab1.scala:71)
	at jsy.student.Lab1$.repeat(Lab1.scala:71)
	at jsy.student.Lab1$.repeat(Lab1.scala:71)
	at jsy.student.Lab1$.repeat(Lab1.scala:71)
	at jsy.student.Lab1$.repeat(Lab1.scala:71)
	at jsy.student.Lab1$.repeat(Lab1.scala:71)
	at jsy.student.Lab1$.repeat(Lab1.scala:71)
	at jsy.student.Lab1$.repeat(Lab1.scala:71)
	at jsy.student.Lab1$.repeat(Lab1.scala:71)
	at jsy.student.Lab1$.repeat(Lab1.scala:71)
	at jsy.student.Lab1$.repeat(Lab1.scala:71)
	at jsy.student.Lab1$.repeat(Lab1.scala:71)
	at jsy.student.Lab1$.repeat(Lab1.scala:71)
	at jsy.student.Lab1$.repeat(Lab1.scala:71)
	at jsy.student.Lab1$.repeat(Lab1.scala:71)
	at jsy.student.Lab1$.repeat(Lab1.scala:71)
	at jsy.student.Lab1$.repeat(Lab1.scala:71)
	at jsy.student.Lab1$.repeat(Lab1.scala:71)
	at jsy.student.Lab1$.repeat(Lab1.scala:71)
	at jsy.student.Lab1$.repeat(Lab1.scala:71)
	at jsy.student.Lab1$.repeat(Lab1.scala:71)
	at jsy.student.Lab1$.repeat(Lab1.scala:71)
	at jsy.student.Lab1$.repeat(Lab1.scala:71)
	at jsy.student.Lab1$.repeat(Lab1.scala:71)
	at jsy.student.Lab1$.repeat(Lab1.scala:71)
	at jsy.student.Lab1$.repeat(Lab1.scala:71)
	at jsy.student.Lab1$.repeat(Lab1.scala:71)
	at jsy.student.Lab1$.repeat(Lab1.scala:71)
	at jsy.student.Lab1$.repeat(Lab1.scala:71)
	at jsy.student.Lab1$.repeat(Lab1.scala:71)
	at jsy.student.Lab1$.repeat(Lab1.scala:71)
	at jsy.student.Lab1$.repeat(Lab1.scala:71)
	at jsy.student.Lab1$.repeat(Lab1.scala:71)
	at jsy.student.Lab1$.repeat(Lab1.scala:71)
	at jsy.student.Lab1$.repeat(Lab1.scala:71)
	at jsy.student.Lab1$.repeat(Lab1.scala:71)
	at jsy.student.Lab1$.repeat(Lab1.scala:71)
	at jsy.student.Lab1$.repeat(Lab1.scala:71)
	at jsy.student.Lab1$.repeat(Lab1.scala:71)
	at jsy.student.Lab1$.repeat(Lab1.scala:71)
	at jsy.student.Lab1$.repeat(Lab1.scala:71)
	at jsy.student.Lab1$.repeat(Lab1.scala:71)
	at jsy.student.Lab1$.repeat(Lab1.scala:71)
	at jsy.student.Lab1$.repeat(Lab1.scala:71)
	at jsy.student.Lab1$.repeat(Lab1.scala:71)
	at jsy.student.Lab1$.repeat(Lab1.scala:71)
	at jsy.student.Lab1$.repeat(Lab1.scala:71)
	at jsy.student.Lab1$.repeat(Lab1.scala:71)
	at jsy.student.Lab1$.repeat(Lab1.scala:71)
	at jsy.student.Lab1$.repeat(Lab1.scala:71)
	at jsy.student.Lab1$.repeat(Lab1.scala:71)
	at jsy.student.Lab1$.repeat(Lab1.scala:71)
	at jsy.student.Lab1$.repeat(Lab1.scala:71)
	at jsy.student.Lab1$.repeat(Lab1.scala:71)
	at jsy.student.Lab1$.repeat(Lab1.scala:71)
	at jsy.student.Lab1$.repeat(Lab1.scala:71)
	at jsy.student.Lab1$.repeat(Lab1.scala:71)
	at jsy.student.Lab1$.repeat(Lab1.scala:71)
	at jsy.student.Lab1$.repeat(Lab1.scala:71)
	at jsy.student.Lab1$.repeat(Lab1.scala:71)
	at jsy.student.Lab1$.repeat(Lab1.scala:71)
	at jsy.student.Lab1$.repeat(Lab1.scala:71)
	at jsy.student.Lab1$.repeat(Lab1.scala:71)
	at jsy.student.Lab1$.repeat(Lab1.scala:71)
	at jsy.student.Lab1$.repeat(Lab1.scala:71)
	at jsy.student.Lab1$.repeat(Lab1.scala:71)
	at jsy.student.Lab1$.repeat(Lab1.scala:71)
	at jsy.student.Lab1$.repeat(Lab1.scala:71)
	at jsy.student.Lab1$.repeat(Lab1.scala:71)
	at jsy.student.Lab1$.repeat(Lab1.scala:71)
	at jsy.student.Lab1$.repeat(Lab1.scala:71)
	at jsy.student.Lab1$.repeat(Lab1.scala:71)
	at jsy.student.Lab1$.repeat(Lab1.scala:71)
	at jsy.student.Lab1$.repeat(Lab1.scala:71)
	at jsy.student.Lab1$.repeat(Lab1.scala:71)
	at jsy.student.Lab1$.repeat(Lab1.scala:71)
	at jsy.student.Lab1$.repeat(Lab1.scala:71)
	at jsy.student.Lab1$.repeat(Lab1.scala:71)
	at jsy.student.Lab1$.repeat(Lab1.scala:71)
	at jsy.student.Lab1$.repeat(Lab1.scala:71)
	at jsy.student.Lab1$.repeat(Lab1.scala:71)
	at jsy.student.Lab1$.repeat(Lab1.scala:71)
	at jsy.student.Lab1$.repeat(Lab1.scala:71)
	at jsy.student.Lab1$.repeat(Lab1.scala:71)
	at jsy.student.Lab1$.repeat(Lab1.scala:71)
	at jsy.student.Lab1$.repeat(Lab1.scala:71)
	at jsy.student.Lab1$.repeat(Lab1.scala:71)
	at jsy.student.Lab1$.repeat(Lab1.scala:71)
	at jsy.student.Lab1$.repeat(Lab1.scala:71)
	at jsy.student.Lab1$.repeat(Lab1.scala:71)
	at jsy.student.Lab1$.repeat(Lab1.scala:71)
	at jsy.student.Lab1$.repeat(Lab1.scala:71)
	at jsy.student.Lab1$.repeat(Lab1.scala:71)
	at jsy.student.Lab1$.repeat(Lab1.scala:71)
	at jsy.student.Lab1$.repeat(Lab1.scala:71)
	at jsy.student.Lab1$.repeat(Lab1.scala:71)
	at jsy.student.Lab1$.repeat(Lab1.scala:71)
	at jsy.student.Lab1$.repeat(Lab1.scala:71)
	at jsy.student.Lab1$.repeat(Lab1.scala:71)
	at jsy.student.Lab1$.repeat(Lab1.scala:71)
	at jsy.student.Lab1$.repeat(Lab1.scala:71)
	at jsy.student.Lab1$.repeat(Lab1.scala:71)
	at jsy.student.Lab1$.repeat(Lab1.scala:71)
	at jsy.student.Lab1$.repeat(Lab1.scala:71)
	at jsy.student.Lab1$.repeat(Lab1.scala:71)
	at jsy.student.Lab1$.repeat(Lab1.scala:71)
	at jsy.student.Lab1$.repeat(Lab1.scala:71)
	at jsy.student.Lab1$.repeat(Lab1.scala:71)
	at jsy.student.Lab1$.repeat(Lab1.scala:71)
	at jsy.student.Lab1$.repeat(Lab1.scala:71)
	at jsy.student.Lab1$.repeat(Lab1.scala:71)
	at jsy.student.Lab1$.repeat(Lab1.scala:71)
	at jsy.student.Lab1$.repeat(Lab1.scala:71)
	at jsy.student.Lab1$.repeat(Lab1.scala:71)
	at jsy.student.Lab1$.repeat(Lab1.scala:71)
	at jsy.student.Lab1$.repeat(Lab1.scala:71)
	at jsy.student.Lab1$.repeat(Lab1.scala:71)
	at jsy.student.Lab1$.repeat(Lab1.scala:71)
	at jsy.student.Lab1$.repeat(Lab1.scala:71)
	at jsy.student.Lab1$.repeat(Lab1.scala:71)
	at jsy.student.Lab1$.repeat(Lab1.scala:71)
	at jsy.student.Lab1$.repeat(Lab1.scala:71)
	at jsy.student.Lab1$.repeat(Lab1.scala:71)
	at jsy.student.Lab1$.repeat(Lab1.scala:71)
	at jsy.student.Lab1$.repeat(Lab1.scala:71)
	at jsy.student.Lab1$.repeat(Lab1.scala:71)
	at jsy.student.Lab1$.repeat(Lab1.scala:71)
	at jsy.student.Lab1$.repeat(Lab1.scala:71)
	at jsy.student.Lab1$.repeat(Lab1.scala:71)
	at jsy.student.Lab1$.repeat(Lab1.scala:71)
	at jsy.student.Lab1$.repeat(Lab1.scala:71)
	at jsy.student.Lab1$.repeat(Lab1.scala:71)
	at jsy.student.Lab1$.repeat(Lab1.scala:71)
	at jsy.student.Lab1$.repeat(Lab1.scala:71)
	at jsy.student.Lab1$.repeat(Lab1.scala:71)
	at jsy.student.Lab1$.repeat(Lab1.scala:71)
	at jsy.student.Lab1$.repeat(Lab1.scala:71)
	at jsy.student.Lab1$.repeat(Lab1.scala:71)
	at jsy.student.Lab1$.repeat(Lab1.scala:71)
	at jsy.student.Lab1$.repeat(Lab1.scala:71)
	at jsy.student.Lab1$.repeat(Lab1.scala:71)
	at jsy.student.Lab1$.repeat(Lab1.scala:71)
	at jsy.student.Lab1$.repeat(Lab1.scala:71)
	at jsy.student.Lab1$.repeat(Lab1.scala:71)
	at jsy.student.Lab1$.repeat(Lab1.scala:71)
	at jsy.student.Lab1$.repeat(Lab1.scala:71)
	at jsy.student.Lab1$.repeat(Lab1.scala:71)
	at jsy.student.Lab1$.repeat(Lab1.scala:71)
	at jsy.student.Lab1$.repeat(Lab1.scala:71)
	at jsy.student.Lab1$.repeat(Lab1.scala:71)
	at jsy.student.Lab1$.repeat(Lab1.scala:71)
	at jsy.student.Lab1$.repeat(Lab1.scala:71)
	at jsy.student.Lab1$.repeat(Lab1.scala:71)
	at jsy.student.Lab1$.repeat(Lab1.scala:71)
	at jsy.student.Lab1$.repeat(Lab1.scala:71)
	at jsy.student.Lab1$.repeat(Lab1.scala:71)
	at jsy.student.Lab1$.repeat(Lab1.scala:71)
	at jsy.student.Lab1$.repeat(Lab1.scala:71)
	at jsy.student.Lab1$.repeat(Lab1.scala:71)
	at jsy.student.Lab1$.repeat(Lab1.scala:71)
	at jsy.student.Lab1$.repeat(Lab1.scala:71)
	at jsy.student.Lab1$.repeat(Lab1.scala:71)
	at jsy.student.Lab1$.repeat(Lab1.scala:71)
	at jsy.student.Lab1$.repeat(Lab1.scala:71)
	at jsy.student.Lab1$.repeat(Lab1.scala:71)
	at jsy.student.Lab1$.repeat(Lab1.scala:71)
	at jsy.student.Lab1$.repeat(Lab1.scala:71)
	at jsy.student.Lab1$.repeat(Lab1.scala:71)
	at jsy.student.Lab1$.repeat(Lab1.scala:71)
	at jsy.student.Lab1$.repeat(Lab1.scala:71)
	at jsy.student.Lab1$.repeat(Lab1.scala:71)
	at jsy.student.Lab1$.repeat(Lab1.scala:71)
	at jsy.student.Lab1$.repeat(Lab1.scala:71)
	at jsy.student.Lab1$.repeat(Lab1.scala:71)
	at jsy.student.Lab1$.repeat(Lab1.scala:71)
	at jsy.student.Lab1$.repeat(Lab1.scala:71)
	at jsy.student.Lab1$.repeat(Lab1.scala:71)
	at jsy.student.Lab1$.repeat(Lab1.scala:71)
	at jsy.student.Lab1$.repeat(Lab1.scala:71)
	at jsy.student.Lab1$.repeat(Lab1.scala:71)
	at jsy.student.Lab1$.repeat(Lab1.scala:71)
	at jsy.student.Lab1$.repeat(Lab1.scala:71)
	at jsy.student.Lab1$.repeat(Lab1.scala:71)
	at jsy.student.Lab1$.repeat(Lab1.scala:71)
	at jsy.student.Lab1$.repeat(Lab1.scala:71)
	at jsy.student.Lab1$.repeat(Lab1.scala:71)
	at jsy.student.Lab1$.repeat(Lab1.scala:71)
	at jsy.student.Lab1$.repeat(Lab1.scala:71)
	at jsy.student.Lab1$.repeat(Lab1.scala:71)
	at jsy.student.Lab1$.repeat(Lab1.scala:71)
	at jsy.student.Lab1$.repeat(Lab1.scala:71)
	at jsy.student.Lab1$.repeat(Lab1.scala:71)
	at jsy.student.Lab1$.repeat(Lab1.scala:71)
	at jsy.student.Lab1$.repeat(Lab1.scala:71)
	at jsy.student.Lab1$.repeat(Lab1.scala:71)
	at jsy.student.Lab1$.repeat(Lab1.scala:71)
	at jsy.student.Lab1$.repeat(Lab1.scala:71)
	at jsy.student.Lab1$.repeat(Lab1.scala:71)
	at jsy.student.Lab1$.repeat(Lab1.scala:71)
	at jsy.student.Lab1$.repeat(Lab1.scala:71)
	at jsy.student.Lab1$.repeat(Lab1.scala:71)
</failure>
                                               </testcase><testcase classname="jsy.student.Lab1Suite" name="Lab1SpecRunner.sqrtStep should evaluate to one iteration of Newton's method" time="0.0">
                                                 <failure message="an implementation is missing" type="scala.NotImplementedError">scala.NotImplementedError: an implementation is missing
	at scala.Predef$.$qmark$qmark$qmark(Predef.scala:230)
	at jsy.student.Lab1$.sqrtStep(Lab1.scala:75)
	at jsy.student.Lab1Spec$$anonfun$7.apply(Lab1Spec.scala:99)
	at jsy.student.Lab1Spec$$anonfun$7.apply(Lab1Spec.scala:98)
	at org.scalatest.OutcomeOf$class.outcomeOf(OutcomeOf.scala:85)
	at org.scalatest.OutcomeOf$.outcomeOf(OutcomeOf.scala:104)
	at org.scalatest.Transformer.apply(Transformer.scala:22)
	at org.scalatest.Transformer.apply(Transformer.scala:20)
	at org.scalatest.FlatSpecLike$$anon$1.apply(FlatSpecLike.scala:1682)
	at org.scalatest.TestSuite$class.withFixture(TestSuite.scala:196)
	at org.scalatest.FlatSpec.withFixture(FlatSpec.scala:1685)
	at org.scalatest.FlatSpecLike$class.invokeWithFixture$1(FlatSpecLike.scala:1679)
	at org.scalatest.FlatSpecLike$$anonfun$runTest$1.apply(FlatSpecLike.scala:1692)
	at org.scalatest.FlatSpecLike$$anonfun$runTest$1.apply(FlatSpecLike.scala:1692)
	at org.scalatest.SuperEngine.runTestImpl(Engine.scala:289)
	at org.scalatest.FlatSpecLike$class.runTest(FlatSpecLike.scala:1692)
	at org.scalatest.FlatSpec.runTest(FlatSpec.scala:1685)
	at org.scalatest.FlatSpecLike$$anonfun$runTests$1.apply(FlatSpecLike.scala:1750)
	at org.scalatest.FlatSpecLike$$anonfun$runTests$1.apply(FlatSpecLike.scala:1750)
	at org.scalatest.SuperEngine$$anonfun$traverseSubNodes$1$1.apply(Engine.scala:396)
	at org.scalatest.SuperEngine$$anonfun$traverseSubNodes$1$1.apply(Engine.scala:384)
	at scala.collection.immutable.List.foreach(List.scala:381)
	at org.scalatest.SuperEngine.traverseSubNodes$1(Engine.scala:384)
	at org.scalatest.SuperEngine.org$scalatest$SuperEngine$$runTestsInBranch(Engine.scala:373)
	at org.scalatest.SuperEngine$$anonfun$traverseSubNodes$1$1.apply(Engine.scala:410)
	at org.scalatest.SuperEngine$$anonfun$traverseSubNodes$1$1.apply(Engine.scala:384)
	at scala.collection.immutable.List.foreach(List.scala:381)
	at org.scalatest.SuperEngine.traverseSubNodes$1(Engine.scala:384)
	at org.scalatest.SuperEngine.org$scalatest$SuperEngine$$runTestsInBranch(Engine.scala:379)
	at org.scalatest.SuperEngine.runTestsImpl(Engine.scala:461)
	at org.scalatest.FlatSpecLike$class.runTests(FlatSpecLike.scala:1750)
	at org.scalatest.FlatSpec.runTests(FlatSpec.scala:1685)
	at org.scalatest.Suite$class.run(Suite.scala:1147)
	at org.scalatest.FlatSpec.org$scalatest$FlatSpecLike$$super$run(FlatSpec.scala:1685)
	at org.scalatest.FlatSpecLike$$anonfun$run$1.apply(FlatSpecLike.scala:1795)
	at org.scalatest.FlatSpecLike$$anonfun$run$1.apply(FlatSpecLike.scala:1795)
	at org.scalatest.SuperEngine.runImpl(Engine.scala:521)
	at org.scalatest.FlatSpecLike$class.run(FlatSpecLike.scala:1795)
	at org.scalatest.FlatSpec.run(FlatSpec.scala:1685)
	at org.scalatest.Suite$class.callExecuteOnSuite$1(Suite.scala:1210)
	at org.scalatest.Suite$$anonfun$runNestedSuites$1.apply(Suite.scala:1257)
	at org.scalatest.Suite$$anonfun$runNestedSuites$1.apply(Suite.scala:1255)
	at scala.collection.IndexedSeqOptimized$class.foreach(IndexedSeqOptimized.scala:33)
	at scala.collection.mutable.ArrayOps$ofRef.foreach(ArrayOps.scala:186)
	at org.scalatest.Suite$class.runNestedSuites(Suite.scala:1255)
	at org.scalatest.Suites.runNestedSuites(Suites.scala:56)
	at org.scalatest.Suite$class.run(Suite.scala:1144)
	at org.scalatest.Suites.run(Suites.scala:56)
	at org.scalatest.tools.Framework.org$scalatest$tools$Framework$$runSuite(Framework.scala:314)
	at org.scalatest.tools.Framework$ScalaTestTask.execute(Framework.scala:472)
	at sbt.TestRunner.runTest$1(TestFramework.scala:76)
	at sbt.TestRunner.run(TestFramework.scala:85)
	at sbt.TestFramework$$anon$2$$anonfun$$init$$1$$anonfun$apply$8.apply(TestFramework.scala:202)
	at sbt.TestFramework$$anon$2$$anonfun$$init$$1$$anonfun$apply$8.apply(TestFramework.scala:202)
	at sbt.TestFramework$.sbt$TestFramework$$withContextLoader(TestFramework.scala:185)
	at sbt.TestFramework$$anon$2$$anonfun$$init$$1.apply(TestFramework.scala:202)
	at sbt.TestFramework$$anon$2$$anonfun$$init$$1.apply(TestFramework.scala:202)
	at sbt.TestFunction.apply(TestFramework.scala:207)
	at sbt.Tests$.sbt$Tests$$processRunnable$1(Tests.scala:239)
	at sbt.Tests$$anonfun$makeSerial$1.apply(Tests.scala:245)
	at sbt.Tests$$anonfun$makeSerial$1.apply(Tests.scala:245)
	at sbt.std.Transform$$anon$3$$anonfun$apply$2.apply(System.scala:44)
	at sbt.std.Transform$$anon$3$$anonfun$apply$2.apply(System.scala:44)
	at sbt.std.Transform$$anon$4.work(System.scala:63)
	at sbt.Execute$$anonfun$submit$1$$anonfun$apply$1.apply(Execute.scala:228)
	at sbt.Execute$$anonfun$submit$1$$anonfun$apply$1.apply(Execute.scala:228)
	at sbt.ErrorHandling$.wideConvert(ErrorHandling.scala:17)
	at sbt.Execute.work(Execute.scala:237)
	at sbt.Execute$$anonfun$submit$1.apply(Execute.scala:228)
	at sbt.Execute$$anonfun$submit$1.apply(Execute.scala:228)
	at sbt.ConcurrentRestrictions$$anon$4$$anonfun$1.apply(ConcurrentRestrictions.scala:159)
	at sbt.CompletionService$$anon$2.call(CompletionService.scala:28)
	at java.util.concurrent.FutureTask.run(FutureTask.java:266)
	at java.util.concurrent.Executors$RunnableAdapter.call(Executors.java:511)
	at java.util.concurrent.FutureTask.run(FutureTask.java:266)
	at java.util.concurrent.ThreadPoolExecutor.runWorker(ThreadPoolExecutor.java:1149)
	at java.util.concurrent.ThreadPoolExecutor$Worker.run(ThreadPoolExecutor.java:624)
	at java.lang.Thread.run(Thread.java:748)
</failure>
                                               </testcase><testcase classname="jsy.student.Lab1Suite" name="Lab1SpecRunner.sqrtN should perform several iterations of sqrtStep" time="0.0">
                                                 <failure message="an implementation is missing" type="scala.NotImplementedError">scala.NotImplementedError: an implementation is missing
	at scala.Predef$.$qmark$qmark$qmark(Predef.scala:230)
	at jsy.student.Lab1$.sqrtN(Lab1.scala:77)
	at jsy.student.Lab1Spec$$anonfun$8.apply(Lab1Spec.scala:105)
	at jsy.student.Lab1Spec$$anonfun$8.apply(Lab1Spec.scala:104)
	at org.scalatest.OutcomeOf$class.outcomeOf(OutcomeOf.scala:85)
	at org.scalatest.OutcomeOf$.outcomeOf(OutcomeOf.scala:104)
	at org.scalatest.Transformer.apply(Transformer.scala:22)
	at org.scalatest.Transformer.apply(Transformer.scala:20)
	at org.scalatest.FlatSpecLike$$anon$1.apply(FlatSpecLike.scala:1682)
	at org.scalatest.TestSuite$class.withFixture(TestSuite.scala:196)
	at org.scalatest.FlatSpec.withFixture(FlatSpec.scala:1685)
	at org.scalatest.FlatSpecLike$class.invokeWithFixture$1(FlatSpecLike.scala:1679)
	at org.scalatest.FlatSpecLike$$anonfun$runTest$1.apply(FlatSpecLike.scala:1692)
	at org.scalatest.FlatSpecLike$$anonfun$runTest$1.apply(FlatSpecLike.scala:1692)
	at org.scalatest.SuperEngine.runTestImpl(Engine.scala:289)
	at org.scalatest.FlatSpecLike$class.runTest(FlatSpecLike.scala:1692)
	at org.scalatest.FlatSpec.runTest(FlatSpec.scala:1685)
	at org.scalatest.FlatSpecLike$$anonfun$runTests$1.apply(FlatSpecLike.scala:1750)
	at org.scalatest.FlatSpecLike$$anonfun$runTests$1.apply(FlatSpecLike.scala:1750)
	at org.scalatest.SuperEngine$$anonfun$traverseSubNodes$1$1.apply(Engine.scala:396)
	at org.scalatest.SuperEngine$$anonfun$traverseSubNodes$1$1.apply(Engine.scala:384)
	at scala.collection.immutable.List.foreach(List.scala:381)
	at org.scalatest.SuperEngine.traverseSubNodes$1(Engine.scala:384)
	at org.scalatest.SuperEngine.org$scalatest$SuperEngine$$runTestsInBranch(Engine.scala:373)
	at org.scalatest.SuperEngine$$anonfun$traverseSubNodes$1$1.apply(Engine.scala:410)
	at org.scalatest.SuperEngine$$anonfun$traverseSubNodes$1$1.apply(Engine.scala:384)
	at scala.collection.immutable.List.foreach(List.scala:381)
	at org.scalatest.SuperEngine.traverseSubNodes$1(Engine.scala:384)
	at org.scalatest.SuperEngine.org$scalatest$SuperEngine$$runTestsInBranch(Engine.scala:379)
	at org.scalatest.SuperEngine.runTestsImpl(Engine.scala:461)
	at org.scalatest.FlatSpecLike$class.runTests(FlatSpecLike.scala:1750)
	at org.scalatest.FlatSpec.runTests(FlatSpec.scala:1685)
	at org.scalatest.Suite$class.run(Suite.scala:1147)
	at org.scalatest.FlatSpec.org$scalatest$FlatSpecLike$$super$run(FlatSpec.scala:1685)
	at org.scalatest.FlatSpecLike$$anonfun$run$1.apply(FlatSpecLike.scala:1795)
	at org.scalatest.FlatSpecLike$$anonfun$run$1.apply(FlatSpecLike.scala:1795)
	at org.scalatest.SuperEngine.runImpl(Engine.scala:521)
	at org.scalatest.FlatSpecLike$class.run(FlatSpecLike.scala:1795)
	at org.scalatest.FlatSpec.run(FlatSpec.scala:1685)
	at org.scalatest.Suite$class.callExecuteOnSuite$1(Suite.scala:1210)
	at org.scalatest.Suite$$anonfun$runNestedSuites$1.apply(Suite.scala:1257)
	at org.scalatest.Suite$$anonfun$runNestedSuites$1.apply(Suite.scala:1255)
	at scala.collection.IndexedSeqOptimized$class.foreach(IndexedSeqOptimized.scala:33)
	at scala.collection.mutable.ArrayOps$ofRef.foreach(ArrayOps.scala:186)
	at org.scalatest.Suite$class.runNestedSuites(Suite.scala:1255)
	at org.scalatest.Suites.runNestedSuites(Suites.scala:56)
	at org.scalatest.Suite$class.run(Suite.scala:1144)
	at org.scalatest.Suites.run(Suites.scala:56)
	at org.scalatest.tools.Framework.org$scalatest$tools$Framework$$runSuite(Framework.scala:314)
	at org.scalatest.tools.Framework$ScalaTestTask.execute(Framework.scala:472)
	at sbt.TestRunner.runTest$1(TestFramework.scala:76)
	at sbt.TestRunner.run(TestFramework.scala:85)
	at sbt.TestFramework$$anon$2$$anonfun$$init$$1$$anonfun$apply$8.apply(TestFramework.scala:202)
	at sbt.TestFramework$$anon$2$$anonfun$$init$$1$$anonfun$apply$8.apply(TestFramework.scala:202)
	at sbt.TestFramework$.sbt$TestFramework$$withContextLoader(TestFramework.scala:185)
	at sbt.TestFramework$$anon$2$$anonfun$$init$$1.apply(TestFramework.scala:202)
	at sbt.TestFramework$$anon$2$$anonfun$$init$$1.apply(TestFramework.scala:202)
	at sbt.TestFunction.apply(TestFramework.scala:207)
	at sbt.Tests$.sbt$Tests$$processRunnable$1(Tests.scala:239)
	at sbt.Tests$$anonfun$makeSerial$1.apply(Tests.scala:245)
	at sbt.Tests$$anonfun$makeSerial$1.apply(Tests.scala:245)
	at sbt.std.Transform$$anon$3$$anonfun$apply$2.apply(System.scala:44)
	at sbt.std.Transform$$anon$3$$anonfun$apply$2.apply(System.scala:44)
	at sbt.std.Transform$$anon$4.work(System.scala:63)
	at sbt.Execute$$anonfun$submit$1$$anonfun$apply$1.apply(Execute.scala:228)
	at sbt.Execute$$anonfun$submit$1$$anonfun$apply$1.apply(Execute.scala:228)
	at sbt.ErrorHandling$.wideConvert(ErrorHandling.scala:17)
	at sbt.Execute.work(Execute.scala:237)
	at sbt.Execute$$anonfun$submit$1.apply(Execute.scala:228)
	at sbt.Execute$$anonfun$submit$1.apply(Execute.scala:228)
	at sbt.ConcurrentRestrictions$$anon$4$$anonfun$1.apply(ConcurrentRestrictions.scala:159)
	at sbt.CompletionService$$anon$2.call(CompletionService.scala:28)
	at java.util.concurrent.FutureTask.run(FutureTask.java:266)
	at java.util.concurrent.Executors$RunnableAdapter.call(Executors.java:511)
	at java.util.concurrent.FutureTask.run(FutureTask.java:266)
	at java.util.concurrent.ThreadPoolExecutor.runWorker(ThreadPoolExecutor.java:1149)
	at java.util.concurrent.ThreadPoolExecutor$Worker.run(ThreadPoolExecutor.java:624)
	at java.lang.Thread.run(Thread.java:748)
</failure>
                                               </testcase><testcase classname="jsy.student.Lab1Suite" name="Lab1SpecRunner.sqrtN should evaluate to x0 if n is zero" time="0.0">
                                                 <failure message="an implementation is missing" type="scala.NotImplementedError">scala.NotImplementedError: an implementation is missing
	at scala.Predef$.$qmark$qmark$qmark(Predef.scala:230)
	at jsy.student.Lab1$.sqrtN(Lab1.scala:77)
	at jsy.student.Lab1Spec$$anonfun$9.apply(Lab1Spec.scala:112)
	at jsy.student.Lab1Spec$$anonfun$9.apply(Lab1Spec.scala:111)
	at org.scalatest.OutcomeOf$class.outcomeOf(OutcomeOf.scala:85)
	at org.scalatest.OutcomeOf$.outcomeOf(OutcomeOf.scala:104)
	at org.scalatest.Transformer.apply(Transformer.scala:22)
	at org.scalatest.Transformer.apply(Transformer.scala:20)
	at org.scalatest.FlatSpecLike$$anon$1.apply(FlatSpecLike.scala:1682)
	at org.scalatest.TestSuite$class.withFixture(TestSuite.scala:196)
	at org.scalatest.FlatSpec.withFixture(FlatSpec.scala:1685)
	at org.scalatest.FlatSpecLike$class.invokeWithFixture$1(FlatSpecLike.scala:1679)
	at org.scalatest.FlatSpecLike$$anonfun$runTest$1.apply(FlatSpecLike.scala:1692)
	at org.scalatest.FlatSpecLike$$anonfun$runTest$1.apply(FlatSpecLike.scala:1692)
	at org.scalatest.SuperEngine.runTestImpl(Engine.scala:289)
	at org.scalatest.FlatSpecLike$class.runTest(FlatSpecLike.scala:1692)
	at org.scalatest.FlatSpec.runTest(FlatSpec.scala:1685)
	at org.scalatest.FlatSpecLike$$anonfun$runTests$1.apply(FlatSpecLike.scala:1750)
	at org.scalatest.FlatSpecLike$$anonfun$runTests$1.apply(FlatSpecLike.scala:1750)
	at org.scalatest.SuperEngine$$anonfun$traverseSubNodes$1$1.apply(Engine.scala:396)
	at org.scalatest.SuperEngine$$anonfun$traverseSubNodes$1$1.apply(Engine.scala:384)
	at scala.collection.immutable.List.foreach(List.scala:381)
	at org.scalatest.SuperEngine.traverseSubNodes$1(Engine.scala:384)
	at org.scalatest.SuperEngine.org$scalatest$SuperEngine$$runTestsInBranch(Engine.scala:373)
	at org.scalatest.SuperEngine$$anonfun$traverseSubNodes$1$1.apply(Engine.scala:410)
	at org.scalatest.SuperEngine$$anonfun$traverseSubNodes$1$1.apply(Engine.scala:384)
	at scala.collection.immutable.List.foreach(List.scala:381)
	at org.scalatest.SuperEngine.traverseSubNodes$1(Engine.scala:384)
	at org.scalatest.SuperEngine.org$scalatest$SuperEngine$$runTestsInBranch(Engine.scala:379)
	at org.scalatest.SuperEngine.runTestsImpl(Engine.scala:461)
	at org.scalatest.FlatSpecLike$class.runTests(FlatSpecLike.scala:1750)
	at org.scalatest.FlatSpec.runTests(FlatSpec.scala:1685)
	at org.scalatest.Suite$class.run(Suite.scala:1147)
	at org.scalatest.FlatSpec.org$scalatest$FlatSpecLike$$super$run(FlatSpec.scala:1685)
	at org.scalatest.FlatSpecLike$$anonfun$run$1.apply(FlatSpecLike.scala:1795)
	at org.scalatest.FlatSpecLike$$anonfun$run$1.apply(FlatSpecLike.scala:1795)
	at org.scalatest.SuperEngine.runImpl(Engine.scala:521)
	at org.scalatest.FlatSpecLike$class.run(FlatSpecLike.scala:1795)
	at org.scalatest.FlatSpec.run(FlatSpec.scala:1685)
	at org.scalatest.Suite$class.callExecuteOnSuite$1(Suite.scala:1210)
	at org.scalatest.Suite$$anonfun$runNestedSuites$1.apply(Suite.scala:1257)
	at org.scalatest.Suite$$anonfun$runNestedSuites$1.apply(Suite.scala:1255)
	at scala.collection.IndexedSeqOptimized$class.foreach(IndexedSeqOptimized.scala:33)
	at scala.collection.mutable.ArrayOps$ofRef.foreach(ArrayOps.scala:186)
	at org.scalatest.Suite$class.runNestedSuites(Suite.scala:1255)
	at org.scalatest.Suites.runNestedSuites(Suites.scala:56)
	at org.scalatest.Suite$class.run(Suite.scala:1144)
	at org.scalatest.Suites.run(Suites.scala:56)
	at org.scalatest.tools.Framework.org$scalatest$tools$Framework$$runSuite(Framework.scala:314)
	at org.scalatest.tools.Framework$ScalaTestTask.execute(Framework.scala:472)
	at sbt.TestRunner.runTest$1(TestFramework.scala:76)
	at sbt.TestRunner.run(TestFramework.scala:85)
	at sbt.TestFramework$$anon$2$$anonfun$$init$$1$$anonfun$apply$8.apply(TestFramework.scala:202)
	at sbt.TestFramework$$anon$2$$anonfun$$init$$1$$anonfun$apply$8.apply(TestFramework.scala:202)
	at sbt.TestFramework$.sbt$TestFramework$$withContextLoader(TestFramework.scala:185)
	at sbt.TestFramework$$anon$2$$anonfun$$init$$1.apply(TestFramework.scala:202)
	at sbt.TestFramework$$anon$2$$anonfun$$init$$1.apply(TestFramework.scala:202)
	at sbt.TestFunction.apply(TestFramework.scala:207)
	at sbt.Tests$.sbt$Tests$$processRunnable$1(Tests.scala:239)
	at sbt.Tests$$anonfun$makeSerial$1.apply(Tests.scala:245)
	at sbt.Tests$$anonfun$makeSerial$1.apply(Tests.scala:245)
	at sbt.std.Transform$$anon$3$$anonfun$apply$2.apply(System.scala:44)
	at sbt.std.Transform$$anon$3$$anonfun$apply$2.apply(System.scala:44)
	at sbt.std.Transform$$anon$4.work(System.scala:63)
	at sbt.Execute$$anonfun$submit$1$$anonfun$apply$1.apply(Execute.scala:228)
	at sbt.Execute$$anonfun$submit$1$$anonfun$apply$1.apply(Execute.scala:228)
	at sbt.ErrorHandling$.wideConvert(ErrorHandling.scala:17)
	at sbt.Execute.work(Execute.scala:237)
	at sbt.Execute$$anonfun$submit$1.apply(Execute.scala:228)
	at sbt.Execute$$anonfun$submit$1.apply(Execute.scala:228)
	at sbt.ConcurrentRestrictions$$anon$4$$anonfun$1.apply(ConcurrentRestrictions.scala:159)
	at sbt.CompletionService$$anon$2.call(CompletionService.scala:28)
	at java.util.concurrent.FutureTask.run(FutureTask.java:266)
	at java.util.concurrent.Executors$RunnableAdapter.call(Executors.java:511)
	at java.util.concurrent.FutureTask.run(FutureTask.java:266)
	at java.util.concurrent.ThreadPoolExecutor.runWorker(ThreadPoolExecutor.java:1149)
	at java.util.concurrent.ThreadPoolExecutor$Worker.run(ThreadPoolExecutor.java:624)
	at java.lang.Thread.run(Thread.java:748)
</failure>
                                               </testcase><testcase classname="jsy.student.Lab1Suite" name="Lab1SpecRunner.sqrtErr should perform iterations until the error is within epsilon" time="0.0">
                                                 <failure message="an implementation is missing" type="scala.NotImplementedError">scala.NotImplementedError: an implementation is missing
	at scala.Predef$.$qmark$qmark$qmark(Predef.scala:230)
	at jsy.student.Lab1$.sqrtErr(Lab1.scala:79)
	at jsy.student.Lab1Spec$$anonfun$10.apply(Lab1Spec.scala:117)
	at jsy.student.Lab1Spec$$anonfun$10.apply(Lab1Spec.scala:116)
	at org.scalatest.OutcomeOf$class.outcomeOf(OutcomeOf.scala:85)
	at org.scalatest.OutcomeOf$.outcomeOf(OutcomeOf.scala:104)
	at org.scalatest.Transformer.apply(Transformer.scala:22)
	at org.scalatest.Transformer.apply(Transformer.scala:20)
	at org.scalatest.FlatSpecLike$$anon$1.apply(FlatSpecLike.scala:1682)
	at org.scalatest.TestSuite$class.withFixture(TestSuite.scala:196)
	at org.scalatest.FlatSpec.withFixture(FlatSpec.scala:1685)
	at org.scalatest.FlatSpecLike$class.invokeWithFixture$1(FlatSpecLike.scala:1679)
	at org.scalatest.FlatSpecLike$$anonfun$runTest$1.apply(FlatSpecLike.scala:1692)
	at org.scalatest.FlatSpecLike$$anonfun$runTest$1.apply(FlatSpecLike.scala:1692)
	at org.scalatest.SuperEngine.runTestImpl(Engine.scala:289)
	at org.scalatest.FlatSpecLike$class.runTest(FlatSpecLike.scala:1692)
	at org.scalatest.FlatSpec.runTest(FlatSpec.scala:1685)
	at org.scalatest.FlatSpecLike$$anonfun$runTests$1.apply(FlatSpecLike.scala:1750)
	at org.scalatest.FlatSpecLike$$anonfun$runTests$1.apply(FlatSpecLike.scala:1750)
	at org.scalatest.SuperEngine$$anonfun$traverseSubNodes$1$1.apply(Engine.scala:396)
	at org.scalatest.SuperEngine$$anonfun$traverseSubNodes$1$1.apply(Engine.scala:384)
	at scala.collection.immutable.List.foreach(List.scala:381)
	at org.scalatest.SuperEngine.traverseSubNodes$1(Engine.scala:384)
	at org.scalatest.SuperEngine.org$scalatest$SuperEngine$$runTestsInBranch(Engine.scala:373)
	at org.scalatest.SuperEngine$$anonfun$traverseSubNodes$1$1.apply(Engine.scala:410)
	at org.scalatest.SuperEngine$$anonfun$traverseSubNodes$1$1.apply(Engine.scala:384)
	at scala.collection.immutable.List.foreach(List.scala:381)
	at org.scalatest.SuperEngine.traverseSubNodes$1(Engine.scala:384)
	at org.scalatest.SuperEngine.org$scalatest$SuperEngine$$runTestsInBranch(Engine.scala:379)
	at org.scalatest.SuperEngine.runTestsImpl(Engine.scala:461)
	at org.scalatest.FlatSpecLike$class.runTests(FlatSpecLike.scala:1750)
	at org.scalatest.FlatSpec.runTests(FlatSpec.scala:1685)
	at org.scalatest.Suite$class.run(Suite.scala:1147)
	at org.scalatest.FlatSpec.org$scalatest$FlatSpecLike$$super$run(FlatSpec.scala:1685)
	at org.scalatest.FlatSpecLike$$anonfun$run$1.apply(FlatSpecLike.scala:1795)
	at org.scalatest.FlatSpecLike$$anonfun$run$1.apply(FlatSpecLike.scala:1795)
	at org.scalatest.SuperEngine.runImpl(Engine.scala:521)
	at org.scalatest.FlatSpecLike$class.run(FlatSpecLike.scala:1795)
	at org.scalatest.FlatSpec.run(FlatSpec.scala:1685)
	at org.scalatest.Suite$class.callExecuteOnSuite$1(Suite.scala:1210)
	at org.scalatest.Suite$$anonfun$runNestedSuites$1.apply(Suite.scala:1257)
	at org.scalatest.Suite$$anonfun$runNestedSuites$1.apply(Suite.scala:1255)
	at scala.collection.IndexedSeqOptimized$class.foreach(IndexedSeqOptimized.scala:33)
	at scala.collection.mutable.ArrayOps$ofRef.foreach(ArrayOps.scala:186)
	at org.scalatest.Suite$class.runNestedSuites(Suite.scala:1255)
	at org.scalatest.Suites.runNestedSuites(Suites.scala:56)
	at org.scalatest.Suite$class.run(Suite.scala:1144)
	at org.scalatest.Suites.run(Suites.scala:56)
	at org.scalatest.tools.Framework.org$scalatest$tools$Framework$$runSuite(Framework.scala:314)
	at org.scalatest.tools.Framework$ScalaTestTask.execute(Framework.scala:472)
	at sbt.TestRunner.runTest$1(TestFramework.scala:76)
	at sbt.TestRunner.run(TestFramework.scala:85)
	at sbt.TestFramework$$anon$2$$anonfun$$init$$1$$anonfun$apply$8.apply(TestFramework.scala:202)
	at sbt.TestFramework$$anon$2$$anonfun$$init$$1$$anonfun$apply$8.apply(TestFramework.scala:202)
	at sbt.TestFramework$.sbt$TestFramework$$withContextLoader(TestFramework.scala:185)
	at sbt.TestFramework$$anon$2$$anonfun$$init$$1.apply(TestFramework.scala:202)
	at sbt.TestFramework$$anon$2$$anonfun$$init$$1.apply(TestFramework.scala:202)
	at sbt.TestFunction.apply(TestFramework.scala:207)
	at sbt.Tests$.sbt$Tests$$processRunnable$1(Tests.scala:239)
	at sbt.Tests$$anonfun$makeSerial$1.apply(Tests.scala:245)
	at sbt.Tests$$anonfun$makeSerial$1.apply(Tests.scala:245)
	at sbt.std.Transform$$anon$3$$anonfun$apply$2.apply(System.scala:44)
	at sbt.std.Transform$$anon$3$$anonfun$apply$2.apply(System.scala:44)
	at sbt.std.Transform$$anon$4.work(System.scala:63)
	at sbt.Execute$$anonfun$submit$1$$anonfun$apply$1.apply(Execute.scala:228)
	at sbt.Execute$$anonfun$submit$1$$anonfun$apply$1.apply(Execute.scala:228)
	at sbt.ErrorHandling$.wideConvert(ErrorHandling.scala:17)
	at sbt.Execute.work(Execute.scala:237)
	at sbt.Execute$$anonfun$submit$1.apply(Execute.scala:228)
	at sbt.Execute$$anonfun$submit$1.apply(Execute.scala:228)
	at sbt.ConcurrentRestrictions$$anon$4$$anonfun$1.apply(ConcurrentRestrictions.scala:159)
	at sbt.CompletionService$$anon$2.call(CompletionService.scala:28)
	at java.util.concurrent.FutureTask.run(FutureTask.java:266)
	at java.util.concurrent.Executors$RunnableAdapter.call(Executors.java:511)
	at java.util.concurrent.FutureTask.run(FutureTask.java:266)
	at java.util.concurrent.ThreadPoolExecutor.runWorker(ThreadPoolExecutor.java:1149)
	at java.util.concurrent.ThreadPoolExecutor$Worker.run(ThreadPoolExecutor.java:624)
	at java.lang.Thread.run(Thread.java:748)
</failure>
                                               </testcase><testcase classname="jsy.student.Lab1Suite" name="Lab1SpecRunner.sqrtN should throw an exception when n is negative" time="0.0">
                                                 <failure message="Expected exception java.lang.IllegalArgumentException to be thrown, but scala.NotImplementedError was thrown" type="org.scalatest.exceptions.TestFailedException">org.scalatest.exceptions.TestFailedException: Expected exception java.lang.IllegalArgumentException to be thrown, but scala.NotImplementedError was thrown
	at org.scalatest.Assertions$class.newAssertionFailedException(Assertions.scala:528)
	at org.scalatest.FlatSpec.newAssertionFailedException(FlatSpec.scala:1685)
	at org.scalatest.Assertions$class.intercept(Assertions.scala:812)
	at org.scalatest.FlatSpec.intercept(FlatSpec.scala:1685)
	at jsy.student.Lab1Spec$$anonfun$11.apply(Lab1Spec.scala:126)
	at jsy.student.Lab1Spec$$anonfun$11.apply(Lab1Spec.scala:126)
	at org.scalatest.OutcomeOf$class.outcomeOf(OutcomeOf.scala:85)
	at org.scalatest.OutcomeOf$.outcomeOf(OutcomeOf.scala:104)
	at org.scalatest.Transformer.apply(Transformer.scala:22)
	at org.scalatest.Transformer.apply(Transformer.scala:20)
	at org.scalatest.FlatSpecLike$$anon$1.apply(FlatSpecLike.scala:1682)
	at org.scalatest.TestSuite$class.withFixture(TestSuite.scala:196)
	at org.scalatest.FlatSpec.withFixture(FlatSpec.scala:1685)
	at org.scalatest.FlatSpecLike$class.invokeWithFixture$1(FlatSpecLike.scala:1679)
	at org.scalatest.FlatSpecLike$$anonfun$runTest$1.apply(FlatSpecLike.scala:1692)
	at org.scalatest.FlatSpecLike$$anonfun$runTest$1.apply(FlatSpecLike.scala:1692)
	at org.scalatest.SuperEngine.runTestImpl(Engine.scala:289)
	at org.scalatest.FlatSpecLike$class.runTest(FlatSpecLike.scala:1692)
	at org.scalatest.FlatSpec.runTest(FlatSpec.scala:1685)
	at org.scalatest.FlatSpecLike$$anonfun$runTests$1.apply(FlatSpecLike.scala:1750)
	at org.scalatest.FlatSpecLike$$anonfun$runTests$1.apply(FlatSpecLike.scala:1750)
	at org.scalatest.SuperEngine$$anonfun$traverseSubNodes$1$1.apply(Engine.scala:396)
	at org.scalatest.SuperEngine$$anonfun$traverseSubNodes$1$1.apply(Engine.scala:384)
	at scala.collection.immutable.List.foreach(List.scala:381)
	at org.scalatest.SuperEngine.traverseSubNodes$1(Engine.scala:384)
	at org.scalatest.SuperEngine.org$scalatest$SuperEngine$$runTestsInBranch(Engine.scala:373)
	at org.scalatest.SuperEngine$$anonfun$traverseSubNodes$1$1.apply(Engine.scala:410)
	at org.scalatest.SuperEngine$$anonfun$traverseSubNodes$1$1.apply(Engine.scala:384)
	at scala.collection.immutable.List.foreach(List.scala:381)
	at org.scalatest.SuperEngine.traverseSubNodes$1(Engine.scala:384)
	at org.scalatest.SuperEngine.org$scalatest$SuperEngine$$runTestsInBranch(Engine.scala:379)
	at org.scalatest.SuperEngine.runTestsImpl(Engine.scala:461)
	at org.scalatest.FlatSpecLike$class.runTests(FlatSpecLike.scala:1750)
	at org.scalatest.FlatSpec.runTests(FlatSpec.scala:1685)
	at org.scalatest.Suite$class.run(Suite.scala:1147)
	at org.scalatest.FlatSpec.org$scalatest$FlatSpecLike$$super$run(FlatSpec.scala:1685)
	at org.scalatest.FlatSpecLike$$anonfun$run$1.apply(FlatSpecLike.scala:1795)
	at org.scalatest.FlatSpecLike$$anonfun$run$1.apply(FlatSpecLike.scala:1795)
	at org.scalatest.SuperEngine.runImpl(Engine.scala:521)
	at org.scalatest.FlatSpecLike$class.run(FlatSpecLike.scala:1795)
	at org.scalatest.FlatSpec.run(FlatSpec.scala:1685)
	at org.scalatest.Suite$class.callExecuteOnSuite$1(Suite.scala:1210)
	at org.scalatest.Suite$$anonfun$runNestedSuites$1.apply(Suite.scala:1257)
	at org.scalatest.Suite$$anonfun$runNestedSuites$1.apply(Suite.scala:1255)
	at scala.collection.IndexedSeqOptimized$class.foreach(IndexedSeqOptimized.scala:33)
	at scala.collection.mutable.ArrayOps$ofRef.foreach(ArrayOps.scala:186)
	at org.scalatest.Suite$class.runNestedSuites(Suite.scala:1255)
	at org.scalatest.Suites.runNestedSuites(Suites.scala:56)
	at org.scalatest.Suite$class.run(Suite.scala:1144)
	at org.scalatest.Suites.run(Suites.scala:56)
	at org.scalatest.tools.Framework.org$scalatest$tools$Framework$$runSuite(Framework.scala:314)
	at org.scalatest.tools.Framework$ScalaTestTask.execute(Framework.scala:472)
	at sbt.TestRunner.runTest$1(TestFramework.scala:76)
	at sbt.TestRunner.run(TestFramework.scala:85)
[...]
	at sbt.Tests$$anonfun$makeSerial$1.apply(Tests.scala:245)
	at sbt.std.Transform$$anon$3$$anonfun$apply$2.apply(System.scala:44)
	at sbt.std.Transform$$anon$3$$anonfun$apply$2.apply(System.scala:44)
	at sbt.std.Transform$$anon$4.work(System.scala:63)
	at sbt.Execute$$anonfun$submit$1$$anonfun$apply$1.apply(Execute.scala:228)
	at sbt.Execute$$anonfun$submit$1$$anonfun$apply$1.apply(Execute.scala:228)
	at sbt.ErrorHandling$.wideConvert(ErrorHandling.scala:17)
	at sbt.Execute.work(Execute.scala:237)
	at sbt.Execute$$anonfun$submit$1.apply(Execute.scala:228)
	at sbt.Execute$$anonfun$submit$1.apply(Execute.scala:228)
	at sbt.ConcurrentRestrictions$$anon$4$$anonfun$1.apply(ConcurrentRestrictions.scala:159)
	at sbt.CompletionService$$anon$2.call(CompletionService.scala:28)
	at java.util.concurrent.FutureTask.run(FutureTask.java:266)
	at java.util.concurrent.Executors$RunnableAdapter.call(Executors.java:511)
	at java.util.concurrent.FutureTask.run(FutureTask.java:266)
	at java.util.concurrent.ThreadPoolExecutor.runWorker(ThreadPoolExecutor.java:1149)
	at java.util.concurrent.ThreadPoolExecutor$Worker.run(ThreadPoolExecutor.java:624)
	at java.lang.Thread.run(Thread.java:748)
</failure>
                                               </testcase><testcase classname="jsy.student.Lab1Suite" name="Lab1SpecRunner.eval/0 should 0/0 should yield NaN" time="0.0">
                                                 <failure message="an implementation is missing" type="scala.NotImplementedError">scala.NotImplementedError: an implementation is missing
	at scala.Predef$.$qmark$qmark$qmark(Predef.scala:230)
	at jsy.student.Lab1$.eval(Lab1.scala:120)
	at jsy.student.Lab1$.eval(Lab1.scala:125)
	at jsy.student.Lab1Spec$$anonfun$26.apply(Lab1Spec.scala:247)
	at jsy.student.Lab1Spec$$anonfun$26.apply(Lab1Spec.scala:247)
	at org.scalatest.OutcomeOf$class.outcomeOf(OutcomeOf.scala:85)
	at org.scalatest.OutcomeOf$.outcomeOf(OutcomeOf.scala:104)
	at org.scalatest.Transformer.apply(Transformer.scala:22)
	at org.scalatest.Transformer.apply(Transformer.scala:20)
	at org.scalatest.FlatSpecLike$$anon$1.apply(FlatSpecLike.scala:1682)
	at org.scalatest.TestSuite$class.withFixture(TestSuite.scala:196)
	at org.scalatest.FlatSpec.withFixture(FlatSpec.scala:1685)
	at org.scalatest.FlatSpecLike$class.invokeWithFixture$1(FlatSpecLike.scala:1679)
	at org.scalatest.FlatSpecLike$$anonfun$runTest$1.apply(FlatSpecLike.scala:1692)
	at org.scalatest.FlatSpecLike$$anonfun$runTest$1.apply(FlatSpecLike.scala:1692)
	at org.scalatest.SuperEngine.runTestImpl(Engine.scala:289)
	at org.scalatest.FlatSpecLike$class.runTest(FlatSpecLike.scala:1692)
	at org.scalatest.FlatSpec.runTest(FlatSpec.scala:1685)
	at org.scalatest.FlatSpecLike$$anonfun$runTests$1.apply(FlatSpecLike.scala:1750)
	at org.scalatest.FlatSpecLike$$anonfun$runTests$1.apply(FlatSpecLike.scala:1750)
	at org.scalatest.SuperEngine$$anonfun$traverseSubNodes$1$1.apply(Engine.scala:396)
	at org.scalatest.SuperEngine$$anonfun$traverseSubNodes$1$1.apply(Engine.scala:384)
	at scala.collection.immutable.List.foreach(List.scala:381)
	at org.scalatest.SuperEngine.traverseSubNodes$1(Engine.scala:384)
	at org.scalatest.SuperEngine.org$scalatest$SuperEngine$$runTestsInBranch(Engine.scala:373)
	at org.scalatest.SuperEngine$$anonfun$traverseSubNodes$1$1.apply(Engine.scala:410)
	at org.scalatest.SuperEngine$$anonfun$traverseSubNodes$1$1.apply(Engine.scala:384)
	at scala.collection.immutable.List.foreach(List.scala:381)
	at org.scalatest.SuperEngine.traverseSubNodes$1(Engine.scala:384)
	at org.scalatest.SuperEngine.org$scalatest$SuperEngine$$runTestsInBranch(Engine.scala:379)
	at org.scalatest.SuperEngine.runTestsImpl(Engine.scala:461)
	at org.scalatest.FlatSpecLike$class.runTests(FlatSpecLike.scala:1750)
	at org.scalatest.FlatSpec.runTests(FlatSpec.scala:1685)
	at org.scalatest.Suite$class.run(Suite.scala:1147)
	at org.scalatest.FlatSpec.org$scalatest$FlatSpecLike$$super$run(FlatSpec.scala:1685)
	at org.scalatest.FlatSpecLike$$anonfun$run$1.apply(FlatSpecLike.scala:1795)
	at org.scalatest.FlatSpecLike$$anonfun$run$1.apply(FlatSpecLike.scala:1795)
	at org.scalatest.SuperEngine.runImpl(Engine.scala:521)
	at org.scalatest.FlatSpecLike$class.run(FlatSpecLike.scala:1795)
	at org.scalatest.FlatSpec.run(FlatSpec.scala:1685)
	at org.scalatest.Suite$class.callExecuteOnSuite$1(Suite.scala:1210)
	at org.scalatest.Suite$$anonfun$runNestedSuites$1.apply(Suite.scala:1257)
	at org.scalatest.Suite$$anonfun$runNestedSuites$1.apply(Suite.scala:1255)
	at scala.collection.IndexedSeqOptimized$class.foreach(IndexedSeqOptimized.scala:33)
	at scala.collection.mutable.ArrayOps$ofRef.foreach(ArrayOps.scala:186)
	at org.scalatest.Suite$class.runNestedSuites(Suite.scala:1255)
	at org.scalatest.Suites.runNestedSuites(Suites.scala:56)
	at org.scalatest.Suite$class.run(Suite.scala:1144)
	at org.scalatest.Suites.run(Suites.scala:56)
	at org.scalatest.tools.Framework.org$scalatest$tools$Framework$$runSuite(Framework.scala:314)
	at org.scalatest.tools.Framework$ScalaTestTask.execute(Framework.scala:472)
	at sbt.TestRunner.runTest$1(TestFramework.scala:76)
	at sbt.TestRunner.run(TestFramework.scala:85)
	at sbt.TestFramework$$anon$2$$anonfun$$init$$1$$anonfun$apply$8.apply(TestFramework.scala:202)
	at sbt.TestFramework$$anon$2$$anonfun$$init$$1$$anonfun$apply$8.apply(TestFramework.scala:202)
	at sbt.TestFramework$.sbt$TestFramework$$withContextLoader(TestFramework.scala:185)
	at sbt.TestFramework$$anon$2$$anonfun$$init$$1.apply(TestFramework.scala:202)
	at sbt.TestFramework$$anon$2$$anonfun$$init$$1.apply(TestFramework.scala:202)
	at sbt.TestFunction.apply(TestFramework.scala:207)
	at sbt.Tests$.sbt$Tests$$processRunnable$1(Tests.scala:239)
	at sbt.Tests$$anonfun$makeSerial$1.apply(Tests.scala:245)
	at sbt.Tests$$anonfun$makeSerial$1.apply(Tests.scala:245)
	at sbt.std.Transform$$anon$3$$anonfun$apply$2.apply(System.scala:44)
	at sbt.std.Transform$$anon$3$$anonfun$apply$2.apply(System.scala:44)
	at sbt.std.Transform$$anon$4.work(System.scala:63)
	at sbt.Execute$$anonfun$submit$1$$anonfun$apply$1.apply(Execute.scala:228)
	at sbt.Execute$$anonfun$submit$1$$anonfun$apply$1.apply(Execute.scala:228)
	at sbt.ErrorHandling$.wideConvert(ErrorHandling.scala:17)
	at sbt.Execute.work(Execute.scala:237)
	at sbt.Execute$$anonfun$submit$1.apply(Execute.scala:228)
	at sbt.Execute$$anonfun$submit$1.apply(Execute.scala:228)
	at sbt.ConcurrentRestrictions$$anon$4$$anonfun$1.apply(ConcurrentRestrictions.scala:159)
	at sbt.CompletionService$$anon$2.call(CompletionService.scala:28)
	at java.util.concurrent.FutureTask.run(FutureTask.java:266)
	at java.util.concurrent.Executors$RunnableAdapter.call(Executors.java:511)
	at java.util.concurrent.FutureTask.run(FutureTask.java:266)
	at java.util.concurrent.ThreadPoolExecutor.runWorker(ThreadPoolExecutor.java:1149)
	at java.util.concurrent.ThreadPoolExecutor$Worker.run(ThreadPoolExecutor.java:624)
	at java.lang.Thread.run(Thread.java:748)
</failure>
                                               </testcase><testcase classname="jsy.student.Lab1Suite" name="Lab1JsyTests.eval on src/test/resources/lab1/test101_arith.jsy should match src/test/resources/lab1/test101_arith.ans" time="0.002">
                                                 <failure message="an implementation is missing" type="scala.NotImplementedError">scala.NotImplementedError: an implementation is missing
	at scala.Predef$.$qmark$qmark$qmark(Predef.scala:230)
	at jsy.student.Lab1$.eval(Lab1.scala:120)
	at jsy.student.Lab1$.processFile(Lab1.scala:143)
	at jsy.util.JsyApplication$$anonfun$8$$anonfun$apply$1.apply$mcV$sp(JsyApplication.scala:46)
	at jsy.util.JsyApplication$$anonfun$8$$anonfun$apply$1.apply(JsyApplication.scala:46)
	at jsy.util.JsyApplication$$anonfun$8$$anonfun$apply$1.apply(JsyApplication.scala:46)
	at scala.util.DynamicVariable.withValue(DynamicVariable.scala:58)
	at scala.Console$.withOut(Console.scala:65)
	at jsy.util.JsyApplication$$anonfun$8.apply(JsyApplication.scala:46)
	at jsy.util.JsyApplication$$anonfun$8.apply(JsyApplication.scala:40)
	at jsy.tester.JavascriptyTester$$anonfun$1$$anonfun$apply$1.apply(JavascriptyTester.scala:21)
	at jsy.tester.JavascriptyTester$$anonfun$1$$anonfun$apply$1.apply(JavascriptyTester.scala:20)
	at org.scalatest.OutcomeOf$class.outcomeOf(OutcomeOf.scala:85)
	at org.scalatest.OutcomeOf$.outcomeOf(OutcomeOf.scala:104)
	at org.scalatest.Transformer.apply(Transformer.scala:22)
	at org.scalatest.Transformer.apply(Transformer.scala:20)
	at org.scalatest.FlatSpecLike$$anon$1.apply(FlatSpecLike.scala:1682)
	at org.scalatest.TestSuite$class.withFixture(TestSuite.scala:196)
	at org.scalatest.FlatSpec.withFixture(FlatSpec.scala:1685)
	at org.scalatest.FlatSpecLike$class.invokeWithFixture$1(FlatSpecLike.scala:1679)
	at org.scalatest.FlatSpecLike$$anonfun$runTest$1.apply(FlatSpecLike.scala:1692)
	at org.scalatest.FlatSpecLike$$anonfun$runTest$1.apply(FlatSpecLike.scala:1692)
	at org.scalatest.SuperEngine.runTestImpl(Engine.scala:289)
	at org.scalatest.FlatSpecLike$class.runTest(FlatSpecLike.scala:1692)
	at org.scalatest.FlatSpec.runTest(FlatSpec.scala:1685)
	at org.scalatest.FlatSpecLike$$anonfun$runTests$1.apply(FlatSpecLike.scala:1750)
	at org.scalatest.FlatSpecLike$$anonfun$runTests$1.apply(FlatSpecLike.scala:1750)
	at org.scalatest.SuperEngine$$anonfun$traverseSubNodes$1$1.apply(Engine.scala:396)
	at org.scalatest.SuperEngine$$anonfun$traverseSubNodes$1$1.apply(Engine.scala:384)
	at scala.collection.immutable.List.foreach(List.scala:381)
	at org.scalatest.SuperEngine.traverseSubNodes$1(Engine.scala:384)
	at org.scalatest.SuperEngine.org$scalatest$SuperEngine$$runTestsInBranch(Engine.scala:373)
	at org.scalatest.SuperEngine$$anonfun$traverseSubNodes$1$1.apply(Engine.scala:410)
	at org.scalatest.SuperEngine$$anonfun$traverseSubNodes$1$1.apply(Engine.scala:384)
	at scala.collection.immutable.List.foreach(List.scala:381)
	at org.scalatest.SuperEngine.traverseSubNodes$1(Engine.scala:384)
	at org.scalatest.SuperEngine.org$scalatest$SuperEngine$$runTestsInBranch(Engine.scala:379)
	at org.scalatest.SuperEngine.runTestsImpl(Engine.scala:461)
	at org.scalatest.FlatSpecLike$class.runTests(FlatSpecLike.scala:1750)
	at org.scalatest.FlatSpec.runTests(FlatSpec.scala:1685)
	at org.scalatest.Suite$class.run(Suite.scala:1147)
	at org.scalatest.FlatSpec.org$scalatest$FlatSpecLike$$super$run(FlatSpec.scala:1685)
	at org.scalatest.FlatSpecLike$$anonfun$run$1.apply(FlatSpecLike.scala:1795)
	at org.scalatest.FlatSpecLike$$anonfun$run$1.apply(FlatSpecLike.scala:1795)
	at org.scalatest.SuperEngine.runImpl(Engine.scala:521)
	at org.scalatest.FlatSpecLike$class.run(FlatSpecLike.scala:1795)
	at org.scalatest.FlatSpec.run(FlatSpec.scala:1685)
	at org.scalatest.Suite$class.callExecuteOnSuite$1(Suite.scala:1210)
	at org.scalatest.Suite$$anonfun$runNestedSuites$1.apply(Suite.scala:1257)
	at org.scalatest.Suite$$anonfun$runNestedSuites$1.apply(Suite.scala:1255)
	at scala.collection.IndexedSeqOptimized$class.foreach(IndexedSeqOptimized.scala:33)
	at scala.collection.mutable.ArrayOps$ofRef.foreach(ArrayOps.scala:186)
	at org.scalatest.Suite$class.runNestedSuites(Suite.scala:1255)
	at org.scalatest.Suites.runNestedSuites(Suites.scala:56)
	at org.scalatest.Suite$class.run(Suite.scala:1144)
	at org.scalatest.Suites.run(Suites.scala:56)
	at org.scalatest.tools.Framework.org$scalatest$tools$Framework$$runSuite(Framework.scala:314)
	at org.scalatest.tools.Framework$ScalaTestTask.execute(Framework.scala:472)
	at sbt.TestRunner.runTest$1(TestFramework.scala:76)
	at sbt.TestRunner.run(TestFramework.scala:85)
	at sbt.TestFramework$$anon$2$$anonfun$$init$$1$$anonfun$apply$8.apply(TestFramework.scala:202)
	at sbt.TestFramework$$anon$2$$anonfun$$init$$1$$anonfun$apply$8.apply(TestFramework.scala:202)
	at sbt.TestFramework$.sbt$TestFramework$$withContextLoader(TestFramework.scala:185)
	at sbt.TestFramework$$anon$2$$anonfun$$init$$1.apply(TestFramework.scala:202)
	at sbt.TestFramework$$anon$2$$anonfun$$init$$1.apply(TestFramework.scala:202)
	at sbt.TestFunction.apply(TestFramework.scala:207)
	at sbt.Tests$.sbt$Tests$$processRunnable$1(Tests.scala:239)
	at sbt.Tests$$anonfun$makeSerial$1.apply(Tests.scala:245)
	at sbt.Tests$$anonfun$makeSerial$1.apply(Tests.scala:245)
	at sbt.std.Transform$$anon$3$$anonfun$apply$2.apply(System.scala:44)
	at sbt.std.Transform$$anon$3$$anonfun$apply$2.apply(System.scala:44)
	at sbt.std.Transform$$anon$4.work(System.scala:63)
	at sbt.Execute$$anonfun$submit$1$$anonfun$apply$1.apply(Execute.scala:228)
	at sbt.Execute$$anonfun$submit$1$$anonfun$apply$1.apply(Execute.scala:228)
	at sbt.ErrorHandling$.wideConvert(ErrorHandling.scala:17)
	at sbt.Execute.work(Execute.scala:237)
	at sbt.Execute$$anonfun$submit$1.apply(Execute.scala:228)
	at sbt.Execute$$anonfun$submit$1.apply(Execute.scala:228)
	at sbt.ConcurrentRestrictions$$anon$4$$anonfun$1.apply(ConcurrentRestrictions.scala:159)
	at sbt.CompletionService$$anon$2.call(CompletionService.scala:28)
	at java.util.concurrent.FutureTask.run(FutureTask.java:266)
	at java.util.concurrent.Executors$RunnableAdapter.call(Executors.java:511)
	at java.util.concurrent.FutureTask.run(FutureTask.java:266)
	at java.util.concurrent.ThreadPoolExecutor.runWorker(ThreadPoolExecutor.java:1149)
	at java.util.concurrent.ThreadPoolExecutor$Worker.run(ThreadPoolExecutor.java:624)
	at java.lang.Thread.run(Thread.java:748)
</failure>
                                               </testcase><testcase classname="jsy.student.Lab1Suite" name="Lab1JsyTests.eval on src/test/resources/lab1/test102_divbyzero.jsy should match src/test/resources/lab1/test102_divbyzero.ans" time="0.001">
                                                 <failure message="an implementation is missing" type="scala.NotImplementedError">scala.NotImplementedError: an implementation is missing
	at scala.Predef$.$qmark$qmark$qmark(Predef.scala:230)
	at jsy.student.Lab1$.eval(Lab1.scala:120)
	at jsy.student.Lab1$.processFile(Lab1.scala:143)
	at jsy.util.JsyApplication$$anonfun$8$$anonfun$apply$1.apply$mcV$sp(JsyApplication.scala:46)
	at jsy.util.JsyApplication$$anonfun$8$$anonfun$apply$1.apply(JsyApplication.scala:46)
	at jsy.util.JsyApplication$$anonfun$8$$anonfun$apply$1.apply(JsyApplication.scala:46)
	at scala.util.DynamicVariable.withValue(DynamicVariable.scala:58)
	at scala.Console$.withOut(Console.scala:65)
	at jsy.util.JsyApplication$$anonfun$8.apply(JsyApplication.scala:46)
	at jsy.util.JsyApplication$$anonfun$8.apply(JsyApplication.scala:40)
	at jsy.tester.JavascriptyTester$$anonfun$1$$anonfun$apply$1.apply(JavascriptyTester.scala:21)
	at jsy.tester.JavascriptyTester$$anonfun$1$$anonfun$apply$1.apply(JavascriptyTester.scala:20)
	at org.scalatest.OutcomeOf$class.outcomeOf(OutcomeOf.scala:85)
	at org.scalatest.OutcomeOf$.outcomeOf(OutcomeOf.scala:104)
	at org.scalatest.Transformer.apply(Transformer.scala:22)
	at org.scalatest.Transformer.apply(Transformer.scala:20)
	at org.scalatest.FlatSpecLike$$anon$1.apply(FlatSpecLike.scala:1682)
	at org.scalatest.TestSuite$class.withFixture(TestSuite.scala:196)
	at org.scalatest.FlatSpec.withFixture(FlatSpec.scala:1685)
	at org.scalatest.FlatSpecLike$class.invokeWithFixture$1(FlatSpecLike.scala:1679)
	at org.scalatest.FlatSpecLike$$anonfun$runTest$1.apply(FlatSpecLike.scala:1692)
	at org.scalatest.FlatSpecLike$$anonfun$runTest$1.apply(FlatSpecLike.scala:1692)
	at org.scalatest.SuperEngine.runTestImpl(Engine.scala:289)
	at org.scalatest.FlatSpecLike$class.runTest(FlatSpecLike.scala:1692)
	at org.scalatest.FlatSpec.runTest(FlatSpec.scala:1685)
	at org.scalatest.FlatSpecLike$$anonfun$runTests$1.apply(FlatSpecLike.scala:1750)
	at org.scalatest.FlatSpecLike$$anonfun$runTests$1.apply(FlatSpecLike.scala:1750)
	at org.scalatest.SuperEngine$$anonfun$traverseSubNodes$1$1.apply(Engine.scala:396)
	at org.scalatest.SuperEngine$$anonfun$traverseSubNodes$1$1.apply(Engine.scala:384)
	at scala.collection.immutable.List.foreach(List.scala:381)
	at org.scalatest.SuperEngine.traverseSubNodes$1(Engine.scala:384)
	at org.scalatest.SuperEngine.org$scalatest$SuperEngine$$runTestsInBranch(Engine.scala:373)
	at org.scalatest.SuperEngine$$anonfun$traverseSubNodes$1$1.apply(Engine.scala:410)
	at org.scalatest.SuperEngine$$anonfun$traverseSubNodes$1$1.apply(Engine.scala:384)
	at scala.collection.immutable.List.foreach(List.scala:381)
	at org.scalatest.SuperEngine.traverseSubNodes$1(Engine.scala:384)
	at org.scalatest.SuperEngine.org$scalatest$SuperEngine$$runTestsInBranch(Engine.scala:379)
	at org.scalatest.SuperEngine.runTestsImpl(Engine.scala:461)
	at org.scalatest.FlatSpecLike$class.runTests(FlatSpecLike.scala:1750)
	at org.scalatest.FlatSpec.runTests(FlatSpec.scala:1685)
	at org.scalatest.Suite$class.run(Suite.scala:1147)
	at org.scalatest.FlatSpec.org$scalatest$FlatSpecLike$$super$run(FlatSpec.scala:1685)
	at org.scalatest.FlatSpecLike$$anonfun$run$1.apply(FlatSpecLike.scala:1795)
	at org.scalatest.FlatSpecLike$$anonfun$run$1.apply(FlatSpecLike.scala:1795)
	at org.scalatest.SuperEngine.runImpl(Engine.scala:521)
	at org.scalatest.FlatSpecLike$class.run(FlatSpecLike.scala:1795)
	at org.scalatest.FlatSpec.run(FlatSpec.scala:1685)
	at org.scalatest.Suite$class.callExecuteOnSuite$1(Suite.scala:1210)
	at org.scalatest.Suite$$anonfun$runNestedSuites$1.apply(Suite.scala:1257)
	at org.scalatest.Suite$$anonfun$runNestedSuites$1.apply(Suite.scala:1255)
	at scala.collection.IndexedSeqOptimized$class.foreach(IndexedSeqOptimized.scala:33)
	at scala.collection.mutable.ArrayOps$ofRef.foreach(ArrayOps.scala:186)
	at org.scalatest.Suite$class.runNestedSuites(Suite.scala:1255)
	at org.scalatest.Suites.runNestedSuites(Suites.scala:56)
	at org.scalatest.Suite$class.run(Suite.scala:1144)
	at org.scalatest.Suites.run(Suites.scala:56)
	at org.scalatest.tools.Framework.org$scalatest$tools$Framework$$runSuite(Framework.scala:314)
	at org.scalatest.tools.Framework$ScalaTestTask.execute(Framework.scala:472)
	at sbt.TestRunner.runTest$1(TestFramework.scala:76)
	at sbt.TestRunner.run(TestFramework.scala:85)
	at sbt.TestFramework$$anon$2$$anonfun$$init$$1$$anonfun$apply$8.apply(TestFramework.scala:202)
	at sbt.TestFramework$$anon$2$$anonfun$$init$$1$$anonfun$apply$8.apply(TestFramework.scala:202)
	at sbt.TestFramework$.sbt$TestFramework$$withContextLoader(TestFramework.scala:185)
	at sbt.TestFramework$$anon$2$$anonfun$$init$$1.apply(TestFramework.scala:202)
	at sbt.TestFramework$$anon$2$$anonfun$$init$$1.apply(TestFramework.scala:202)
	at sbt.TestFunction.apply(TestFramework.scala:207)
	at sbt.Tests$.sbt$Tests$$processRunnable$1(Tests.scala:239)
	at sbt.Tests$$anonfun$makeSerial$1.apply(Tests.scala:245)
	at sbt.Tests$$anonfun$makeSerial$1.apply(Tests.scala:245)
	at sbt.std.Transform$$anon$3$$anonfun$apply$2.apply(System.scala:44)
	at sbt.std.Transform$$anon$3$$anonfun$apply$2.apply(System.scala:44)
	at sbt.std.Transform$$anon$4.work(System.scala:63)
	at sbt.Execute$$anonfun$submit$1$$anonfun$apply$1.apply(Execute.scala:228)
	at sbt.Execute$$anonfun$submit$1$$anonfun$apply$1.apply(Execute.scala:228)
	at sbt.ErrorHandling$.wideConvert(ErrorHandling.scala:17)
	at sbt.Execute.work(Execute.scala:237)
	at sbt.Execute$$anonfun$submit$1.apply(Execute.scala:228)
	at sbt.Execute$$anonfun$submit$1.apply(Execute.scala:228)
	at sbt.ConcurrentRestrictions$$anon$4$$anonfun$1.apply(ConcurrentRestrictions.scala:159)
	at sbt.CompletionService$$anon$2.call(CompletionService.scala:28)
	at java.util.concurrent.FutureTask.run(FutureTask.java:266)
	at java.util.concurrent.Executors$RunnableAdapter.call(Executors.java:511)
	at java.util.concurrent.FutureTask.run(FutureTask.java:266)
	at java.util.concurrent.ThreadPoolExecutor.runWorker(ThreadPoolExecutor.java:1149)
	at java.util.concurrent.ThreadPoolExecutor$Worker.run(ThreadPoolExecutor.java:624)
	at java.lang.Thread.run(Thread.java:748)
</failure>
                                               </testcase>
                     <system-out></system-out>
                     <system-err></system-err>
                   </testsuite>