<?xml version='1.0' encoding='UTF-8'?>
<testsuite hostname="stad180-131.colorado.edu" name="jsy.student.Lab1Suite" tests="26" errors="0" failures="20" skipped="0" time="0.011">
                     <properties>
      <property name="jline.esc.timeout" value="0"/><property name="java.runtime.name" value="Java(TM) SE Runtime Environment"/><property name="sun.boot.library.path" value="/Library/Java/JavaVirtualMachines/jdk1.8.0_144.jdk/Contents/Home/jre/lib"/><property name="java.vm.version" value="25.144-b01"/><property name="gopherProxySet" value="false"/><property name="java.vm.vendor" value="Oracle Corporation"/><property name="java.vendor.url" value="http://java.oracle.com/"/><property name="path.separator" value=":"/><property name="java.vm.name" value="Java HotSpot(TM) 64-Bit Server VM"/><property name="file.encoding.pkg" value="sun.io"/><property name="user.country" value="US"/><property name="sun.java.launcher" value="SUN_STANDARD"/><property name="sun.os.patch.level" value="unknown"/><property name="java.vm.specification.name" value="Java Virtual Machine Specification"/><property name="user.dir" value="/Users/nelson/Google Drive/CompSci/PPL/lab1-blonde"/><property name="java.runtime.version" value="1.8.0_144-b01"/><property name="java.awt.graphicsenv" value="sun.awt.CGraphicsEnvironment"/><property name="java.endorsed.dirs" value="/Library/Java/JavaVirtualMachines/jdk1.8.0_144.jdk/Contents/Home/jre/lib/endorsed"/><property name="os.arch" value="x86_64"/><property name="java.io.tmpdir" value="/var/folders/r2/6xdkw1rn6916h71vdpct90nr0000gn/T/"/><property name="line.separator" value="
"/><property name="java.vm.specification.vendor" value="Oracle Corporation"/><property name="os.name" value="Mac OS X"/><property name="sun.jnu.encoding" value="UTF-8"/><property name="java.library.path" value="/Users/nelson/Library/Java/Extensions:/Library/Java/Extensions:/Network/Library/Java/Extensions:/System/Library/Java/Extensions:/usr/lib/java:."/><property name="java.specification.name" value="Java Platform API Specification"/><property name="java.class.version" value="52.0"/><property name="sun.management.compiler" value="HotSpot 64-Bit Tiered Compilers"/><property name="os.version" value="10.12.6"/><property name="http.nonProxyHosts" value="local|*.local|169.254/16|*.169.254/16"/><property name="user.home" value="/Users/nelson"/><property name="user.timezone" value="America/Denver"/><property name="java.awt.printerjob" value="sun.lwawt.macosx.CPrinterJob"/><property name="file.encoding" value="UTF-8"/><property name="java.specification.version" value="1.8"/><property name="java.class.path" value="/usr/local/Cellar/sbt/1.0.0/libexec/bin/sbt-launch.jar"/><property name="user.name" value="nelson"/><property name="jline.shutdownhook" value="false"/><property name="java.vm.specification.version" value="1.8"/><property name="sun.java.command" value="/usr/local/Cellar/sbt/1.0.0/libexec/bin/sbt-launch.jar"/><property name="java.home" value="/Library/Java/JavaVirtualMachines/jdk1.8.0_144.jdk/Contents/Home/jre"/><property name="sun.arch.data.model" value="64"/><property name="user.language" value="en"/><property name="java.specification.vendor" value="Oracle Corporation"/><property name="awt.toolkit" value="sun.lwawt.macosx.LWCToolkit"/><property name="java.vm.info" value="mixed mode"/><property name="java.version" value="1.8.0_144"/><property name="java.ext.dirs" value="/Users/nelson/Library/Java/Extensions:/Library/Java/JavaVirtualMachines/jdk1.8.0_144.jdk/Contents/Home/jre/lib/ext:/Library/Java/Extensions:/Network/Library/Java/Extensions:/System/Library/Java/Extensions:/usr/lib/java"/><property name="sun.boot.class.path" value="/Library/Java/JavaVirtualMachines/jdk1.8.0_144.jdk/Contents/Home/jre/lib/resources.jar:/Library/Java/JavaVirtualMachines/jdk1.8.0_144.jdk/Contents/Home/jre/lib/rt.jar:/Library/Java/JavaVirtualMachines/jdk1.8.0_144.jdk/Contents/Home/jre/lib/sunrsasign.jar:/Library/Java/JavaVirtualMachines/jdk1.8.0_144.jdk/Contents/Home/jre/lib/jsse.jar:/Library/Java/JavaVirtualMachines/jdk1.8.0_144.jdk/Contents/Home/jre/lib/jce.jar:/Library/Java/JavaVirtualMachines/jdk1.8.0_144.jdk/Contents/Home/jre/lib/charsets.jar:/Library/Java/JavaVirtualMachines/jdk1.8.0_144.jdk/Contents/Home/jre/lib/jfr.jar:/Library/Java/JavaVirtualMachines/jdk1.8.0_144.jdk/Contents/Home/jre/classes"/><property name="java.vendor" value="Oracle Corporation"/><property name="file.separator" value="/"/><property name="java.vendor.url.bug" value="http://bugreport.sun.com/bugreport/"/><property name="sun.io.unicode.encoding" value="UnicodeBig"/><property name="sun.cpu.endian" value="little"/><property name="socksNonProxyHosts" value="local|*.local|169.254/16|*.169.254/16"/><property name="ftp.nonProxyHosts" value="local|*.local|169.254/16|*.169.254/16"/><property name="sun.cpu.isalist" value=""/>
    </properties>
                     <testcase classname="jsy.student.Lab1Suite" name="Lab1SpecRunner.plus should add two integers" time="0.0">
                                                 
                                               </testcase><testcase classname="jsy.student.Lab1Suite" name="Lab1SpecRunner.abs should evaluate to the absolute value of the argument" time="0.0">
                                                 
                                               </testcase><testcase classname="jsy.student.Lab1Suite" name="Lab1SpecRunner.xor should evaluate to the exclusive or of the arguments" time="0.0">
                                                 
                                               </testcase><testcase classname="jsy.student.Lab1Suite" name="Lab1SpecRunner.repeat should evaluate to repeated concatenation of a string" time="0.0">
                                                 
                                               </testcase><testcase classname="jsy.student.Lab1Suite" name="Lab1SpecRunner.repeat should evaluate to an empty string when repeated zero times" time="0.0">
                                                 
                                               </testcase><testcase classname="jsy.student.Lab1Suite" name="Lab1SpecRunner.repeat should throw an exception when a negative number of repetitions is expected" time="0.003">
                                                 <failure message="Expected exception java.lang.IllegalArgumentException to be thrown, but java.lang.StackOverflowError was thrown" type="org.scalatest.exceptions.TestFailedException">org.scalatest.exceptions.TestFailedException: Expected exception java.lang.IllegalArgumentException to be thrown, but java.lang.StackOverflowError was thrown
	at org.scalatest.Assertions$class.newAssertionFailedException(Assertions.scala:528)
	at org.scalatest.FlatSpec.newAssertionFailedException(FlatSpec.scala:1685)
	at org.scalatest.Assertions$class.intercept(Assertions.scala:812)
	at org.scalatest.FlatSpec.intercept(FlatSpec.scala:1685)
	at jsy.student.Lab1Spec$$anonfun$6.apply(Lab1Spec.scala:91)
	at jsy.student.Lab1Spec$$anonfun$6.apply(Lab1Spec.scala:91)
	at org.scalatest.OutcomeOf$class.outcomeOf(OutcomeOf.scala:85)
	at org.scalatest.OutcomeOf$.outcomeOf(OutcomeOf.scala:104)
	at org.scalatest.Transformer.apply(Transformer.scala:22)
	at org.scalatest.Transformer.apply(Transformer.scala:20)
	at org.scalatest.FlatSpecLike$$anon$1.apply(FlatSpecLike.scala:1682)
	at org.scalatest.TestSuite$class.withFixture(TestSuite.scala:196)
	at org.scalatest.FlatSpec.withFixture(FlatSpec.scala:1685)
	at org.scalatest.FlatSpecLike$class.invokeWithFixture$1(FlatSpecLike.scala:1679)
	at org.scalatest.FlatSpecLike$$anonfun$runTest$1.apply(FlatSpecLike.scala:1692)
	at org.scalatest.FlatSpecLike$$anonfun$runTest$1.apply(FlatSpecLike.scala:1692)
	at org.scalatest.SuperEngine.runTestImpl(Engine.scala:289)
	at org.scalatest.FlatSpecLike$class.runTest(FlatSpecLike.scala:1692)
	at org.scalatest.FlatSpec.runTest(FlatSpec.scala:1685)
	at org.scalatest.FlatSpecLike$$anonfun$runTests$1.apply(FlatSpecLike.scala:1750)
	at org.scalatest.FlatSpecLike$$anonfun$runTests$1.apply(FlatSpecLike.scala:1750)
	at org.scalatest.SuperEngine$$anonfun$traverseSubNodes$1$1.apply(Engine.scala:396)
	at org.scalatest.SuperEngine$$anonfun$traverseSubNodes$1$1.apply(Engine.scala:384)
	at scala.collection.immutable.List.foreach(List.scala:381)
	at org.scalatest.SuperEngine.traverseSubNodes$1(Engine.scala:384)
	at org.scalatest.SuperEngine.org$scalatest$SuperEngine$$runTestsInBranch(Engine.scala:373)
	at org.scalatest.SuperEngine$$anonfun$traverseSubNodes$1$1.apply(Engine.scala:410)
	at org.scalatest.SuperEngine$$anonfun$traverseSubNodes$1$1.apply(Engine.scala:384)
	at scala.collection.immutable.List.foreach(List.scala:381)
	at org.scalatest.SuperEngine.traverseSubNodes$1(Engine.scala:384)
	at org.scalatest.SuperEngine.org$scalatest$SuperEngine$$runTestsInBranch(Engine.scala:379)
	at org.scalatest.SuperEngine.runTestsImpl(Engine.scala:461)
	at org.scalatest.FlatSpecLike$class.runTests(FlatSpecLike.scala:1750)
	at org.scalatest.FlatSpec.runTests(FlatSpec.scala:1685)
	at org.scalatest.Suite$class.run(Suite.scala:1147)
	at org.scalatest.FlatSpec.org$scalatest$FlatSpecLike$$super$run(FlatSpec.scala:1685)
	at org.scalatest.FlatSpecLike$$anonfun$run$1.apply(FlatSpecLike.scala:1795)
	at org.scalatest.FlatSpecLike$$anonfun$run$1.apply(FlatSpecLike.scala:1795)
	at org.scalatest.SuperEngine.runImpl(Engine.scala:521)
	at org.scalatest.FlatSpecLike$class.run(FlatSpecLike.scala:1795)
	at org.scalatest.FlatSpec.run(FlatSpec.scala:1685)
	at org.scalatest.Suite$class.callExecuteOnSuite$1(Suite.scala:1210)
	at org.scalatest.Suite$$anonfun$runNestedSuites$1.apply(Suite.scala:1257)
	at org.scalatest.Suite$$anonfun$runNestedSuites$1.apply(Suite.scala:1255)
	at scala.collection.IndexedSeqOptimized$class.foreach(IndexedSeqOptimized.scala:33)
	at scala.collection.mutable.ArrayOps$ofRef.foreach(ArrayOps.scala:186)
	at org.scalatest.Suite$class.runNestedSuites(Suite.scala:1255)
	at org.scalatest.Suites.runNestedSuites(Suites.scala:56)
	at org.scalatest.Suite$class.run(Suite.scala:1144)
	at org.scalatest.Suites.run(Suites.scala:56)
	at org.scalatest.tools.Framework.org$scalatest$tools$Framework$$runSuite(Framework.scala:314)
	at org.scalatest.tools.Framework$ScalaTestTask.execute(Framework.scala:472)
	at sbt.TestRunner.runTest$1(TestFramework.scala:76)
	at sbt.TestRunner.run(TestFramework.scala:85)
	at sbt.TestFramework$$anon$2$$anonfun$$init$$1$$anonfun$apply$8.apply(TestFramework.scala:202)
	at sbt.TestFramework$$anon$2$$anonfun$$init$$1$$anonfun$apply$8.apply(TestFramework.scala:202)
	at sbt.TestFramework$.sbt$TestFramework$$withContextLoader(TestFramework.scala:185)
	at sbt.TestFramework$$anon$2$$anonfun$$init$$1.apply(TestFramework.scala:202)
	at sbt.TestFramework$$anon$2$$anonfun$$init$$1.apply(TestFramework.scala:202)
	at sbt.TestFunction.apply(TestFramework.scala:207)
	at sbt.Tests$.sbt$Tests$$processRunnable$1(Tests.scala:239)
	at sbt.Tests$$anonfun$makeSerial$1.apply(Tests.scala:245)
	at sbt.Tests$$anonfun$makeSerial$1.apply(Tests.scala:245)
	at sbt.std.Transform$$anon$3$$anonfun$apply$2.apply(System.scala:44)
	at sbt.std.Transform$$anon$3$$anonfun$apply$2.apply(System.scala:44)
	at sbt.std.Transform$$anon$4.work(System.scala:63)
	at sbt.Execute$$anonfun$submit$1$$anonfun$apply$1.apply(Execute.scala:228)
	at sbt.Execute$$anonfun$submit$1$$anonfun$apply$1.apply(Execute.scala:228)
	at sbt.ErrorHandling$.wideConvert(ErrorHandling.scala:17)
	at sbt.Execute.work(Execute.scala:237)
	at sbt.Execute$$anonfun$submit$1.apply(Execute.scala:228)
	at sbt.Execute$$anonfun$submit$1.apply(Execute.scala:228)
	at sbt.ConcurrentRestrictions$$anon$4$$anonfun$1.apply(ConcurrentRestrictions.scala:159)
	at sbt.CompletionService$$anon$2.call(CompletionService.scala:28)
	at java.util.concurrent.FutureTask.run(FutureTask.java:266)
	at java.util.concurrent.Executors$RunnableAdapter.call(Executors.java:511)
	at java.util.concurrent.FutureTask.run(FutureTask.java:266)
	at java.util.concurrent.ThreadPoolExecutor.runWorker(ThreadPoolExecutor.java:1149)
	at java.util.concurrent.ThreadPoolExecutor$Worker.run(ThreadPoolExecutor.java:624)
	at java.lang.Thread.run(Thread.java:748)
Caused by: java.lang.StackOverflowError
	at java.lang.String.valueOf(String.java:2994)
	at scala.collection.mutable.StringBuilder.append(StringBuilder.scala:200)
	at jsy.student.Lab1$.repeat(Lab1.scala:71)
	at jsy.student.Lab1$.repeat(Lab1.scala:71)
	at jsy.student.Lab1$.repeat(Lab1.scala:71)
	at jsy.student.Lab1$.repeat(Lab1.scala:71)
	at jsy.student.Lab1$.repeat(Lab1.scala:71)
	at jsy.student.Lab1$.repeat(Lab1.scala:71)
	at jsy.student.Lab1$.repeat(Lab1.scala:71)
	at jsy.student.Lab1$.repeat(Lab1.scala:71)
	at jsy.student.Lab1$.repeat(Lab1.scala:71)
	at jsy.student.Lab1$.repeat(Lab1.scala:71)
	at jsy.student.Lab1$.repeat(Lab1.scala:71)
	at jsy.student.Lab1$.repeat(Lab1.scala:71)
	at jsy.student.Lab1$.repeat(Lab1.scala:71)
	at jsy.student.Lab1$.repeat(Lab1.scala:71)
	at jsy.student.Lab1$.repeat(Lab1.scala:71)
	at jsy.student.Lab1$.repeat(Lab1.scala:71)
	at jsy.student.Lab1$.repeat(Lab1.scala:71)
	at jsy.student.Lab1$.repeat(Lab1.scala:71)
	at jsy.student.Lab1$.repeat(Lab1.scala:71)
	at jsy.student.Lab1$.repeat(Lab1.scala:71)
	at jsy.student.Lab1$.repeat(Lab1.scala:71)
	at jsy.student.Lab1$.repeat(Lab1.scala:71)
	at jsy.student.Lab1$.repeat(Lab1.scala:71)
	at jsy.student.Lab1$.repeat(Lab1.scala:71)
	at jsy.student.Lab1$.repeat(Lab1.scala:71)
	at jsy.student.Lab1$.repeat(Lab1.scala:71)
	at jsy.student.Lab1$.repeat(Lab1.scala:71)
	at jsy.student.Lab1$.repeat(Lab1.scala:71)
	at jsy.student.Lab1$.repeat(Lab1.scala:71)
	at jsy.student.Lab1$.repeat(Lab1.scala:71)
	at jsy.student.Lab1$.repeat(Lab1.scala:71)
	at jsy.student.Lab1$.repeat(Lab1.scala:71)
	at jsy.student.Lab1$.repeat(Lab1.scala:71)
	at jsy.student.Lab1$.repeat(Lab1.scala:71)
	at jsy.student.Lab1$.repeat(Lab1.scala:71)
	at jsy.student.Lab1$.repeat(Lab1.scala:71)
	at jsy.student.Lab1$.repeat(Lab1.scala:71)
	at jsy.student.Lab1$.repeat(Lab1.scala:71)
	at jsy.student.Lab1$.repeat(Lab1.scala:71)
	at jsy.student.Lab1$.repeat(Lab1.scala:71)
	at jsy.student.Lab1$.repeat(Lab1.scala:71)
	at jsy.student.Lab1$.repeat(Lab1.scala:71)
	at jsy.student.Lab1$.repeat(Lab1.scala:71)
	at jsy.student.Lab1$.repeat(Lab1.scala:71)
	at jsy.student.Lab1$.repeat(Lab1.scala:71)
	at jsy.student.Lab1$.repeat(Lab1.scala:71)
	at jsy.student.Lab1$.repeat(Lab1.scala:71)
	at jsy.student.Lab1$.repeat(Lab1.scala:71)
	at jsy.student.Lab1$.repeat(Lab1.scala:71)
	at jsy.student.Lab1$.repeat(Lab1.scala:71)
	at jsy.student.Lab1$.repeat(Lab1.scala:71)
	at jsy.student.Lab1$.repeat(Lab1.scala:71)
	at jsy.student.Lab1$.repeat(Lab1.scala:71)
	at jsy.student.Lab1$.repeat(Lab1.scala:71)
	at jsy.student.Lab1$.repeat(Lab1.scala:71)
	at jsy.student.Lab1$.repeat(Lab1.scala:71)
	at jsy.student.Lab1$.repeat(Lab1.scala:71)
	at jsy.student.Lab1$.repeat(Lab1.scala:71)
	at jsy.student.Lab1$.repeat(Lab1.scala:71)
	at jsy.student.Lab1$.repeat(Lab1.scala:71)
	at jsy.student.Lab1$.repeat(Lab1.scala:71)
	at jsy.student.Lab1$.repeat(Lab1.scala:71)
	at jsy.student.Lab1$.repeat(Lab1.scala:71)
	at jsy.student.Lab1$.repeat(Lab1.scala:71)
	at jsy.student.Lab1$.repeat(Lab1.scala:71)
	at jsy.student.Lab1$.repeat(Lab1.scala:71)
	at jsy.student.Lab1$.repeat(Lab1.scala:71)
	at jsy.student.Lab1$.repeat(Lab1.scala:71)
	at jsy.student.Lab1$.repeat(Lab1.scala:71)
	at jsy.student.Lab1$.repeat(Lab1.scala:71)
	at jsy.student.Lab1$.repeat(Lab1.scala:71)
	at jsy.student.Lab1$.repeat(Lab1.scala:71)
	at jsy.student.Lab1$.repeat(Lab1.scala:71)
	at jsy.student.Lab1$.repeat(Lab1.scala:71)
	at jsy.student.Lab1$.repeat(Lab1.scala:71)
	at jsy.student.Lab1$.repeat(Lab1.scala:71)
	at jsy.student.Lab1$.repeat(Lab1.scala:71)
	at jsy.student.Lab1$.repeat(Lab1.scala:71)
	at jsy.student.Lab1$.repeat(Lab1.scala:71)
	at jsy.student.Lab1$.repeat(Lab1.scala:71)
	at jsy.student.Lab1$.repeat(Lab1.scala:71)
	at jsy.student.Lab1$.repeat(Lab1.scala:71)
	at jsy.student.Lab1$.repeat(Lab1.scala:71)
	at jsy.student.Lab1$.repeat(Lab1.scala:71)
	at jsy.student.Lab1$.repeat(Lab1.scala:71)
	at jsy.student.Lab1$.repeat(Lab1.scala:71)
	at jsy.student.Lab1$.repeat(Lab1.scala:71)
	at jsy.student.Lab1$.repeat(Lab1.scala:71)
	at jsy.student.Lab1$.repeat(Lab1.scala:71)
	at jsy.student.Lab1$.repeat(Lab1.scala:71)
	at jsy.student.Lab1$.repeat(Lab1.scala:71)
	at jsy.student.Lab1$.repeat(Lab1.scala:71)
	at jsy.student.Lab1$.repeat(Lab1.scala:71)
	at jsy.student.Lab1$.repeat(Lab1.scala:71)
	at jsy.student.Lab1$.repeat(Lab1.scala:71)
	at jsy.student.Lab1$.repeat(Lab1.scala:71)
	at jsy.student.Lab1$.repeat(Lab1.scala:71)
	at jsy.student.Lab1$.repeat(Lab1.scala:71)
	at jsy.student.Lab1$.repeat(Lab1.scala:71)
	at jsy.student.Lab1$.repeat(Lab1.scala:71)
	at jsy.student.Lab1$.repeat(Lab1.scala:71)
	at jsy.student.Lab1$.repeat(Lab1.scala:71)
	at jsy.student.Lab1$.repeat(Lab1.scala:71)
	at jsy.student.Lab1$.repeat(Lab1.scala:71)
	at jsy.student.Lab1$.repeat(Lab1.scala:71)
	at jsy.student.Lab1$.repeat(Lab1.scala:71)
	at jsy.student.Lab1$.repeat(Lab1.scala:71)
	at jsy.student.Lab1$.repeat(Lab1.scala:71)
	at jsy.student.Lab1$.repeat(Lab1.scala:71)
	at jsy.student.Lab1$.repeat(Lab1.scala:71)
	at jsy.student.Lab1$.repeat(Lab1.scala:71)
	at jsy.student.Lab1$.repeat(Lab1.scala:71)
	at jsy.student.Lab1$.repeat(Lab1.scala:71)
	at jsy.student.Lab1$.repeat(Lab1.scala:71)
	at jsy.student.Lab1$.repeat(Lab1.scala:71)
	at jsy.student.Lab1$.repeat(Lab1.scala:71)
	at jsy.student.Lab1$.repeat(Lab1.scala:71)
	at jsy.student.Lab1$.repeat(Lab1.scala:71)
	at jsy.student.Lab1$.repeat(Lab1.scala:71)
	at jsy.student.Lab1$.repeat(Lab1.scala:71)
	at jsy.student.Lab1$.repeat(Lab1.scala:71)
	at jsy.student.Lab1$.repeat(Lab1.scala:71)
	at jsy.student.Lab1$.repeat(Lab1.scala:71)
	at jsy.student.Lab1$.repeat(Lab1.scala:71)
	at jsy.student.Lab1$.repeat(Lab1.scala:71)
	at jsy.student.Lab1$.repeat(Lab1.scala:71)
	at jsy.student.Lab1$.repeat(Lab1.scala:71)
	at jsy.student.Lab1$.repeat(Lab1.scala:71)
	at jsy.student.Lab1$.repeat(Lab1.scala:71)
	at jsy.student.Lab1$.repeat(Lab1.scala:71)
	at jsy.student.Lab1$.repeat(Lab1.scala:71)
	at jsy.student.Lab1$.repeat(Lab1.scala:71)
	at jsy.student.Lab1$.repeat(Lab1.scala:71)
	at jsy.student.Lab1$.repeat(Lab1.scala:71)
	at jsy.student.Lab1$.repeat(Lab1.scala:71)
	at jsy.student.Lab1$.repeat(Lab1.scala:71)
	at jsy.student.Lab1$.repeat(Lab1.scala:71)
	at jsy.student.Lab1$.repeat(Lab1.scala:71)
	at jsy.student.Lab1$.repeat(Lab1.scala:71)
	at jsy.student.Lab1$.repeat(Lab1.scala:71)
	at jsy.student.Lab1$.repeat(Lab1.scala:71)
	at jsy.student.Lab1$.repeat(Lab1.scala:71)
	at jsy.student.Lab1$.repeat(Lab1.scala:71)
	at jsy.student.Lab1$.repeat(Lab1.scala:71)
	at jsy.student.Lab1$.repeat(Lab1.scala:71)
	at jsy.student.Lab1$.repeat(Lab1.scala:71)
	at jsy.student.Lab1$.repeat(Lab1.scala:71)
	at jsy.student.Lab1$.repeat(Lab1.scala:71)
	at jsy.student.Lab1$.repeat(Lab1.scala:71)
	at jsy.student.Lab1$.repeat(Lab1.scala:71)
	at jsy.student.Lab1$.repeat(Lab1.scala:71)
	at jsy.student.Lab1$.repeat(Lab1.scala:71)
	at jsy.student.Lab1$.repeat(Lab1.scala:71)
	at jsy.student.Lab1$.repeat(Lab1.scala:71)
	at jsy.student.Lab1$.repeat(Lab1.scala:71)
	at jsy.student.Lab1$.repeat(Lab1.scala:71)
	at jsy.student.Lab1$.repeat(Lab1.scala:71)
	at jsy.student.Lab1$.repeat(Lab1.scala:71)
	at jsy.student.Lab1$.repeat(Lab1.scala:71)
	at jsy.student.Lab1$.repeat(Lab1.scala:71)
	at jsy.student.Lab1$.repeat(Lab1.scala:71)
	at jsy.student.Lab1$.repeat(Lab1.scala:71)
	at jsy.student.Lab1$.repeat(Lab1.scala:71)
	at jsy.student.Lab1$.repeat(Lab1.scala:71)
	at jsy.student.Lab1$.repeat(Lab1.scala:71)
	at jsy.student.Lab1$.repeat(Lab1.scala:71)
	at jsy.student.Lab1$.repeat(Lab1.scala:71)
	at jsy.student.Lab1$.repeat(Lab1.scala:71)
	at jsy.student.Lab1$.repeat(Lab1.scala:71)
	at jsy.student.Lab1$.repeat(Lab1.scala:71)
	at jsy.student.Lab1$.repeat(Lab1.scala:71)
	at jsy.student.Lab1$.repeat(Lab1.scala:71)
	at jsy.student.Lab1$.repeat(Lab1.scala:71)
	at jsy.student.Lab1$.repeat(Lab1.scala:71)
	at jsy.student.Lab1$.repeat(Lab1.scala:71)
	at jsy.student.Lab1$.repeat(Lab1.scala:71)
	at jsy.student.Lab1$.repeat(Lab1.scala:71)
	at jsy.student.Lab1$.repeat(Lab1.scala:71)
	at jsy.student.Lab1$.repeat(Lab1.scala:71)
	at jsy.student.Lab1$.repeat(Lab1.scala:71)
	at jsy.student.Lab1$.repeat(Lab1.scala:71)
	at jsy.student.Lab1$.repeat(Lab1.scala:71)
	at jsy.student.Lab1$.repeat(Lab1.scala:71)
	at jsy.student.Lab1$.repeat(Lab1.scala:71)
	at jsy.student.Lab1$.repeat(Lab1.scala:71)
	at jsy.student.Lab1$.repeat(Lab1.scala:71)
	at jsy.student.Lab1$.repeat(Lab1.scala:71)
	at jsy.student.Lab1$.repeat(Lab1.scala:71)
	at jsy.student.Lab1$.repeat(Lab1.scala:71)
	at jsy.student.Lab1$.repeat(Lab1.scala:71)
	at jsy.student.Lab1$.repeat(Lab1.scala:71)
	at jsy.student.Lab1$.repeat(Lab1.scala:71)
	at jsy.student.Lab1$.repeat(Lab1.scala:71)
	at jsy.student.Lab1$.repeat(Lab1.scala:71)
	at jsy.student.Lab1$.repeat(Lab1.scala:71)
	at jsy.student.Lab1$.repeat(Lab1.scala:71)
	at jsy.student.Lab1$.repeat(Lab1.scala:71)
	at jsy.student.Lab1$.repeat(Lab1.scala:71)
	at jsy.student.Lab1$.repeat(Lab1.scala:71)
	at jsy.student.Lab1$.repeat(Lab1.scala:71)
	at jsy.student.Lab1$.repeat(Lab1.scala:71)
	at jsy.student.Lab1$.repeat(Lab1.scala:71)
	at jsy.student.Lab1$.repeat(Lab1.scala:71)
	at jsy.student.Lab1$.repeat(Lab1.scala:71)
	at jsy.student.Lab1$.repeat(Lab1.scala:71)
	at jsy.student.Lab1$.repeat(Lab1.scala:71)
	at jsy.student.Lab1$.repeat(Lab1.scala:71)
	at jsy.student.Lab1$.repeat(Lab1.scala:71)
	at jsy.student.Lab1$.repeat(Lab1.scala:71)
	at jsy.student.Lab1$.repeat(Lab1.scala:71)
	at jsy.student.Lab1$.repeat(Lab1.scala:71)
	at jsy.student.Lab1$.repeat(Lab1.scala:71)
	at jsy.student.Lab1$.repeat(Lab1.scala:71)
	at jsy.student.Lab1$.repeat(Lab1.scala:71)
	at jsy.student.Lab1$.repeat(Lab1.scala:71)
	at jsy.student.Lab1$.repeat(Lab1.scala:71)
	at jsy.student.Lab1$.repeat(Lab1.scala:71)
	at jsy.student.Lab1$.repeat(Lab1.scala:71)
	at jsy.student.Lab1$.repeat(Lab1.scala:71)
	at jsy.student.Lab1$.repeat(Lab1.scala:71)
	at jsy.student.Lab1$.repeat(Lab1.scala:71)
	at jsy.student.Lab1$.repeat(Lab1.scala:71)
	at jsy.student.Lab1$.repeat(Lab1.scala:71)
	at jsy.student.Lab1$.repeat(Lab1.scala:71)
	at jsy.student.Lab1$.repeat(Lab1.scala:71)
	at jsy.student.Lab1$.repeat(Lab1.scala:71)
	at jsy.student.Lab1$.repeat(Lab1.scala:71)
	at jsy.student.Lab1$.repeat(Lab1.scala:71)
	at jsy.student.Lab1$.repeat(Lab1.scala:71)
	at jsy.student.Lab1$.repeat(Lab1.scala:71)
	at jsy.student.Lab1$.repeat(Lab1.scala:71)
	at jsy.student.Lab1$.repeat(Lab1.scala:71)
	at jsy.student.Lab1$.repeat(Lab1.scala:71)
	at jsy.student.Lab1$.repeat(Lab1.scala:71)
	at jsy.student.Lab1$.repeat(Lab1.scala:71)
	at jsy.student.Lab1$.repeat(Lab1.scala:71)
	at jsy.student.Lab1$.repeat(Lab1.scala:71)
	at jsy.student.Lab1$.repeat(Lab1.scala:71)
	at jsy.student.Lab1$.repeat(Lab1.scala:71)
	at jsy.student.Lab1$.repeat(Lab1.scala:71)
	at jsy.student.Lab1$.repeat(Lab1.scala:71)
	at jsy.student.Lab1$.repeat(Lab1.scala:71)
	at jsy.student.Lab1$.repeat(Lab1.scala:71)
	at jsy.student.Lab1$.repeat(Lab1.scala:71)
	at jsy.student.Lab1$.repeat(Lab1.scala:71)
	at jsy.student.Lab1$.repeat(Lab1.scala:71)
	at jsy.student.Lab1$.repeat(Lab1.scala:71)
	at jsy.student.Lab1$.repeat(Lab1.scala:71)
	at jsy.student.Lab1$.repeat(Lab1.scala:71)
	at jsy.student.Lab1$.repeat(Lab1.scala:71)
	at jsy.student.Lab1$.repeat(Lab1.scala:71)
	at jsy.student.Lab1$.repeat(Lab1.scala:71)
	at jsy.student.Lab1$.repeat(Lab1.scala:71)
	at jsy.student.Lab1$.repeat(Lab1.scala:71)
	at jsy.student.Lab1$.repeat(Lab1.scala:71)
	at jsy.student.Lab1$.repeat(Lab1.scala:71)
	at jsy.student.Lab1$.repeat(Lab1.scala:71)
	at jsy.student.Lab1$.repeat(Lab1.scala:71)
	at jsy.student.Lab1$.repeat(Lab1.scala:71)
	at jsy.student.Lab1$.repeat(Lab1.scala:71)
	at jsy.student.Lab1$.repeat(Lab1.scala:71)
	at jsy.student.Lab1$.repeat(Lab1.scala:71)
	at jsy.student.Lab1$.repeat(Lab1.scala:71)
	at jsy.student.Lab1$.repeat(Lab1.scala:71)
	at jsy.student.Lab1$.repeat(Lab1.scala:71)
	at jsy.student.Lab1$.repeat(Lab1.scala:71)
	at jsy.student.Lab1$.repeat(Lab1.scala:71)
	at jsy.student.Lab1$.repeat(Lab1.scala:71)
	at jsy.student.Lab1$.repeat(Lab1.scala:71)
	at jsy.student.Lab1$.repeat(Lab1.scala:71)
	at jsy.student.Lab1$.repeat(Lab1.scala:71)
	at jsy.student.Lab1$.repeat(Lab1.scala:71)
	at jsy.student.Lab1$.repeat(Lab1.scala:71)
	at jsy.student.Lab1$.repeat(Lab1.scala:71)
	at jsy.student.Lab1$.repeat(Lab1.scala:71)
	at jsy.student.Lab1$.repeat(Lab1.scala:71)
	at jsy.student.Lab1$.repeat(Lab1.scala:71)
	at jsy.student.Lab1$.repeat(Lab1.scala:71)
	at jsy.student.Lab1$.repeat(Lab1.scala:71)
	at jsy.student.Lab1$.repeat(Lab1.scala:71)
	at jsy.student.Lab1$.repeat(Lab1.scala:71)
	at jsy.student.Lab1$.repeat(Lab1.scala:71)
	at jsy.student.Lab1$.repeat(Lab1.scala:71)
	at jsy.student.Lab1$.repeat(Lab1.scala:71)
	at jsy.student.Lab1$.repeat(Lab1.scala:71)
	at jsy.student.Lab1$.repeat(Lab1.scala:71)
	at jsy.student.Lab1$.repeat(Lab1.scala:71)
	at jsy.student.Lab1$.repeat(Lab1.scala:71)
	at jsy.student.Lab1$.repeat(Lab1.scala:71)
	at jsy.student.Lab1$.repeat(Lab1.scala:71)
	at jsy.student.Lab1$.repeat(Lab1.scala:71)
	at jsy.student.Lab1$.repeat(Lab1.scala:71)
	at jsy.student.Lab1$.repeat(Lab1.scala:71)
	at jsy.student.Lab1$.repeat(Lab1.scala:71)
	at jsy.student.Lab1$.repeat(Lab1.scala:71)
	at jsy.student.Lab1$.repeat(Lab1.scala:71)
	at jsy.student.Lab1$.repeat(Lab1.scala:71)
	at jsy.student.Lab1$.repeat(Lab1.scala:71)
	at jsy.student.Lab1$.repeat(Lab1.scala:71)
	at jsy.student.Lab1$.repeat(Lab1.scala:71)
	at jsy.student.Lab1$.repeat(Lab1.scala:71)
	at jsy.student.Lab1$.repeat(Lab1.scala:71)
	at jsy.student.Lab1$.repeat(Lab1.scala:71)
	at jsy.student.Lab1$.repeat(Lab1.scala:71)
	at jsy.student.Lab1$.repeat(Lab1.scala:71)
	at jsy.student.Lab1$.repeat(Lab1.scala:71)
	at jsy.student.Lab1$.repeat(Lab1.scala:71)
	at jsy.student.Lab1$.repeat(Lab1.scala:71)
	at jsy.student.Lab1$.repeat(Lab1.scala:71)
	at jsy.student.Lab1$.repeat(Lab1.scala:71)
	at jsy.student.Lab1$.repeat(Lab1.scala:71)
	at jsy.student.Lab1$.repeat(Lab1.scala:71)
	at jsy.student.Lab1$.repeat(Lab1.scala:71)
	at jsy.student.Lab1$.repeat(Lab1.scala:71)
	at jsy.student.Lab1$.repeat(Lab1.scala:71)
	at jsy.student.Lab1$.repeat(Lab1.scala:71)
	at jsy.student.Lab1$.repeat(Lab1.scala:71)
	at jsy.student.Lab1$.repeat(Lab1.scala:71)
	at jsy.student.Lab1$.repeat(Lab1.scala:71)
	at jsy.student.Lab1$.repeat(Lab1.scala:71)
	at jsy.student.Lab1$.repeat(Lab1.scala:71)
	at jsy.student.Lab1$.repeat(Lab1.scala:71)
	at jsy.student.Lab1$.repeat(Lab1.scala:71)
	at jsy.student.Lab1$.repeat(Lab1.scala:71)
	at jsy.student.Lab1$.repeat(Lab1.scala:71)
	at jsy.student.Lab1$.repeat(Lab1.scala:71)
	at jsy.student.Lab1$.repeat(Lab1.scala:71)
	at jsy.student.Lab1$.repeat(Lab1.scala:71)
	at jsy.student.Lab1$.repeat(Lab1.scala:71)
	at jsy.student.Lab1$.repeat(Lab1.scala:71)
	at jsy.student.Lab1$.repeat(Lab1.scala:71)
	at jsy.student.Lab1$.repeat(Lab1.scala:71)
	at jsy.student.Lab1$.repeat(Lab1.scala:71)
	at jsy.student.Lab1$.repeat(Lab1.scala:71)
	at jsy.student.Lab1$.repeat(Lab1.scala:71)
	at jsy.student.Lab1$.repeat(Lab1.scala:71)
	at jsy.student.Lab1$.repeat(Lab1.scala:71)
	at jsy.student.Lab1$.repeat(Lab1.scala:71)
	at jsy.student.Lab1$.repeat(Lab1.scala:71)
	at jsy.student.Lab1$.repeat(Lab1.scala:71)
	at jsy.student.Lab1$.repeat(Lab1.scala:71)
	at jsy.student.Lab1$.repeat(Lab1.scala:71)
	at jsy.student.Lab1$.repeat(Lab1.scala:71)
	at jsy.student.Lab1$.repeat(Lab1.scala:71)
	at jsy.student.Lab1$.repeat(Lab1.scala:71)
	at jsy.student.Lab1$.repeat(Lab1.scala:71)
	at jsy.student.Lab1$.repeat(Lab1.scala:71)
	at jsy.student.Lab1$.repeat(Lab1.scala:71)
	at jsy.student.Lab1$.repeat(Lab1.scala:71)
	at jsy.student.Lab1$.repeat(Lab1.scala:71)
	at jsy.student.Lab1$.repeat(Lab1.scala:71)
	at jsy.student.Lab1$.repeat(Lab1.scala:71)
	at jsy.student.Lab1$.repeat(Lab1.scala:71)
	at jsy.student.Lab1$.repeat(Lab1.scala:71)
	at jsy.student.Lab1$.repeat(Lab1.scala:71)
	at jsy.student.Lab1$.repeat(Lab1.scala:71)
	at jsy.student.Lab1$.repeat(Lab1.scala:71)
	at jsy.student.Lab1$.repeat(Lab1.scala:71)
	at jsy.student.Lab1$.repeat(Lab1.scala:71)
	at jsy.student.Lab1$.repeat(Lab1.scala:71)
	at jsy.student.Lab1$.repeat(Lab1.scala:71)
	at jsy.student.Lab1$.repeat(Lab1.scala:71)
	at jsy.student.Lab1$.repeat(Lab1.scala:71)
	at jsy.student.Lab1$.repeat(Lab1.scala:71)
	at jsy.student.Lab1$.repeat(Lab1.scala:71)
	at jsy.student.Lab1$.repeat(Lab1.scala:71)
	at jsy.student.Lab1$.repeat(Lab1.scala:71)
	at jsy.student.Lab1$.repeat(Lab1.scala:71)
	at jsy.student.Lab1$.repeat(Lab1.scala:71)
	at jsy.student.Lab1$.repeat(Lab1.scala:71)
	at jsy.student.Lab1$.repeat(Lab1.scala:71)
	at jsy.student.Lab1$.repeat(Lab1.scala:71)
	at jsy.student.Lab1$.repeat(Lab1.scala:71)
	at jsy.student.Lab1$.repeat(Lab1.scala:71)
	at jsy.student.Lab1$.repeat(Lab1.scala:71)
	at jsy.student.Lab1$.repeat(Lab1.scala:71)
	at jsy.student.Lab1$.repeat(Lab1.scala:71)
	at jsy.student.Lab1$.repeat(Lab1.scala:71)
	at jsy.student.Lab1$.repeat(Lab1.scala:71)
	at jsy.student.Lab1$.repeat(Lab1.scala:71)
	at jsy.student.Lab1$.repeat(Lab1.scala:71)
	at jsy.student.Lab1$.repeat(Lab1.scala:71)
	at jsy.student.Lab1$.repeat(Lab1.scala:71)
	at jsy.student.Lab1$.repeat(Lab1.scala:71)
	at jsy.student.Lab1$.repeat(Lab1.scala:71)
	at jsy.student.Lab1$.repeat(Lab1.scala:71)
	at jsy.student.Lab1$.repeat(Lab1.scala:71)
	at jsy.student.Lab1$.repeat(Lab1.scala:71)
	at jsy.student.Lab1$.repeat(Lab1.scala:71)
	at jsy.student.Lab1$.repeat(Lab1.scala:71)
	at jsy.student.Lab1$.repeat(Lab1.scala:71)
	at jsy.student.Lab1$.repeat(Lab1.scala:71)
	at jsy.student.Lab1$.repeat(Lab1.scala:71)
	at jsy.student.Lab1$.repeat(Lab1.scala:71)
	at jsy.student.Lab1$.repeat(Lab1.scala:71)
	at jsy.student.Lab1$.repeat(Lab1.scala:71)
	at jsy.student.Lab1$.repeat(Lab1.scala:71)
	at jsy.student.Lab1$.repeat(Lab1.scala:71)
	at jsy.student.Lab1$.repeat(Lab1.scala:71)
	at jsy.student.Lab1$.repeat(Lab1.scala:71)
	at jsy.student.Lab1$.repeat(Lab1.scala:71)
	at jsy.student.Lab1$.repeat(Lab1.scala:71)
	at jsy.student.Lab1$.repeat(Lab1.scala:71)
	at jsy.student.Lab1$.repeat(Lab1.scala:71)
	at jsy.student.Lab1$.repeat(Lab1.scala:71)
	at jsy.student.Lab1$.repeat(Lab1.scala:71)
	at jsy.student.Lab1$.repeat(Lab1.scala:71)
	at jsy.student.Lab1$.repeat(Lab1.scala:71)
	at jsy.student.Lab1$.repeat(Lab1.scala:71)
	at jsy.student.Lab1$.repeat(Lab1.scala:71)
	at jsy.student.Lab1$.repeat(Lab1.scala:71)
	at jsy.student.Lab1$.repeat(Lab1.scala:71)
	at jsy.student.Lab1$.repeat(Lab1.scala:71)
	at jsy.student.Lab1$.repeat(Lab1.scala:71)
	at jsy.student.Lab1$.repeat(Lab1.scala:71)
	at jsy.student.Lab1$.repeat(Lab1.scala:71)
	at jsy.student.Lab1$.repeat(Lab1.scala:71)
	at jsy.student.Lab1$.repeat(Lab1.scala:71)
	at jsy.student.Lab1$.repeat(Lab1.scala:71)
	at jsy.student.Lab1$.repeat(Lab1.scala:71)
	at jsy.student.Lab1$.repeat(Lab1.scala:71)
	at jsy.student.Lab1$.repeat(Lab1.scala:71)
	at jsy.student.Lab1$.repeat(Lab1.scala:71)
	at jsy.student.Lab1$.repeat(Lab1.scala:71)
	at jsy.student.Lab1$.repeat(Lab1.scala:71)
	at jsy.student.Lab1$.repeat(Lab1.scala:71)
	at jsy.student.Lab1$.repeat(Lab1.scala:71)
	at jsy.student.Lab1$.repeat(Lab1.scala:71)
	at jsy.student.Lab1$.repeat(Lab1.scala:71)
	at jsy.student.Lab1$.repeat(Lab1.scala:71)
	at jsy.student.Lab1$.repeat(Lab1.scala:71)
	at jsy.student.Lab1$.repeat(Lab1.scala:71)
	at jsy.student.Lab1$.repeat(Lab1.scala:71)
	at jsy.student.Lab1$.repeat(Lab1.scala:71)
	at jsy.student.Lab1$.repeat(Lab1.scala:71)
	at jsy.student.Lab1$.repeat(Lab1.scala:71)
	at jsy.student.Lab1$.repeat(Lab1.scala:71)
	at jsy.student.Lab1$.repeat(Lab1.scala:71)
	at jsy.student.Lab1$.repeat(Lab1.scala:71)
	at jsy.student.Lab1$.repeat(Lab1.scala:71)
	at jsy.student.Lab1$.repeat(Lab1.scala:71)
	at jsy.student.Lab1$.repeat(Lab1.scala:71)
	at jsy.student.Lab1$.repeat(Lab1.scala:71)
	at jsy.student.Lab1$.repeat(Lab1.scala:71)
	at jsy.student.Lab1$.repeat(Lab1.scala:71)
	at jsy.student.Lab1$.repeat(Lab1.scala:71)
	at jsy.student.Lab1$.repeat(Lab1.scala:71)
	at jsy.student.Lab1$.repeat(Lab1.scala:71)
	at jsy.student.Lab1$.repeat(Lab1.scala:71)
	at jsy.student.Lab1$.repeat(Lab1.scala:71)
	at jsy.student.Lab1$.repeat(Lab1.scala:71)
	at jsy.student.Lab1$.repeat(Lab1.scala:71)
	at jsy.student.Lab1$.repeat(Lab1.scala:71)
	at jsy.student.Lab1$.repeat(Lab1.scala:71)
	at jsy.student.Lab1$.repeat(Lab1.scala:71)
	at jsy.student.Lab1$.repeat(Lab1.scala:71)
	at jsy.student.Lab1$.repeat(Lab1.scala:71)
	at jsy.student.Lab1$.repeat(Lab1.scala:71)
	at jsy.student.Lab1$.repeat(Lab1.scala:71)
	at jsy.student.Lab1$.repeat(Lab1.scala:71)
	at jsy.student.Lab1$.repeat(Lab1.scala:71)
	at jsy.student.Lab1$.repeat(Lab1.scala:71)
	at jsy.student.Lab1$.repeat(Lab1.scala:71)
	at jsy.student.Lab1$.repeat(Lab1.scala:71)
	at jsy.student.Lab1$.repeat(Lab1.scala:71)
	at jsy.student.Lab1$.repeat(Lab1.scala:71)
	at jsy.student.Lab1$.repeat(Lab1.scala:71)
	at jsy.student.Lab1$.repeat(Lab1.scala:71)
	at jsy.student.Lab1$.repeat(Lab1.scala:71)
	at jsy.student.Lab1$.repeat(Lab1.scala:71)
	at jsy.student.Lab1$.repeat(Lab1.scala:71)
	at jsy.student.Lab1$.repeat(Lab1.scala:71)
	at jsy.student.Lab1$.repeat(Lab1.scala:71)
	at jsy.student.Lab1$.repeat(Lab1.scala:71)
	at jsy.student.Lab1$.repeat(Lab1.scala:71)
	at jsy.student.Lab1$.repeat(Lab1.scala:71)
	at jsy.student.Lab1$.repeat(Lab1.scala:71)
	at jsy.student.Lab1$.repeat(Lab1.scala:71)
	at jsy.student.Lab1$.repeat(Lab1.scala:71)
	at jsy.student.Lab1$.repeat(Lab1.scala:71)
	at jsy.student.Lab1$.repeat(Lab1.scala:71)
	at jsy.student.Lab1$.repeat(Lab1.scala:71)
	at jsy.student.Lab1$.repeat(Lab1.scala:71)
	at jsy.student.Lab1$.repeat(Lab1.scala:71)
	at jsy.student.Lab1$.repeat(Lab1.scala:71)
	at jsy.student.Lab1$.repeat(Lab1.scala:71)
	at jsy.student.Lab1$.repeat(Lab1.scala:71)
	at jsy.student.Lab1$.repeat(Lab1.scala:71)
	at jsy.student.Lab1$.repeat(Lab1.scala:71)
	at jsy.student.Lab1$.repeat(Lab1.scala:71)
	at jsy.student.Lab1$.repeat(Lab1.scala:71)
	at jsy.student.Lab1$.repeat(Lab1.scala:71)
	at jsy.student.Lab1$.repeat(Lab1.scala:71)
	at jsy.student.Lab1$.repeat(Lab1.scala:71)
	at jsy.student.Lab1$.repeat(Lab1.scala:71)
	at jsy.student.Lab1$.repeat(Lab1.scala:71)
	at jsy.student.Lab1$.repeat(Lab1.scala:71)
	at jsy.student.Lab1$.repeat(Lab1.scala:71)
	at jsy.student.Lab1$.repeat(Lab1.scala:71)
	at jsy.student.Lab1$.repeat(Lab1.scala:71)
	at jsy.student.Lab1$.repeat(Lab1.scala:71)
	at jsy.student.Lab1$.repeat(Lab1.scala:71)
	at jsy.student.Lab1$.repeat(Lab1.scala:71)
	at jsy.student.Lab1$.repeat(Lab1.scala:71)
	at jsy.student.Lab1$.repeat(Lab1.scala:71)
	at jsy.student.Lab1$.repeat(Lab1.scala:71)
	at jsy.student.Lab1$.repeat(Lab1.scala:71)
	at jsy.student.Lab1$.repeat(Lab1.scala:71)
	at jsy.student.Lab1$.repeat(Lab1.scala:71)
	at jsy.student.Lab1$.repeat(Lab1.scala:71)
	at jsy.student.Lab1$.repeat(Lab1.scala:71)
	at jsy.student.Lab1$.repeat(Lab1.scala:71)
	at jsy.student.Lab1$.repeat(Lab1.scala:71)
	at jsy.student.Lab1$.repeat(Lab1.scala:71)
	at jsy.student.Lab1$.repeat(Lab1.scala:71)
	at jsy.student.Lab1$.repeat(Lab1.scala:71)
	at jsy.student.Lab1$.repeat(Lab1.scala:71)
	at jsy.student.Lab1$.repeat(Lab1.scala:71)
	at jsy.student.Lab1$.repeat(Lab1.scala:71)
	at jsy.student.Lab1$.repeat(Lab1.scala:71)
	at jsy.student.Lab1$.repeat(Lab1.scala:71)
	at jsy.student.Lab1$.repeat(Lab1.scala:71)
	at jsy.student.Lab1$.repeat(Lab1.scala:71)
	at jsy.student.Lab1$.repeat(Lab1.scala:71)
	at jsy.student.Lab1$.repeat(Lab1.scala:71)
	at jsy.student.Lab1$.repeat(Lab1.scala:71)
	at jsy.student.Lab1$.repeat(Lab1.scala:71)
	at jsy.student.Lab1$.repeat(Lab1.scala:71)
	at jsy.student.Lab1$.repeat(Lab1.scala:71)
	at jsy.student.Lab1$.repeat(Lab1.scala:71)
	at jsy.student.Lab1$.repeat(Lab1.scala:71)
	at jsy.student.Lab1$.repeat(Lab1.scala:71)
	at jsy.student.Lab1$.repeat(Lab1.scala:71)
	at jsy.student.Lab1$.repeat(Lab1.scala:71)
	at jsy.student.Lab1$.repeat(Lab1.scala:71)
	at jsy.student.Lab1$.repeat(Lab1.scala:71)
	at jsy.student.Lab1$.repeat(Lab1.scala:71)
	at jsy.student.Lab1$.repeat(Lab1.scala:71)
	at jsy.student.Lab1$.repeat(Lab1.scala:71)
	at jsy.student.Lab1$.repeat(Lab1.scala:71)
	at jsy.student.Lab1$.repeat(Lab1.scala:71)
	at jsy.student.Lab1$.repeat(Lab1.scala:71)
	at jsy.student.Lab1$.repeat(Lab1.scala:71)
	at jsy.student.Lab1$.repeat(Lab1.scala:71)
	at jsy.student.Lab1$.repeat(Lab1.scala:71)
	at jsy.student.Lab1$.repeat(Lab1.scala:71)
	at jsy.student.Lab1$.repeat(Lab1.scala:71)
	at jsy.student.Lab1$.repeat(Lab1.scala:71)
	at jsy.student.Lab1$.repeat(Lab1.scala:71)
	at jsy.student.Lab1$.repeat(Lab1.scala:71)
	at jsy.student.Lab1$.repeat(Lab1.scala:71)
	at jsy.student.Lab1$.repeat(Lab1.scala:71)
	at jsy.student.Lab1$.repeat(Lab1.scala:71)
	at jsy.student.Lab1$.repeat(Lab1.scala:71)
	at jsy.student.Lab1$.repeat(Lab1.scala:71)
	at jsy.student.Lab1$.repeat(Lab1.scala:71)
	at jsy.student.Lab1$.repeat(Lab1.scala:71)
	at jsy.student.Lab1$.repeat(Lab1.scala:71)
	at jsy.student.Lab1$.repeat(Lab1.scala:71)
	at jsy.student.Lab1$.repeat(Lab1.scala:71)
	at jsy.student.Lab1$.repeat(Lab1.scala:71)
	at jsy.student.Lab1$.repeat(Lab1.scala:71)
	at jsy.student.Lab1$.repeat(Lab1.scala:71)
	at jsy.student.Lab1$.repeat(Lab1.scala:71)
	at jsy.student.Lab1$.repeat(Lab1.scala:71)
	at jsy.student.Lab1$.repeat(Lab1.scala:71)
	at jsy.student.Lab1$.repeat(Lab1.scala:71)
	at jsy.student.Lab1$.repeat(Lab1.scala:71)
	at jsy.student.Lab1$.repeat(Lab1.scala:71)
	at jsy.student.Lab1$.repeat(Lab1.scala:71)
	at jsy.student.Lab1$.repeat(Lab1.scala:71)
	at jsy.student.Lab1$.repeat(Lab1.scala:71)
	at jsy.student.Lab1$.repeat(Lab1.scala:71)
	at jsy.student.Lab1$.repeat(Lab1.scala:71)
	at jsy.student.Lab1$.repeat(Lab1.scala:71)
	at jsy.student.Lab1$.repeat(Lab1.scala:71)
	at jsy.student.Lab1$.repeat(Lab1.scala:71)
	at jsy.student.Lab1$.repeat(Lab1.scala:71)
	at jsy.student.Lab1$.repeat(Lab1.scala:71)
	at jsy.student.Lab1$.repeat(Lab1.scala:71)
	at jsy.student.Lab1$.repeat(Lab1.scala:71)
	at jsy.student.Lab1$.repeat(Lab1.scala:71)
	at jsy.student.Lab1$.repeat(Lab1.scala:71)
	at jsy.student.Lab1$.repeat(Lab1.scala:71)
	at jsy.student.Lab1$.repeat(Lab1.scala:71)
	at jsy.student.Lab1$.repeat(Lab1.scala:71)
	at jsy.student.Lab1$.repeat(Lab1.scala:71)
	at jsy.student.Lab1$.repeat(Lab1.scala:71)
	at jsy.student.Lab1$.repeat(Lab1.scala:71)
	at jsy.student.Lab1$.repeat(Lab1.scala:71)
	at jsy.student.Lab1$.repeat(Lab1.scala:71)
	at jsy.student.Lab1$.repeat(Lab1.scala:71)
	at jsy.student.Lab1$.repeat(Lab1.scala:71)
	at jsy.student.Lab1$.repeat(Lab1.scala:71)
	at jsy.student.Lab1$.repeat(Lab1.scala:71)
	at jsy.student.Lab1$.repeat(Lab1.scala:71)
	at jsy.student.Lab1$.repeat(Lab1.scala:71)
	at jsy.student.Lab1$.repeat(Lab1.scala:71)
	at jsy.student.Lab1$.repeat(Lab1.scala:71)
	at jsy.student.Lab1$.repeat(Lab1.scala:71)
	at jsy.student.Lab1$.repeat(Lab1.scala:71)
	at jsy.student.Lab1$.repeat(Lab1.scala:71)
	at jsy.student.Lab1$.repeat(Lab1.scala:71)
	at jsy.student.Lab1$.repeat(Lab1.scala:71)
	at jsy.student.Lab1$.repeat(Lab1.scala:71)
	at jsy.student.Lab1$.repeat(Lab1.scala:71)
	at jsy.student.Lab1$.repeat(Lab1.scala:71)
	at jsy.student.Lab1$.repeat(Lab1.scala:71)
	at jsy.student.Lab1$.repeat(Lab1.scala:71)
	at jsy.student.Lab1$.repeat(Lab1.scala:71)
	at jsy.student.Lab1$.repeat(Lab1.scala:71)
	at jsy.student.Lab1$.repeat(Lab1.scala:71)
	at jsy.student.Lab1$.repeat(Lab1.scala:71)
	at jsy.student.Lab1$.repeat(Lab1.scala:71)
	at jsy.student.Lab1$.repeat(Lab1.scala:71)
	at jsy.student.Lab1$.repeat(Lab1.scala:71)
	at jsy.student.Lab1$.repeat(Lab1.scala:71)
	at jsy.student.Lab1$.repeat(Lab1.scala:71)
	at jsy.student.Lab1$.repeat(Lab1.scala:71)
	at jsy.student.Lab1$.repeat(Lab1.scala:71)
	at jsy.student.Lab1$.repeat(Lab1.scala:71)
	at jsy.student.Lab1$.repeat(Lab1.scala:71)
	at jsy.student.Lab1$.repeat(Lab1.scala:71)
	at jsy.student.Lab1$.repeat(Lab1.scala:71)
	at jsy.student.Lab1$.repeat(Lab1.scala:71)
	at jsy.student.Lab1$.repeat(Lab1.scala:71)
	at jsy.student.Lab1$.repeat(Lab1.scala:71)
	at jsy.student.Lab1$.repeat(Lab1.scala:71)
	at jsy.student.Lab1$.repeat(Lab1.scala:71)
	at jsy.student.Lab1$.repeat(Lab1.scala:71)
	at jsy.student.Lab1$.repeat(Lab1.scala:71)
	at jsy.student.Lab1$.repeat(Lab1.scala:71)
	at jsy.student.Lab1$.repeat(Lab1.scala:71)
	at jsy.student.Lab1$.repeat(Lab1.scala:71)
	at jsy.student.Lab1$.repeat(Lab1.scala:71)
	at jsy.student.Lab1$.repeat(Lab1.scala:71)
	at jsy.student.Lab1$.repeat(Lab1.scala:71)
	at jsy.student.Lab1$.repeat(Lab1.scala:71)
	at jsy.student.Lab1$.repeat(Lab1.scala:71)
	at jsy.student.Lab1$.repeat(Lab1.scala:71)
	at jsy.student.Lab1$.repeat(Lab1.scala:71)
	at jsy.student.Lab1$.repeat(Lab1.scala:71)
	at jsy.student.Lab1$.repeat(Lab1.scala:71)
	at jsy.student.Lab1$.repeat(Lab1.scala:71)
	at jsy.student.Lab1$.repeat(Lab1.scala:71)
	at jsy.student.Lab1$.repeat(Lab1.scala:71)
	at jsy.student.Lab1$.repeat(Lab1.scala:71)
	at jsy.student.Lab1$.repeat(Lab1.scala:71)
	at jsy.student.Lab1$.repeat(Lab1.scala:71)
	at jsy.student.Lab1$.repeat(Lab1.scala:71)
	at jsy.student.Lab1$.repeat(Lab1.scala:71)
	at jsy.student.Lab1$.repeat(Lab1.scala:71)
	at jsy.student.Lab1$.repeat(Lab1.scala:71)
	at jsy.student.Lab1$.repeat(Lab1.scala:71)
	at jsy.student.Lab1$.repeat(Lab1.scala:71)
	at jsy.student.Lab1$.repeat(Lab1.scala:71)
	at jsy.student.Lab1$.repeat(Lab1.scala:71)
	at jsy.student.Lab1$.repeat(Lab1.scala:71)
	at jsy.student.Lab1$.repeat(Lab1.scala:71)
	at jsy.student.Lab1$.repeat(Lab1.scala:71)
	at jsy.student.Lab1$.repeat(Lab1.scala:71)
	at jsy.student.Lab1$.repeat(Lab1.scala:71)
	at jsy.student.Lab1$.repeat(Lab1.scala:71)
	at jsy.student.Lab1$.repeat(Lab1.scala:71)
	at jsy.student.Lab1$.repeat(Lab1.scala:71)
	at jsy.student.Lab1$.repeat(Lab1.scala:71)
	at jsy.student.Lab1$.repeat(Lab1.scala:71)
	at jsy.student.Lab1$.repeat(Lab1.scala:71)
	at jsy.student.Lab1$.repeat(Lab1.scala:71)
	at jsy.student.Lab1$.repeat(Lab1.scala:71)
	at jsy.student.Lab1$.repeat(Lab1.scala:71)
	at jsy.student.Lab1$.repeat(Lab1.scala:71)
	at jsy.student.Lab1$.repeat(Lab1.scala:71)
	at jsy.student.Lab1$.repeat(Lab1.scala:71)
	at jsy.student.Lab1$.repeat(Lab1.scala:71)
	at jsy.student.Lab1$.repeat(Lab1.scala:71)
	at jsy.student.Lab1$.repeat(Lab1.scala:71)
	at jsy.student.Lab1$.repeat(Lab1.scala:71)
	at jsy.student.Lab1$.repeat(Lab1.scala:71)
	at jsy.student.Lab1$.repeat(Lab1.scala:71)
	at jsy.student.Lab1$.repeat(Lab1.scala:71)
	at jsy.student.Lab1$.repeat(Lab1.scala:71)
	at jsy.student.Lab1$.repeat(Lab1.scala:71)
	at jsy.student.Lab1$.repeat(Lab1.scala:71)
	at jsy.student.Lab1$.repeat(Lab1.scala:71)
	at jsy.student.Lab1$.repeat(Lab1.scala:71)
	at jsy.student.Lab1$.repeat(Lab1.scala:71)
	at jsy.student.Lab1$.repeat(Lab1.scala:71)
	at jsy.student.Lab1$.repeat(Lab1.scala:71)
	at jsy.student.Lab1$.repeat(Lab1.scala:71)
	at jsy.student.Lab1$.repeat(Lab1.scala:71)
	at jsy.student.Lab1$.repeat(Lab1.scala:71)
	at jsy.student.Lab1$.repeat(Lab1.scala:71)
	at jsy.student.Lab1$.repeat(Lab1.scala:71)
	at jsy.student.Lab1$.repeat(Lab1.scala:71)
	at jsy.student.Lab1$.repeat(Lab1.scala:71)
	at jsy.student.Lab1$.repeat(Lab1.scala:71)
	at jsy.student.Lab1$.repeat(Lab1.scala:71)
	at jsy.student.Lab1$.repeat(Lab1.scala:71)
	at jsy.student.Lab1$.repeat(Lab1.scala:71)
	at jsy.student.Lab1$.repeat(Lab1.scala:71)
	at jsy.student.Lab1$.repeat(Lab1.scala:71)
	at jsy.student.Lab1$.repeat(Lab1.scala:71)
	at jsy.student.Lab1$.repeat(Lab1.scala:71)
	at jsy.student.Lab1$.repeat(Lab1.scala:71)
	at jsy.student.Lab1$.repeat(Lab1.scala:71)
	at jsy.student.Lab1$.repeat(Lab1.scala:71)
	at jsy.student.Lab1$.repeat(Lab1.scala:71)
	at jsy.student.Lab1$.repeat(Lab1.scala:71)
	at jsy.student.Lab1$.repeat(Lab1.scala:71)
	at jsy.student.Lab1$.repeat(Lab1.scala:71)
	at jsy.student.Lab1$.repeat(Lab1.scala:71)
	at jsy.student.Lab1$.repeat(Lab1.scala:71)
	at jsy.student.Lab1$.repeat(Lab1.scala:71)
	at jsy.student.Lab1$.repeat(Lab1.scala:71)
	at jsy.student.Lab1$.repeat(Lab1.scala:71)
	at jsy.student.Lab1$.repeat(Lab1.scala:71)
	at jsy.student.Lab1$.repeat(Lab1.scala:71)
	at jsy.student.Lab1$.repeat(Lab1.scala:71)
	at jsy.student.Lab1$.repeat(Lab1.scala:71)
	at jsy.student.Lab1$.repeat(Lab1.scala:71)
	at jsy.student.Lab1$.repeat(Lab1.scala:71)
	at jsy.student.Lab1$.repeat(Lab1.scala:71)
	at jsy.student.Lab1$.repeat(Lab1.scala:71)
	at jsy.student.Lab1$.repeat(Lab1.scala:71)
	at jsy.student.Lab1$.repeat(Lab1.scala:71)
	at jsy.student.Lab1$.repeat(Lab1.scala:71)
	at jsy.student.Lab1$.repeat(Lab1.scala:71)
	at jsy.student.Lab1$.repeat(Lab1.scala:71)
	at jsy.student.Lab1$.repeat(Lab1.scala:71)
	at jsy.student.Lab1$.repeat(Lab1.scala:71)
	at jsy.student.Lab1$.repeat(Lab1.scala:71)
	at jsy.student.Lab1$.repeat(Lab1.scala:71)
	at jsy.student.Lab1$.repeat(Lab1.scala:71)
	at jsy.student.Lab1$.repeat(Lab1.scala:71)
	at jsy.student.Lab1$.repeat(Lab1.scala:71)
	at jsy.student.Lab1$.repeat(Lab1.scala:71)
	at jsy.student.Lab1$.repeat(Lab1.scala:71)
	at jsy.student.Lab1$.repeat(Lab1.scala:71)
	at jsy.student.Lab1$.repeat(Lab1.scala:71)
	at jsy.student.Lab1$.repeat(Lab1.scala:71)
	at jsy.student.Lab1$.repeat(Lab1.scala:71)
	at jsy.student.Lab1$.repeat(Lab1.scala:71)
	at jsy.student.Lab1$.repeat(Lab1.scala:71)
	at jsy.student.Lab1$.repeat(Lab1.scala:71)
	at jsy.student.Lab1$.repeat(Lab1.scala:71)
	at jsy.student.Lab1$.repeat(Lab1.scala:71)
	at jsy.student.Lab1$.repeat(Lab1.scala:71)
	at jsy.student.Lab1$.repeat(Lab1.scala:71)
	at jsy.student.Lab1$.repeat(Lab1.scala:71)
	at jsy.student.Lab1$.repeat(Lab1.scala:71)
	at jsy.student.Lab1$.repeat(Lab1.scala:71)
	at jsy.student.Lab1$.repeat(Lab1.scala:71)
	at jsy.student.Lab1$.repeat(Lab1.scala:71)
	at jsy.student.Lab1$.repeat(Lab1.scala:71)
	at jsy.student.Lab1$.repeat(Lab1.scala:71)
	at jsy.student.Lab1$.repeat(Lab1.scala:71)
	at jsy.student.Lab1$.repeat(Lab1.scala:71)
	at jsy.student.Lab1$.repeat(Lab1.scala:71)
	at jsy.student.Lab1$.repeat(Lab1.scala:71)
	at jsy.student.Lab1$.repeat(Lab1.scala:71)
	at jsy.student.Lab1$.repeat(Lab1.scala:71)
	at jsy.student.Lab1$.repeat(Lab1.scala:71)
	at jsy.student.Lab1$.repeat(Lab1.scala:71)
	at jsy.student.Lab1$.repeat(Lab1.scala:71)
	at jsy.student.Lab1$.repeat(Lab1.scala:71)
	at jsy.student.Lab1$.repeat(Lab1.scala:71)
	at jsy.student.Lab1$.repeat(Lab1.scala:71)
	at jsy.student.Lab1$.repeat(Lab1.scala:71)
	at jsy.student.Lab1$.repeat(Lab1.scala:71)
	at jsy.student.Lab1$.repeat(Lab1.scala:71)
	at jsy.student.Lab1$.repeat(Lab1.scala:71)
	at jsy.student.Lab1$.repeat(Lab1.scala:71)
	at jsy.student.Lab1$.repeat(Lab1.scala:71)
	at jsy.student.Lab1$.repeat(Lab1.scala:71)
	at jsy.student.Lab1$.repeat(Lab1.scala:71)
	at jsy.student.Lab1$.repeat(Lab1.scala:71)
	at jsy.student.Lab1$.repeat(Lab1.scala:71)
	at jsy.student.Lab1$.repeat(Lab1.scala:71)
	at jsy.student.Lab1$.repeat(Lab1.scala:71)
	at jsy.student.Lab1$.repeat(Lab1.scala:71)
	at jsy.student.Lab1$.repeat(Lab1.scala:71)
	at jsy.student.Lab1$.repeat(Lab1.scala:71)
	at jsy.student.Lab1$.repeat(Lab1.scala:71)
	at jsy.student.Lab1$.repeat(Lab1.scala:71)
	at jsy.student.Lab1$.repeat(Lab1.scala:71)
	at jsy.student.Lab1$.repeat(Lab1.scala:71)
	at jsy.student.Lab1$.repeat(Lab1.scala:71)
	at jsy.student.Lab1$.repeat(Lab1.scala:71)
	at jsy.student.Lab1$.repeat(Lab1.scala:71)
	at jsy.student.Lab1$.repeat(Lab1.scala:71)
	at jsy.student.Lab1$.repeat(Lab1.scala:71)
	at jsy.student.Lab1$.repeat(Lab1.scala:71)
	at jsy.student.Lab1$.repeat(Lab1.scala:71)
	at jsy.student.Lab1$.repeat(Lab1.scala:71)
	at jsy.student.Lab1$.repeat(Lab1.scala:71)
	at jsy.student.Lab1$.repeat(Lab1.scala:71)
	at jsy.student.Lab1$.repeat(Lab1.scala:71)
	at jsy.student.Lab1$.repeat(Lab1.scala:71)
	at jsy.student.Lab1$.repeat(Lab1.scala:71)
	at jsy.student.Lab1$.repeat(Lab1.scala:71)
	at jsy.student.Lab1$.repeat(Lab1.scala:71)
	at jsy.student.Lab1$.repeat(Lab1.scala:71)
	at jsy.student.Lab1$.repeat(Lab1.scala:71)
	at jsy.student.Lab1$.repeat(Lab1.scala:71)
	at jsy.student.Lab1$.repeat(Lab1.scala:71)
	at jsy.student.Lab1$.repeat(Lab1.scala:71)
	at jsy.student.Lab1$.repeat(Lab1.scala:71)
	at jsy.student.Lab1$.repeat(Lab1.scala:71)
	at jsy.student.Lab1$.repeat(Lab1.scala:71)
	at jsy.student.Lab1$.repeat(Lab1.scala:71)
	at jsy.student.Lab1$.repeat(Lab1.scala:71)
	at jsy.student.Lab1$.repeat(Lab1.scala:71)
	at jsy.student.Lab1$.repeat(Lab1.scala:71)
	at jsy.student.Lab1$.repeat(Lab1.scala:71)
	at jsy.student.Lab1$.repeat(Lab1.scala:71)
	at jsy.student.Lab1$.repeat(Lab1.scala:71)
	at jsy.student.Lab1$.repeat(Lab1.scala:71)
	at jsy.student.Lab1$.repeat(Lab1.scala:71)
	at jsy.student.Lab1$.repeat(Lab1.scala:71)
	at jsy.student.Lab1$.repeat(Lab1.scala:71)
	at jsy.student.Lab1$.repeat(Lab1.scala:71)
	at jsy.student.Lab1$.repeat(Lab1.scala:71)
	at jsy.student.Lab1$.repeat(Lab1.scala:71)
	at jsy.student.Lab1$.repeat(Lab1.scala:71)
	at jsy.student.Lab1$.repeat(Lab1.scala:71)
	at jsy.student.Lab1$.repeat(Lab1.scala:71)
	at jsy.student.Lab1$.repeat(Lab1.scala:71)
	at jsy.student.Lab1$.repeat(Lab1.scala:71)
	at jsy.student.Lab1$.repeat(Lab1.scala:71)
	at jsy.student.Lab1$.repeat(Lab1.scala:71)
	at jsy.student.Lab1$.repeat(Lab1.scala:71)
	at jsy.student.Lab1$.repeat(Lab1.scala:71)
	at jsy.student.Lab1$.repeat(Lab1.scala:71)
	at jsy.student.Lab1$.repeat(Lab1.scala:71)
	at jsy.student.Lab1$.repeat(Lab1.scala:71)
	at jsy.student.Lab1$.repeat(Lab1.scala:71)
	at jsy.student.Lab1$.repeat(Lab1.scala:71)
	at jsy.student.Lab1$.repeat(Lab1.scala:71)
	at jsy.student.Lab1$.repeat(Lab1.scala:71)
	at jsy.student.Lab1$.repeat(Lab1.scala:71)
	at jsy.student.Lab1$.repeat(Lab1.scala:71)
	at jsy.student.Lab1$.repeat(Lab1.scala:71)
	at jsy.student.Lab1$.repeat(Lab1.scala:71)
	at jsy.student.Lab1$.repeat(Lab1.scala:71)
	at jsy.student.Lab1$.repeat(Lab1.scala:71)
	at jsy.student.Lab1$.repeat(Lab1.scala:71)
	at jsy.student.Lab1$.repeat(Lab1.scala:71)
	at jsy.student.Lab1$.repeat(Lab1.scala:71)
	at jsy.student.Lab1$.repeat(Lab1.scala:71)
	at jsy.student.Lab1$.repeat(Lab1.scala:71)
	at jsy.student.Lab1$.repeat(Lab1.scala:71)
	at jsy.student.Lab1$.repeat(Lab1.scala:71)
	at jsy.student.Lab1$.repeat(Lab1.scala:71)
	at jsy.student.Lab1$.repeat(Lab1.scala:71)
	at jsy.student.Lab1$.repeat(Lab1.scala:71)
	at jsy.student.Lab1$.repeat(Lab1.scala:71)
	at jsy.student.Lab1$.repeat(Lab1.scala:71)
	at jsy.student.Lab1$.repeat(Lab1.scala:71)
	at jsy.student.Lab1$.repeat(Lab1.scala:71)
	at jsy.student.Lab1$.repeat(Lab1.scala:71)
	at jsy.student.Lab1$.repeat(Lab1.scala:71)
	at jsy.student.Lab1$.repeat(Lab1.scala:71)
	at jsy.student.Lab1$.repeat(Lab1.scala:71)
	at jsy.student.Lab1$.repeat(Lab1.scala:71)
	at jsy.student.Lab1$.repeat(Lab1.scala:71)
	at jsy.student.Lab1$.repeat(Lab1.scala:71)
	at jsy.student.Lab1$.repeat(Lab1.scala:71)
	at jsy.student.Lab1$.repeat(Lab1.scala:71)
	at jsy.student.Lab1$.repeat(Lab1.scala:71)
	at jsy.student.Lab1$.repeat(Lab1.scala:71)
	at jsy.student.Lab1$.repeat(Lab1.scala:71)
	at jsy.student.Lab1$.repeat(Lab1.scala:71)
	at jsy.student.Lab1$.repeat(Lab1.scala:71)
	at jsy.student.Lab1$.repeat(Lab1.scala:71)
	at jsy.student.Lab1$.repeat(Lab1.scala:71)
	at jsy.student.Lab1$.repeat(Lab1.scala:71)
	at jsy.student.Lab1$.repeat(Lab1.scala:71)
	at jsy.student.Lab1$.repeat(Lab1.scala:71)
	at jsy.student.Lab1$.repeat(Lab1.scala:71)
	at jsy.student.Lab1$.repeat(Lab1.scala:71)
	at jsy.student.Lab1$.repeat(Lab1.scala:71)
	at jsy.student.Lab1$.repeat(Lab1.scala:71)
	at jsy.student.Lab1$.repeat(Lab1.scala:71)
	at jsy.student.Lab1$.repeat(Lab1.scala:71)
	at jsy.student.Lab1$.repeat(Lab1.scala:71)
	at jsy.student.Lab1$.repeat(Lab1.scala:71)
	at jsy.student.Lab1$.repeat(Lab1.scala:71)
	at jsy.student.Lab1$.repeat(Lab1.scala:71)
	at jsy.student.Lab1$.repeat(Lab1.scala:71)
	at jsy.student.Lab1$.repeat(Lab1.scala:71)
	at jsy.student.Lab1$.repeat(Lab1.scala:71)
	at jsy.student.Lab1$.repeat(Lab1.scala:71)
	at jsy.student.Lab1$.repeat(Lab1.scala:71)
	at jsy.student.Lab1$.repeat(Lab1.scala:71)
	at jsy.student.Lab1$.repeat(Lab1.scala:71)
	at jsy.student.Lab1$.repeat(Lab1.scala:71)
	at jsy.student.Lab1$.repeat(Lab1.scala:71)
	at jsy.student.Lab1$.repeat(Lab1.scala:71)
	at jsy.student.Lab1$.repeat(Lab1.scala:71)
	at jsy.student.Lab1$.repeat(Lab1.scala:71)
	at jsy.student.Lab1$.repeat(Lab1.scala:71)
	at jsy.student.Lab1$.repeat(Lab1.scala:71)
	at jsy.student.Lab1$.repeat(Lab1.scala:71)
	at jsy.student.Lab1$.repeat(Lab1.scala:71)
	at jsy.student.Lab1$.repeat(Lab1.scala:71)
	at jsy.student.Lab1$.repeat(Lab1.scala:71)
	at jsy.student.Lab1$.repeat(Lab1.scala:71)
	at jsy.student.Lab1$.repeat(Lab1.scala:71)
	at jsy.student.Lab1$.repeat(Lab1.scala:71)
	at jsy.student.Lab1$.repeat(Lab1.scala:71)
	at jsy.student.Lab1$.repeat(Lab1.scala:71)
	at jsy.student.Lab1$.repeat(Lab1.scala:71)
	at jsy.student.Lab1$.repeat(Lab1.scala:71)
	at jsy.student.Lab1$.repeat(Lab1.scala:71)
	at jsy.student.Lab1$.repeat(Lab1.scala:71)
	at jsy.student.Lab1$.repeat(Lab1.scala:71)
	at jsy.student.Lab1$.repeat(Lab1.scala:71)
	at jsy.student.Lab1$.repeat(Lab1.scala:71)
	at jsy.student.Lab1$.repeat(Lab1.scala:71)
	at jsy.student.Lab1$.repeat(Lab1.scala:71)
	at jsy.student.Lab1$.repeat(Lab1.scala:71)
	at jsy.student.Lab1$.repeat(Lab1.scala:71)
	at jsy.student.Lab1$.repeat(Lab1.scala:71)
	at jsy.student.Lab1$.repeat(Lab1.scala:71)
	at jsy.student.Lab1$.repeat(Lab1.scala:71)
	at jsy.student.Lab1$.repeat(Lab1.scala:71)
	at jsy.student.Lab1$.repeat(Lab1.scala:71)
	at jsy.student.Lab1$.repeat(Lab1.scala:71)
	at jsy.student.Lab1$.repeat(Lab1.scala:71)
	at jsy.student.Lab1$.repeat(Lab1.scala:71)
	at jsy.student.Lab1$.repeat(Lab1.scala:71)
	at jsy.student.Lab1$.repeat(Lab1.scala:71)
	at jsy.student.Lab1$.repeat(Lab1.scala:71)
	at jsy.student.Lab1$.repeat(Lab1.scala:71)
	at jsy.student.Lab1$.repeat(Lab1.scala:71)
	at jsy.student.Lab1$.repeat(Lab1.scala:71)
	at jsy.student.Lab1$.repeat(Lab1.scala:71)
	at jsy.student.Lab1$.repeat(Lab1.scala:71)
	at jsy.student.Lab1$.repeat(Lab1.scala:71)
	at jsy.student.Lab1$.repeat(Lab1.scala:71)
	at jsy.student.Lab1$.repeat(Lab1.scala:71)
	at jsy.student.Lab1$.repeat(Lab1.scala:71)
	at jsy.student.Lab1$.repeat(Lab1.scala:71)
	at jsy.student.Lab1$.repeat(Lab1.scala:71)
	at jsy.student.Lab1$.repeat(Lab1.scala:71)
	at jsy.student.Lab1$.repeat(Lab1.scala:71)
	at jsy.student.Lab1$.repeat(Lab1.scala:71)
	at jsy.student.Lab1$.repeat(Lab1.scala:71)
	at jsy.student.Lab1$.repeat(Lab1.scala:71)
	at jsy.student.Lab1$.repeat(Lab1.scala:71)
	at jsy.student.Lab1$.repeat(Lab1.scala:71)
	at jsy.student.Lab1$.repeat(Lab1.scala:71)
	at jsy.student.Lab1$.repeat(Lab1.scala:71)
	at jsy.student.Lab1$.repeat(Lab1.scala:71)
	at jsy.student.Lab1$.repeat(Lab1.scala:71)
	at jsy.student.Lab1$.repeat(Lab1.scala:71)
	at jsy.student.Lab1$.repeat(Lab1.scala:71)
	at jsy.student.Lab1$.repeat(Lab1.scala:71)
	at jsy.student.Lab1$.repeat(Lab1.scala:71)
	at jsy.student.Lab1$.repeat(Lab1.scala:71)
	at jsy.student.Lab1$.repeat(Lab1.scala:71)
	at jsy.student.Lab1$.repeat(Lab1.scala:71)
	at jsy.student.Lab1$.repeat(Lab1.scala:71)
	at jsy.student.Lab1$.repeat(Lab1.scala:71)
	at jsy.student.Lab1$.repeat(Lab1.scala:71)
	at jsy.student.Lab1$.repeat(Lab1.scala:71)
	at jsy.student.Lab1$.repeat(Lab1.scala:71)
	at jsy.student.Lab1$.repeat(Lab1.scala:71)
	at jsy.student.Lab1$.repeat(Lab1.scala:71)
	at jsy.student.Lab1$.repeat(Lab1.scala:71)
	at jsy.student.Lab1$.repeat(Lab1.scala:71)
	at jsy.student.Lab1$.repeat(Lab1.scala:71)
	at jsy.student.Lab1$.repeat(Lab1.scala:71)
	at jsy.student.Lab1$.repeat(Lab1.scala:71)
	at jsy.student.Lab1$.repeat(Lab1.scala:71)
	at jsy.student.Lab1$.repeat(Lab1.scala:71)
	at jsy.student.Lab1$.repeat(Lab1.scala:71)
	at jsy.student.Lab1$.repeat(Lab1.scala:71)
	at jsy.student.Lab1$.repeat(Lab1.scala:71)
	at jsy.student.Lab1$.repeat(Lab1.scala:71)
	at jsy.student.Lab1$.repeat(Lab1.scala:71)
	at jsy.student.Lab1$.repeat(Lab1.scala:71)
	at jsy.student.Lab1$.repeat(Lab1.scala:71)
	at jsy.student.Lab1$.repeat(Lab1.scala:71)
	at jsy.student.Lab1$.repeat(Lab1.scala:71)
	at jsy.student.Lab1$.repeat(Lab1.scala:71)
	at jsy.student.Lab1$.repeat(Lab1.scala:71)
	at jsy.student.Lab1$.repeat(Lab1.scala:71)
	at jsy.student.Lab1$.repeat(Lab1.scala:71)
	at jsy.student.Lab1$.repeat(Lab1.scala:71)
	at jsy.student.Lab1$.repeat(Lab1.scala:71)
	at jsy.student.Lab1$.repeat(Lab1.scala:71)
	at jsy.student.Lab1$.repeat(Lab1.scala:71)
	at jsy.student.Lab1$.repeat(Lab1.scala:71)
	at jsy.student.Lab1$.repeat(Lab1.scala:71)
	at jsy.student.Lab1$.repeat(Lab1.scala:71)
	at jsy.student.Lab1$.repeat(Lab1.scala:71)
	at jsy.student.Lab1$.repeat(Lab1.scala:71)
	at jsy.student.Lab1$.repeat(Lab1.scala:71)
	at jsy.student.Lab1$.repeat(Lab1.scala:71)
	at jsy.student.Lab1$.repeat(Lab1.scala:71)
	at jsy.student.Lab1$.repeat(Lab1.scala:71)
	at jsy.student.Lab1$.repeat(Lab1.scala:71)
	at jsy.student.Lab1$.repeat(Lab1.scala:71)
	at jsy.student.Lab1$.repeat(Lab1.scala:71)
	at jsy.student.Lab1$.repeat(Lab1.scala:71)
	at jsy.student.Lab1$.repeat(Lab1.scala:71)
	at jsy.student.Lab1$.repeat(Lab1.scala:71)
	at jsy.student.Lab1$.repeat(Lab1.scala:71)
	at jsy.student.Lab1$.repeat(Lab1.scala:71)
	at jsy.student.Lab1$.repeat(Lab1.scala:71)
	at jsy.student.Lab1$.repeat(Lab1.scala:71)
	at jsy.student.Lab1$.repeat(Lab1.scala:71)
	at jsy.student.Lab1$.repeat(Lab1.scala:71)
	at jsy.student.Lab1$.repeat(Lab1.scala:71)
	at jsy.student.Lab1$.repeat(Lab1.scala:71)
	at jsy.student.Lab1$.repeat(Lab1.scala:71)
	at jsy.student.Lab1$.repeat(Lab1.scala:71)
	at jsy.student.Lab1$.repeat(Lab1.scala:71)
	at jsy.student.Lab1$.repeat(Lab1.scala:71)
	at jsy.student.Lab1$.repeat(Lab1.scala:71)
</failure>
                                               </testcase><testcase classname="jsy.student.Lab1Suite" name="Lab1SpecRunner.sqrtStep should evaluate to one iteration of Newton's method" time="0.0">
                                                 <failure message="an implementation is missing" type="scala.NotImplementedError">scala.NotImplementedError: an implementation is missing
	at scala.Predef$.$qmark$qmark$qmark(Predef.scala:230)
	at jsy.student.Lab1$.sqrtStep(Lab1.scala:75)
	at jsy.student.Lab1Spec$$anonfun$7.apply(Lab1Spec.scala:99)
	at jsy.student.Lab1Spec$$anonfun$7.apply(Lab1Spec.scala:98)
	at org.scalatest.OutcomeOf$class.outcomeOf(OutcomeOf.scala:85)
	at org.scalatest.OutcomeOf$.outcomeOf(OutcomeOf.scala:104)
	at org.scalatest.Transformer.apply(Transformer.scala:22)
	at org.scalatest.Transformer.apply(Transformer.scala:20)
	at org.scalatest.FlatSpecLike$$anon$1.apply(FlatSpecLike.scala:1682)
	at org.scalatest.TestSuite$class.withFixture(TestSuite.scala:196)
	at org.scalatest.FlatSpec.withFixture(FlatSpec.scala:1685)
	at org.scalatest.FlatSpecLike$class.invokeWithFixture$1(FlatSpecLike.scala:1679)
	at org.scalatest.FlatSpecLike$$anonfun$runTest$1.apply(FlatSpecLike.scala:1692)
	at org.scalatest.FlatSpecLike$$anonfun$runTest$1.apply(FlatSpecLike.scala:1692)
	at org.scalatest.SuperEngine.runTestImpl(Engine.scala:289)
	at org.scalatest.FlatSpecLike$class.runTest(FlatSpecLike.scala:1692)
	at org.scalatest.FlatSpec.runTest(FlatSpec.scala:1685)
	at org.scalatest.FlatSpecLike$$anonfun$runTests$1.apply(FlatSpecLike.scala:1750)
	at org.scalatest.FlatSpecLike$$anonfun$runTests$1.apply(FlatSpecLike.scala:1750)
	at org.scalatest.SuperEngine$$anonfun$traverseSubNodes$1$1.apply(Engine.scala:396)
	at org.scalatest.SuperEngine$$anonfun$traverseSubNodes$1$1.apply(Engine.scala:384)
	at scala.collection.immutable.List.foreach(List.scala:381)
	at org.scalatest.SuperEngine.traverseSubNodes$1(Engine.scala:384)
	at org.scalatest.SuperEngine.org$scalatest$SuperEngine$$runTestsInBranch(Engine.scala:373)
	at org.scalatest.SuperEngine$$anonfun$traverseSubNodes$1$1.apply(Engine.scala:410)
	at org.scalatest.SuperEngine$$anonfun$traverseSubNodes$1$1.apply(Engine.scala:384)
	at scala.collection.immutable.List.foreach(List.scala:381)
	at org.scalatest.SuperEngine.traverseSubNodes$1(Engine.scala:384)
	at org.scalatest.SuperEngine.org$scalatest$SuperEngine$$runTestsInBranch(Engine.scala:379)
	at org.scalatest.SuperEngine.runTestsImpl(Engine.scala:461)
	at org.scalatest.FlatSpecLike$class.runTests(FlatSpecLike.scala:1750)
	at org.scalatest.FlatSpec.runTests(FlatSpec.scala:1685)
	at org.scalatest.Suite$class.run(Suite.scala:1147)
	at org.scalatest.FlatSpec.org$scalatest$FlatSpecLike$$super$run(FlatSpec.scala:1685)
	at org.scalatest.FlatSpecLike$$anonfun$run$1.apply(FlatSpecLike.scala:1795)
	at org.scalatest.FlatSpecLike$$anonfun$run$1.apply(FlatSpecLike.scala:1795)
	at org.scalatest.SuperEngine.runImpl(Engine.scala:521)
	at org.scalatest.FlatSpecLike$class.run(FlatSpecLike.scala:1795)
	at org.scalatest.FlatSpec.run(FlatSpec.scala:1685)
	at org.scalatest.Suite$class.callExecuteOnSuite$1(Suite.scala:1210)
	at org.scalatest.Suite$$anonfun$runNestedSuites$1.apply(Suite.scala:1257)
	at org.scalatest.Suite$$anonfun$runNestedSuites$1.apply(Suite.scala:1255)
	at scala.collection.IndexedSeqOptimized$class.foreach(IndexedSeqOptimized.scala:33)
	at scala.collection.mutable.ArrayOps$ofRef.foreach(ArrayOps.scala:186)
	at org.scalatest.Suite$class.runNestedSuites(Suite.scala:1255)
	at org.scalatest.Suites.runNestedSuites(Suites.scala:56)
	at org.scalatest.Suite$class.run(Suite.scala:1144)
	at org.scalatest.Suites.run(Suites.scala:56)
	at org.scalatest.tools.Framework.org$scalatest$tools$Framework$$runSuite(Framework.scala:314)
	at org.scalatest.tools.Framework$ScalaTestTask.execute(Framework.scala:472)
	at sbt.TestRunner.runTest$1(TestFramework.scala:76)
	at sbt.TestRunner.run(TestFramework.scala:85)
	at sbt.TestFramework$$anon$2$$anonfun$$init$$1$$anonfun$apply$8.apply(TestFramework.scala:202)
	at sbt.TestFramework$$anon$2$$anonfun$$init$$1$$anonfun$apply$8.apply(TestFramework.scala:202)
	at sbt.TestFramework$.sbt$TestFramework$$withContextLoader(TestFramework.scala:185)
	at sbt.TestFramework$$anon$2$$anonfun$$init$$1.apply(TestFramework.scala:202)
	at sbt.TestFramework$$anon$2$$anonfun$$init$$1.apply(TestFramework.scala:202)
	at sbt.TestFunction.apply(TestFramework.scala:207)
	at sbt.Tests$.sbt$Tests$$processRunnable$1(Tests.scala:239)
	at sbt.Tests$$anonfun$makeSerial$1.apply(Tests.scala:245)
	at sbt.Tests$$anonfun$makeSerial$1.apply(Tests.scala:245)
	at sbt.std.Transform$$anon$3$$anonfun$apply$2.apply(System.scala:44)
	at sbt.std.Transform$$anon$3$$anonfun$apply$2.apply(System.scala:44)
	at sbt.std.Transform$$anon$4.work(System.scala:63)
	at sbt.Execute$$anonfun$submit$1$$anonfun$apply$1.apply(Execute.scala:228)
	at sbt.Execute$$anonfun$submit$1$$anonfun$apply$1.apply(Execute.scala:228)
	at sbt.ErrorHandling$.wideConvert(ErrorHandling.scala:17)
	at sbt.Execute.work(Execute.scala:237)
	at sbt.Execute$$anonfun$submit$1.apply(Execute.scala:228)
	at sbt.Execute$$anonfun$submit$1.apply(Execute.scala:228)
	at sbt.ConcurrentRestrictions$$anon$4$$anonfun$1.apply(ConcurrentRestrictions.scala:159)
	at sbt.CompletionService$$anon$2.call(CompletionService.scala:28)
	at java.util.concurrent.FutureTask.run(FutureTask.java:266)
	at java.util.concurrent.Executors$RunnableAdapter.call(Executors.java:511)
	at java.util.concurrent.FutureTask.run(FutureTask.java:266)
	at java.util.concurrent.ThreadPoolExecutor.runWorker(ThreadPoolExecutor.java:1149)
	at java.util.concurrent.ThreadPoolExecutor$Worker.run(ThreadPoolExecutor.java:624)
	at java.lang.Thread.run(Thread.java:748)
</failure>
                                               </testcase><testcase classname="jsy.student.Lab1Suite" name="Lab1SpecRunner.sqrtN should perform several iterations of sqrtStep" time="0.0">
                                                 <failure message="an implementation is missing" type="scala.NotImplementedError">scala.NotImplementedError: an implementation is missing
	at scala.Predef$.$qmark$qmark$qmark(Predef.scala:230)
	at jsy.student.Lab1$.sqrtN(Lab1.scala:77)
	at jsy.student.Lab1Spec$$anonfun$8.apply(Lab1Spec.scala:105)
	at jsy.student.Lab1Spec$$anonfun$8.apply(Lab1Spec.scala:104)
	at org.scalatest.OutcomeOf$class.outcomeOf(OutcomeOf.scala:85)
	at org.scalatest.OutcomeOf$.outcomeOf(OutcomeOf.scala:104)
	at org.scalatest.Transformer.apply(Transformer.scala:22)
	at org.scalatest.Transformer.apply(Transformer.scala:20)
	at org.scalatest.FlatSpecLike$$anon$1.apply(FlatSpecLike.scala:1682)
	at org.scalatest.TestSuite$class.withFixture(TestSuite.scala:196)
	at org.scalatest.FlatSpec.withFixture(FlatSpec.scala:1685)
	at org.scalatest.FlatSpecLike$class.invokeWithFixture$1(FlatSpecLike.scala:1679)
	at org.scalatest.FlatSpecLike$$anonfun$runTest$1.apply(FlatSpecLike.scala:1692)
	at org.scalatest.FlatSpecLike$$anonfun$runTest$1.apply(FlatSpecLike.scala:1692)
	at org.scalatest.SuperEngine.runTestImpl(Engine.scala:289)
	at org.scalatest.FlatSpecLike$class.runTest(FlatSpecLike.scala:1692)
	at org.scalatest.FlatSpec.runTest(FlatSpec.scala:1685)
	at org.scalatest.FlatSpecLike$$anonfun$runTests$1.apply(FlatSpecLike.scala:1750)
	at org.scalatest.FlatSpecLike$$anonfun$runTests$1.apply(FlatSpecLike.scala:1750)
	at org.scalatest.SuperEngine$$anonfun$traverseSubNodes$1$1.apply(Engine.scala:396)
	at org.scalatest.SuperEngine$$anonfun$traverseSubNodes$1$1.apply(Engine.scala:384)
	at scala.collection.immutable.List.foreach(List.scala:381)
	at org.scalatest.SuperEngine.traverseSubNodes$1(Engine.scala:384)
	at org.scalatest.SuperEngine.org$scalatest$SuperEngine$$runTestsInBranch(Engine.scala:373)
	at org.scalatest.SuperEngine$$anonfun$traverseSubNodes$1$1.apply(Engine.scala:410)
	at org.scalatest.SuperEngine$$anonfun$traverseSubNodes$1$1.apply(Engine.scala:384)
	at scala.collection.immutable.List.foreach(List.scala:381)
	at org.scalatest.SuperEngine.traverseSubNodes$1(Engine.scala:384)
	at org.scalatest.SuperEngine.org$scalatest$SuperEngine$$runTestsInBranch(Engine.scala:379)
	at org.scalatest.SuperEngine.runTestsImpl(Engine.scala:461)
	at org.scalatest.FlatSpecLike$class.runTests(FlatSpecLike.scala:1750)
	at org.scalatest.FlatSpec.runTests(FlatSpec.scala:1685)
	at org.scalatest.Suite$class.run(Suite.scala:1147)
	at org.scalatest.FlatSpec.org$scalatest$FlatSpecLike$$super$run(FlatSpec.scala:1685)
	at org.scalatest.FlatSpecLike$$anonfun$run$1.apply(FlatSpecLike.scala:1795)
	at org.scalatest.FlatSpecLike$$anonfun$run$1.apply(FlatSpecLike.scala:1795)
	at org.scalatest.SuperEngine.runImpl(Engine.scala:521)
	at org.scalatest.FlatSpecLike$class.run(FlatSpecLike.scala:1795)
	at org.scalatest.FlatSpec.run(FlatSpec.scala:1685)
	at org.scalatest.Suite$class.callExecuteOnSuite$1(Suite.scala:1210)
	at org.scalatest.Suite$$anonfun$runNestedSuites$1.apply(Suite.scala:1257)
	at org.scalatest.Suite$$anonfun$runNestedSuites$1.apply(Suite.scala:1255)
	at scala.collection.IndexedSeqOptimized$class.foreach(IndexedSeqOptimized.scala:33)
	at scala.collection.mutable.ArrayOps$ofRef.foreach(ArrayOps.scala:186)
	at org.scalatest.Suite$class.runNestedSuites(Suite.scala:1255)
	at org.scalatest.Suites.runNestedSuites(Suites.scala:56)
	at org.scalatest.Suite$class.run(Suite.scala:1144)
	at org.scalatest.Suites.run(Suites.scala:56)
	at org.scalatest.tools.Framework.org$scalatest$tools$Framework$$runSuite(Framework.scala:314)
	at org.scalatest.tools.Framework$ScalaTestTask.execute(Framework.scala:472)
	at sbt.TestRunner.runTest$1(TestFramework.scala:76)
	at sbt.TestRunner.run(TestFramework.scala:85)
	at sbt.TestFramework$$anon$2$$anonfun$$init$$1$$anonfun$apply$8.apply(TestFramework.scala:202)
	at sbt.TestFramework$$anon$2$$anonfun$$init$$1$$anonfun$apply$8.apply(TestFramework.scala:202)
	at sbt.TestFramework$.sbt$TestFramework$$withContextLoader(TestFramework.scala:185)
	at sbt.TestFramework$$anon$2$$anonfun$$init$$1.apply(TestFramework.scala:202)
	at sbt.TestFramework$$anon$2$$anonfun$$init$$1.apply(TestFramework.scala:202)
	at sbt.TestFunction.apply(TestFramework.scala:207)
	at sbt.Tests$.sbt$Tests$$processRunnable$1(Tests.scala:239)
	at sbt.Tests$$anonfun$makeSerial$1.apply(Tests.scala:245)
	at sbt.Tests$$anonfun$makeSerial$1.apply(Tests.scala:245)
	at sbt.std.Transform$$anon$3$$anonfun$apply$2.apply(System.scala:44)
	at sbt.std.Transform$$anon$3$$anonfun$apply$2.apply(System.scala:44)
	at sbt.std.Transform$$anon$4.work(System.scala:63)
	at sbt.Execute$$anonfun$submit$1$$anonfun$apply$1.apply(Execute.scala:228)
	at sbt.Execute$$anonfun$submit$1$$anonfun$apply$1.apply(Execute.scala:228)
	at sbt.ErrorHandling$.wideConvert(ErrorHandling.scala:17)
	at sbt.Execute.work(Execute.scala:237)
	at sbt.Execute$$anonfun$submit$1.apply(Execute.scala:228)
	at sbt.Execute$$anonfun$submit$1.apply(Execute.scala:228)
	at sbt.ConcurrentRestrictions$$anon$4$$anonfun$1.apply(ConcurrentRestrictions.scala:159)
	at sbt.CompletionService$$anon$2.call(CompletionService.scala:28)
	at java.util.concurrent.FutureTask.run(FutureTask.java:266)
	at java.util.concurrent.Executors$RunnableAdapter.call(Executors.java:511)
	at java.util.concurrent.FutureTask.run(FutureTask.java:266)
	at java.util.concurrent.ThreadPoolExecutor.runWorker(ThreadPoolExecutor.java:1149)
	at java.util.concurrent.ThreadPoolExecutor$Worker.run(ThreadPoolExecutor.java:624)
	at java.lang.Thread.run(Thread.java:748)
</failure>
                                               </testcase><testcase classname="jsy.student.Lab1Suite" name="Lab1SpecRunner.sqrtN should evaluate to x0 if n is zero" time="0.0">
                                                 <failure message="an implementation is missing" type="scala.NotImplementedError">scala.NotImplementedError: an implementation is missing
	at scala.Predef$.$qmark$qmark$qmark(Predef.scala:230)
	at jsy.student.Lab1$.sqrtN(Lab1.scala:77)
	at jsy.student.Lab1Spec$$anonfun$9.apply(Lab1Spec.scala:112)
	at jsy.student.Lab1Spec$$anonfun$9.apply(Lab1Spec.scala:111)
	at org.scalatest.OutcomeOf$class.outcomeOf(OutcomeOf.scala:85)
	at org.scalatest.OutcomeOf$.outcomeOf(OutcomeOf.scala:104)
	at org.scalatest.Transformer.apply(Transformer.scala:22)
	at org.scalatest.Transformer.apply(Transformer.scala:20)
	at org.scalatest.FlatSpecLike$$anon$1.apply(FlatSpecLike.scala:1682)
	at org.scalatest.TestSuite$class.withFixture(TestSuite.scala:196)
	at org.scalatest.FlatSpec.withFixture(FlatSpec.scala:1685)
	at org.scalatest.FlatSpecLike$class.invokeWithFixture$1(FlatSpecLike.scala:1679)
	at org.scalatest.FlatSpecLike$$anonfun$runTest$1.apply(FlatSpecLike.scala:1692)
	at org.scalatest.FlatSpecLike$$anonfun$runTest$1.apply(FlatSpecLike.scala:1692)
	at org.scalatest.SuperEngine.runTestImpl(Engine.scala:289)
	at org.scalatest.FlatSpecLike$class.runTest(FlatSpecLike.scala:1692)
	at org.scalatest.FlatSpec.runTest(FlatSpec.scala:1685)
	at org.scalatest.FlatSpecLike$$anonfun$runTests$1.apply(FlatSpecLike.scala:1750)
	at org.scalatest.FlatSpecLike$$anonfun$runTests$1.apply(FlatSpecLike.scala:1750)
	at org.scalatest.SuperEngine$$anonfun$traverseSubNodes$1$1.apply(Engine.scala:396)
	at org.scalatest.SuperEngine$$anonfun$traverseSubNodes$1$1.apply(Engine.scala:384)
	at scala.collection.immutable.List.foreach(List.scala:381)
	at org.scalatest.SuperEngine.traverseSubNodes$1(Engine.scala:384)
	at org.scalatest.SuperEngine.org$scalatest$SuperEngine$$runTestsInBranch(Engine.scala:373)
	at org.scalatest.SuperEngine$$anonfun$traverseSubNodes$1$1.apply(Engine.scala:410)
	at org.scalatest.SuperEngine$$anonfun$traverseSubNodes$1$1.apply(Engine.scala:384)
	at scala.collection.immutable.List.foreach(List.scala:381)
	at org.scalatest.SuperEngine.traverseSubNodes$1(Engine.scala:384)
	at org.scalatest.SuperEngine.org$scalatest$SuperEngine$$runTestsInBranch(Engine.scala:379)
	at org.scalatest.SuperEngine.runTestsImpl(Engine.scala:461)
	at org.scalatest.FlatSpecLike$class.runTests(FlatSpecLike.scala:1750)
	at org.scalatest.FlatSpec.runTests(FlatSpec.scala:1685)
	at org.scalatest.Suite$class.run(Suite.scala:1147)
	at org.scalatest.FlatSpec.org$scalatest$FlatSpecLike$$super$run(FlatSpec.scala:1685)
	at org.scalatest.FlatSpecLike$$anonfun$run$1.apply(FlatSpecLike.scala:1795)
	at org.scalatest.FlatSpecLike$$anonfun$run$1.apply(FlatSpecLike.scala:1795)
	at org.scalatest.SuperEngine.runImpl(Engine.scala:521)
	at org.scalatest.FlatSpecLike$class.run(FlatSpecLike.scala:1795)
	at org.scalatest.FlatSpec.run(FlatSpec.scala:1685)
	at org.scalatest.Suite$class.callExecuteOnSuite$1(Suite.scala:1210)
	at org.scalatest.Suite$$anonfun$runNestedSuites$1.apply(Suite.scala:1257)
	at org.scalatest.Suite$$anonfun$runNestedSuites$1.apply(Suite.scala:1255)
	at scala.collection.IndexedSeqOptimized$class.foreach(IndexedSeqOptimized.scala:33)
	at scala.collection.mutable.ArrayOps$ofRef.foreach(ArrayOps.scala:186)
	at org.scalatest.Suite$class.runNestedSuites(Suite.scala:1255)
	at org.scalatest.Suites.runNestedSuites(Suites.scala:56)
	at org.scalatest.Suite$class.run(Suite.scala:1144)
	at org.scalatest.Suites.run(Suites.scala:56)
	at org.scalatest.tools.Framework.org$scalatest$tools$Framework$$runSuite(Framework.scala:314)
	at org.scalatest.tools.Framework$ScalaTestTask.execute(Framework.scala:472)
	at sbt.TestRunner.runTest$1(TestFramework.scala:76)
	at sbt.TestRunner.run(TestFramework.scala:85)
	at sbt.TestFramework$$anon$2$$anonfun$$init$$1$$anonfun$apply$8.apply(TestFramework.scala:202)
	at sbt.TestFramework$$anon$2$$anonfun$$init$$1$$anonfun$apply$8.apply(TestFramework.scala:202)
	at sbt.TestFramework$.sbt$TestFramework$$withContextLoader(TestFramework.scala:185)
	at sbt.TestFramework$$anon$2$$anonfun$$init$$1.apply(TestFramework.scala:202)
	at sbt.TestFramework$$anon$2$$anonfun$$init$$1.apply(TestFramework.scala:202)
	at sbt.TestFunction.apply(TestFramework.scala:207)
	at sbt.Tests$.sbt$Tests$$processRunnable$1(Tests.scala:239)
	at sbt.Tests$$anonfun$makeSerial$1.apply(Tests.scala:245)
	at sbt.Tests$$anonfun$makeSerial$1.apply(Tests.scala:245)
	at sbt.std.Transform$$anon$3$$anonfun$apply$2.apply(System.scala:44)
	at sbt.std.Transform$$anon$3$$anonfun$apply$2.apply(System.scala:44)
	at sbt.std.Transform$$anon$4.work(System.scala:63)
	at sbt.Execute$$anonfun$submit$1$$anonfun$apply$1.apply(Execute.scala:228)
	at sbt.Execute$$anonfun$submit$1$$anonfun$apply$1.apply(Execute.scala:228)
	at sbt.ErrorHandling$.wideConvert(ErrorHandling.scala:17)
	at sbt.Execute.work(Execute.scala:237)
	at sbt.Execute$$anonfun$submit$1.apply(Execute.scala:228)
	at sbt.Execute$$anonfun$submit$1.apply(Execute.scala:228)
	at sbt.ConcurrentRestrictions$$anon$4$$anonfun$1.apply(ConcurrentRestrictions.scala:159)
	at sbt.CompletionService$$anon$2.call(CompletionService.scala:28)
	at java.util.concurrent.FutureTask.run(FutureTask.java:266)
	at java.util.concurrent.Executors$RunnableAdapter.call(Executors.java:511)
	at java.util.concurrent.FutureTask.run(FutureTask.java:266)
	at java.util.concurrent.ThreadPoolExecutor.runWorker(ThreadPoolExecutor.java:1149)
	at java.util.concurrent.ThreadPoolExecutor$Worker.run(ThreadPoolExecutor.java:624)
	at java.lang.Thread.run(Thread.java:748)
</failure>
                                               </testcase><testcase classname="jsy.student.Lab1Suite" name="Lab1SpecRunner.sqrtErr should perform iterations until the error is within epsilon" time="0.0">
                                                 <failure message="an implementation is missing" type="scala.NotImplementedError">scala.NotImplementedError: an implementation is missing
	at scala.Predef$.$qmark$qmark$qmark(Predef.scala:230)
	at jsy.student.Lab1$.sqrtErr(Lab1.scala:79)
	at jsy.student.Lab1Spec$$anonfun$10.apply(Lab1Spec.scala:117)
	at jsy.student.Lab1Spec$$anonfun$10.apply(Lab1Spec.scala:116)
	at org.scalatest.OutcomeOf$class.outcomeOf(OutcomeOf.scala:85)
	at org.scalatest.OutcomeOf$.outcomeOf(OutcomeOf.scala:104)
	at org.scalatest.Transformer.apply(Transformer.scala:22)
	at org.scalatest.Transformer.apply(Transformer.scala:20)
	at org.scalatest.FlatSpecLike$$anon$1.apply(FlatSpecLike.scala:1682)
	at org.scalatest.TestSuite$class.withFixture(TestSuite.scala:196)
	at org.scalatest.FlatSpec.withFixture(FlatSpec.scala:1685)
	at org.scalatest.FlatSpecLike$class.invokeWithFixture$1(FlatSpecLike.scala:1679)
	at org.scalatest.FlatSpecLike$$anonfun$runTest$1.apply(FlatSpecLike.scala:1692)
	at org.scalatest.FlatSpecLike$$anonfun$runTest$1.apply(FlatSpecLike.scala:1692)
	at org.scalatest.SuperEngine.runTestImpl(Engine.scala:289)
	at org.scalatest.FlatSpecLike$class.runTest(FlatSpecLike.scala:1692)
	at org.scalatest.FlatSpec.runTest(FlatSpec.scala:1685)
	at org.scalatest.FlatSpecLike$$anonfun$runTests$1.apply(FlatSpecLike.scala:1750)
	at org.scalatest.FlatSpecLike$$anonfun$runTests$1.apply(FlatSpecLike.scala:1750)
	at org.scalatest.SuperEngine$$anonfun$traverseSubNodes$1$1.apply(Engine.scala:396)
	at org.scalatest.SuperEngine$$anonfun$traverseSubNodes$1$1.apply(Engine.scala:384)
	at scala.collection.immutable.List.foreach(List.scala:381)
	at org.scalatest.SuperEngine.traverseSubNodes$1(Engine.scala:384)
	at org.scalatest.SuperEngine.org$scalatest$SuperEngine$$runTestsInBranch(Engine.scala:373)
	at org.scalatest.SuperEngine$$anonfun$traverseSubNodes$1$1.apply(Engine.scala:410)
	at org.scalatest.SuperEngine$$anonfun$traverseSubNodes$1$1.apply(Engine.scala:384)
	at scala.collection.immutable.List.foreach(List.scala:381)
	at org.scalatest.SuperEngine.traverseSubNodes$1(Engine.scala:384)
	at org.scalatest.SuperEngine.org$scalatest$SuperEngine$$runTestsInBranch(Engine.scala:379)
	at org.scalatest.SuperEngine.runTestsImpl(Engine.scala:461)
	at org.scalatest.FlatSpecLike$class.runTests(FlatSpecLike.scala:1750)
	at org.scalatest.FlatSpec.runTests(FlatSpec.scala:1685)
	at org.scalatest.Suite$class.run(Suite.scala:1147)
	at org.scalatest.FlatSpec.org$scalatest$FlatSpecLike$$super$run(FlatSpec.scala:1685)
	at org.scalatest.FlatSpecLike$$anonfun$run$1.apply(FlatSpecLike.scala:1795)
	at org.scalatest.FlatSpecLike$$anonfun$run$1.apply(FlatSpecLike.scala:1795)
	at org.scalatest.SuperEngine.runImpl(Engine.scala:521)
	at org.scalatest.FlatSpecLike$class.run(FlatSpecLike.scala:1795)
	at org.scalatest.FlatSpec.run(FlatSpec.scala:1685)
	at org.scalatest.Suite$class.callExecuteOnSuite$1(Suite.scala:1210)
	at org.scalatest.Suite$$anonfun$runNestedSuites$1.apply(Suite.scala:1257)
	at org.scalatest.Suite$$anonfun$runNestedSuites$1.apply(Suite.scala:1255)
	at scala.collection.IndexedSeqOptimized$class.foreach(IndexedSeqOptimized.scala:33)
	at scala.collection.mutable.ArrayOps$ofRef.foreach(ArrayOps.scala:186)
	at org.scalatest.Suite$class.runNestedSuites(Suite.scala:1255)
	at org.scalatest.Suites.runNestedSuites(Suites.scala:56)
	at org.scalatest.Suite$class.run(Suite.scala:1144)
	at org.scalatest.Suites.run(Suites.scala:56)
	at org.scalatest.tools.Framework.org$scalatest$tools$Framework$$runSuite(Framework.scala:314)
	at org.scalatest.tools.Framework$ScalaTestTask.execute(Framework.scala:472)
	at sbt.TestRunner.runTest$1(TestFramework.scala:76)
	at sbt.TestRunner.run(TestFramework.scala:85)
	at sbt.TestFramework$$anon$2$$anonfun$$init$$1$$anonfun$apply$8.apply(TestFramework.scala:202)
	at sbt.TestFramework$$anon$2$$anonfun$$init$$1$$anonfun$apply$8.apply(TestFramework.scala:202)
	at sbt.TestFramework$.sbt$TestFramework$$withContextLoader(TestFramework.scala:185)
	at sbt.TestFramework$$anon$2$$anonfun$$init$$1.apply(TestFramework.scala:202)
	at sbt.TestFramework$$anon$2$$anonfun$$init$$1.apply(TestFramework.scala:202)
	at sbt.TestFunction.apply(TestFramework.scala:207)
	at sbt.Tests$.sbt$Tests$$processRunnable$1(Tests.scala:239)
	at sbt.Tests$$anonfun$makeSerial$1.apply(Tests.scala:245)
	at sbt.Tests$$anonfun$makeSerial$1.apply(Tests.scala:245)
	at sbt.std.Transform$$anon$3$$anonfun$apply$2.apply(System.scala:44)
	at sbt.std.Transform$$anon$3$$anonfun$apply$2.apply(System.scala:44)
	at sbt.std.Transform$$anon$4.work(System.scala:63)
	at sbt.Execute$$anonfun$submit$1$$anonfun$apply$1.apply(Execute.scala:228)
	at sbt.Execute$$anonfun$submit$1$$anonfun$apply$1.apply(Execute.scala:228)
	at sbt.ErrorHandling$.wideConvert(ErrorHandling.scala:17)
	at sbt.Execute.work(Execute.scala:237)
	at sbt.Execute$$anonfun$submit$1.apply(Execute.scala:228)
	at sbt.Execute$$anonfun$submit$1.apply(Execute.scala:228)
	at sbt.ConcurrentRestrictions$$anon$4$$anonfun$1.apply(ConcurrentRestrictions.scala:159)
	at sbt.CompletionService$$anon$2.call(CompletionService.scala:28)
	at java.util.concurrent.FutureTask.run(FutureTask.java:266)
	at java.util.concurrent.Executors$RunnableAdapter.call(Executors.java:511)
	at java.util.concurrent.FutureTask.run(FutureTask.java:266)
	at java.util.concurrent.ThreadPoolExecutor.runWorker(ThreadPoolExecutor.java:1149)
	at java.util.concurrent.ThreadPoolExecutor$Worker.run(ThreadPoolExecutor.java:624)
	at java.lang.Thread.run(Thread.java:748)
</failure>
                                               </testcase><testcase classname="jsy.student.Lab1Suite" name="Lab1SpecRunner.sqrtN should throw an exception when n is negative" time="0.0">
                                                 <failure message="Expected exception java.lang.IllegalArgumentException to be thrown, but scala.NotImplementedError was thrown" type="org.scalatest.exceptions.TestFailedException">org.scalatest.exceptions.TestFailedException: Expected exception java.lang.IllegalArgumentException to be thrown, but scala.NotImplementedError was thrown
	at org.scalatest.Assertions$class.newAssertionFailedException(Assertions.scala:528)
	at org.scalatest.FlatSpec.newAssertionFailedException(FlatSpec.scala:1685)
	at org.scalatest.Assertions$class.intercept(Assertions.scala:812)
	at org.scalatest.FlatSpec.intercept(FlatSpec.scala:1685)
	at jsy.student.Lab1Spec$$anonfun$11.apply(Lab1Spec.scala:126)
	at jsy.student.Lab1Spec$$anonfun$11.apply(Lab1Spec.scala:126)
	at org.scalatest.OutcomeOf$class.outcomeOf(OutcomeOf.scala:85)
	at org.scalatest.OutcomeOf$.outcomeOf(OutcomeOf.scala:104)
	at org.scalatest.Transformer.apply(Transformer.scala:22)
	at org.scalatest.Transformer.apply(Transformer.scala:20)
	at org.scalatest.FlatSpecLike$$anon$1.apply(FlatSpecLike.scala:1682)
	at org.scalatest.TestSuite$class.withFixture(TestSuite.scala:196)
	at org.scalatest.FlatSpec.withFixture(FlatSpec.scala:1685)
	at org.scalatest.FlatSpecLike$class.invokeWithFixture$1(FlatSpecLike.scala:1679)
	at org.scalatest.FlatSpecLike$$anonfun$runTest$1.apply(FlatSpecLike.scala:1692)
	at org.scalatest.FlatSpecLike$$anonfun$runTest$1.apply(FlatSpecLike.scala:1692)
	at org.scalatest.SuperEngine.runTestImpl(Engine.scala:289)
	at org.scalatest.FlatSpecLike$class.runTest(FlatSpecLike.scala:1692)
	at org.scalatest.FlatSpec.runTest(FlatSpec.scala:1685)
	at org.scalatest.FlatSpecLike$$anonfun$runTests$1.apply(FlatSpecLike.scala:1750)
	at org.scalatest.FlatSpecLike$$anonfun$runTests$1.apply(FlatSpecLike.scala:1750)
	at org.scalatest.SuperEngine$$anonfun$traverseSubNodes$1$1.apply(Engine.scala:396)
	at org.scalatest.SuperEngine$$anonfun$traverseSubNodes$1$1.apply(Engine.scala:384)
	at scala.collection.immutable.List.foreach(List.scala:381)
	at org.scalatest.SuperEngine.traverseSubNodes$1(Engine.scala:384)
	at org.scalatest.SuperEngine.org$scalatest$SuperEngine$$runTestsInBranch(Engine.scala:373)
	at org.scalatest.SuperEngine$$anonfun$traverseSubNodes$1$1.apply(Engine.scala:410)
	at org.scalatest.SuperEngine$$anonfun$traverseSubNodes$1$1.apply(Engine.scala:384)
	at scala.collection.immutable.List.foreach(List.scala:381)
	at org.scalatest.SuperEngine.traverseSubNodes$1(Engine.scala:384)
	at org.scalatest.SuperEngine.org$scalatest$SuperEngine$$runTestsInBranch(Engine.scala:379)
	at org.scalatest.SuperEngine.runTestsImpl(Engine.scala:461)
	at org.scalatest.FlatSpecLike$class.runTests(FlatSpecLike.scala:1750)
	at org.scalatest.FlatSpec.runTests(FlatSpec.scala:1685)
	at org.scalatest.Suite$class.run(Suite.scala:1147)
	at org.scalatest.FlatSpec.org$scalatest$FlatSpecLike$$super$run(FlatSpec.scala:1685)
	at org.scalatest.FlatSpecLike$$anonfun$run$1.apply(FlatSpecLike.scala:1795)
	at org.scalatest.FlatSpecLike$$anonfun$run$1.apply(FlatSpecLike.scala:1795)
	at org.scalatest.SuperEngine.runImpl(Engine.scala:521)
	at org.scalatest.FlatSpecLike$class.run(FlatSpecLike.scala:1795)
	at org.scalatest.FlatSpec.run(FlatSpec.scala:1685)
	at org.scalatest.Suite$class.callExecuteOnSuite$1(Suite.scala:1210)
	at org.scalatest.Suite$$anonfun$runNestedSuites$1.apply(Suite.scala:1257)
	at org.scalatest.Suite$$anonfun$runNestedSuites$1.apply(Suite.scala:1255)
	at scala.collection.IndexedSeqOptimized$class.foreach(IndexedSeqOptimized.scala:33)
	at scala.collection.mutable.ArrayOps$ofRef.foreach(ArrayOps.scala:186)
	at org.scalatest.Suite$class.runNestedSuites(Suite.scala:1255)
	at org.scalatest.Suites.runNestedSuites(Suites.scala:56)
	at org.scalatest.Suite$class.run(Suite.scala:1144)
	at org.scalatest.Suites.run(Suites.scala:56)
	at org.scalatest.tools.Framework.org$scalatest$tools$Framework$$runSuite(Framework.scala:314)
	at org.scalatest.tools.Framework$ScalaTestTask.execute(Framework.scala:472)
	at sbt.TestRunner.runTest$1(TestFramework.scala:76)
	at sbt.TestRunner.run(TestFramework.scala:85)
	at sbt.TestFramework$$anon$2$$anonfun$$init$$1$$anonfun$apply$8.apply(TestFramework.scala:202)
	at sbt.TestFramework$$anon$2$$anonfun$$init$$1$$anonfun$apply$8.apply(TestFramework.scala:202)
	at sbt.TestFramework$.sbt$TestFramework$$withContextLoader(TestFramework.scala:185)
	at sbt.TestFramework$$anon$2$$anonfun$$init$$1.apply(TestFramework.scala:202)
	at sbt.TestFramework$$anon$2$$anonfun$$init$$1.apply(TestFramework.scala:202)
	at sbt.TestFunction.apply(TestFramework.scala:207)
	at sbt.Tests$.sbt$Tests$$processRunnable$1(Tests.scala:239)
	at sbt.Tests$$anonfun$makeSerial$1.apply(Tests.scala:245)
	at sbt.Tests$$anonfun$makeSerial$1.apply(Tests.scala:245)
	at sbt.std.Transform$$anon$3$$anonfun$apply$2.apply(System.scala:44)
	at sbt.std.Transform$$anon$3$$anonfun$apply$2.apply(System.scala:44)
	at sbt.std.Transform$$anon$4.work(System.scala:63)
	at sbt.Execute$$anonfun$submit$1$$anonfun$apply$1.apply(Execute.scala:228)
	at sbt.Execute$$anonfun$submit$1$$anonfun$apply$1.apply(Execute.scala:228)
	at sbt.ErrorHandling$.wideConvert(ErrorHandling.scala:17)
	at sbt.Execute.work(Execute.scala:237)
	at sbt.Execute$$anonfun$submit$1.apply(Execute.scala:228)
	at sbt.Execute$$anonfun$submit$1.apply(Execute.scala:228)
	at sbt.ConcurrentRestrictions$$anon$4$$anonfun$1.apply(ConcurrentRestrictions.scala:159)
	at sbt.CompletionService$$anon$2.call(CompletionService.scala:28)
	at java.util.concurrent.FutureTask.run(FutureTask.java:266)
	at java.util.concurrent.Executors$RunnableAdapter.call(Executors.java:511)
	at java.util.concurrent.FutureTask.run(FutureTask.java:266)
	at java.util.concurrent.ThreadPoolExecutor.runWorker(ThreadPoolExecutor.java:1149)
	at java.util.concurrent.ThreadPoolExecutor$Worker.run(ThreadPoolExecutor.java:624)
	at java.lang.Thread.run(Thread.java:748)
Caused by: scala.NotImplementedError: an implementation is missing
	at scala.Predef$.$qmark$qmark$qmark(Predef.scala:230)
	at jsy.student.Lab1$.sqrtN(Lab1.scala:77)
	at jsy.student.Lab1Spec$$anonfun$11$$anonfun$apply$1.apply$mcD$sp(Lab1Spec.scala:127)
	at jsy.student.Lab1Spec$$anonfun$11$$anonfun$apply$1.apply(Lab1Spec.scala:127)
	at jsy.student.Lab1Spec$$anonfun$11$$anonfun$apply$1.apply(Lab1Spec.scala:127)
	at org.scalatest.Assertions$class.intercept(Assertions.scala:805)
	... 77 more
</failure>
                                               </testcase><testcase classname="jsy.student.Lab1Suite" name="Lab1SpecRunner.sqrtErr should throw an exception when using a non-positive epsilon" time="0.0">
                                                 <failure message="Expected exception java.lang.IllegalArgumentException to be thrown, but scala.NotImplementedError was thrown" type="org.scalatest.exceptions.TestFailedException">org.scalatest.exceptions.TestFailedException: Expected exception java.lang.IllegalArgumentException to be thrown, but scala.NotImplementedError was thrown
	at org.scalatest.Assertions$class.newAssertionFailedException(Assertions.scala:528)
	at org.scalatest.FlatSpec.newAssertionFailedException(FlatSpec.scala:1685)
	at org.scalatest.Assertions$class.intercept(Assertions.scala:812)
	at org.scalatest.FlatSpec.intercept(FlatSpec.scala:1685)
	at jsy.student.Lab1Spec$$anonfun$12.apply(Lab1Spec.scala:132)
	at jsy.student.Lab1Spec$$anonfun$12.apply(Lab1Spec.scala:131)
	at org.scalatest.OutcomeOf$class.outcomeOf(OutcomeOf.scala:85)
	at org.scalatest.OutcomeOf$.outcomeOf(OutcomeOf.scala:104)
	at org.scalatest.Transformer.apply(Transformer.scala:22)
	at org.scalatest.Transformer.apply(Transformer.scala:20)
	at org.scalatest.FlatSpecLike$$anon$1.apply(FlatSpecLike.scala:1682)
	at org.scalatest.TestSuite$class.withFixture(TestSuite.scala:196)
	at org.scalatest.FlatSpec.withFixture(FlatSpec.scala:1685)
	at org.scalatest.FlatSpecLike$class.invokeWithFixture$1(FlatSpecLike.scala:1679)
	at org.scalatest.FlatSpecLike$$anonfun$runTest$1.apply(FlatSpecLike.scala:1692)
	at org.scalatest.FlatSpecLike$$anonfun$runTest$1.apply(FlatSpecLike.scala:1692)
	at org.scalatest.SuperEngine.runTestImpl(Engine.scala:289)
	at org.scalatest.FlatSpecLike$class.runTest(FlatSpecLike.scala:1692)
	at org.scalatest.FlatSpec.runTest(FlatSpec.scala:1685)
	at org.scalatest.FlatSpecLike$$anonfun$runTests$1.apply(FlatSpecLike.scala:1750)
	at org.scalatest.FlatSpecLike$$anonfun$runTests$1.apply(FlatSpecLike.scala:1750)
	at org.scalatest.SuperEngine$$anonfun$traverseSubNodes$1$1.apply(Engine.scala:396)
	at org.scalatest.SuperEngine$$anonfun$traverseSubNodes$1$1.apply(Engine.scala:384)
	at scala.collection.immutable.List.foreach(List.scala:381)
	at org.scalatest.SuperEngine.traverseSubNodes$1(Engine.scala:384)
	at org.scalatest.SuperEngine.org$scalatest$SuperEngine$$runTestsInBranch(Engine.scala:373)
	at org.scalatest.SuperEngine$$anonfun$traverseSubNodes$1$1.apply(Engine.scala:410)
	at org.scalatest.SuperEngine$$anonfun$traverseSubNodes$1$1.apply(Engine.scala:384)
	at scala.collection.immutable.List.foreach(List.scala:381)
	at org.scalatest.SuperEngine.traverseSubNodes$1(Engine.scala:384)
	at org.scalatest.SuperEngine.org$scalatest$SuperEngine$$runTestsInBranch(Engine.scala:379)
	at org.scalatest.SuperEngine.runTestsImpl(Engine.scala:461)
	at org.scalatest.FlatSpecLike$class.runTests(FlatSpecLike.scala:1750)
	at org.scalatest.FlatSpec.runTests(FlatSpec.scala:1685)
	at org.scalatest.Suite$class.run(Suite.scala:1147)
	at org.scalatest.FlatSpec.org$scalatest$FlatSpecLike$$super$run(FlatSpec.scala:1685)
	at org.scalatest.FlatSpecLike$$anonfun$run$1.apply(FlatSpecLike.scala:1795)
	at org.scalatest.FlatSpecLike$$anonfun$run$1.apply(FlatSpecLike.scala:1795)
	at org.scalatest.SuperEngine.runImpl(Engine.scala:521)
	at org.scalatest.FlatSpecLike$class.run(FlatSpecLike.scala:1795)
	at org.scalatest.FlatSpec.run(FlatSpec.scala:1685)
	at org.scalatest.Suite$class.callExecuteOnSuite$1(Suite.scala:1210)
	at org.scalatest.Suite$$anonfun$runNestedSuites$1.apply(Suite.scala:1257)
	at org.scalatest.Suite$$anonfun$runNestedSuites$1.apply(Suite.scala:1255)
	at scala.collection.IndexedSeqOptimized$class.foreach(IndexedSeqOptimized.scala:33)
	at scala.collection.mutable.ArrayOps$ofRef.foreach(ArrayOps.scala:186)
	at org.scalatest.Suite$class.runNestedSuites(Suite.scala:1255)
	at org.scalatest.Suites.runNestedSuites(Suites.scala:56)
	at org.scalatest.Suite$class.run(Suite.scala:1144)
	at org.scalatest.Suites.run(Suites.scala:56)
	at org.scalatest.tools.Framework.org$scalatest$tools$Framework$$runSuite(Framework.scala:314)
	at org.scalatest.tools.Framework$ScalaTestTask.execute(Framework.scala:472)
	at sbt.TestRunner.runTest$1(TestFramework.scala:76)
	at sbt.TestRunner.run(TestFramework.scala:85)
	at sbt.TestFramework$$anon$2$$anonfun$$init$$1$$anonfun$apply$8.apply(TestFramework.scala:202)
	at sbt.TestFramework$$anon$2$$anonfun$$init$$1$$anonfun$apply$8.apply(TestFramework.scala:202)
	at sbt.TestFramework$.sbt$TestFramework$$withContextLoader(TestFramework.scala:185)
	at sbt.TestFramework$$anon$2$$anonfun$$init$$1.apply(TestFramework.scala:202)
	at sbt.TestFramework$$anon$2$$anonfun$$init$$1.apply(TestFramework.scala:202)
	at sbt.TestFunction.apply(TestFramework.scala:207)
	at sbt.Tests$.sbt$Tests$$processRunnable$1(Tests.scala:239)
	at sbt.Tests$$anonfun$makeSerial$1.apply(Tests.scala:245)
	at sbt.Tests$$anonfun$makeSerial$1.apply(Tests.scala:245)
	at sbt.std.Transform$$anon$3$$anonfun$apply$2.apply(System.scala:44)
	at sbt.std.Transform$$anon$3$$anonfun$apply$2.apply(System.scala:44)
	at sbt.std.Transform$$anon$4.work(System.scala:63)
	at sbt.Execute$$anonfun$submit$1$$anonfun$apply$1.apply(Execute.scala:228)
	at sbt.Execute$$anonfun$submit$1$$anonfun$apply$1.apply(Execute.scala:228)
	at sbt.ErrorHandling$.wideConvert(ErrorHandling.scala:17)
	at sbt.Execute.work(Execute.scala:237)
	at sbt.Execute$$anonfun$submit$1.apply(Execute.scala:228)
	at sbt.Execute$$anonfun$submit$1.apply(Execute.scala:228)
	at sbt.ConcurrentRestrictions$$anon$4$$anonfun$1.apply(ConcurrentRestrictions.scala:159)
	at sbt.CompletionService$$anon$2.call(CompletionService.scala:28)
	at java.util.concurrent.FutureTask.run(FutureTask.java:266)
	at java.util.concurrent.Executors$RunnableAdapter.call(Executors.java:511)
	at java.util.concurrent.FutureTask.run(FutureTask.java:266)
	at java.util.concurrent.ThreadPoolExecutor.runWorker(ThreadPoolExecutor.java:1149)
	at java.util.concurrent.ThreadPoolExecutor$Worker.run(ThreadPoolExecutor.java:624)
	at java.lang.Thread.run(Thread.java:748)
Caused by: scala.NotImplementedError: an implementation is missing
	at scala.Predef$.$qmark$qmark$qmark(Predef.scala:230)
	at jsy.student.Lab1$.sqrtErr(Lab1.scala:79)
	at jsy.student.Lab1Spec$$anonfun$12$$anonfun$apply$2.apply$mcD$sp(Lab1Spec.scala:133)
	at jsy.student.Lab1Spec$$anonfun$12$$anonfun$apply$2.apply(Lab1Spec.scala:133)
	at jsy.student.Lab1Spec$$anonfun$12$$anonfun$apply$2.apply(Lab1Spec.scala:133)
	at org.scalatest.Assertions$class.intercept(Assertions.scala:805)
	... 77 more
</failure>
                                               </testcase><testcase classname="jsy.student.Lab1Suite" name="Lab1SpecRunner.repOk should ensure that a SearchTree is properly ordered" time="0.0">
                                                 
                                               </testcase><testcase classname="jsy.student.Lab1Suite" name="Lab1SpecRunner.insert should insert numbers as leaves in SearchTrees at the proper position" time="0.0">
                                                 <failure message="an implementation is missing" type="scala.NotImplementedError">scala.NotImplementedError: an implementation is missing
	at scala.Predef$.$qmark$qmark$qmark(Predef.scala:230)
	at jsy.student.Lab1$.insert(Lab1.scala:102)
	at jsy.student.Lab1Spec$$anonfun$14.apply(Lab1Spec.scala:168)
	at jsy.student.Lab1Spec$$anonfun$14.apply(Lab1Spec.scala:167)
	at org.scalatest.OutcomeOf$class.outcomeOf(OutcomeOf.scala:85)
	at org.scalatest.OutcomeOf$.outcomeOf(OutcomeOf.scala:104)
	at org.scalatest.Transformer.apply(Transformer.scala:22)
	at org.scalatest.Transformer.apply(Transformer.scala:20)
	at org.scalatest.FlatSpecLike$$anon$1.apply(FlatSpecLike.scala:1682)
	at org.scalatest.TestSuite$class.withFixture(TestSuite.scala:196)
	at org.scalatest.FlatSpec.withFixture(FlatSpec.scala:1685)
	at org.scalatest.FlatSpecLike$class.invokeWithFixture$1(FlatSpecLike.scala:1679)
	at org.scalatest.FlatSpecLike$$anonfun$runTest$1.apply(FlatSpecLike.scala:1692)
	at org.scalatest.FlatSpecLike$$anonfun$runTest$1.apply(FlatSpecLike.scala:1692)
	at org.scalatest.SuperEngine.runTestImpl(Engine.scala:289)
	at org.scalatest.FlatSpecLike$class.runTest(FlatSpecLike.scala:1692)
	at org.scalatest.FlatSpec.runTest(FlatSpec.scala:1685)
	at org.scalatest.FlatSpecLike$$anonfun$runTests$1.apply(FlatSpecLike.scala:1750)
	at org.scalatest.FlatSpecLike$$anonfun$runTests$1.apply(FlatSpecLike.scala:1750)
	at org.scalatest.SuperEngine$$anonfun$traverseSubNodes$1$1.apply(Engine.scala:396)
	at org.scalatest.SuperEngine$$anonfun$traverseSubNodes$1$1.apply(Engine.scala:384)
	at scala.collection.immutable.List.foreach(List.scala:381)
	at org.scalatest.SuperEngine.traverseSubNodes$1(Engine.scala:384)
	at org.scalatest.SuperEngine.org$scalatest$SuperEngine$$runTestsInBranch(Engine.scala:373)
	at org.scalatest.SuperEngine$$anonfun$traverseSubNodes$1$1.apply(Engine.scala:410)
	at org.scalatest.SuperEngine$$anonfun$traverseSubNodes$1$1.apply(Engine.scala:384)
	at scala.collection.immutable.List.foreach(List.scala:381)
	at org.scalatest.SuperEngine.traverseSubNodes$1(Engine.scala:384)
	at org.scalatest.SuperEngine.org$scalatest$SuperEngine$$runTestsInBranch(Engine.scala:379)
	at org.scalatest.SuperEngine.runTestsImpl(Engine.scala:461)
	at org.scalatest.FlatSpecLike$class.runTests(FlatSpecLike.scala:1750)
	at org.scalatest.FlatSpec.runTests(FlatSpec.scala:1685)
	at org.scalatest.Suite$class.run(Suite.scala:1147)
	at org.scalatest.FlatSpec.org$scalatest$FlatSpecLike$$super$run(FlatSpec.scala:1685)
	at org.scalatest.FlatSpecLike$$anonfun$run$1.apply(FlatSpecLike.scala:1795)
	at org.scalatest.FlatSpecLike$$anonfun$run$1.apply(FlatSpecLike.scala:1795)
	at org.scalatest.SuperEngine.runImpl(Engine.scala:521)
	at org.scalatest.FlatSpecLike$class.run(FlatSpecLike.scala:1795)
	at org.scalatest.FlatSpec.run(FlatSpec.scala:1685)
	at org.scalatest.Suite$class.callExecuteOnSuite$1(Suite.scala:1210)
	at org.scalatest.Suite$$anonfun$runNestedSuites$1.apply(Suite.scala:1257)
	at org.scalatest.Suite$$anonfun$runNestedSuites$1.apply(Suite.scala:1255)
	at scala.collection.IndexedSeqOptimized$class.foreach(IndexedSeqOptimized.scala:33)
	at scala.collection.mutable.ArrayOps$ofRef.foreach(ArrayOps.scala:186)
	at org.scalatest.Suite$class.runNestedSuites(Suite.scala:1255)
	at org.scalatest.Suites.runNestedSuites(Suites.scala:56)
	at org.scalatest.Suite$class.run(Suite.scala:1144)
	at org.scalatest.Suites.run(Suites.scala:56)
	at org.scalatest.tools.Framework.org$scalatest$tools$Framework$$runSuite(Framework.scala:314)
	at org.scalatest.tools.Framework$ScalaTestTask.execute(Framework.scala:472)
	at sbt.TestRunner.runTest$1(TestFramework.scala:76)
	at sbt.TestRunner.run(TestFramework.scala:85)
	at sbt.TestFramework$$anon$2$$anonfun$$init$$1$$anonfun$apply$8.apply(TestFramework.scala:202)
	at sbt.TestFramework$$anon$2$$anonfun$$init$$1$$anonfun$apply$8.apply(TestFramework.scala:202)
	at sbt.TestFramework$.sbt$TestFramework$$withContextLoader(TestFramework.scala:185)
	at sbt.TestFramework$$anon$2$$anonfun$$init$$1.apply(TestFramework.scala:202)
	at sbt.TestFramework$$anon$2$$anonfun$$init$$1.apply(TestFramework.scala:202)
	at sbt.TestFunction.apply(TestFramework.scala:207)
	at sbt.Tests$.sbt$Tests$$processRunnable$1(Tests.scala:239)
	at sbt.Tests$$anonfun$makeSerial$1.apply(Tests.scala:245)
	at sbt.Tests$$anonfun$makeSerial$1.apply(Tests.scala:245)
	at sbt.std.Transform$$anon$3$$anonfun$apply$2.apply(System.scala:44)
	at sbt.std.Transform$$anon$3$$anonfun$apply$2.apply(System.scala:44)
	at sbt.std.Transform$$anon$4.work(System.scala:63)
	at sbt.Execute$$anonfun$submit$1$$anonfun$apply$1.apply(Execute.scala:228)
	at sbt.Execute$$anonfun$submit$1$$anonfun$apply$1.apply(Execute.scala:228)
	at sbt.ErrorHandling$.wideConvert(ErrorHandling.scala:17)
	at sbt.Execute.work(Execute.scala:237)
	at sbt.Execute$$anonfun$submit$1.apply(Execute.scala:228)
	at sbt.Execute$$anonfun$submit$1.apply(Execute.scala:228)
	at sbt.ConcurrentRestrictions$$anon$4$$anonfun$1.apply(ConcurrentRestrictions.scala:159)
	at sbt.CompletionService$$anon$2.call(CompletionService.scala:28)
	at java.util.concurrent.FutureTask.run(FutureTask.java:266)
	at java.util.concurrent.Executors$RunnableAdapter.call(Executors.java:511)
	at java.util.concurrent.FutureTask.run(FutureTask.java:266)
	at java.util.concurrent.ThreadPoolExecutor.runWorker(ThreadPoolExecutor.java:1149)
	at java.util.concurrent.ThreadPoolExecutor$Worker.run(ThreadPoolExecutor.java:624)
	at java.lang.Thread.run(Thread.java:748)
</failure>
                                               </testcase><testcase classname="jsy.student.Lab1Suite" name="Lab1SpecRunner.deleteMin should remove the smallest value from a tree, and provide the resulting tree" time="0.0">
                                                 <failure message="an implementation is missing" type="scala.NotImplementedError">scala.NotImplementedError: an implementation is missing
	at scala.Predef$.$qmark$qmark$qmark(Predef.scala:230)
	at jsy.student.Lab1$.deleteMin(Lab1.scala:110)
	at jsy.student.Lab1Spec$$anonfun$15.apply(Lab1Spec.scala:180)
	at jsy.student.Lab1Spec$$anonfun$15.apply(Lab1Spec.scala:176)
	at org.scalatest.OutcomeOf$class.outcomeOf(OutcomeOf.scala:85)
	at org.scalatest.OutcomeOf$.outcomeOf(OutcomeOf.scala:104)
	at org.scalatest.Transformer.apply(Transformer.scala:22)
	at org.scalatest.Transformer.apply(Transformer.scala:20)
	at org.scalatest.FlatSpecLike$$anon$1.apply(FlatSpecLike.scala:1682)
	at org.scalatest.TestSuite$class.withFixture(TestSuite.scala:196)
	at org.scalatest.FlatSpec.withFixture(FlatSpec.scala:1685)
	at org.scalatest.FlatSpecLike$class.invokeWithFixture$1(FlatSpecLike.scala:1679)
	at org.scalatest.FlatSpecLike$$anonfun$runTest$1.apply(FlatSpecLike.scala:1692)
	at org.scalatest.FlatSpecLike$$anonfun$runTest$1.apply(FlatSpecLike.scala:1692)
	at org.scalatest.SuperEngine.runTestImpl(Engine.scala:289)
	at org.scalatest.FlatSpecLike$class.runTest(FlatSpecLike.scala:1692)
	at org.scalatest.FlatSpec.runTest(FlatSpec.scala:1685)
	at org.scalatest.FlatSpecLike$$anonfun$runTests$1.apply(FlatSpecLike.scala:1750)
	at org.scalatest.FlatSpecLike$$anonfun$runTests$1.apply(FlatSpecLike.scala:1750)
	at org.scalatest.SuperEngine$$anonfun$traverseSubNodes$1$1.apply(Engine.scala:396)
	at org.scalatest.SuperEngine$$anonfun$traverseSubNodes$1$1.apply(Engine.scala:384)
	at scala.collection.immutable.List.foreach(List.scala:381)
	at org.scalatest.SuperEngine.traverseSubNodes$1(Engine.scala:384)
	at org.scalatest.SuperEngine.org$scalatest$SuperEngine$$runTestsInBranch(Engine.scala:373)
	at org.scalatest.SuperEngine$$anonfun$traverseSubNodes$1$1.apply(Engine.scala:410)
	at org.scalatest.SuperEngine$$anonfun$traverseSubNodes$1$1.apply(Engine.scala:384)
	at scala.collection.immutable.List.foreach(List.scala:381)
	at org.scalatest.SuperEngine.traverseSubNodes$1(Engine.scala:384)
	at org.scalatest.SuperEngine.org$scalatest$SuperEngine$$runTestsInBranch(Engine.scala:379)
	at org.scalatest.SuperEngine.runTestsImpl(Engine.scala:461)
	at org.scalatest.FlatSpecLike$class.runTests(FlatSpecLike.scala:1750)
	at org.scalatest.FlatSpec.runTests(FlatSpec.scala:1685)
	at org.scalatest.Suite$class.run(Suite.scala:1147)
	at org.scalatest.FlatSpec.org$scalatest$FlatSpecLike$$super$run(FlatSpec.scala:1685)
	at org.scalatest.FlatSpecLike$$anonfun$run$1.apply(FlatSpecLike.scala:1795)
	at org.scalatest.FlatSpecLike$$anonfun$run$1.apply(FlatSpecLike.scala:1795)
	at org.scalatest.SuperEngine.runImpl(Engine.scala:521)
	at org.scalatest.FlatSpecLike$class.run(FlatSpecLike.scala:1795)
	at org.scalatest.FlatSpec.run(FlatSpec.scala:1685)
	at org.scalatest.Suite$class.callExecuteOnSuite$1(Suite.scala:1210)
	at org.scalatest.Suite$$anonfun$runNestedSuites$1.apply(Suite.scala:1257)
	at org.scalatest.Suite$$anonfun$runNestedSuites$1.apply(Suite.scala:1255)
	at scala.collection.IndexedSeqOptimized$class.foreach(IndexedSeqOptimized.scala:33)
	at scala.collection.mutable.ArrayOps$ofRef.foreach(ArrayOps.scala:186)
	at org.scalatest.Suite$class.runNestedSuites(Suite.scala:1255)
	at org.scalatest.Suites.runNestedSuites(Suites.scala:56)
	at org.scalatest.Suite$class.run(Suite.scala:1144)
	at org.scalatest.Suites.run(Suites.scala:56)
	at org.scalatest.tools.Framework.org$scalatest$tools$Framework$$runSuite(Framework.scala:314)
	at org.scalatest.tools.Framework$ScalaTestTask.execute(Framework.scala:472)
	at sbt.TestRunner.runTest$1(TestFramework.scala:76)
	at sbt.TestRunner.run(TestFramework.scala:85)
	at sbt.TestFramework$$anon$2$$anonfun$$init$$1$$anonfun$apply$8.apply(TestFramework.scala:202)
	at sbt.TestFramework$$anon$2$$anonfun$$init$$1$$anonfun$apply$8.apply(TestFramework.scala:202)
	at sbt.TestFramework$.sbt$TestFramework$$withContextLoader(TestFramework.scala:185)
	at sbt.TestFramework$$anon$2$$anonfun$$init$$1.apply(TestFramework.scala:202)
	at sbt.TestFramework$$anon$2$$anonfun$$init$$1.apply(TestFramework.scala:202)
	at sbt.TestFunction.apply(TestFramework.scala:207)
	at sbt.Tests$.sbt$Tests$$processRunnable$1(Tests.scala:239)
	at sbt.Tests$$anonfun$makeSerial$1.apply(Tests.scala:245)
	at sbt.Tests$$anonfun$makeSerial$1.apply(Tests.scala:245)
	at sbt.std.Transform$$anon$3$$anonfun$apply$2.apply(System.scala:44)
	at sbt.std.Transform$$anon$3$$anonfun$apply$2.apply(System.scala:44)
	at sbt.std.Transform$$anon$4.work(System.scala:63)
	at sbt.Execute$$anonfun$submit$1$$anonfun$apply$1.apply(Execute.scala:228)
	at sbt.Execute$$anonfun$submit$1$$anonfun$apply$1.apply(Execute.scala:228)
	at sbt.ErrorHandling$.wideConvert(ErrorHandling.scala:17)
	at sbt.Execute.work(Execute.scala:237)
	at sbt.Execute$$anonfun$submit$1.apply(Execute.scala:228)
	at sbt.Execute$$anonfun$submit$1.apply(Execute.scala:228)
	at sbt.ConcurrentRestrictions$$anon$4$$anonfun$1.apply(ConcurrentRestrictions.scala:159)
	at sbt.CompletionService$$anon$2.call(CompletionService.scala:28)
	at java.util.concurrent.FutureTask.run(FutureTask.java:266)
	at java.util.concurrent.Executors$RunnableAdapter.call(Executors.java:511)
	at java.util.concurrent.FutureTask.run(FutureTask.java:266)
	at java.util.concurrent.ThreadPoolExecutor.runWorker(ThreadPoolExecutor.java:1149)
	at java.util.concurrent.ThreadPoolExecutor$Worker.run(ThreadPoolExecutor.java:624)
	at java.lang.Thread.run(Thread.java:748)
</failure>
                                               </testcase><testcase classname="jsy.student.Lab1Suite" name="Lab1SpecRunner.delete should remove a given value from a tree, if present" time="0.0">
                                                 <failure message="an implementation is missing" type="scala.NotImplementedError">scala.NotImplementedError: an implementation is missing
	at scala.Predef$.$qmark$qmark$qmark(Predef.scala:230)
	at jsy.student.Lab1$.delete(Lab1.scala:114)
	at jsy.student.Lab1Spec$$anonfun$16.apply(Lab1Spec.scala:186)
	at jsy.student.Lab1Spec$$anonfun$16.apply(Lab1Spec.scala:185)
	at org.scalatest.OutcomeOf$class.outcomeOf(OutcomeOf.scala:85)
	at org.scalatest.OutcomeOf$.outcomeOf(OutcomeOf.scala:104)
	at org.scalatest.Transformer.apply(Transformer.scala:22)
	at org.scalatest.Transformer.apply(Transformer.scala:20)
	at org.scalatest.FlatSpecLike$$anon$1.apply(FlatSpecLike.scala:1682)
	at org.scalatest.TestSuite$class.withFixture(TestSuite.scala:196)
	at org.scalatest.FlatSpec.withFixture(FlatSpec.scala:1685)
	at org.scalatest.FlatSpecLike$class.invokeWithFixture$1(FlatSpecLike.scala:1679)
	at org.scalatest.FlatSpecLike$$anonfun$runTest$1.apply(FlatSpecLike.scala:1692)
	at org.scalatest.FlatSpecLike$$anonfun$runTest$1.apply(FlatSpecLike.scala:1692)
	at org.scalatest.SuperEngine.runTestImpl(Engine.scala:289)
	at org.scalatest.FlatSpecLike$class.runTest(FlatSpecLike.scala:1692)
	at org.scalatest.FlatSpec.runTest(FlatSpec.scala:1685)
	at org.scalatest.FlatSpecLike$$anonfun$runTests$1.apply(FlatSpecLike.scala:1750)
	at org.scalatest.FlatSpecLike$$anonfun$runTests$1.apply(FlatSpecLike.scala:1750)
	at org.scalatest.SuperEngine$$anonfun$traverseSubNodes$1$1.apply(Engine.scala:396)
	at org.scalatest.SuperEngine$$anonfun$traverseSubNodes$1$1.apply(Engine.scala:384)
	at scala.collection.immutable.List.foreach(List.scala:381)
	at org.scalatest.SuperEngine.traverseSubNodes$1(Engine.scala:384)
	at org.scalatest.SuperEngine.org$scalatest$SuperEngine$$runTestsInBranch(Engine.scala:373)
	at org.scalatest.SuperEngine$$anonfun$traverseSubNodes$1$1.apply(Engine.scala:410)
	at org.scalatest.SuperEngine$$anonfun$traverseSubNodes$1$1.apply(Engine.scala:384)
	at scala.collection.immutable.List.foreach(List.scala:381)
	at org.scalatest.SuperEngine.traverseSubNodes$1(Engine.scala:384)
	at org.scalatest.SuperEngine.org$scalatest$SuperEngine$$runTestsInBranch(Engine.scala:379)
	at org.scalatest.SuperEngine.runTestsImpl(Engine.scala:461)
	at org.scalatest.FlatSpecLike$class.runTests(FlatSpecLike.scala:1750)
	at org.scalatest.FlatSpec.runTests(FlatSpec.scala:1685)
	at org.scalatest.Suite$class.run(Suite.scala:1147)
	at org.scalatest.FlatSpec.org$scalatest$FlatSpecLike$$super$run(FlatSpec.scala:1685)
	at org.scalatest.FlatSpecLike$$anonfun$run$1.apply(FlatSpecLike.scala:1795)
	at org.scalatest.FlatSpecLike$$anonfun$run$1.apply(FlatSpecLike.scala:1795)
	at org.scalatest.SuperEngine.runImpl(Engine.scala:521)
	at org.scalatest.FlatSpecLike$class.run(FlatSpecLike.scala:1795)
	at org.scalatest.FlatSpec.run(FlatSpec.scala:1685)
	at org.scalatest.Suite$class.callExecuteOnSuite$1(Suite.scala:1210)
	at org.scalatest.Suite$$anonfun$runNestedSuites$1.apply(Suite.scala:1257)
	at org.scalatest.Suite$$anonfun$runNestedSuites$1.apply(Suite.scala:1255)
	at scala.collection.IndexedSeqOptimized$class.foreach(IndexedSeqOptimized.scala:33)
	at scala.collection.mutable.ArrayOps$ofRef.foreach(ArrayOps.scala:186)
	at org.scalatest.Suite$class.runNestedSuites(Suite.scala:1255)
	at org.scalatest.Suites.runNestedSuites(Suites.scala:56)
	at org.scalatest.Suite$class.run(Suite.scala:1144)
	at org.scalatest.Suites.run(Suites.scala:56)
	at org.scalatest.tools.Framework.org$scalatest$tools$Framework$$runSuite(Framework.scala:314)
	at org.scalatest.tools.Framework$ScalaTestTask.execute(Framework.scala:472)
	at sbt.TestRunner.runTest$1(TestFramework.scala:76)
	at sbt.TestRunner.run(TestFramework.scala:85)
	at sbt.TestFramework$$anon$2$$anonfun$$init$$1$$anonfun$apply$8.apply(TestFramework.scala:202)
	at sbt.TestFramework$$anon$2$$anonfun$$init$$1$$anonfun$apply$8.apply(TestFramework.scala:202)
	at sbt.TestFramework$.sbt$TestFramework$$withContextLoader(TestFramework.scala:185)
	at sbt.TestFramework$$anon$2$$anonfun$$init$$1.apply(TestFramework.scala:202)
	at sbt.TestFramework$$anon$2$$anonfun$$init$$1.apply(TestFramework.scala:202)
	at sbt.TestFunction.apply(TestFramework.scala:207)
	at sbt.Tests$.sbt$Tests$$processRunnable$1(Tests.scala:239)
	at sbt.Tests$$anonfun$makeSerial$1.apply(Tests.scala:245)
	at sbt.Tests$$anonfun$makeSerial$1.apply(Tests.scala:245)
	at sbt.std.Transform$$anon$3$$anonfun$apply$2.apply(System.scala:44)
	at sbt.std.Transform$$anon$3$$anonfun$apply$2.apply(System.scala:44)
	at sbt.std.Transform$$anon$4.work(System.scala:63)
	at sbt.Execute$$anonfun$submit$1$$anonfun$apply$1.apply(Execute.scala:228)
	at sbt.Execute$$anonfun$submit$1$$anonfun$apply$1.apply(Execute.scala:228)
	at sbt.ErrorHandling$.wideConvert(ErrorHandling.scala:17)
	at sbt.Execute.work(Execute.scala:237)
	at sbt.Execute$$anonfun$submit$1.apply(Execute.scala:228)
	at sbt.Execute$$anonfun$submit$1.apply(Execute.scala:228)
	at sbt.ConcurrentRestrictions$$anon$4$$anonfun$1.apply(ConcurrentRestrictions.scala:159)
	at sbt.CompletionService$$anon$2.call(CompletionService.scala:28)
	at java.util.concurrent.FutureTask.run(FutureTask.java:266)
	at java.util.concurrent.Executors$RunnableAdapter.call(Executors.java:511)
	at java.util.concurrent.FutureTask.run(FutureTask.java:266)
	at java.util.concurrent.ThreadPoolExecutor.runWorker(ThreadPoolExecutor.java:1149)
	at java.util.concurrent.ThreadPoolExecutor$Worker.run(ThreadPoolExecutor.java:624)
	at java.lang.Thread.run(Thread.java:748)
</failure>
                                               </testcase><testcase classname="jsy.student.Lab1Suite" name="Lab1SpecRunner.insert should produce trees that satisfy repOk" time="0.0">
                                                 <failure message="an implementation is missing" type="scala.NotImplementedError">scala.NotImplementedError: an implementation is missing
	at scala.Predef$.$qmark$qmark$qmark(Predef.scala:230)
	at jsy.student.Lab1$.insert(Lab1.scala:102)
	at jsy.student.Lab1Spec$$anonfun$treeFromList$1.apply(Lab1Spec.scala:202)
	at jsy.student.Lab1Spec$$anonfun$treeFromList$1.apply(Lab1Spec.scala:202)
	at scala.collection.LinearSeqOptimized$class.foldLeft(LinearSeqOptimized.scala:124)
	at scala.collection.immutable.List.foldLeft(List.scala:84)
	at scala.collection.TraversableOnce$class.$div$colon(TraversableOnce.scala:151)
	at scala.collection.AbstractTraversable.$div$colon(Traversable.scala:104)
	at jsy.student.Lab1Spec.treeFromList(Lab1Spec.scala:202)
	at jsy.student.Lab1Spec$$anonfun$17.apply(Lab1Spec.scala:205)
	at jsy.student.Lab1Spec$$anonfun$17.apply(Lab1Spec.scala:204)
	at org.scalatest.OutcomeOf$class.outcomeOf(OutcomeOf.scala:85)
	at org.scalatest.OutcomeOf$.outcomeOf(OutcomeOf.scala:104)
	at org.scalatest.Transformer.apply(Transformer.scala:22)
	at org.scalatest.Transformer.apply(Transformer.scala:20)
	at org.scalatest.FlatSpecLike$$anon$1.apply(FlatSpecLike.scala:1682)
	at org.scalatest.TestSuite$class.withFixture(TestSuite.scala:196)
	at org.scalatest.FlatSpec.withFixture(FlatSpec.scala:1685)
	at org.scalatest.FlatSpecLike$class.invokeWithFixture$1(FlatSpecLike.scala:1679)
	at org.scalatest.FlatSpecLike$$anonfun$runTest$1.apply(FlatSpecLike.scala:1692)
	at org.scalatest.FlatSpecLike$$anonfun$runTest$1.apply(FlatSpecLike.scala:1692)
	at org.scalatest.SuperEngine.runTestImpl(Engine.scala:289)
	at org.scalatest.FlatSpecLike$class.runTest(FlatSpecLike.scala:1692)
	at org.scalatest.FlatSpec.runTest(FlatSpec.scala:1685)
	at org.scalatest.FlatSpecLike$$anonfun$runTests$1.apply(FlatSpecLike.scala:1750)
	at org.scalatest.FlatSpecLike$$anonfun$runTests$1.apply(FlatSpecLike.scala:1750)
	at org.scalatest.SuperEngine$$anonfun$traverseSubNodes$1$1.apply(Engine.scala:396)
	at org.scalatest.SuperEngine$$anonfun$traverseSubNodes$1$1.apply(Engine.scala:384)
	at scala.collection.immutable.List.foreach(List.scala:381)
	at org.scalatest.SuperEngine.traverseSubNodes$1(Engine.scala:384)
	at org.scalatest.SuperEngine.org$scalatest$SuperEngine$$runTestsInBranch(Engine.scala:373)
	at org.scalatest.SuperEngine$$anonfun$traverseSubNodes$1$1.apply(Engine.scala:410)
	at org.scalatest.SuperEngine$$anonfun$traverseSubNodes$1$1.apply(Engine.scala:384)
	at scala.collection.immutable.List.foreach(List.scala:381)
	at org.scalatest.SuperEngine.traverseSubNodes$1(Engine.scala:384)
	at org.scalatest.SuperEngine.org$scalatest$SuperEngine$$runTestsInBranch(Engine.scala:379)
	at org.scalatest.SuperEngine.runTestsImpl(Engine.scala:461)
	at org.scalatest.FlatSpecLike$class.runTests(FlatSpecLike.scala:1750)
	at org.scalatest.FlatSpec.runTests(FlatSpec.scala:1685)
	at org.scalatest.Suite$class.run(Suite.scala:1147)
	at org.scalatest.FlatSpec.org$scalatest$FlatSpecLike$$super$run(FlatSpec.scala:1685)
	at org.scalatest.FlatSpecLike$$anonfun$run$1.apply(FlatSpecLike.scala:1795)
	at org.scalatest.FlatSpecLike$$anonfun$run$1.apply(FlatSpecLike.scala:1795)
	at org.scalatest.SuperEngine.runImpl(Engine.scala:521)
	at org.scalatest.FlatSpecLike$class.run(FlatSpecLike.scala:1795)
	at org.scalatest.FlatSpec.run(FlatSpec.scala:1685)
	at org.scalatest.Suite$class.callExecuteOnSuite$1(Suite.scala:1210)
	at org.scalatest.Suite$$anonfun$runNestedSuites$1.apply(Suite.scala:1257)
	at org.scalatest.Suite$$anonfun$runNestedSuites$1.apply(Suite.scala:1255)
	at scala.collection.IndexedSeqOptimized$class.foreach(IndexedSeqOptimized.scala:33)
	at scala.collection.mutable.ArrayOps$ofRef.foreach(ArrayOps.scala:186)
	at org.scalatest.Suite$class.runNestedSuites(Suite.scala:1255)
	at org.scalatest.Suites.runNestedSuites(Suites.scala:56)
	at org.scalatest.Suite$class.run(Suite.scala:1144)
	at org.scalatest.Suites.run(Suites.scala:56)
	at org.scalatest.tools.Framework.org$scalatest$tools$Framework$$runSuite(Framework.scala:314)
	at org.scalatest.tools.Framework$ScalaTestTask.execute(Framework.scala:472)
	at sbt.TestRunner.runTest$1(TestFramework.scala:76)
	at sbt.TestRunner.run(TestFramework.scala:85)
	at sbt.TestFramework$$anon$2$$anonfun$$init$$1$$anonfun$apply$8.apply(TestFramework.scala:202)
	at sbt.TestFramework$$anon$2$$anonfun$$init$$1$$anonfun$apply$8.apply(TestFramework.scala:202)
	at sbt.TestFramework$.sbt$TestFramework$$withContextLoader(TestFramework.scala:185)
	at sbt.TestFramework$$anon$2$$anonfun$$init$$1.apply(TestFramework.scala:202)
	at sbt.TestFramework$$anon$2$$anonfun$$init$$1.apply(TestFramework.scala:202)
	at sbt.TestFunction.apply(TestFramework.scala:207)
	at sbt.Tests$.sbt$Tests$$processRunnable$1(Tests.scala:239)
	at sbt.Tests$$anonfun$makeSerial$1.apply(Tests.scala:245)
	at sbt.Tests$$anonfun$makeSerial$1.apply(Tests.scala:245)
	at sbt.std.Transform$$anon$3$$anonfun$apply$2.apply(System.scala:44)
	at sbt.std.Transform$$anon$3$$anonfun$apply$2.apply(System.scala:44)
	at sbt.std.Transform$$anon$4.work(System.scala:63)
	at sbt.Execute$$anonfun$submit$1$$anonfun$apply$1.apply(Execute.scala:228)
	at sbt.Execute$$anonfun$submit$1$$anonfun$apply$1.apply(Execute.scala:228)
	at sbt.ErrorHandling$.wideConvert(ErrorHandling.scala:17)
	at sbt.Execute.work(Execute.scala:237)
	at sbt.Execute$$anonfun$submit$1.apply(Execute.scala:228)
	at sbt.Execute$$anonfun$submit$1.apply(Execute.scala:228)
	at sbt.ConcurrentRestrictions$$anon$4$$anonfun$1.apply(ConcurrentRestrictions.scala:159)
	at sbt.CompletionService$$anon$2.call(CompletionService.scala:28)
	at java.util.concurrent.FutureTask.run(FutureTask.java:266)
	at java.util.concurrent.Executors$RunnableAdapter.call(Executors.java:511)
	at java.util.concurrent.FutureTask.run(FutureTask.java:266)
	at java.util.concurrent.ThreadPoolExecutor.runWorker(ThreadPoolExecutor.java:1149)
	at java.util.concurrent.ThreadPoolExecutor$Worker.run(ThreadPoolExecutor.java:624)
	at java.lang.Thread.run(Thread.java:748)
</failure>
                                               </testcase><testcase classname="jsy.student.Lab1Suite" name="Lab1SpecRunner.insert-delete should produce tress that satisfy repOk" time="0.0">
                                                 <failure message="an implementation is missing" type="scala.NotImplementedError">scala.NotImplementedError: an implementation is missing
	at scala.Predef$.$qmark$qmark$qmark(Predef.scala:230)
	at jsy.student.Lab1$.insert(Lab1.scala:102)
	at jsy.student.Lab1Spec$$anonfun$18$$anonfun$19$$anonfun$apply$5.apply(Lab1Spec.scala:212)
	at jsy.student.Lab1Spec$$anonfun$18$$anonfun$19$$anonfun$apply$5.apply(Lab1Spec.scala:212)
	at jsy.student.Lab1Spec$$anonfun$18$$anonfun$apply$7.apply(Lab1Spec.scala:216)
	at jsy.student.Lab1Spec$$anonfun$18$$anonfun$apply$7.apply(Lab1Spec.scala:215)
	at scala.collection.LinearSeqOptimized$class.foldLeft(LinearSeqOptimized.scala:124)
	at scala.collection.immutable.List.foldLeft(List.scala:84)
	at scala.collection.TraversableOnce$class.$div$colon(TraversableOnce.scala:151)
	at scala.collection.AbstractTraversable.$div$colon(Traversable.scala:104)
	at jsy.student.Lab1Spec$$anonfun$18.apply(Lab1Spec.scala:214)
	at jsy.student.Lab1Spec$$anonfun$18.apply(Lab1Spec.scala:211)
	at org.scalatest.OutcomeOf$class.outcomeOf(OutcomeOf.scala:85)
	at org.scalatest.OutcomeOf$.outcomeOf(OutcomeOf.scala:104)
	at org.scalatest.Transformer.apply(Transformer.scala:22)
	at org.scalatest.Transformer.apply(Transformer.scala:20)
	at org.scalatest.FlatSpecLike$$anon$1.apply(FlatSpecLike.scala:1682)
	at org.scalatest.TestSuite$class.withFixture(TestSuite.scala:196)
	at org.scalatest.FlatSpec.withFixture(FlatSpec.scala:1685)
	at org.scalatest.FlatSpecLike$class.invokeWithFixture$1(FlatSpecLike.scala:1679)
	at org.scalatest.FlatSpecLike$$anonfun$runTest$1.apply(FlatSpecLike.scala:1692)
	at org.scalatest.FlatSpecLike$$anonfun$runTest$1.apply(FlatSpecLike.scala:1692)
	at org.scalatest.SuperEngine.runTestImpl(Engine.scala:289)
	at org.scalatest.FlatSpecLike$class.runTest(FlatSpecLike.scala:1692)
	at org.scalatest.FlatSpec.runTest(FlatSpec.scala:1685)
	at org.scalatest.FlatSpecLike$$anonfun$runTests$1.apply(FlatSpecLike.scala:1750)
	at org.scalatest.FlatSpecLike$$anonfun$runTests$1.apply(FlatSpecLike.scala:1750)
	at org.scalatest.SuperEngine$$anonfun$traverseSubNodes$1$1.apply(Engine.scala:396)
	at org.scalatest.SuperEngine$$anonfun$traverseSubNodes$1$1.apply(Engine.scala:384)
	at scala.collection.immutable.List.foreach(List.scala:381)
	at org.scalatest.SuperEngine.traverseSubNodes$1(Engine.scala:384)
	at org.scalatest.SuperEngine.org$scalatest$SuperEngine$$runTestsInBranch(Engine.scala:373)
	at org.scalatest.SuperEngine$$anonfun$traverseSubNodes$1$1.apply(Engine.scala:410)
	at org.scalatest.SuperEngine$$anonfun$traverseSubNodes$1$1.apply(Engine.scala:384)
	at scala.collection.immutable.List.foreach(List.scala:381)
	at org.scalatest.SuperEngine.traverseSubNodes$1(Engine.scala:384)
	at org.scalatest.SuperEngine.org$scalatest$SuperEngine$$runTestsInBranch(Engine.scala:379)
	at org.scalatest.SuperEngine.runTestsImpl(Engine.scala:461)
	at org.scalatest.FlatSpecLike$class.runTests(FlatSpecLike.scala:1750)
	at org.scalatest.FlatSpec.runTests(FlatSpec.scala:1685)
	at org.scalatest.Suite$class.run(Suite.scala:1147)
	at org.scalatest.FlatSpec.org$scalatest$FlatSpecLike$$super$run(FlatSpec.scala:1685)
	at org.scalatest.FlatSpecLike$$anonfun$run$1.apply(FlatSpecLike.scala:1795)
	at org.scalatest.FlatSpecLike$$anonfun$run$1.apply(FlatSpecLike.scala:1795)
	at org.scalatest.SuperEngine.runImpl(Engine.scala:521)
	at org.scalatest.FlatSpecLike$class.run(FlatSpecLike.scala:1795)
	at org.scalatest.FlatSpec.run(FlatSpec.scala:1685)
	at org.scalatest.Suite$class.callExecuteOnSuite$1(Suite.scala:1210)
	at org.scalatest.Suite$$anonfun$runNestedSuites$1.apply(Suite.scala:1257)
	at org.scalatest.Suite$$anonfun$runNestedSuites$1.apply(Suite.scala:1255)
	at scala.collection.IndexedSeqOptimized$class.foreach(IndexedSeqOptimized.scala:33)
	at scala.collection.mutable.ArrayOps$ofRef.foreach(ArrayOps.scala:186)
	at org.scalatest.Suite$class.runNestedSuites(Suite.scala:1255)
	at org.scalatest.Suites.runNestedSuites(Suites.scala:56)
	at org.scalatest.Suite$class.run(Suite.scala:1144)
	at org.scalatest.Suites.run(Suites.scala:56)
	at org.scalatest.tools.Framework.org$scalatest$tools$Framework$$runSuite(Framework.scala:314)
	at org.scalatest.tools.Framework$ScalaTestTask.execute(Framework.scala:472)
	at sbt.TestRunner.runTest$1(TestFramework.scala:76)
	at sbt.TestRunner.run(TestFramework.scala:85)
	at sbt.TestFramework$$anon$2$$anonfun$$init$$1$$anonfun$apply$8.apply(TestFramework.scala:202)
	at sbt.TestFramework$$anon$2$$anonfun$$init$$1$$anonfun$apply$8.apply(TestFramework.scala:202)
	at sbt.TestFramework$.sbt$TestFramework$$withContextLoader(TestFramework.scala:185)
	at sbt.TestFramework$$anon$2$$anonfun$$init$$1.apply(TestFramework.scala:202)
	at sbt.TestFramework$$anon$2$$anonfun$$init$$1.apply(TestFramework.scala:202)
	at sbt.TestFunction.apply(TestFramework.scala:207)
	at sbt.Tests$.sbt$Tests$$processRunnable$1(Tests.scala:239)
	at sbt.Tests$$anonfun$makeSerial$1.apply(Tests.scala:245)
	at sbt.Tests$$anonfun$makeSerial$1.apply(Tests.scala:245)
	at sbt.std.Transform$$anon$3$$anonfun$apply$2.apply(System.scala:44)
	at sbt.std.Transform$$anon$3$$anonfun$apply$2.apply(System.scala:44)
	at sbt.std.Transform$$anon$4.work(System.scala:63)
	at sbt.Execute$$anonfun$submit$1$$anonfun$apply$1.apply(Execute.scala:228)
	at sbt.Execute$$anonfun$submit$1$$anonfun$apply$1.apply(Execute.scala:228)
	at sbt.ErrorHandling$.wideConvert(ErrorHandling.scala:17)
	at sbt.Execute.work(Execute.scala:237)
	at sbt.Execute$$anonfun$submit$1.apply(Execute.scala:228)
	at sbt.Execute$$anonfun$submit$1.apply(Execute.scala:228)
	at sbt.ConcurrentRestrictions$$anon$4$$anonfun$1.apply(ConcurrentRestrictions.scala:159)
	at sbt.CompletionService$$anon$2.call(CompletionService.scala:28)
	at java.util.concurrent.FutureTask.run(FutureTask.java:266)
	at java.util.concurrent.Executors$RunnableAdapter.call(Executors.java:511)
	at java.util.concurrent.FutureTask.run(FutureTask.java:266)
	at java.util.concurrent.ThreadPoolExecutor.runWorker(ThreadPoolExecutor.java:1149)
	at java.util.concurrent.ThreadPoolExecutor$Worker.run(ThreadPoolExecutor.java:624)
	at java.lang.Thread.run(Thread.java:748)
</failure>
                                               </testcase><testcase classname="jsy.student.Lab1Suite" name="Lab1SpecRunner.eval+ should perform addition" time="0.001">
                                                 <failure message="an implementation is missing" type="scala.NotImplementedError">scala.NotImplementedError: an implementation is missing
	at scala.Predef$.$qmark$qmark$qmark(Predef.scala:230)
	at jsy.student.Lab1$.eval(Lab1.scala:120)
	at jsy.student.Lab1$.eval(Lab1.scala:125)
	at jsy.student.Lab1Spec$$anonfun$21.apply(Lab1Spec.scala:226)
	at jsy.student.Lab1Spec$$anonfun$21.apply(Lab1Spec.scala:226)
	at org.scalatest.OutcomeOf$class.outcomeOf(OutcomeOf.scala:85)
	at org.scalatest.OutcomeOf$.outcomeOf(OutcomeOf.scala:104)
	at org.scalatest.Transformer.apply(Transformer.scala:22)
	at org.scalatest.Transformer.apply(Transformer.scala:20)
	at org.scalatest.FlatSpecLike$$anon$1.apply(FlatSpecLike.scala:1682)
	at org.scalatest.TestSuite$class.withFixture(TestSuite.scala:196)
	at org.scalatest.FlatSpec.withFixture(FlatSpec.scala:1685)
	at org.scalatest.FlatSpecLike$class.invokeWithFixture$1(FlatSpecLike.scala:1679)
	at org.scalatest.FlatSpecLike$$anonfun$runTest$1.apply(FlatSpecLike.scala:1692)
	at org.scalatest.FlatSpecLike$$anonfun$runTest$1.apply(FlatSpecLike.scala:1692)
	at org.scalatest.SuperEngine.runTestImpl(Engine.scala:289)
	at org.scalatest.FlatSpecLike$class.runTest(FlatSpecLike.scala:1692)
	at org.scalatest.FlatSpec.runTest(FlatSpec.scala:1685)
	at org.scalatest.FlatSpecLike$$anonfun$runTests$1.apply(FlatSpecLike.scala:1750)
	at org.scalatest.FlatSpecLike$$anonfun$runTests$1.apply(FlatSpecLike.scala:1750)
	at org.scalatest.SuperEngine$$anonfun$traverseSubNodes$1$1.apply(Engine.scala:396)
	at org.scalatest.SuperEngine$$anonfun$traverseSubNodes$1$1.apply(Engine.scala:384)
	at scala.collection.immutable.List.foreach(List.scala:381)
	at org.scalatest.SuperEngine.traverseSubNodes$1(Engine.scala:384)
	at org.scalatest.SuperEngine.org$scalatest$SuperEngine$$runTestsInBranch(Engine.scala:373)
	at org.scalatest.SuperEngine$$anonfun$traverseSubNodes$1$1.apply(Engine.scala:410)
	at org.scalatest.SuperEngine$$anonfun$traverseSubNodes$1$1.apply(Engine.scala:384)
	at scala.collection.immutable.List.foreach(List.scala:381)
	at org.scalatest.SuperEngine.traverseSubNodes$1(Engine.scala:384)
	at org.scalatest.SuperEngine.org$scalatest$SuperEngine$$runTestsInBranch(Engine.scala:379)
	at org.scalatest.SuperEngine.runTestsImpl(Engine.scala:461)
	at org.scalatest.FlatSpecLike$class.runTests(FlatSpecLike.scala:1750)
	at org.scalatest.FlatSpec.runTests(FlatSpec.scala:1685)
	at org.scalatest.Suite$class.run(Suite.scala:1147)
	at org.scalatest.FlatSpec.org$scalatest$FlatSpecLike$$super$run(FlatSpec.scala:1685)
	at org.scalatest.FlatSpecLike$$anonfun$run$1.apply(FlatSpecLike.scala:1795)
	at org.scalatest.FlatSpecLike$$anonfun$run$1.apply(FlatSpecLike.scala:1795)
	at org.scalatest.SuperEngine.runImpl(Engine.scala:521)
	at org.scalatest.FlatSpecLike$class.run(FlatSpecLike.scala:1795)
	at org.scalatest.FlatSpec.run(FlatSpec.scala:1685)
	at org.scalatest.Suite$class.callExecuteOnSuite$1(Suite.scala:1210)
	at org.scalatest.Suite$$anonfun$runNestedSuites$1.apply(Suite.scala:1257)
	at org.scalatest.Suite$$anonfun$runNestedSuites$1.apply(Suite.scala:1255)
	at scala.collection.IndexedSeqOptimized$class.foreach(IndexedSeqOptimized.scala:33)
	at scala.collection.mutable.ArrayOps$ofRef.foreach(ArrayOps.scala:186)
	at org.scalatest.Suite$class.runNestedSuites(Suite.scala:1255)
	at org.scalatest.Suites.runNestedSuites(Suites.scala:56)
	at org.scalatest.Suite$class.run(Suite.scala:1144)
	at org.scalatest.Suites.run(Suites.scala:56)
	at org.scalatest.tools.Framework.org$scalatest$tools$Framework$$runSuite(Framework.scala:314)
	at org.scalatest.tools.Framework$ScalaTestTask.execute(Framework.scala:472)
	at sbt.TestRunner.runTest$1(TestFramework.scala:76)
	at sbt.TestRunner.run(TestFramework.scala:85)
	at sbt.TestFramework$$anon$2$$anonfun$$init$$1$$anonfun$apply$8.apply(TestFramework.scala:202)
	at sbt.TestFramework$$anon$2$$anonfun$$init$$1$$anonfun$apply$8.apply(TestFramework.scala:202)
	at sbt.TestFramework$.sbt$TestFramework$$withContextLoader(TestFramework.scala:185)
	at sbt.TestFramework$$anon$2$$anonfun$$init$$1.apply(TestFramework.scala:202)
	at sbt.TestFramework$$anon$2$$anonfun$$init$$1.apply(TestFramework.scala:202)
	at sbt.TestFunction.apply(TestFramework.scala:207)
	at sbt.Tests$.sbt$Tests$$processRunnable$1(Tests.scala:239)
	at sbt.Tests$$anonfun$makeSerial$1.apply(Tests.scala:245)
	at sbt.Tests$$anonfun$makeSerial$1.apply(Tests.scala:245)
	at sbt.std.Transform$$anon$3$$anonfun$apply$2.apply(System.scala:44)
	at sbt.std.Transform$$anon$3$$anonfun$apply$2.apply(System.scala:44)
	at sbt.std.Transform$$anon$4.work(System.scala:63)
	at sbt.Execute$$anonfun$submit$1$$anonfun$apply$1.apply(Execute.scala:228)
	at sbt.Execute$$anonfun$submit$1$$anonfun$apply$1.apply(Execute.scala:228)
	at sbt.ErrorHandling$.wideConvert(ErrorHandling.scala:17)
	at sbt.Execute.work(Execute.scala:237)
	at sbt.Execute$$anonfun$submit$1.apply(Execute.scala:228)
	at sbt.Execute$$anonfun$submit$1.apply(Execute.scala:228)
	at sbt.ConcurrentRestrictions$$anon$4$$anonfun$1.apply(ConcurrentRestrictions.scala:159)
	at sbt.CompletionService$$anon$2.call(CompletionService.scala:28)
	at java.util.concurrent.FutureTask.run(FutureTask.java:266)
	at java.util.concurrent.Executors$RunnableAdapter.call(Executors.java:511)
	at java.util.concurrent.FutureTask.run(FutureTask.java:266)
	at java.util.concurrent.ThreadPoolExecutor.runWorker(ThreadPoolExecutor.java:1149)
	at java.util.concurrent.ThreadPoolExecutor$Worker.run(ThreadPoolExecutor.java:624)
	at java.lang.Thread.run(Thread.java:748)
</failure>
                                               </testcase><testcase classname="jsy.student.Lab1Suite" name="Lab1SpecRunner.eval- should perform subtraction" time="0.001">
                                                 <failure message="an implementation is missing" type="scala.NotImplementedError">scala.NotImplementedError: an implementation is missing
	at scala.Predef$.$qmark$qmark$qmark(Predef.scala:230)
	at jsy.student.Lab1$.eval(Lab1.scala:120)
	at jsy.student.Lab1$.eval(Lab1.scala:125)
	at jsy.student.Lab1Spec$$anonfun$22.apply(Lab1Spec.scala:230)
	at jsy.student.Lab1Spec$$anonfun$22.apply(Lab1Spec.scala:230)
	at org.scalatest.OutcomeOf$class.outcomeOf(OutcomeOf.scala:85)
	at org.scalatest.OutcomeOf$.outcomeOf(OutcomeOf.scala:104)
	at org.scalatest.Transformer.apply(Transformer.scala:22)
	at org.scalatest.Transformer.apply(Transformer.scala:20)
	at org.scalatest.FlatSpecLike$$anon$1.apply(FlatSpecLike.scala:1682)
	at org.scalatest.TestSuite$class.withFixture(TestSuite.scala:196)
	at org.scalatest.FlatSpec.withFixture(FlatSpec.scala:1685)
	at org.scalatest.FlatSpecLike$class.invokeWithFixture$1(FlatSpecLike.scala:1679)
	at org.scalatest.FlatSpecLike$$anonfun$runTest$1.apply(FlatSpecLike.scala:1692)
	at org.scalatest.FlatSpecLike$$anonfun$runTest$1.apply(FlatSpecLike.scala:1692)
	at org.scalatest.SuperEngine.runTestImpl(Engine.scala:289)
	at org.scalatest.FlatSpecLike$class.runTest(FlatSpecLike.scala:1692)
	at org.scalatest.FlatSpec.runTest(FlatSpec.scala:1685)
	at org.scalatest.FlatSpecLike$$anonfun$runTests$1.apply(FlatSpecLike.scala:1750)
	at org.scalatest.FlatSpecLike$$anonfun$runTests$1.apply(FlatSpecLike.scala:1750)
	at org.scalatest.SuperEngine$$anonfun$traverseSubNodes$1$1.apply(Engine.scala:396)
	at org.scalatest.SuperEngine$$anonfun$traverseSubNodes$1$1.apply(Engine.scala:384)
	at scala.collection.immutable.List.foreach(List.scala:381)
	at org.scalatest.SuperEngine.traverseSubNodes$1(Engine.scala:384)
	at org.scalatest.SuperEngine.org$scalatest$SuperEngine$$runTestsInBranch(Engine.scala:373)
	at org.scalatest.SuperEngine$$anonfun$traverseSubNodes$1$1.apply(Engine.scala:410)
	at org.scalatest.SuperEngine$$anonfun$traverseSubNodes$1$1.apply(Engine.scala:384)
	at scala.collection.immutable.List.foreach(List.scala:381)
	at org.scalatest.SuperEngine.traverseSubNodes$1(Engine.scala:384)
	at org.scalatest.SuperEngine.org$scalatest$SuperEngine$$runTestsInBranch(Engine.scala:379)
	at org.scalatest.SuperEngine.runTestsImpl(Engine.scala:461)
	at org.scalatest.FlatSpecLike$class.runTests(FlatSpecLike.scala:1750)
	at org.scalatest.FlatSpec.runTests(FlatSpec.scala:1685)
	at org.scalatest.Suite$class.run(Suite.scala:1147)
	at org.scalatest.FlatSpec.org$scalatest$FlatSpecLike$$super$run(FlatSpec.scala:1685)
	at org.scalatest.FlatSpecLike$$anonfun$run$1.apply(FlatSpecLike.scala:1795)
	at org.scalatest.FlatSpecLike$$anonfun$run$1.apply(FlatSpecLike.scala:1795)
	at org.scalatest.SuperEngine.runImpl(Engine.scala:521)
	at org.scalatest.FlatSpecLike$class.run(FlatSpecLike.scala:1795)
	at org.scalatest.FlatSpec.run(FlatSpec.scala:1685)
	at org.scalatest.Suite$class.callExecuteOnSuite$1(Suite.scala:1210)
	at org.scalatest.Suite$$anonfun$runNestedSuites$1.apply(Suite.scala:1257)
	at org.scalatest.Suite$$anonfun$runNestedSuites$1.apply(Suite.scala:1255)
	at scala.collection.IndexedSeqOptimized$class.foreach(IndexedSeqOptimized.scala:33)
	at scala.collection.mutable.ArrayOps$ofRef.foreach(ArrayOps.scala:186)
	at org.scalatest.Suite$class.runNestedSuites(Suite.scala:1255)
	at org.scalatest.Suites.runNestedSuites(Suites.scala:56)
	at org.scalatest.Suite$class.run(Suite.scala:1144)
	at org.scalatest.Suites.run(Suites.scala:56)
	at org.scalatest.tools.Framework.org$scalatest$tools$Framework$$runSuite(Framework.scala:314)
	at org.scalatest.tools.Framework$ScalaTestTask.execute(Framework.scala:472)
	at sbt.TestRunner.runTest$1(TestFramework.scala:76)
	at sbt.TestRunner.run(TestFramework.scala:85)
	at sbt.TestFramework$$anon$2$$anonfun$$init$$1$$anonfun$apply$8.apply(TestFramework.scala:202)
	at sbt.TestFramework$$anon$2$$anonfun$$init$$1$$anonfun$apply$8.apply(TestFramework.scala:202)
	at sbt.TestFramework$.sbt$TestFramework$$withContextLoader(TestFramework.scala:185)
	at sbt.TestFramework$$anon$2$$anonfun$$init$$1.apply(TestFramework.scala:202)
	at sbt.TestFramework$$anon$2$$anonfun$$init$$1.apply(TestFramework.scala:202)
	at sbt.TestFunction.apply(TestFramework.scala:207)
	at sbt.Tests$.sbt$Tests$$processRunnable$1(Tests.scala:239)
	at sbt.Tests$$anonfun$makeSerial$1.apply(Tests.scala:245)
	at sbt.Tests$$anonfun$makeSerial$1.apply(Tests.scala:245)
	at sbt.std.Transform$$anon$3$$anonfun$apply$2.apply(System.scala:44)
	at sbt.std.Transform$$anon$3$$anonfun$apply$2.apply(System.scala:44)
	at sbt.std.Transform$$anon$4.work(System.scala:63)
	at sbt.Execute$$anonfun$submit$1$$anonfun$apply$1.apply(Execute.scala:228)
	at sbt.Execute$$anonfun$submit$1$$anonfun$apply$1.apply(Execute.scala:228)
	at sbt.ErrorHandling$.wideConvert(ErrorHandling.scala:17)
	at sbt.Execute.work(Execute.scala:237)
	at sbt.Execute$$anonfun$submit$1.apply(Execute.scala:228)
	at sbt.Execute$$anonfun$submit$1.apply(Execute.scala:228)
	at sbt.ConcurrentRestrictions$$anon$4$$anonfun$1.apply(ConcurrentRestrictions.scala:159)
	at sbt.CompletionService$$anon$2.call(CompletionService.scala:28)
	at java.util.concurrent.FutureTask.run(FutureTask.java:266)
	at java.util.concurrent.Executors$RunnableAdapter.call(Executors.java:511)
	at java.util.concurrent.FutureTask.run(FutureTask.java:266)
	at java.util.concurrent.ThreadPoolExecutor.runWorker(ThreadPoolExecutor.java:1149)
	at java.util.concurrent.ThreadPoolExecutor$Worker.run(ThreadPoolExecutor.java:624)
	at java.lang.Thread.run(Thread.java:748)
</failure>
                                               </testcase><testcase classname="jsy.student.Lab1Suite" name="Lab1SpecRunner.eval* should perform multiplication" time="0.001">
                                                 <failure message="an implementation is missing" type="scala.NotImplementedError">scala.NotImplementedError: an implementation is missing
	at scala.Predef$.$qmark$qmark$qmark(Predef.scala:230)
	at jsy.student.Lab1$.eval(Lab1.scala:120)
	at jsy.student.Lab1$.eval(Lab1.scala:125)
	at jsy.student.Lab1Spec$$anonfun$23.apply(Lab1Spec.scala:234)
	at jsy.student.Lab1Spec$$anonfun$23.apply(Lab1Spec.scala:234)
	at org.scalatest.OutcomeOf$class.outcomeOf(OutcomeOf.scala:85)
	at org.scalatest.OutcomeOf$.outcomeOf(OutcomeOf.scala:104)
	at org.scalatest.Transformer.apply(Transformer.scala:22)
	at org.scalatest.Transformer.apply(Transformer.scala:20)
	at org.scalatest.FlatSpecLike$$anon$1.apply(FlatSpecLike.scala:1682)
	at org.scalatest.TestSuite$class.withFixture(TestSuite.scala:196)
	at org.scalatest.FlatSpec.withFixture(FlatSpec.scala:1685)
	at org.scalatest.FlatSpecLike$class.invokeWithFixture$1(FlatSpecLike.scala:1679)
	at org.scalatest.FlatSpecLike$$anonfun$runTest$1.apply(FlatSpecLike.scala:1692)
	at org.scalatest.FlatSpecLike$$anonfun$runTest$1.apply(FlatSpecLike.scala:1692)
	at org.scalatest.SuperEngine.runTestImpl(Engine.scala:289)
	at org.scalatest.FlatSpecLike$class.runTest(FlatSpecLike.scala:1692)
	at org.scalatest.FlatSpec.runTest(FlatSpec.scala:1685)
	at org.scalatest.FlatSpecLike$$anonfun$runTests$1.apply(FlatSpecLike.scala:1750)
	at org.scalatest.FlatSpecLike$$anonfun$runTests$1.apply(FlatSpecLike.scala:1750)
	at org.scalatest.SuperEngine$$anonfun$traverseSubNodes$1$1.apply(Engine.scala:396)
	at org.scalatest.SuperEngine$$anonfun$traverseSubNodes$1$1.apply(Engine.scala:384)
	at scala.collection.immutable.List.foreach(List.scala:381)
	at org.scalatest.SuperEngine.traverseSubNodes$1(Engine.scala:384)
	at org.scalatest.SuperEngine.org$scalatest$SuperEngine$$runTestsInBranch(Engine.scala:373)
	at org.scalatest.SuperEngine$$anonfun$traverseSubNodes$1$1.apply(Engine.scala:410)
	at org.scalatest.SuperEngine$$anonfun$traverseSubNodes$1$1.apply(Engine.scala:384)
	at scala.collection.immutable.List.foreach(List.scala:381)
	at org.scalatest.SuperEngine.traverseSubNodes$1(Engine.scala:384)
	at org.scalatest.SuperEngine.org$scalatest$SuperEngine$$runTestsInBranch(Engine.scala:379)
	at org.scalatest.SuperEngine.runTestsImpl(Engine.scala:461)
	at org.scalatest.FlatSpecLike$class.runTests(FlatSpecLike.scala:1750)
	at org.scalatest.FlatSpec.runTests(FlatSpec.scala:1685)
	at org.scalatest.Suite$class.run(Suite.scala:1147)
	at org.scalatest.FlatSpec.org$scalatest$FlatSpecLike$$super$run(FlatSpec.scala:1685)
	at org.scalatest.FlatSpecLike$$anonfun$run$1.apply(FlatSpecLike.scala:1795)
	at org.scalatest.FlatSpecLike$$anonfun$run$1.apply(FlatSpecLike.scala:1795)
	at org.scalatest.SuperEngine.runImpl(Engine.scala:521)
	at org.scalatest.FlatSpecLike$class.run(FlatSpecLike.scala:1795)
	at org.scalatest.FlatSpec.run(FlatSpec.scala:1685)
	at org.scalatest.Suite$class.callExecuteOnSuite$1(Suite.scala:1210)
	at org.scalatest.Suite$$anonfun$runNestedSuites$1.apply(Suite.scala:1257)
	at org.scalatest.Suite$$anonfun$runNestedSuites$1.apply(Suite.scala:1255)
	at scala.collection.IndexedSeqOptimized$class.foreach(IndexedSeqOptimized.scala:33)
	at scala.collection.mutable.ArrayOps$ofRef.foreach(ArrayOps.scala:186)
	at org.scalatest.Suite$class.runNestedSuites(Suite.scala:1255)
	at org.scalatest.Suites.runNestedSuites(Suites.scala:56)
	at org.scalatest.Suite$class.run(Suite.scala:1144)
	at org.scalatest.Suites.run(Suites.scala:56)
	at org.scalatest.tools.Framework.org$scalatest$tools$Framework$$runSuite(Framework.scala:314)
	at org.scalatest.tools.Framework$ScalaTestTask.execute(Framework.scala:472)
	at sbt.TestRunner.runTest$1(TestFramework.scala:76)
	at sbt.TestRunner.run(TestFramework.scala:85)
	at sbt.TestFramework$$anon$2$$anonfun$$init$$1$$anonfun$apply$8.apply(TestFramework.scala:202)
	at sbt.TestFramework$$anon$2$$anonfun$$init$$1$$anonfun$apply$8.apply(TestFramework.scala:202)
	at sbt.TestFramework$.sbt$TestFramework$$withContextLoader(TestFramework.scala:185)
	at sbt.TestFramework$$anon$2$$anonfun$$init$$1.apply(TestFramework.scala:202)
	at sbt.TestFramework$$anon$2$$anonfun$$init$$1.apply(TestFramework.scala:202)
	at sbt.TestFunction.apply(TestFramework.scala:207)
	at sbt.Tests$.sbt$Tests$$processRunnable$1(Tests.scala:239)
	at sbt.Tests$$anonfun$makeSerial$1.apply(Tests.scala:245)
	at sbt.Tests$$anonfun$makeSerial$1.apply(Tests.scala:245)
	at sbt.std.Transform$$anon$3$$anonfun$apply$2.apply(System.scala:44)
	at sbt.std.Transform$$anon$3$$anonfun$apply$2.apply(System.scala:44)
	at sbt.std.Transform$$anon$4.work(System.scala:63)
	at sbt.Execute$$anonfun$submit$1$$anonfun$apply$1.apply(Execute.scala:228)
	at sbt.Execute$$anonfun$submit$1$$anonfun$apply$1.apply(Execute.scala:228)
	at sbt.ErrorHandling$.wideConvert(ErrorHandling.scala:17)
	at sbt.Execute.work(Execute.scala:237)
	at sbt.Execute$$anonfun$submit$1.apply(Execute.scala:228)
	at sbt.Execute$$anonfun$submit$1.apply(Execute.scala:228)
	at sbt.ConcurrentRestrictions$$anon$4$$anonfun$1.apply(ConcurrentRestrictions.scala:159)
	at sbt.CompletionService$$anon$2.call(CompletionService.scala:28)
	at java.util.concurrent.FutureTask.run(FutureTask.java:266)
	at java.util.concurrent.Executors$RunnableAdapter.call(Executors.java:511)
	at java.util.concurrent.FutureTask.run(FutureTask.java:266)
	at java.util.concurrent.ThreadPoolExecutor.runWorker(ThreadPoolExecutor.java:1149)
	at java.util.concurrent.ThreadPoolExecutor$Worker.run(ThreadPoolExecutor.java:624)
	at java.lang.Thread.run(Thread.java:748)
</failure>
                                               </testcase><testcase classname="jsy.student.Lab1Suite" name="Lab1SpecRunner.eval/ should perform division" time="0.001">
                                                 <failure message="an implementation is missing" type="scala.NotImplementedError">scala.NotImplementedError: an implementation is missing
	at scala.Predef$.$qmark$qmark$qmark(Predef.scala:230)
	at jsy.student.Lab1$.eval(Lab1.scala:120)
	at jsy.student.Lab1$.eval(Lab1.scala:125)
	at jsy.student.Lab1Spec$$anonfun$24.apply(Lab1Spec.scala:238)
	at jsy.student.Lab1Spec$$anonfun$24.apply(Lab1Spec.scala:238)
	at org.scalatest.OutcomeOf$class.outcomeOf(OutcomeOf.scala:85)
	at org.scalatest.OutcomeOf$.outcomeOf(OutcomeOf.scala:104)
	at org.scalatest.Transformer.apply(Transformer.scala:22)
	at org.scalatest.Transformer.apply(Transformer.scala:20)
	at org.scalatest.FlatSpecLike$$anon$1.apply(FlatSpecLike.scala:1682)
	at org.scalatest.TestSuite$class.withFixture(TestSuite.scala:196)
	at org.scalatest.FlatSpec.withFixture(FlatSpec.scala:1685)
	at org.scalatest.FlatSpecLike$class.invokeWithFixture$1(FlatSpecLike.scala:1679)
	at org.scalatest.FlatSpecLike$$anonfun$runTest$1.apply(FlatSpecLike.scala:1692)
	at org.scalatest.FlatSpecLike$$anonfun$runTest$1.apply(FlatSpecLike.scala:1692)
	at org.scalatest.SuperEngine.runTestImpl(Engine.scala:289)
	at org.scalatest.FlatSpecLike$class.runTest(FlatSpecLike.scala:1692)
	at org.scalatest.FlatSpec.runTest(FlatSpec.scala:1685)
	at org.scalatest.FlatSpecLike$$anonfun$runTests$1.apply(FlatSpecLike.scala:1750)
	at org.scalatest.FlatSpecLike$$anonfun$runTests$1.apply(FlatSpecLike.scala:1750)
	at org.scalatest.SuperEngine$$anonfun$traverseSubNodes$1$1.apply(Engine.scala:396)
	at org.scalatest.SuperEngine$$anonfun$traverseSubNodes$1$1.apply(Engine.scala:384)
	at scala.collection.immutable.List.foreach(List.scala:381)
	at org.scalatest.SuperEngine.traverseSubNodes$1(Engine.scala:384)
	at org.scalatest.SuperEngine.org$scalatest$SuperEngine$$runTestsInBranch(Engine.scala:373)
	at org.scalatest.SuperEngine$$anonfun$traverseSubNodes$1$1.apply(Engine.scala:410)
	at org.scalatest.SuperEngine$$anonfun$traverseSubNodes$1$1.apply(Engine.scala:384)
	at scala.collection.immutable.List.foreach(List.scala:381)
	at org.scalatest.SuperEngine.traverseSubNodes$1(Engine.scala:384)
	at org.scalatest.SuperEngine.org$scalatest$SuperEngine$$runTestsInBranch(Engine.scala:379)
	at org.scalatest.SuperEngine.runTestsImpl(Engine.scala:461)
	at org.scalatest.FlatSpecLike$class.runTests(FlatSpecLike.scala:1750)
	at org.scalatest.FlatSpec.runTests(FlatSpec.scala:1685)
	at org.scalatest.Suite$class.run(Suite.scala:1147)
	at org.scalatest.FlatSpec.org$scalatest$FlatSpecLike$$super$run(FlatSpec.scala:1685)
	at org.scalatest.FlatSpecLike$$anonfun$run$1.apply(FlatSpecLike.scala:1795)
	at org.scalatest.FlatSpecLike$$anonfun$run$1.apply(FlatSpecLike.scala:1795)
	at org.scalatest.SuperEngine.runImpl(Engine.scala:521)
	at org.scalatest.FlatSpecLike$class.run(FlatSpecLike.scala:1795)
	at org.scalatest.FlatSpec.run(FlatSpec.scala:1685)
	at org.scalatest.Suite$class.callExecuteOnSuite$1(Suite.scala:1210)
	at org.scalatest.Suite$$anonfun$runNestedSuites$1.apply(Suite.scala:1257)
	at org.scalatest.Suite$$anonfun$runNestedSuites$1.apply(Suite.scala:1255)
	at scala.collection.IndexedSeqOptimized$class.foreach(IndexedSeqOptimized.scala:33)
	at scala.collection.mutable.ArrayOps$ofRef.foreach(ArrayOps.scala:186)
	at org.scalatest.Suite$class.runNestedSuites(Suite.scala:1255)
	at org.scalatest.Suites.runNestedSuites(Suites.scala:56)
	at org.scalatest.Suite$class.run(Suite.scala:1144)
	at org.scalatest.Suites.run(Suites.scala:56)
	at org.scalatest.tools.Framework.org$scalatest$tools$Framework$$runSuite(Framework.scala:314)
	at org.scalatest.tools.Framework$ScalaTestTask.execute(Framework.scala:472)
	at sbt.TestRunner.runTest$1(TestFramework.scala:76)
	at sbt.TestRunner.run(TestFramework.scala:85)
	at sbt.TestFramework$$anon$2$$anonfun$$init$$1$$anonfun$apply$8.apply(TestFramework.scala:202)
	at sbt.TestFramework$$anon$2$$anonfun$$init$$1$$anonfun$apply$8.apply(TestFramework.scala:202)
	at sbt.TestFramework$.sbt$TestFramework$$withContextLoader(TestFramework.scala:185)
	at sbt.TestFramework$$anon$2$$anonfun$$init$$1.apply(TestFramework.scala:202)
	at sbt.TestFramework$$anon$2$$anonfun$$init$$1.apply(TestFramework.scala:202)
	at sbt.TestFunction.apply(TestFramework.scala:207)
	at sbt.Tests$.sbt$Tests$$processRunnable$1(Tests.scala:239)
	at sbt.Tests$$anonfun$makeSerial$1.apply(Tests.scala:245)
	at sbt.Tests$$anonfun$makeSerial$1.apply(Tests.scala:245)
	at sbt.std.Transform$$anon$3$$anonfun$apply$2.apply(System.scala:44)
	at sbt.std.Transform$$anon$3$$anonfun$apply$2.apply(System.scala:44)
	at sbt.std.Transform$$anon$4.work(System.scala:63)
	at sbt.Execute$$anonfun$submit$1$$anonfun$apply$1.apply(Execute.scala:228)
	at sbt.Execute$$anonfun$submit$1$$anonfun$apply$1.apply(Execute.scala:228)
	at sbt.ErrorHandling$.wideConvert(ErrorHandling.scala:17)
	at sbt.Execute.work(Execute.scala:237)
	at sbt.Execute$$anonfun$submit$1.apply(Execute.scala:228)
	at sbt.Execute$$anonfun$submit$1.apply(Execute.scala:228)
	at sbt.ConcurrentRestrictions$$anon$4$$anonfun$1.apply(ConcurrentRestrictions.scala:159)
	at sbt.CompletionService$$anon$2.call(CompletionService.scala:28)
	at java.util.concurrent.FutureTask.run(FutureTask.java:266)
	at java.util.concurrent.Executors$RunnableAdapter.call(Executors.java:511)
	at java.util.concurrent.FutureTask.run(FutureTask.java:266)
	at java.util.concurrent.ThreadPoolExecutor.runWorker(ThreadPoolExecutor.java:1149)
	at java.util.concurrent.ThreadPoolExecutor$Worker.run(ThreadPoolExecutor.java:624)
	at java.lang.Thread.run(Thread.java:748)
</failure>
                                               </testcase><testcase classname="jsy.student.Lab1Suite" name="Lab1SpecRunner.eval/0 should division by 0 should yield Infinity" time="0.001">
                                                 <failure message="an implementation is missing" type="scala.NotImplementedError">scala.NotImplementedError: an implementation is missing
	at scala.Predef$.$qmark$qmark$qmark(Predef.scala:230)
	at jsy.student.Lab1$.eval(Lab1.scala:120)
	at jsy.student.Lab1$.eval(Lab1.scala:125)
	at jsy.student.Lab1Spec$$anonfun$25.apply(Lab1Spec.scala:242)
	at jsy.student.Lab1Spec$$anonfun$25.apply(Lab1Spec.scala:241)
	at org.scalatest.OutcomeOf$class.outcomeOf(OutcomeOf.scala:85)
	at org.scalatest.OutcomeOf$.outcomeOf(OutcomeOf.scala:104)
	at org.scalatest.Transformer.apply(Transformer.scala:22)
	at org.scalatest.Transformer.apply(Transformer.scala:20)
	at org.scalatest.FlatSpecLike$$anon$1.apply(FlatSpecLike.scala:1682)
	at org.scalatest.TestSuite$class.withFixture(TestSuite.scala:196)
	at org.scalatest.FlatSpec.withFixture(FlatSpec.scala:1685)
	at org.scalatest.FlatSpecLike$class.invokeWithFixture$1(FlatSpecLike.scala:1679)
	at org.scalatest.FlatSpecLike$$anonfun$runTest$1.apply(FlatSpecLike.scala:1692)
	at org.scalatest.FlatSpecLike$$anonfun$runTest$1.apply(FlatSpecLike.scala:1692)
	at org.scalatest.SuperEngine.runTestImpl(Engine.scala:289)
	at org.scalatest.FlatSpecLike$class.runTest(FlatSpecLike.scala:1692)
	at org.scalatest.FlatSpec.runTest(FlatSpec.scala:1685)
	at org.scalatest.FlatSpecLike$$anonfun$runTests$1.apply(FlatSpecLike.scala:1750)
	at org.scalatest.FlatSpecLike$$anonfun$runTests$1.apply(FlatSpecLike.scala:1750)
	at org.scalatest.SuperEngine$$anonfun$traverseSubNodes$1$1.apply(Engine.scala:396)
	at org.scalatest.SuperEngine$$anonfun$traverseSubNodes$1$1.apply(Engine.scala:384)
	at scala.collection.immutable.List.foreach(List.scala:381)
	at org.scalatest.SuperEngine.traverseSubNodes$1(Engine.scala:384)
	at org.scalatest.SuperEngine.org$scalatest$SuperEngine$$runTestsInBranch(Engine.scala:373)
	at org.scalatest.SuperEngine$$anonfun$traverseSubNodes$1$1.apply(Engine.scala:410)
	at org.scalatest.SuperEngine$$anonfun$traverseSubNodes$1$1.apply(Engine.scala:384)
	at scala.collection.immutable.List.foreach(List.scala:381)
	at org.scalatest.SuperEngine.traverseSubNodes$1(Engine.scala:384)
	at org.scalatest.SuperEngine.org$scalatest$SuperEngine$$runTestsInBranch(Engine.scala:379)
	at org.scalatest.SuperEngine.runTestsImpl(Engine.scala:461)
	at org.scalatest.FlatSpecLike$class.runTests(FlatSpecLike.scala:1750)
	at org.scalatest.FlatSpec.runTests(FlatSpec.scala:1685)
	at org.scalatest.Suite$class.run(Suite.scala:1147)
	at org.scalatest.FlatSpec.org$scalatest$FlatSpecLike$$super$run(FlatSpec.scala:1685)
	at org.scalatest.FlatSpecLike$$anonfun$run$1.apply(FlatSpecLike.scala:1795)
	at org.scalatest.FlatSpecLike$$anonfun$run$1.apply(FlatSpecLike.scala:1795)
	at org.scalatest.SuperEngine.runImpl(Engine.scala:521)
	at org.scalatest.FlatSpecLike$class.run(FlatSpecLike.scala:1795)
	at org.scalatest.FlatSpec.run(FlatSpec.scala:1685)
	at org.scalatest.Suite$class.callExecuteOnSuite$1(Suite.scala:1210)
	at org.scalatest.Suite$$anonfun$runNestedSuites$1.apply(Suite.scala:1257)
	at org.scalatest.Suite$$anonfun$runNestedSuites$1.apply(Suite.scala:1255)
	at scala.collection.IndexedSeqOptimized$class.foreach(IndexedSeqOptimized.scala:33)
	at scala.collection.mutable.ArrayOps$ofRef.foreach(ArrayOps.scala:186)
	at org.scalatest.Suite$class.runNestedSuites(Suite.scala:1255)
	at org.scalatest.Suites.runNestedSuites(Suites.scala:56)
	at org.scalatest.Suite$class.run(Suite.scala:1144)
	at org.scalatest.Suites.run(Suites.scala:56)
	at org.scalatest.tools.Framework.org$scalatest$tools$Framework$$runSuite(Framework.scala:314)
	at org.scalatest.tools.Framework$ScalaTestTask.execute(Framework.scala:472)
	at sbt.TestRunner.runTest$1(TestFramework.scala:76)
	at sbt.TestRunner.run(TestFramework.scala:85)
	at sbt.TestFramework$$anon$2$$anonfun$$init$$1$$anonfun$apply$8.apply(TestFramework.scala:202)
	at sbt.TestFramework$$anon$2$$anonfun$$init$$1$$anonfun$apply$8.apply(TestFramework.scala:202)
	at sbt.TestFramework$.sbt$TestFramework$$withContextLoader(TestFramework.scala:185)
	at sbt.TestFramework$$anon$2$$anonfun$$init$$1.apply(TestFramework.scala:202)
	at sbt.TestFramework$$anon$2$$anonfun$$init$$1.apply(TestFramework.scala:202)
	at sbt.TestFunction.apply(TestFramework.scala:207)
	at sbt.Tests$.sbt$Tests$$processRunnable$1(Tests.scala:239)
	at sbt.Tests$$anonfun$makeSerial$1.apply(Tests.scala:245)
	at sbt.Tests$$anonfun$makeSerial$1.apply(Tests.scala:245)
	at sbt.std.Transform$$anon$3$$anonfun$apply$2.apply(System.scala:44)
	at sbt.std.Transform$$anon$3$$anonfun$apply$2.apply(System.scala:44)
	at sbt.std.Transform$$anon$4.work(System.scala:63)
	at sbt.Execute$$anonfun$submit$1$$anonfun$apply$1.apply(Execute.scala:228)
	at sbt.Execute$$anonfun$submit$1$$anonfun$apply$1.apply(Execute.scala:228)
	at sbt.ErrorHandling$.wideConvert(ErrorHandling.scala:17)
	at sbt.Execute.work(Execute.scala:237)
	at sbt.Execute$$anonfun$submit$1.apply(Execute.scala:228)
	at sbt.Execute$$anonfun$submit$1.apply(Execute.scala:228)
	at sbt.ConcurrentRestrictions$$anon$4$$anonfun$1.apply(ConcurrentRestrictions.scala:159)
	at sbt.CompletionService$$anon$2.call(CompletionService.scala:28)
	at java.util.concurrent.FutureTask.run(FutureTask.java:266)
	at java.util.concurrent.Executors$RunnableAdapter.call(Executors.java:511)
	at java.util.concurrent.FutureTask.run(FutureTask.java:266)
	at java.util.concurrent.ThreadPoolExecutor.runWorker(ThreadPoolExecutor.java:1149)
	at java.util.concurrent.ThreadPoolExecutor$Worker.run(ThreadPoolExecutor.java:624)
	at java.lang.Thread.run(Thread.java:748)
</failure>
                                               </testcase><testcase classname="jsy.student.Lab1Suite" name="Lab1SpecRunner.eval/0 should 0/0 should yield NaN" time="0.0">
                                                 <failure message="an implementation is missing" type="scala.NotImplementedError">scala.NotImplementedError: an implementation is missing
	at scala.Predef$.$qmark$qmark$qmark(Predef.scala:230)
	at jsy.student.Lab1$.eval(Lab1.scala:120)
	at jsy.student.Lab1$.eval(Lab1.scala:125)
	at jsy.student.Lab1Spec$$anonfun$26.apply(Lab1Spec.scala:247)
	at jsy.student.Lab1Spec$$anonfun$26.apply(Lab1Spec.scala:247)
	at org.scalatest.OutcomeOf$class.outcomeOf(OutcomeOf.scala:85)
	at org.scalatest.OutcomeOf$.outcomeOf(OutcomeOf.scala:104)
	at org.scalatest.Transformer.apply(Transformer.scala:22)
	at org.scalatest.Transformer.apply(Transformer.scala:20)
	at org.scalatest.FlatSpecLike$$anon$1.apply(FlatSpecLike.scala:1682)
	at org.scalatest.TestSuite$class.withFixture(TestSuite.scala:196)
	at org.scalatest.FlatSpec.withFixture(FlatSpec.scala:1685)
	at org.scalatest.FlatSpecLike$class.invokeWithFixture$1(FlatSpecLike.scala:1679)
	at org.scalatest.FlatSpecLike$$anonfun$runTest$1.apply(FlatSpecLike.scala:1692)
	at org.scalatest.FlatSpecLike$$anonfun$runTest$1.apply(FlatSpecLike.scala:1692)
	at org.scalatest.SuperEngine.runTestImpl(Engine.scala:289)
	at org.scalatest.FlatSpecLike$class.runTest(FlatSpecLike.scala:1692)
	at org.scalatest.FlatSpec.runTest(FlatSpec.scala:1685)
	at org.scalatest.FlatSpecLike$$anonfun$runTests$1.apply(FlatSpecLike.scala:1750)
	at org.scalatest.FlatSpecLike$$anonfun$runTests$1.apply(FlatSpecLike.scala:1750)
	at org.scalatest.SuperEngine$$anonfun$traverseSubNodes$1$1.apply(Engine.scala:396)
	at org.scalatest.SuperEngine$$anonfun$traverseSubNodes$1$1.apply(Engine.scala:384)
	at scala.collection.immutable.List.foreach(List.scala:381)
	at org.scalatest.SuperEngine.traverseSubNodes$1(Engine.scala:384)
	at org.scalatest.SuperEngine.org$scalatest$SuperEngine$$runTestsInBranch(Engine.scala:373)
	at org.scalatest.SuperEngine$$anonfun$traverseSubNodes$1$1.apply(Engine.scala:410)
	at org.scalatest.SuperEngine$$anonfun$traverseSubNodes$1$1.apply(Engine.scala:384)
	at scala.collection.immutable.List.foreach(List.scala:381)
	at org.scalatest.SuperEngine.traverseSubNodes$1(Engine.scala:384)
	at org.scalatest.SuperEngine.org$scalatest$SuperEngine$$runTestsInBranch(Engine.scala:379)
	at org.scalatest.SuperEngine.runTestsImpl(Engine.scala:461)
	at org.scalatest.FlatSpecLike$class.runTests(FlatSpecLike.scala:1750)
	at org.scalatest.FlatSpec.runTests(FlatSpec.scala:1685)
	at org.scalatest.Suite$class.run(Suite.scala:1147)
	at org.scalatest.FlatSpec.org$scalatest$FlatSpecLike$$super$run(FlatSpec.scala:1685)
	at org.scalatest.FlatSpecLike$$anonfun$run$1.apply(FlatSpecLike.scala:1795)
	at org.scalatest.FlatSpecLike$$anonfun$run$1.apply(FlatSpecLike.scala:1795)
	at org.scalatest.SuperEngine.runImpl(Engine.scala:521)
	at org.scalatest.FlatSpecLike$class.run(FlatSpecLike.scala:1795)
	at org.scalatest.FlatSpec.run(FlatSpec.scala:1685)
	at org.scalatest.Suite$class.callExecuteOnSuite$1(Suite.scala:1210)
	at org.scalatest.Suite$$anonfun$runNestedSuites$1.apply(Suite.scala:1257)
	at org.scalatest.Suite$$anonfun$runNestedSuites$1.apply(Suite.scala:1255)
	at scala.collection.IndexedSeqOptimized$class.foreach(IndexedSeqOptimized.scala:33)
	at scala.collection.mutable.ArrayOps$ofRef.foreach(ArrayOps.scala:186)
	at org.scalatest.Suite$class.runNestedSuites(Suite.scala:1255)
	at org.scalatest.Suites.runNestedSuites(Suites.scala:56)
	at org.scalatest.Suite$class.run(Suite.scala:1144)
	at org.scalatest.Suites.run(Suites.scala:56)
	at org.scalatest.tools.Framework.org$scalatest$tools$Framework$$runSuite(Framework.scala:314)
	at org.scalatest.tools.Framework$ScalaTestTask.execute(Framework.scala:472)
	at sbt.TestRunner.runTest$1(TestFramework.scala:76)
	at sbt.TestRunner.run(TestFramework.scala:85)
	at sbt.TestFramework$$anon$2$$anonfun$$init$$1$$anonfun$apply$8.apply(TestFramework.scala:202)
	at sbt.TestFramework$$anon$2$$anonfun$$init$$1$$anonfun$apply$8.apply(TestFramework.scala:202)
	at sbt.TestFramework$.sbt$TestFramework$$withContextLoader(TestFramework.scala:185)
	at sbt.TestFramework$$anon$2$$anonfun$$init$$1.apply(TestFramework.scala:202)
	at sbt.TestFramework$$anon$2$$anonfun$$init$$1.apply(TestFramework.scala:202)
	at sbt.TestFunction.apply(TestFramework.scala:207)
	at sbt.Tests$.sbt$Tests$$processRunnable$1(Tests.scala:239)
	at sbt.Tests$$anonfun$makeSerial$1.apply(Tests.scala:245)
	at sbt.Tests$$anonfun$makeSerial$1.apply(Tests.scala:245)
	at sbt.std.Transform$$anon$3$$anonfun$apply$2.apply(System.scala:44)
	at sbt.std.Transform$$anon$3$$anonfun$apply$2.apply(System.scala:44)
	at sbt.std.Transform$$anon$4.work(System.scala:63)
	at sbt.Execute$$anonfun$submit$1$$anonfun$apply$1.apply(Execute.scala:228)
	at sbt.Execute$$anonfun$submit$1$$anonfun$apply$1.apply(Execute.scala:228)
	at sbt.ErrorHandling$.wideConvert(ErrorHandling.scala:17)
	at sbt.Execute.work(Execute.scala:237)
	at sbt.Execute$$anonfun$submit$1.apply(Execute.scala:228)
	at sbt.Execute$$anonfun$submit$1.apply(Execute.scala:228)
	at sbt.ConcurrentRestrictions$$anon$4$$anonfun$1.apply(ConcurrentRestrictions.scala:159)
	at sbt.CompletionService$$anon$2.call(CompletionService.scala:28)
	at java.util.concurrent.FutureTask.run(FutureTask.java:266)
	at java.util.concurrent.Executors$RunnableAdapter.call(Executors.java:511)
	at java.util.concurrent.FutureTask.run(FutureTask.java:266)
	at java.util.concurrent.ThreadPoolExecutor.runWorker(ThreadPoolExecutor.java:1149)
	at java.util.concurrent.ThreadPoolExecutor$Worker.run(ThreadPoolExecutor.java:624)
	at java.lang.Thread.run(Thread.java:748)
</failure>
                                               </testcase><testcase classname="jsy.student.Lab1Suite" name="Lab1JsyTests.eval on src/test/resources/lab1/test101_arith.jsy should match src/test/resources/lab1/test101_arith.ans" time="0.002">
                                                 <failure message="an implementation is missing" type="scala.NotImplementedError">scala.NotImplementedError: an implementation is missing
	at scala.Predef$.$qmark$qmark$qmark(Predef.scala:230)
	at jsy.student.Lab1$.eval(Lab1.scala:120)
	at jsy.student.Lab1$.processFile(Lab1.scala:143)
	at jsy.util.JsyApplication$$anonfun$8$$anonfun$apply$1.apply$mcV$sp(JsyApplication.scala:46)
	at jsy.util.JsyApplication$$anonfun$8$$anonfun$apply$1.apply(JsyApplication.scala:46)
	at jsy.util.JsyApplication$$anonfun$8$$anonfun$apply$1.apply(JsyApplication.scala:46)
	at scala.util.DynamicVariable.withValue(DynamicVariable.scala:58)
	at scala.Console$.withOut(Console.scala:65)
	at jsy.util.JsyApplication$$anonfun$8.apply(JsyApplication.scala:46)
	at jsy.util.JsyApplication$$anonfun$8.apply(JsyApplication.scala:40)
	at jsy.tester.JavascriptyTester$$anonfun$1$$anonfun$apply$1.apply(JavascriptyTester.scala:21)
	at jsy.tester.JavascriptyTester$$anonfun$1$$anonfun$apply$1.apply(JavascriptyTester.scala:20)
	at org.scalatest.OutcomeOf$class.outcomeOf(OutcomeOf.scala:85)
	at org.scalatest.OutcomeOf$.outcomeOf(OutcomeOf.scala:104)
	at org.scalatest.Transformer.apply(Transformer.scala:22)
	at org.scalatest.Transformer.apply(Transformer.scala:20)
	at org.scalatest.FlatSpecLike$$anon$1.apply(FlatSpecLike.scala:1682)
	at org.scalatest.TestSuite$class.withFixture(TestSuite.scala:196)
	at org.scalatest.FlatSpec.withFixture(FlatSpec.scala:1685)
	at org.scalatest.FlatSpecLike$class.invokeWithFixture$1(FlatSpecLike.scala:1679)
	at org.scalatest.FlatSpecLike$$anonfun$runTest$1.apply(FlatSpecLike.scala:1692)
	at org.scalatest.FlatSpecLike$$anonfun$runTest$1.apply(FlatSpecLike.scala:1692)
	at org.scalatest.SuperEngine.runTestImpl(Engine.scala:289)
	at org.scalatest.FlatSpecLike$class.runTest(FlatSpecLike.scala:1692)
	at org.scalatest.FlatSpec.runTest(FlatSpec.scala:1685)
	at org.scalatest.FlatSpecLike$$anonfun$runTests$1.apply(FlatSpecLike.scala:1750)
	at org.scalatest.FlatSpecLike$$anonfun$runTests$1.apply(FlatSpecLike.scala:1750)
	at org.scalatest.SuperEngine$$anonfun$traverseSubNodes$1$1.apply(Engine.scala:396)
	at org.scalatest.SuperEngine$$anonfun$traverseSubNodes$1$1.apply(Engine.scala:384)
	at scala.collection.immutable.List.foreach(List.scala:381)
	at org.scalatest.SuperEngine.traverseSubNodes$1(Engine.scala:384)
	at org.scalatest.SuperEngine.org$scalatest$SuperEngine$$runTestsInBranch(Engine.scala:373)
	at org.scalatest.SuperEngine$$anonfun$traverseSubNodes$1$1.apply(Engine.scala:410)
	at org.scalatest.SuperEngine$$anonfun$traverseSubNodes$1$1.apply(Engine.scala:384)
	at scala.collection.immutable.List.foreach(List.scala:381)
	at org.scalatest.SuperEngine.traverseSubNodes$1(Engine.scala:384)
	at org.scalatest.SuperEngine.org$scalatest$SuperEngine$$runTestsInBranch(Engine.scala:379)
	at org.scalatest.SuperEngine.runTestsImpl(Engine.scala:461)
	at org.scalatest.FlatSpecLike$class.runTests(FlatSpecLike.scala:1750)
	at org.scalatest.FlatSpec.runTests(FlatSpec.scala:1685)
	at org.scalatest.Suite$class.run(Suite.scala:1147)
	at org.scalatest.FlatSpec.org$scalatest$FlatSpecLike$$super$run(FlatSpec.scala:1685)
	at org.scalatest.FlatSpecLike$$anonfun$run$1.apply(FlatSpecLike.scala:1795)
	at org.scalatest.FlatSpecLike$$anonfun$run$1.apply(FlatSpecLike.scala:1795)
	at org.scalatest.SuperEngine.runImpl(Engine.scala:521)
	at org.scalatest.FlatSpecLike$class.run(FlatSpecLike.scala:1795)
	at org.scalatest.FlatSpec.run(FlatSpec.scala:1685)
	at org.scalatest.Suite$class.callExecuteOnSuite$1(Suite.scala:1210)
	at org.scalatest.Suite$$anonfun$runNestedSuites$1.apply(Suite.scala:1257)
	at org.scalatest.Suite$$anonfun$runNestedSuites$1.apply(Suite.scala:1255)
	at scala.collection.IndexedSeqOptimized$class.foreach(IndexedSeqOptimized.scala:33)
	at scala.collection.mutable.ArrayOps$ofRef.foreach(ArrayOps.scala:186)
	at org.scalatest.Suite$class.runNestedSuites(Suite.scala:1255)
	at org.scalatest.Suites.runNestedSuites(Suites.scala:56)
	at org.scalatest.Suite$class.run(Suite.scala:1144)
	at org.scalatest.Suites.run(Suites.scala:56)
	at org.scalatest.tools.Framework.org$scalatest$tools$Framework$$runSuite(Framework.scala:314)
	at org.scalatest.tools.Framework$ScalaTestTask.execute(Framework.scala:472)
	at sbt.TestRunner.runTest$1(TestFramework.scala:76)
	at sbt.TestRunner.run(TestFramework.scala:85)
	at sbt.TestFramework$$anon$2$$anonfun$$init$$1$$anonfun$apply$8.apply(TestFramework.scala:202)
	at sbt.TestFramework$$anon$2$$anonfun$$init$$1$$anonfun$apply$8.apply(TestFramework.scala:202)
	at sbt.TestFramework$.sbt$TestFramework$$withContextLoader(TestFramework.scala:185)
	at sbt.TestFramework$$anon$2$$anonfun$$init$$1.apply(TestFramework.scala:202)
	at sbt.TestFramework$$anon$2$$anonfun$$init$$1.apply(TestFramework.scala:202)
	at sbt.TestFunction.apply(TestFramework.scala:207)
	at sbt.Tests$.sbt$Tests$$processRunnable$1(Tests.scala:239)
	at sbt.Tests$$anonfun$makeSerial$1.apply(Tests.scala:245)
	at sbt.Tests$$anonfun$makeSerial$1.apply(Tests.scala:245)
	at sbt.std.Transform$$anon$3$$anonfun$apply$2.apply(System.scala:44)
	at sbt.std.Transform$$anon$3$$anonfun$apply$2.apply(System.scala:44)
	at sbt.std.Transform$$anon$4.work(System.scala:63)
	at sbt.Execute$$anonfun$submit$1$$anonfun$apply$1.apply(Execute.scala:228)
	at sbt.Execute$$anonfun$submit$1$$anonfun$apply$1.apply(Execute.scala:228)
	at sbt.ErrorHandling$.wideConvert(ErrorHandling.scala:17)
	at sbt.Execute.work(Execute.scala:237)
	at sbt.Execute$$anonfun$submit$1.apply(Execute.scala:228)
	at sbt.Execute$$anonfun$submit$1.apply(Execute.scala:228)
	at sbt.ConcurrentRestrictions$$anon$4$$anonfun$1.apply(ConcurrentRestrictions.scala:159)
	at sbt.CompletionService$$anon$2.call(CompletionService.scala:28)
	at java.util.concurrent.FutureTask.run(FutureTask.java:266)
	at java.util.concurrent.Executors$RunnableAdapter.call(Executors.java:511)
	at java.util.concurrent.FutureTask.run(FutureTask.java:266)
	at java.util.concurrent.ThreadPoolExecutor.runWorker(ThreadPoolExecutor.java:1149)
	at java.util.concurrent.ThreadPoolExecutor$Worker.run(ThreadPoolExecutor.java:624)
	at java.lang.Thread.run(Thread.java:748)
</failure>
                                               </testcase><testcase classname="jsy.student.Lab1Suite" name="Lab1JsyTests.eval on src/test/resources/lab1/test102_divbyzero.jsy should match src/test/resources/lab1/test102_divbyzero.ans" time="0.001">
                                                 <failure message="an implementation is missing" type="scala.NotImplementedError">scala.NotImplementedError: an implementation is missing
	at scala.Predef$.$qmark$qmark$qmark(Predef.scala:230)
	at jsy.student.Lab1$.eval(Lab1.scala:120)
	at jsy.student.Lab1$.processFile(Lab1.scala:143)
	at jsy.util.JsyApplication$$anonfun$8$$anonfun$apply$1.apply$mcV$sp(JsyApplication.scala:46)
	at jsy.util.JsyApplication$$anonfun$8$$anonfun$apply$1.apply(JsyApplication.scala:46)
	at jsy.util.JsyApplication$$anonfun$8$$anonfun$apply$1.apply(JsyApplication.scala:46)
	at scala.util.DynamicVariable.withValue(DynamicVariable.scala:58)
	at scala.Console$.withOut(Console.scala:65)
	at jsy.util.JsyApplication$$anonfun$8.apply(JsyApplication.scala:46)
	at jsy.util.JsyApplication$$anonfun$8.apply(JsyApplication.scala:40)
	at jsy.tester.JavascriptyTester$$anonfun$1$$anonfun$apply$1.apply(JavascriptyTester.scala:21)
	at jsy.tester.JavascriptyTester$$anonfun$1$$anonfun$apply$1.apply(JavascriptyTester.scala:20)
	at org.scalatest.OutcomeOf$class.outcomeOf(OutcomeOf.scala:85)
	at org.scalatest.OutcomeOf$.outcomeOf(OutcomeOf.scala:104)
	at org.scalatest.Transformer.apply(Transformer.scala:22)
	at org.scalatest.Transformer.apply(Transformer.scala:20)
	at org.scalatest.FlatSpecLike$$anon$1.apply(FlatSpecLike.scala:1682)
	at org.scalatest.TestSuite$class.withFixture(TestSuite.scala:196)
	at org.scalatest.FlatSpec.withFixture(FlatSpec.scala:1685)
	at org.scalatest.FlatSpecLike$class.invokeWithFixture$1(FlatSpecLike.scala:1679)
	at org.scalatest.FlatSpecLike$$anonfun$runTest$1.apply(FlatSpecLike.scala:1692)
	at org.scalatest.FlatSpecLike$$anonfun$runTest$1.apply(FlatSpecLike.scala:1692)
	at org.scalatest.SuperEngine.runTestImpl(Engine.scala:289)
	at org.scalatest.FlatSpecLike$class.runTest(FlatSpecLike.scala:1692)
	at org.scalatest.FlatSpec.runTest(FlatSpec.scala:1685)
	at org.scalatest.FlatSpecLike$$anonfun$runTests$1.apply(FlatSpecLike.scala:1750)
	at org.scalatest.FlatSpecLike$$anonfun$runTests$1.apply(FlatSpecLike.scala:1750)
	at org.scalatest.SuperEngine$$anonfun$traverseSubNodes$1$1.apply(Engine.scala:396)
	at org.scalatest.SuperEngine$$anonfun$traverseSubNodes$1$1.apply(Engine.scala:384)
	at scala.collection.immutable.List.foreach(List.scala:381)
	at org.scalatest.SuperEngine.traverseSubNodes$1(Engine.scala:384)
	at org.scalatest.SuperEngine.org$scalatest$SuperEngine$$runTestsInBranch(Engine.scala:373)
	at org.scalatest.SuperEngine$$anonfun$traverseSubNodes$1$1.apply(Engine.scala:410)
	at org.scalatest.SuperEngine$$anonfun$traverseSubNodes$1$1.apply(Engine.scala:384)
	at scala.collection.immutable.List.foreach(List.scala:381)
	at org.scalatest.SuperEngine.traverseSubNodes$1(Engine.scala:384)
	at org.scalatest.SuperEngine.org$scalatest$SuperEngine$$runTestsInBranch(Engine.scala:379)
	at org.scalatest.SuperEngine.runTestsImpl(Engine.scala:461)
	at org.scalatest.FlatSpecLike$class.runTests(FlatSpecLike.scala:1750)
	at org.scalatest.FlatSpec.runTests(FlatSpec.scala:1685)
	at org.scalatest.Suite$class.run(Suite.scala:1147)
	at org.scalatest.FlatSpec.org$scalatest$FlatSpecLike$$super$run(FlatSpec.scala:1685)
	at org.scalatest.FlatSpecLike$$anonfun$run$1.apply(FlatSpecLike.scala:1795)
	at org.scalatest.FlatSpecLike$$anonfun$run$1.apply(FlatSpecLike.scala:1795)
	at org.scalatest.SuperEngine.runImpl(Engine.scala:521)
	at org.scalatest.FlatSpecLike$class.run(FlatSpecLike.scala:1795)
	at org.scalatest.FlatSpec.run(FlatSpec.scala:1685)
	at org.scalatest.Suite$class.callExecuteOnSuite$1(Suite.scala:1210)
	at org.scalatest.Suite$$anonfun$runNestedSuites$1.apply(Suite.scala:1257)
	at org.scalatest.Suite$$anonfun$runNestedSuites$1.apply(Suite.scala:1255)
	at scala.collection.IndexedSeqOptimized$class.foreach(IndexedSeqOptimized.scala:33)
	at scala.collection.mutable.ArrayOps$ofRef.foreach(ArrayOps.scala:186)
	at org.scalatest.Suite$class.runNestedSuites(Suite.scala:1255)
	at org.scalatest.Suites.runNestedSuites(Suites.scala:56)
	at org.scalatest.Suite$class.run(Suite.scala:1144)
	at org.scalatest.Suites.run(Suites.scala:56)
	at org.scalatest.tools.Framework.org$scalatest$tools$Framework$$runSuite(Framework.scala:314)
	at org.scalatest.tools.Framework$ScalaTestTask.execute(Framework.scala:472)
	at sbt.TestRunner.runTest$1(TestFramework.scala:76)
	at sbt.TestRunner.run(TestFramework.scala:85)
	at sbt.TestFramework$$anon$2$$anonfun$$init$$1$$anonfun$apply$8.apply(TestFramework.scala:202)
	at sbt.TestFramework$$anon$2$$anonfun$$init$$1$$anonfun$apply$8.apply(TestFramework.scala:202)
	at sbt.TestFramework$.sbt$TestFramework$$withContextLoader(TestFramework.scala:185)
	at sbt.TestFramework$$anon$2$$anonfun$$init$$1.apply(TestFramework.scala:202)
	at sbt.TestFramework$$anon$2$$anonfun$$init$$1.apply(TestFramework.scala:202)
	at sbt.TestFunction.apply(TestFramework.scala:207)
	at sbt.Tests$.sbt$Tests$$processRunnable$1(Tests.scala:239)
	at sbt.Tests$$anonfun$makeSerial$1.apply(Tests.scala:245)
	at sbt.Tests$$anonfun$makeSerial$1.apply(Tests.scala:245)
	at sbt.std.Transform$$anon$3$$anonfun$apply$2.apply(System.scala:44)
	at sbt.std.Transform$$anon$3$$anonfun$apply$2.apply(System.scala:44)
	at sbt.std.Transform$$anon$4.work(System.scala:63)
	at sbt.Execute$$anonfun$submit$1$$anonfun$apply$1.apply(Execute.scala:228)
	at sbt.Execute$$anonfun$submit$1$$anonfun$apply$1.apply(Execute.scala:228)
	at sbt.ErrorHandling$.wideConvert(ErrorHandling.scala:17)
	at sbt.Execute.work(Execute.scala:237)
	at sbt.Execute$$anonfun$submit$1.apply(Execute.scala:228)
	at sbt.Execute$$anonfun$submit$1.apply(Execute.scala:228)
	at sbt.ConcurrentRestrictions$$anon$4$$anonfun$1.apply(ConcurrentRestrictions.scala:159)
	at sbt.CompletionService$$anon$2.call(CompletionService.scala:28)
	at java.util.concurrent.FutureTask.run(FutureTask.java:266)
	at java.util.concurrent.Executors$RunnableAdapter.call(Executors.java:511)
	at java.util.concurrent.FutureTask.run(FutureTask.java:266)
	at java.util.concurrent.ThreadPoolExecutor.runWorker(ThreadPoolExecutor.java:1149)
	at java.util.concurrent.ThreadPoolExecutor$Worker.run(ThreadPoolExecutor.java:624)
	at java.lang.Thread.run(Thread.java:748)
</failure>
                                               </testcase>
                     <system-out></system-out>
                     <system-err></system-err>
                   </testsuite>