[0m[[0minfo[0m] [0m[32mLab1SpecRunner:[0m[0m
[0m[[0minfo[0m] [0m[32mplus[0m[0m
[0m[[0minfo[0m] [0m[32m- should add two integers (8 milliseconds)[0m[0m
[0m[[0minfo[0m] [0m[32mabs[0m[0m
[0m[[0minfo[0m] [0m[32m- should evaluate to the absolute value of the argument (0 milliseconds)[0m[0m
[0m[[0minfo[0m] [0m[32mxor[0m[0m
[0m[[0minfo[0m] [0m[32m- should evaluate to the exclusive or of the arguments (1 millisecond)[0m[0m
[0m[[0minfo[0m] [0m[32mrepeat[0m[0m
[0m[[0minfo[0m] [0m[32m- should evaluate to repeated concatenation of a string (0 milliseconds)[0m[0m
[0m[[0minfo[0m] [0m[32m- should evaluate to an empty string when repeated zero times (0 milliseconds)[0m[0m
[0m[[0minfo[0m] [0m[31m- should throw an exception when a negative number of repetitions is expected *** FAILED *** (4 milliseconds)[0m[0m
[0m[[0minfo[0m] [0m[31m  Expected exception java.lang.IllegalArgumentException to be thrown, but java.lang.StackOverflowError was thrown (Lab1Spec.scala:91)[0m[0m
[0m[[0minfo[0m] [0m[32msqrtStep[0m[0m
[0m[[0minfo[0m] [0m[31m- should evaluate to one iteration of Newton's method *** FAILED *** (0 milliseconds)[0m[0m
[0m[[0minfo[0m] [0m[31m  scala.NotImplementedError: an implementation is missing[0m[0m
[0m[[0minfo[0m] [0m[31m  at scala.Predef$.$qmark$qmark$qmark(Predef.scala:230)[0m[0m
[0m[[0minfo[0m] [0m[31m  at jsy.student.Lab1$.sqrtStep(Lab1.scala:75)[0m[0m
[0m[[0minfo[0m] [0m[31m  at jsy.student.Lab1Spec$$anonfun$7.apply(Lab1Spec.scala:99)[0m[0m
[0m[[0minfo[0m] [0m[31m  at jsy.student.Lab1Spec$$anonfun$7.apply(Lab1Spec.scala:98)[0m[0m
[0m[[0minfo[0m] [0m[31m  at org.scalatest.OutcomeOf$class.outcomeOf(OutcomeOf.scala:85)[0m[0m
[0m[[0minfo[0m] [0m[31m  at org.scalatest.OutcomeOf$.outcomeOf(OutcomeOf.scala:104)[0m[0m
[0m[[0minfo[0m] [0m[31m  at org.scalatest.Transformer.apply(Transformer.scala:22)[0m[0m
[0m[[0minfo[0m] [0m[31m  at org.scalatest.Transformer.apply(Transformer.scala:20)[0m[0m
[0m[[0minfo[0m] [0m[31m  at org.scalatest.FlatSpecLike$$anon$1.apply(FlatSpecLike.scala:1682)[0m[0m
[0m[[0minfo[0m] [0m[31m  at org.scalatest.TestSuite$class.withFixture(TestSuite.scala:196)[0m[0m
[0m[[0minfo[0m] [0m[31m  ...[0m[0m
[0m[[0minfo[0m] [0m[32msqrtN[0m[0m
[0m[[0minfo[0m] [0m[31m- should perform several iterations of sqrtStep *** FAILED *** (0 milliseconds)[0m[0m
[0m[[0minfo[0m] [0m[31m  scala.NotImplementedError: an implementation is missing[0m[0m
[0m[[0minfo[0m] [0m[31m  at scala.Predef$.$qmark$qmark$qmark(Predef.scala:230)[0m[0m
[0m[[0minfo[0m] [0m[31m  at jsy.student.Lab1$.sqrtN(Lab1.scala:77)[0m[0m
[0m[[0minfo[0m] [0m[31m  at jsy.student.Lab1Spec$$anonfun$8.apply(Lab1Spec.scala:105)[0m[0m
[0m[[0minfo[0m] [0m[31m  at jsy.student.Lab1Spec$$anonfun$8.apply(Lab1Spec.scala:104)[0m[0m
[0m[[0minfo[0m] [0m[31m  at org.scalatest.OutcomeOf$class.outcomeOf(OutcomeOf.scala:85)[0m[0m
[0m[[0minfo[0m] [0m[31m  at org.scalatest.OutcomeOf$.outcomeOf(OutcomeOf.scala:104)[0m[0m
[0m[[0minfo[0m] [0m[31m  at org.scalatest.Transformer.apply(Transformer.scala:22)[0m[0m
[0m[[0minfo[0m] [0m[31m  at org.scalatest.Transformer.apply(Transformer.scala:20)[0m[0m
[0m[[0minfo[0m] [0m[31m  at org.scalatest.FlatSpecLike$$anon$1.apply(FlatSpecLike.scala:1682)[0m[0m
[0m[[0minfo[0m] [0m[31m  at org.scalatest.TestSuite$class.withFixture(TestSuite.scala:196)[0m[0m
[0m[[0minfo[0m] [0m[31m  ...[0m[0m
[0m[[0minfo[0m] [0m[31m- should evaluate to x0 if n is zero *** FAILED *** (0 milliseconds)[0m[0m
[0m[[0minfo[0m] [0m[31m  scala.NotImplementedError: an implementation is missing[0m[0m
[0m[[0minfo[0m] [0m[31m  at scala.Predef$.$qmark$qmark$qmark(Predef.scala:230)[0m[0m
[0m[[0minfo[0m] [0m[31m  at jsy.student.Lab1$.sqrtN(Lab1.scala:77)[0m[0m
[0m[[0minfo[0m] [0m[31m  at jsy.student.Lab1Spec$$anonfun$9.apply(Lab1Spec.scala:112)[0m[0m
[0m[[0minfo[0m] [0m[31m  at jsy.student.Lab1Spec$$anonfun$9.apply(Lab1Spec.scala:111)[0m[0m
[0m[[0minfo[0m] [0m[31m  at org.scalatest.OutcomeOf$class.outcomeOf(OutcomeOf.scala:85)[0m[0m
[0m[[0minfo[0m] [0m[31m  at org.scalatest.OutcomeOf$.outcomeOf(OutcomeOf.scala:104)[0m[0m
[0m[[0minfo[0m] [0m[31m  at org.scalatest.Transformer.apply(Transformer.scala:22)[0m[0m
[0m[[0minfo[0m] [0m[31m  at org.scalatest.Transformer.apply(Transformer.scala:20)[0m[0m
[0m[[0minfo[0m] [0m[31m  at org.scalatest.FlatSpecLike$$anon$1.apply(FlatSpecLike.scala:1682)[0m[0m
[0m[[0minfo[0m] [0m[31m  at org.scalatest.TestSuite$class.withFixture(TestSuite.scala:196)[0m[0m
[0m[[0minfo[0m] [0m[31m  ...[0m[0m
[0m[[0minfo[0m] [0m[32msqrtErr[0m[0m
[0m[[0minfo[0m] [0m[31m- should perform iterations until the error is within epsilon *** FAILED *** (0 milliseconds)[0m[0m
[0m[[0minfo[0m] [0m[31m  scala.NotImplementedError: an implementation is missing[0m[0m
[0m[[0minfo[0m] [0m[31m  at scala.Predef$.$qmark$qmark$qmark(Predef.scala:230)[0m[0m
[0m[[0minfo[0m] [0m[31m  at jsy.student.Lab1$.sqrtErr(Lab1.scala:79)[0m[0m
[0m[[0minfo[0m] [0m[31m  at jsy.student.Lab1Spec$$anonfun$10.apply(Lab1Spec.scala:117)[0m[0m
[0m[[0minfo[0m] [0m[31m  at jsy.student.Lab1Spec$$anonfun$10.apply(Lab1Spec.scala:116)[0m[0m
[0m[[0minfo[0m] [0m[31m  at org.scalatest.OutcomeOf$class.outcomeOf(OutcomeOf.scala:85)[0m[0m
[0m[[0minfo[0m] [0m[31m  at org.scalatest.OutcomeOf$.outcomeOf(OutcomeOf.scala:104)[0m[0m
[0m[[0minfo[0m] [0m[31m  at org.scalatest.Transformer.apply(Transformer.scala:22)[0m[0m
[0m[[0minfo[0m] [0m[31m  at org.scalatest.Transformer.apply(Transformer.scala:20)[0m[0m
[0m[[0minfo[0m] [0m[31m  at org.scalatest.FlatSpecLike$$anon$1.apply(FlatSpecLike.scala:1682)[0m[0m
[0m[[0minfo[0m] [0m[31m  at org.scalatest.TestSuite$class.withFixture(TestSuite.scala:196)[0m[0m
[0m[[0minfo[0m] [0m[31m  ...[0m[0m
[0m[[0minfo[0m] [0m[32msqrtN[0m[0m
[0m[[0minfo[0m] [0m[31m- should throw an exception when n is negative *** FAILED *** (0 milliseconds)[0m[0m
[0m[[0minfo[0m] [0m[31m  Expected exception java.lang.IllegalArgumentException to be thrown, but scala.NotImplementedError was thrown (Lab1Spec.scala:126)[0m[0m
[0m[[0minfo[0m] [0m[32msqrtErr[0m[0m
[0m[[0minfo[0m] [0m[31m- should throw an exception when using a non-positive epsilon *** FAILED *** (1 millisecond)[0m[0m
[0m[[0minfo[0m] [0m[31m  Expected exception java.lang.IllegalArgumentException to be thrown, but scala.NotImplementedError was thrown (Lab1Spec.scala:132)[0m[0m
[0m[[0minfo[0m] [0m[32mrepOk[0m[0m
[0m[[0minfo[0m] [0m[32m- should ensure that a SearchTree is properly ordered (0 milliseconds)[0m[0m
[0m[[0minfo[0m] [0m[32minsert[0m[0m
[0m[[0minfo[0m] [0m[31m- should insert numbers as leaves in SearchTrees at the proper position *** FAILED *** (0 milliseconds)[0m[0m
[0m[[0minfo[0m] [0m[31m  scala.NotImplementedError: an implementation is missing[0m[0m
[0m[[0minfo[0m] [0m[31m  at scala.Predef$.$qmark$qmark$qmark(Predef.scala:230)[0m[0m
[0m[[0minfo[0m] [0m[31m  at jsy.student.Lab1$.insert(Lab1.scala:102)[0m[0m
[0m[[0minfo[0m] [0m[31m  at jsy.student.Lab1Spec$$anonfun$14.apply(Lab1Spec.scala:168)[0m[0m
[0m[[0minfo[0m] [0m[31m  at jsy.student.Lab1Spec$$anonfun$14.apply(Lab1Spec.scala:167)[0m[0m
[0m[[0minfo[0m] [0m[31m  at org.scalatest.OutcomeOf$class.outcomeOf(OutcomeOf.scala:85)[0m[0m
[0m[[0minfo[0m] [0m[31m  at org.scalatest.OutcomeOf$.outcomeOf(OutcomeOf.scala:104)[0m[0m
[0m[[0minfo[0m] [0m[31m  at org.scalatest.Transformer.apply(Transformer.scala:22)[0m[0m
[0m[[0minfo[0m] [0m[31m  at org.scalatest.Transformer.apply(Transformer.scala:20)[0m[0m
[0m[[0minfo[0m] [0m[31m  at org.scalatest.FlatSpecLike$$anon$1.apply(FlatSpecLike.scala:1682)[0m[0m
[0m[[0minfo[0m] [0m[31m  at org.scalatest.TestSuite$class.withFixture(TestSuite.scala:196)[0m[0m
[0m[[0minfo[0m] [0m[31m  ...[0m[0m
[0m[[0minfo[0m] [0m[32mdeleteMin[0m[0m
[0m[[0minfo[0m] [0m[31m- should remove the smallest value from a tree, and provide the resulting tree *** FAILED *** (0 milliseconds)[0m[0m
[0m[[0minfo[0m] [0m[31m  scala.NotImplementedError: an implementation is missing[0m[0m
[0m[[0minfo[0m] [0m[31m  at scala.Predef$.$qmark$qmark$qmark(Predef.scala:230)[0m[0m
[0m[[0minfo[0m] [0m[31m  at jsy.student.Lab1$.deleteMin(Lab1.scala:110)[0m[0m
[0m[[0minfo[0m] [0m[31m  at jsy.student.Lab1Spec$$anonfun$15.apply(Lab1Spec.scala:180)[0m[0m
[0m[[0minfo[0m] [0m[31m  at jsy.student.Lab1Spec$$anonfun$15.apply(Lab1Spec.scala:176)[0m[0m
[0m[[0minfo[0m] [0m[31m  at org.scalatest.OutcomeOf$class.outcomeOf(OutcomeOf.scala:85)[0m[0m
[0m[[0minfo[0m] [0m[31m  at org.scalatest.OutcomeOf$.outcomeOf(OutcomeOf.scala:104)[0m[0m
[0m[[0minfo[0m] [0m[31m  at org.scalatest.Transformer.apply(Transformer.scala:22)[0m[0m
[0m[[0minfo[0m] [0m[31m  at org.scalatest.Transformer.apply(Transformer.scala:20)[0m[0m
[0m[[0minfo[0m] [0m[31m  at org.scalatest.FlatSpecLike$$anon$1.apply(FlatSpecLike.scala:1682)[0m[0m
[0m[[0minfo[0m] [0m[31m  at org.scalatest.TestSuite$class.withFixture(TestSuite.scala:196)[0m[0m
[0m[[0minfo[0m] [0m[31m  ...[0m[0m
[0m[[0minfo[0m] [0m[32mdelete[0m[0m
[0m[[0minfo[0m] [0m[31m- should remove a given value from a tree, if present *** FAILED *** (0 milliseconds)[0m[0m
[0m[[0minfo[0m] [0m[31m  scala.NotImplementedError: an implementation is missing[0m[0m
[0m[[0minfo[0m] [0m[31m  at scala.Predef$.$qmark$qmark$qmark(Predef.scala:230)[0m[0m
[0m[[0minfo[0m] [0m[31m  at jsy.student.Lab1$.delete(Lab1.scala:114)[0m[0m
[0m[[0minfo[0m] [0m[31m  at jsy.student.Lab1Spec$$anonfun$16.apply(Lab1Spec.scala:186)[0m[0m
[0m[[0minfo[0m] [0m[31m  at jsy.student.Lab1Spec$$anonfun$16.apply(Lab1Spec.scala:185)[0m[0m
[0m[[0minfo[0m] [0m[31m  at org.scalatest.OutcomeOf$class.outcomeOf(OutcomeOf.scala:85)[0m[0m
[0m[[0minfo[0m] [0m[31m  at org.scalatest.OutcomeOf$.outcomeOf(OutcomeOf.scala:104)[0m[0m
[0m[[0minfo[0m] [0m[31m  at org.scalatest.Transformer.apply(Transformer.scala:22)[0m[0m
[0m[[0minfo[0m] [0m[31m  at org.scalatest.Transformer.apply(Transformer.scala:20)[0m[0m
[0m[[0minfo[0m] [0m[31m  at org.scalatest.FlatSpecLike$$anon$1.apply(FlatSpecLike.scala:1682)[0m[0m
[0m[[0minfo[0m] [0m[31m  at org.scalatest.TestSuite$class.withFixture(TestSuite.scala:196)[0m[0m
[0m[[0minfo[0m] [0m[31m  ...[0m[0m
[0m[[0minfo[0m] [0m[32minsert[0m[0m
[0m[[0minfo[0m] [0m[31m- should produce trees that satisfy repOk *** FAILED *** (1 millisecond)[0m[0m
[0m[[0minfo[0m] [0m[31m  scala.NotImplementedError: an implementation is missing[0m[0m
[0m[[0minfo[0m] [0m[31m  at scala.Predef$.$qmark$qmark$qmark(Predef.scala:230)[0m[0m
[0m[[0minfo[0m] [0m[31m  at jsy.student.Lab1$.insert(Lab1.scala:102)[0m[0m
[0m[[0minfo[0m] [0m[31m  at jsy.student.Lab1Spec$$anonfun$treeFromList$1.apply(Lab1Spec.scala:202)[0m[0m
[0m[[0minfo[0m] [0m[31m  at jsy.student.Lab1Spec$$anonfun$treeFromList$1.apply(Lab1Spec.scala:202)[0m[0m
[0m[[0minfo[0m] [0m[31m  at scala.collection.LinearSeqOptimized$class.foldLeft(LinearSeqOptimized.scala:124)[0m[0m
[0m[[0minfo[0m] [0m[31m  at scala.collection.immutable.List.foldLeft(List.scala:84)[0m[0m
[0m[[0minfo[0m] [0m[31m  at scala.collection.TraversableOnce$class.$div$colon(TraversableOnce.scala:151)[0m[0m
[0m[[0minfo[0m] [0m[31m  at scala.collection.AbstractTraversable.$div$colon(Traversable.scala:104)[0m[0m
[0m[[0minfo[0m] [0m[31m  at jsy.student.Lab1Spec.treeFromList(Lab1Spec.scala:202)[0m[0m
[0m[[0minfo[0m] [0m[31m  at jsy.student.Lab1Spec$$anonfun$17.apply(Lab1Spec.scala:205)[0m[0m
[0m[[0minfo[0m] [0m[31m  ...[0m[0m
[0m[[0minfo[0m] [0m[32minsert-delete[0m[0m
[0m[[0minfo[0m] [0m[31m- should produce tress that satisfy repOk *** FAILED *** (1 millisecond)[0m[0m
[0m[[0minfo[0m] [0m[31m  scala.NotImplementedError: an implementation is missing[0m[0m
[0m[[0minfo[0m] [0m[31m  at scala.Predef$.$qmark$qmark$qmark(Predef.scala:230)[0m[0m
[0m[[0minfo[0m] [0m[31m  at jsy.student.Lab1$.insert(Lab1.scala:102)[0m[0m
[0m[[0minfo[0m] [0m[31m  at jsy.student.Lab1Spec$$anonfun$18$$anonfun$19$$anonfun$apply$5.apply(Lab1Spec.scala:212)[0m[0m
[0m[[0minfo[0m] [0m[31m  at jsy.student.Lab1Spec$$anonfun$18$$anonfun$19$$anonfun$apply$5.apply(Lab1Spec.scala:212)[0m[0m
[0m[[0minfo[0m] [0m[31m  at jsy.student.Lab1Spec$$anonfun$18$$anonfun$apply$7.apply(Lab1Spec.scala:216)[0m[0m
[0m[[0minfo[0m] [0m[31m  at jsy.student.Lab1Spec$$anonfun$18$$anonfun$apply$7.apply(Lab1Spec.scala:215)[0m[0m
[0m[[0minfo[0m] [0m[31m  at scala.collection.LinearSeqOptimized$class.foldLeft(LinearSeqOptimized.scala:124)[0m[0m
[0m[[0minfo[0m] [0m[31m  at scala.collection.immutable.List.foldLeft(List.scala:84)[0m[0m
[0m[[0minfo[0m] [0m[31m  at scala.collection.TraversableOnce$class.$div$colon(TraversableOnce.scala:151)[0m[0m
[0m[[0minfo[0m] [0m[31m  at scala.collection.AbstractTraversable.$div$colon(Traversable.scala:104)[0m[0m
[0m[[0minfo[0m] [0m[31m  ...[0m[0m
[0m[[0minfo[0m] [0m[32meval+[0m[0m
[0m[[0minfo[0m] [0m[31m- should perform addition *** FAILED *** (10 milliseconds)[0m[0m
[0m[[0minfo[0m] [0m[31m  scala.NotImplementedError: an implementation is missing[0m[0m
[0m[[0minfo[0m] [0m[31m  at scala.Predef$.$qmark$qmark$qmark(Predef.scala:230)[0m[0m
[0m[[0minfo[0m] [0m[31m  at jsy.student.Lab1$.eval(Lab1.scala:120)[0m[0m
[0m[[0minfo[0m] [0m[31m  at jsy.student.Lab1$.eval(Lab1.scala:125)[0m[0m
[0m[[0minfo[0m] [0m[31m  at jsy.student.Lab1Spec$$anonfun$21.apply(Lab1Spec.scala:226)[0m[0m
[0m[[0minfo[0m] [0m[31m  at jsy.student.Lab1Spec$$anonfun$21.apply(Lab1Spec.scala:226)[0m[0m
[0m[[0minfo[0m] [0m[31m  at org.scalatest.OutcomeOf$class.outcomeOf(OutcomeOf.scala:85)[0m[0m
[0m[[0minfo[0m] [0m[31m  at org.scalatest.OutcomeOf$.outcomeOf(OutcomeOf.scala:104)[0m[0m
[0m[[0minfo[0m] [0m[31m  at org.scalatest.Transformer.apply(Transformer.scala:22)[0m[0m
[0m[[0minfo[0m] [0m[31m  at org.scalatest.Transformer.apply(Transformer.scala:20)[0m[0m
[0m[[0minfo[0m] [0m[31m  at org.scalatest.FlatSpecLike$$anon$1.apply(FlatSpecLike.scala:1682)[0m[0m
[0m[[0minfo[0m] [0m[31m  ...[0m[0m
[0m[[0minfo[0m] [0m[32meval-[0m[0m
[0m[[0minfo[0m] [0m[31m- should perform subtraction *** FAILED *** (0 milliseconds)[0m[0m
[0m[[0minfo[0m] [0m[31m  scala.NotImplementedError: an implementation is missing[0m[0m
[0m[[0minfo[0m] [0m[31m  at scala.Predef$.$qmark$qmark$qmark(Predef.scala:230)[0m[0m
[0m[[0minfo[0m] [0m[31m  at jsy.student.Lab1$.eval(Lab1.scala:120)[0m[0m
[0m[[0minfo[0m] [0m[31m  at jsy.student.Lab1$.eval(Lab1.scala:125)[0m[0m
[0m[[0minfo[0m] [0m[31m  at jsy.student.Lab1Spec$$anonfun$22.apply(Lab1Spec.scala:230)[0m[0m
[0m[[0minfo[0m] [0m[31m  at jsy.student.Lab1Spec$$anonfun$22.apply(Lab1Spec.scala:230)[0m[0m
[0m[[0minfo[0m] [0m[31m  at org.scalatest.OutcomeOf$class.outcomeOf(OutcomeOf.scala:85)[0m[0m
[0m[[0minfo[0m] [0m[31m  at org.scalatest.OutcomeOf$.outcomeOf(OutcomeOf.scala:104)[0m[0m
[0m[[0minfo[0m] [0m[31m  at org.scalatest.Transformer.apply(Transformer.scala:22)[0m[0m
[0m[[0minfo[0m] [0m[31m  at org.scalatest.Transformer.apply(Transformer.scala:20)[0m[0m
[0m[[0minfo[0m] [0m[31m  at org.scalatest.FlatSpecLike$$anon$1.apply(FlatSpecLike.scala:1682)[0m[0m
[0m[[0minfo[0m] [0m[31m  ...[0m[0m
[0m[[0minfo[0m] [0m[32meval*[0m[0m
[0m[[0minfo[0m] [0m[31m- should perform multiplication *** FAILED *** (1 millisecond)[0m[0m
[0m[[0minfo[0m] [0m[31m  scala.NotImplementedError: an implementation is missing[0m[0m
[0m[[0minfo[0m] [0m[31m  at scala.Predef$.$qmark$qmark$qmark(Predef.scala:230)[0m[0m
[0m[[0minfo[0m] [0m[31m  at jsy.student.Lab1$.eval(Lab1.scala:120)[0m[0m
[0m[[0minfo[0m] [0m[31m  at jsy.student.Lab1$.eval(Lab1.scala:125)[0m[0m
[0m[[0minfo[0m] [0m[31m  at jsy.student.Lab1Spec$$anonfun$23.apply(Lab1Spec.scala:234)[0m[0m
[0m[[0minfo[0m] [0m[31m  at jsy.student.Lab1Spec$$anonfun$23.apply(Lab1Spec.scala:234)[0m[0m
[0m[[0minfo[0m] [0m[31m  at org.scalatest.OutcomeOf$class.outcomeOf(OutcomeOf.scala:85)[0m[0m
[0m[[0minfo[0m] [0m[31m  at org.scalatest.OutcomeOf$.outcomeOf(OutcomeOf.scala:104)[0m[0m
[0m[[0minfo[0m] [0m[31m  at org.scalatest.Transformer.apply(Transformer.scala:22)[0m[0m
[0m[[0minfo[0m] [0m[31m  at org.scalatest.Transformer.apply(Transformer.scala:20)[0m[0m
[0m[[0minfo[0m] [0m[31m  at org.scalatest.FlatSpecLike$$anon$1.apply(FlatSpecLike.scala:1682)[0m[0m
[0m[[0minfo[0m] [0m[31m  ...[0m[0m
[0m[[0minfo[0m] [0m[32meval/[0m[0m
[0m[[0minfo[0m] [0m[31m- should perform division *** FAILED *** (1 millisecond)[0m[0m
[0m[[0minfo[0m] [0m[31m  scala.NotImplementedError: an implementation is missing[0m[0m
[0m[[0minfo[0m] [0m[31m  at scala.Predef$.$qmark$qmark$qmark(Predef.scala:230)[0m[0m
[0m[[0minfo[0m] [0m[31m  at jsy.student.Lab1$.eval(Lab1.scala:120)[0m[0m
[0m[[0minfo[0m] [0m[31m  at jsy.student.Lab1$.eval(Lab1.scala:125)[0m[0m
[0m[[0minfo[0m] [0m[31m  at jsy.student.Lab1Spec$$anonfun$24.apply(Lab1Spec.scala:238)[0m[0m
[0m[[0minfo[0m] [0m[31m  at jsy.student.Lab1Spec$$anonfun$24.apply(Lab1Spec.scala:238)[0m[0m
[0m[[0minfo[0m] [0m[31m  at org.scalatest.OutcomeOf$class.outcomeOf(OutcomeOf.scala:85)[0m[0m
[0m[[0minfo[0m] [0m[31m  at org.scalatest.OutcomeOf$.outcomeOf(OutcomeOf.scala:104)[0m[0m
[0m[[0minfo[0m] [0m[31m  at org.scalatest.Transformer.apply(Transformer.scala:22)[0m[0m
[0m[[0minfo[0m] [0m[31m  at org.scalatest.Transformer.apply(Transformer.scala:20)[0m[0m
[0m[[0minfo[0m] [0m[31m  at org.scalatest.FlatSpecLike$$anon$1.apply(FlatSpecLike.scala:1682)[0m[0m
[0m[[0minfo[0m] [0m[31m  ...[0m[0m
[0m[[0minfo[0m] [0m[32meval/0[0m[0m
[0m[[0minfo[0m] [0m[31m- should division by 0 should yield Infinity *** FAILED *** (1 millisecond)[0m[0m
[0m[[0minfo[0m] [0m[31m  scala.NotImplementedError: an implementation is missing[0m[0m
[0m[[0minfo[0m] [0m[31m  at scala.Predef$.$qmark$qmark$qmark(Predef.scala:230)[0m[0m
[0m[[0minfo[0m] [0m[31m  at jsy.student.Lab1$.eval(Lab1.scala:120)[0m[0m
[0m[[0minfo[0m] [0m[31m  at jsy.student.Lab1$.eval(Lab1.scala:125)[0m[0m
[0m[[0minfo[0m] [0m[31m  at jsy.student.Lab1Spec$$anonfun$25.apply(Lab1Spec.scala:242)[0m[0m
[0m[[0minfo[0m] [0m[31m  at jsy.student.Lab1Spec$$anonfun$25.apply(Lab1Spec.scala:241)[0m[0m
[0m[[0minfo[0m] [0m[31m  at org.scalatest.OutcomeOf$class.outcomeOf(OutcomeOf.scala:85)[0m[0m
[0m[[0minfo[0m] [0m[31m  at org.scalatest.OutcomeOf$.outcomeOf(OutcomeOf.scala:104)[0m[0m
[0m[[0minfo[0m] [0m[31m  at org.scalatest.Transformer.apply(Transformer.scala:22)[0m[0m
[0m[[0minfo[0m] [0m[31m  at org.scalatest.Transformer.apply(Transformer.scala:20)[0m[0m
[0m[[0minfo[0m] [0m[31m  at org.scalatest.FlatSpecLike$$anon$1.apply(FlatSpecLike.scala:1682)[0m[0m
[0m[[0minfo[0m] [0m[31m  ...[0m[0m
[0m[[0minfo[0m] [0m[31m- should 0/0 should yield NaN *** FAILED *** (1 millisecond)[0m[0m
[0m[[0minfo[0m] [0m[31m  scala.NotImplementedError: an implementation is missing[0m[0m
[0m[[0minfo[0m] [0m[31m  at scala.Predef$.$qmark$qmark$qmark(Predef.scala:230)[0m[0m
[0m[[0minfo[0m] [0m[31m  at jsy.student.Lab1$.eval(Lab1.scala:120)[0m[0m
[0m[[0minfo[0m] [0m[31m  at jsy.student.Lab1$.eval(Lab1.scala:125)[0m[0m
[0m[[0minfo[0m] [0m[31m  at jsy.student.Lab1Spec$$anonfun$26.apply(Lab1Spec.scala:247)[0m[0m
[0m[[0minfo[0m] [0m[31m  at jsy.student.Lab1Spec$$anonfun$26.apply(Lab1Spec.scala:247)[0m[0m
[0m[[0minfo[0m] [0m[31m  at org.scalatest.OutcomeOf$class.outcomeOf(OutcomeOf.scala:85)[0m[0m
[0m[[0minfo[0m] [0m[31m  at org.scalatest.OutcomeOf$.outcomeOf(OutcomeOf.scala:104)[0m[0m
[0m[[0minfo[0m] [0m[31m  at org.scalatest.Transformer.apply(Transformer.scala:22)[0m[0m
[0m[[0minfo[0m] [0m[31m  at org.scalatest.Transformer.apply(Transformer.scala:20)[0m[0m
[0m[[0minfo[0m] [0m[31m  at org.scalatest.FlatSpecLike$$anon$1.apply(FlatSpecLike.scala:1682)[0m[0m
[0m[[0minfo[0m] [0m[31m  ...[0m[0m
