[0m[[0mdebug[0m] [0mRunning TaskDef(jsy.student.Lab1SpecRunner, org.scalatest.tools.Framework$$anon$1@546885bb, false, [SuiteSelector])[0m
[0m[[0mdebug[0m] [0mRunning TaskDef(jsy.student.Lab1JsyTests, org.scalatest.tools.Framework$$anon$1@546885bb, false, [SuiteSelector])[0m
[0m[[0mdebug[0m] [0mRunning TaskDef(jsy.student.Lab1Suite, org.scalatest.tools.Framework$$anon$1@546885bb, false, [SuiteSelector])[0m
[0m[[0minfo[0m] [0m[36mRun completed in 239 milliseconds.[0m[0m
[0m[[0minfo[0m] [0m[36mTotal number of tests run: 52[0m[0m
[0m[[0minfo[0m] [0m[36mSuites: completed 5, aborted 0[0m[0m
[0m[[0minfo[0m] [0m[36mTests: succeeded 12, failed 40, canceled 0, ignored 0, pending 0[0m[0m
[0m[[0minfo[0m] [0m[31m*** 40 TESTS FAILED ***[0m[0m
[0m[[31merror[0m] [0mFailed tests:[0m
[0m[[31merror[0m] [0m	jsy.student.Lab1Suite[0m
[0m[[31merror[0m] [0m	jsy.student.Lab1JsyTests[0m
[0m[[31merror[0m] [0m	jsy.student.Lab1SpecRunner[0m
[0m[[31merror[0m] [0m(test:[31mtest[0m) sbt.TestsFailedException: Tests unsuccessful[0m
